I 2019-07-30 10:10:43:258 server.cc(86) Starting WebDriver server on port: '42144' on host: ''
T 2019-07-30 10:10:43:258 server.cc(634) Entering Server::PopulateCommandRepository
T 2019-07-30 10:10:43:259 IEServer.cpp(32) Entering IEServer::IEServer
I 2019-07-30 10:10:43:259 IEServer.cpp(33) Driver version: 3.6.0.0 (32-bit)
T 2019-07-30 10:10:43:259 server.cc(121) Entering Server::Start
D 2019-07-30 10:10:43:259 server.cc(148) Civetweb ACL is -0.0.0.0/0,+127.0.0.1
T 2019-07-30 10:10:43:524 server.cc(174) Entering Server::ProcessRequest
T 2019-07-30 10:10:43:525 server.cc(183) Process request with: URI: /status HTTP verb: GET
body: {}
T 2019-07-30 10:10:43:525 server.cc(272) Entering Server::DispatchCommand
T 2019-07-30 10:10:43:525 server.cc(583) Entering Server::LookupCommand
D 2019-07-30 10:10:43:525 server.cc(281) Command: GET /status {}
T 2019-07-30 10:10:43:525 IEServer.cpp(51) Entering IEServer::GetStatus
T 2019-07-30 10:10:43:531 response.cc(72) Entering Response::SetSuccessResponse
T 2019-07-30 10:10:43:531 response.cc(78) Entering Response::SetResponse
T 2019-07-30 10:10:43:531 response.cc(51) Entering Response::Serialize
D 2019-07-30 10:10:43:531 server.cc(338) Response: {"value":{"build":{"version":"3.6.0.0 (32-bit)"},"message":"Ready to create session","os":{"arch":"x64","name":"windows","version":"10.0.17134.858 (WinBuild.160101.0800)"},"ready":true}}

T 2019-07-30 10:10:43:531 server.cc(391) Entering Server::SendResponseToClient
T 2019-07-30 10:10:43:531 response.cc(30) Entering Response::Deserialize
T 2019-07-30 10:10:43:531 server.cc(445) Entering Server::SendHttpOk
T 2019-07-30 10:10:43:805 server.cc(174) Entering Server::ProcessRequest
T 2019-07-30 10:10:43:805 server.cc(238) Entering Server::ReadRequestBody
T 2019-07-30 10:10:43:805 server.cc(183) Process request with: URI: /session HTTP verb: POST
body: {
  "desiredCapabilities": {
    "se:ieOptions": {
      "ie.usePerProcessProxy": "true"
    },
    "browserName": "internet explorer",
    "ie.usePerProcessProxy": "true"
  },
  "capabilities": {
    "firstMatch": [
      {
        "browserName": "internet explorer",
        "se:ieOptions": {
          "ie.usePerProcessProxy": "true"
        }
      }
    ]
  }
}
T 2019-07-30 10:10:43:805 server.cc(272) Entering Server::DispatchCommand
T 2019-07-30 10:10:43:805 server.cc(583) Entering Server::LookupCommand
D 2019-07-30 10:10:43:805 server.cc(281) Command: POST /session {
  "desiredCapabilities": {
    "se:ieOptions": {
      "ie.usePerProcessProxy": "true"
    },
    "browserName": "internet explorer",
    "ie.usePerProcessProxy": "true"
  },
  "capabilities": {
    "firstMatch": [
      {
        "browserName": "internet explorer",
        "se:ieOptions": {
          "ie.usePerProcessProxy": "true"
        }
      }
    ]
  }
}
T 2019-07-30 10:10:43:805 IEServer.cpp(42) Entering IEServer::InitializeSession
T 2019-07-30 10:10:43:805 IESession.cpp(38) Entering IESession::Initialize
D 2019-07-30 10:10:43:805 IESession.cpp(53) Mutex acquired for session initalization
T 2019-07-30 10:10:43:805 IECommandExecutor.cpp(386) Entering IECommandExecutor::ThreadProc
T 2019-07-30 10:10:43:807 IECommandExecutor.cpp(47) Entering IECommandExecutor::OnCreate
T 2019-07-30 10:10:43:808 IECommandExecutor.cpp(753) Entering IECommandExecutor::PopulateElementFinderMethods
T 2019-07-30 10:10:43:808 InputManager.cpp(40) Entering InputManager::InputManager
T 2019-07-30 10:10:43:808 InputManager.cpp(75) Entering InputManager::Initialize
T 2019-07-30 10:10:43:808 BrowserFactory.cpp(998) Entering BrowserFactory::GetExecutableLocation
T 2019-07-30 10:10:43:808 BrowserFactory.cpp(1039) Entering BrowserFactory::GetIEVersion
T 2019-07-30 10:10:43:808 CommandHandlerRepository.cpp(108) Entering CommandHandlerRepository::PopulateCommandHandlers
T 2019-07-30 10:10:43:809 IESession.cpp(99) Created thread for command executor returns HWND: '0013013A'
T 2019-07-30 10:10:43:809 IESession.cpp(103) Session id is retrived from command executor window: 'dfe9b62c-55fd-41a5-898f-4154119709ee'
D 2019-07-30 10:10:43:809 IESession.cpp(109) Releasing session initialization mutex
T 2019-07-30 10:10:43:809 IESession.cpp(191) Entering IESession::ExecuteCommand
T 2019-07-30 10:10:43:809 IECommandExecutor.cpp(122) Entering IECommandExecutor::OnSetCommand
T 2019-07-30 10:10:43:809 command.cc(31) Entering Command::Deserialize
D 2019-07-30 10:10:43:809 command.cc(36) Raw JSON command: { "name" : "newSession", "locator" : { }, "parameters" : {
  "desiredCapabilities": {
    "se:ieOptions": {
      "ie.usePerProcessProxy": "true"
    },
    "browserName": "internet explorer",
    "ie.usePerProcessProxy": "true"
  },
  "capabilities": {
    "firstMatch": [
      {
        "browserName": "internet explorer",
        "se:ieOptions": {
          "ie.usePerProcessProxy": "true"
        }
      }
    ]
  }
} }
T 2019-07-30 10:10:43:809 IECommandExecutor.cpp(133) Entering IECommandExecutor::OnExecCommand
T 2019-07-30 10:10:43:809 IESession.cpp(212) Beginning wait for response length to be not zero
T 2019-07-30 10:10:43:809 IECommandExecutor.cpp(454) Entering IECommandExecutor::DispatchCommand
D 2019-07-30 10:10:43:809 CommandHandlers\NewSessionCommandHandler.cpp(46) Found W3C capabilities structure
D 2019-07-30 10:10:43:809 CommandHandlers\NewSessionCommandHandler.cpp(505) Validating capabilities object
D 2019-07-30 10:10:43:809 CommandHandlers\NewSessionCommandHandler.cpp(505) Validating capabilities object
D 2019-07-30 10:10:43:809 CommandHandlers\NewSessionCommandHandler.cpp(535) Found browserNamecapability. Validating value type is string.
D 2019-07-30 10:10:43:809 CommandHandlers\NewSessionCommandHandler.cpp(794) Found proxycapability. Validating value type is object.
T 2019-07-30 10:10:43:809 BrowserFactory.cpp(113) Entering BrowserFactory::Initialize
T 2019-07-30 10:10:43:809 IECommandExecutor.cpp(631) Entering IECommandExecutor::CreateNewBrowser
T 2019-07-30 10:10:43:809 BrowserFactory.cpp(142) Entering BrowserFactory::LaunchBrowserProcess
D 2019-07-30 10:10:43:809 BrowserFactory.cpp(146) Ignoring Protected Mode Settings: 0
D 2019-07-30 10:10:43:809 BrowserFactory.cpp(149) Checking validity of Protected Mode settings.
T 2019-07-30 10:10:43:809 BrowserFactory.cpp(1058) Entering BrowserFactory::ProtectedModeSettingsAreValid
D 2019-07-30 10:10:43:809 BrowserFactory.cpp(1061) Detected IE version: 11, Windows version supports Protected Mode: 1
T 2019-07-30 10:10:43:809 BrowserFactory.cpp(1135) Entering BrowserFactory::GetZoneProtectedModeSetting
D 2019-07-30 10:10:43:810 BrowserFactory.cpp(1152) Found Protected Mode setting value of 3 for zone 1
T 2019-07-30 10:10:43:810 BrowserFactory.cpp(1135) Entering BrowserFactory::GetZoneProtectedModeSetting
D 2019-07-30 10:10:43:810 BrowserFactory.cpp(1156) RegQueryValueEx failed for getting Protected Mode setting for a zone: 2
T 2019-07-30 10:10:43:810 BrowserFactory.cpp(1135) Entering BrowserFactory::GetZoneProtectedModeSetting
D 2019-07-30 10:10:43:810 BrowserFactory.cpp(1156) RegQueryValueEx failed for getting Protected Mode setting for a zone: 3
T 2019-07-30 10:10:43:810 BrowserFactory.cpp(1135) Entering BrowserFactory::GetZoneProtectedModeSetting
D 2019-07-30 10:10:43:810 BrowserFactory.cpp(1156) RegQueryValueEx failed for getting Protected Mode setting for a zone: 4
D 2019-07-30 10:10:43:810 BrowserFactory.cpp(152) Has Valid Protected Mode Settings: 1
T 2019-07-30 10:10:43:810 BrowserFactory.cpp(226) Entering BrowserFactory::IsIELaunchURLAvailable
T 2019-07-30 10:10:43:817 BrowserFactory.cpp(130) Entering BrowserFactory::ClearCache
T 2019-07-30 10:10:43:817 BrowserFactory.cpp(247) Entering BrowserFactory::LaunchBrowserUsingIELaunchURL
D 2019-07-30 10:10:43:817 BrowserFactory.cpp(248) Starting IE using the IELaunchURL API
D 2019-07-30 10:10:44:609 BrowserFactory.cpp(202) IE launched successfully with process ID 3200
D 2019-07-30 10:10:44:609 BrowserFactory.cpp(208) Process with ID 3200 is executing iexplore.exe
T 2019-07-30 10:10:44:609 BrowserFactory.cpp(365) Entering BrowserFactory::AttachToBrowser
D 2019-07-30 10:10:44:609 BrowserFactory.cpp(375) Using Active Accessibility to find IWebBrowser2 interface
T 2019-07-30 10:10:44:609 BrowserFactory.cpp(414) Entering BrowserFactory::AttachToBrowserUsingActiveAccessibility
T 2019-07-30 10:10:44:935 server.cc(174) Entering Server::ProcessRequest
T 2019-07-30 10:10:44:935 server.cc(183) Process request with: URI: / HTTP verb: GET
body: {}
T 2019-07-30 10:10:44:935 server.cc(445) Entering Server::SendHttpOk
T 2019-07-30 10:10:45:122 server.cc(174) Entering Server::ProcessRequest
T 2019-07-30 10:10:45:122 server.cc(183) Process request with: URI: /favicon.ico HTTP verb: GET
body: {}
T 2019-07-30 10:10:45:122 server.cc(272) Entering Server::DispatchCommand
T 2019-07-30 10:10:45:122 server.cc(583) Entering Server::LookupCommand
D 2019-07-30 10:10:45:122 server.cc(281) Command: GET /favicon.ico {}
D 2019-07-30 10:10:45:122 server.cc(338) Response: { "error" : "unknown method", "message" : "Command not found: GET /favicon.ico" }
T 2019-07-30 10:10:45:122 server.cc(391) Entering Server::SendResponseToClient
T 2019-07-30 10:10:45:122 response.cc(30) Entering Response::Deserialize
T 2019-07-30 10:10:45:122 server.cc(445) Entering Server::SendHttpOk
D 2019-07-30 10:10:45:126 BrowserFactory.cpp(434) Found window handle 0018096A for window with class 'Internet Explorer_Server' belonging to process with id 3200
T 2019-07-30 10:10:45:126 BrowserFactory.cpp(329) Entering BrowserFactory::GetDocumentFromWindowHandle
D 2019-07-30 10:10:45:272 BrowserFactory.cpp(396) Ignoring zoom setting: 0
T 2019-07-30 10:10:45:272 BrowserFactory.cpp(574) Entering BrowserFactory::GetBrowserZoomLevel
T 2019-07-30 10:10:45:282 BrowserFactory.cpp(614) Entering BrowserFactory::GetZoomLevel
D 2019-07-30 10:10:45:322 BrowserFactory.cpp(694) Browser zoom level is 100%
I 2019-07-30 10:10:45:323 IECommandExecutor.cpp(654) Persistent hovering set to: 1
T 2019-07-30 10:10:45:324 ProxyManager.cpp(97) ProxyManager::SetProxySettings
D 2019-07-30 10:10:45:324 ProxyManager.cpp(113) Using existing system proxy settings.
T 2019-07-30 10:10:45:324 DocumentHost.cpp(33) Entering DocumentHost::DocumentHost
T 2019-07-30 10:10:45:324 CookieManager.cpp(49) Entering CookieManager::Initialize
T 2019-07-30 10:10:45:324 Browser.cpp(33) Entering Browser::Browser
T 2019-07-30 10:10:45:324 Browser.cpp(293) Entering Browser::AttachEvents
T 2019-07-30 10:10:45:366 IECommandExecutor.cpp(621) Entering IECommandExecutor::AddManagedBrowser
T 2019-07-30 10:10:45:366 IECommandExecutor.cpp(625) Setting current browser id to d094200d-b723-49e4-8e05-1b6dcfb03ebf
T 2019-07-30 10:10:45:366 response.cc(72) Entering Response::SetSuccessResponse
T 2019-07-30 10:10:45:366 response.cc(78) Entering Response::SetResponse
T 2019-07-30 10:10:45:366 IECommandExecutor.cpp(577) Entering IECommandExecutor::GetCurrentBrowser
T 2019-07-30 10:10:45:366 IECommandExecutor.cpp(583) Entering IECommandExecutor::GetManagedBrowser
T 2019-07-30 10:10:45:366 response.cc(51) Entering Response::Serialize
T 2019-07-30 10:10:45:372 IESession.cpp(221) Found non-zero response length
T 2019-07-30 10:10:45:372 IECommandExecutor.cpp(156) Entering IECommandExecutor::OnGetResponse
T 2019-07-30 10:10:45:372 IECommandExecutor.cpp(285) Entering IECommandExecutor::OnIsSessionValid
T 2019-07-30 10:10:45:373 response.cc(30) Entering Response::Deserialize
D 2019-07-30 10:10:45:373 server.cc(338) Response: {"value":{"capabilities":{"acceptInsecureCerts":false,"browserName":"internet explorer","browserVersion":"11","pageLoadStrategy":"normal","platformName":"windows","se:ieOptions":{"browserAttachTimeout":0,"elementScrollBehavior":0,"enablePersistentHover":true,"ie.browserCommandLineSwitches":"","ie.ensureCleanSession":false,"ie.fileUploadDialogTimeout":3000,"ie.forceCreateProcessApi":false,"ignoreProtectedModeSettings":false,"ignoreZoomSetting":false,"initialBrowserUrl":"http://localhost:42144/","nativeEvents":true,"requireWindowFocus":false},"setWindowRect":true},"sessionId":"dfe9b62c-55fd-41a5-898f-4154119709ee"}}

T 2019-07-30 10:10:45:373 server.cc(391) Entering Server::SendResponseToClient
T 2019-07-30 10:10:45:373 response.cc(30) Entering Response::Deserialize
T 2019-07-30 10:10:45:373 server.cc(445) Entering Server::SendHttpOk
T 2019-07-30 10:10:45:438 server.cc(174) Entering Server::ProcessRequest
T 2019-07-30 10:10:45:438 server.cc(238) Entering Server::ReadRequestBody
T 2019-07-30 10:10:45:438 server.cc(183) Process request with: URI: /session/dfe9b62c-55fd-41a5-898f-4154119709ee/timeouts HTTP verb: POST
body: {
  "implicit": 0
}
T 2019-07-30 10:10:45:438 server.cc(272) Entering Server::DispatchCommand
T 2019-07-30 10:10:45:438 server.cc(583) Entering Server::LookupCommand
D 2019-07-30 10:10:45:438 server.cc(281) Command: POST /session/dfe9b62c-55fd-41a5-898f-4154119709ee/timeouts {
  "implicit": 0
}
T 2019-07-30 10:10:45:438 server.cc(378) Entering Server::LookupSession
T 2019-07-30 10:10:45:438 IESession.cpp(191) Entering IESession::ExecuteCommand
T 2019-07-30 10:10:45:439 IECommandExecutor.cpp(122) Entering IECommandExecutor::OnSetCommand
T 2019-07-30 10:10:45:439 command.cc(31) Entering Command::Deserialize
D 2019-07-30 10:10:45:439 command.cc(36) Raw JSON command: { "name" : "setTimeouts", "locator" : { "sessionid" : "dfe9b62c-55fd-41a5-898f-4154119709ee" }, "parameters" : {
  "implicit": 0
} }
T 2019-07-30 10:10:45:439 IECommandExecutor.cpp(133) Entering IECommandExecutor::OnExecCommand
T 2019-07-30 10:10:45:439 IECommandExecutor.cpp(454) Entering IECommandExecutor::DispatchCommand
T 2019-07-30 10:10:45:439 IECommandExecutor.cpp(577) Entering IECommandExecutor::GetCurrentBrowser
T 2019-07-30 10:10:45:439 IECommandExecutor.cpp(583) Entering IECommandExecutor::GetManagedBrowser
T 2019-07-30 10:10:45:439 IECommandExecutor.cpp(529) Entering IECommandExecutor::IsAlertActive
T 2019-07-30 10:10:45:439 Browser.cpp(700) Entering Browser::GetActiveDialogWindowHandle
T 2019-07-30 10:10:45:439 Browser.cpp(206) Entering Browser::GetContentWindowHandle
D 2019-07-30 10:10:45:439 IECommandExecutor.cpp(543) No alert handle is found
T 2019-07-30 10:10:45:439 IECommandExecutor.cpp(577) Entering IECommandExecutor::GetCurrentBrowser
T 2019-07-30 10:10:45:439 IECommandExecutor.cpp(583) Entering IECommandExecutor::GetManagedBrowser
T 2019-07-30 10:10:45:439 response.cc(51) Entering Response::Serialize
T 2019-07-30 10:10:45:439 IESession.cpp(212) Beginning wait for response length to be not zero
T 2019-07-30 10:10:45:439 IESession.cpp(221) Found non-zero response length
T 2019-07-30 10:10:45:439 IECommandExecutor.cpp(156) Entering IECommandExecutor::OnGetResponse
T 2019-07-30 10:10:45:439 IECommandExecutor.cpp(285) Entering IECommandExecutor::OnIsSessionValid
D 2019-07-30 10:10:45:439 server.cc(338) Response: {"value":null}

T 2019-07-30 10:10:45:439 server.cc(391) Entering Server::SendResponseToClient
T 2019-07-30 10:10:45:439 response.cc(30) Entering Response::Deserialize
T 2019-07-30 10:10:45:440 server.cc(445) Entering Server::SendHttpOk
T 2019-07-30 10:10:45:460 server.cc(174) Entering Server::ProcessRequest
T 2019-07-30 10:10:45:460 server.cc(238) Entering Server::ReadRequestBody
T 2019-07-30 10:10:45:460 server.cc(183) Process request with: URI: /session/dfe9b62c-55fd-41a5-898f-4154119709ee/execute/sync HTTP verb: POST
body: {
  "script": "return navigator.sayswho= (function() { var ua= navigator.userAgent, tem, M= ua.match(\u002f(opera|chrome|safari|firefox|msie|trident)\\\u002f?\\s*(\\.?\\d+(\\.\\d+)*)\u002fi) || []; if (\u002ftrident\u002fi.test(M[1])) {     tem=  \u002f\\brv[ :]+(\\d+)\u002fg.exec(ua) || [];     return 'IE '+(tem[1] || ''); } if(M[1]=== 'Chrome') {     tem= ua.match(\u002f\\b(OPR|Edge)\\\u002f(\\d+)\u002f);     if(tem!= null) return tem.slice(1).join(' ').replace('OPR', 'Opera'); } M= M[2]? [M[1], M[2]]: [navigator.appName, navigator.appVersion, '-?']; if((tem= ua.match(\u002fversion\\\u002f(\\d+)\u002fi))!= null) M.splice(1, 1, tem[1]); return M.join(' ').replace('MSIE', 'IE');})();",
  "args": [
  ]
}
T 2019-07-30 10:10:45:460 server.cc(272) Entering Server::DispatchCommand
T 2019-07-30 10:10:45:460 server.cc(583) Entering Server::LookupCommand
D 2019-07-30 10:10:45:460 server.cc(281) Command: POST /session/dfe9b62c-55fd-41a5-898f-4154119709ee/execute/sync {
  "script": "return navigator.sayswho= (function() { var ua= navigator.userAgent, tem, M= ua.match(\u002f(opera|chrome|safari|firefox|msie|trident)\\\u002f?\\s*(\\.?\\d+(\\.\\d+)*)\u002fi) || []; if (\u002ftrident\u002fi.test(M[1])) {     tem=  \u002f\\brv[ :]+(\\d+)\u002fg.exec(ua) || [];     return 'IE '+(tem[1] || ''); } if(M[1]=== 'Chrome') {     tem= ua.match(\u002f\\b(OPR|Edge)\\\u002f(\\d+)\u002f);     if(tem!= null) return tem.slice(1).join(' ').replace('OPR', 'Opera'); } M= M[2]? [M[1], M[2]]: [navigator.appName, navigator.appVersion, '-?']; if((tem= ua.match(\u002fversion\\\u002f(\\d+)\u002fi))!= null) M.splice(1, 1, tem[1]); return M.join(' ').replace('MSIE', 'IE');})();",
  "args": [
  ]
}
T 2019-07-30 10:10:45:460 server.cc(378) Entering Server::LookupSession
T 2019-07-30 10:10:45:460 IESession.cpp(191) Entering IESession::ExecuteCommand
T 2019-07-30 10:10:45:460 IECommandExecutor.cpp(122) Entering IECommandExecutor::OnSetCommand
T 2019-07-30 10:10:45:460 command.cc(31) Entering Command::Deserialize
D 2019-07-30 10:10:45:460 command.cc(36) Raw JSON command: { "name" : "executeScript", "locator" : { "sessionid" : "dfe9b62c-55fd-41a5-898f-4154119709ee" }, "parameters" : {
  "script": "return navigator.sayswho= (function() { var ua= navigator.userAgent, tem, M= ua.match(\u002f(opera|chrome|safari|firefox|msie|trident)\\\u002f?\\s*(\\.?\\d+(\\.\\d+)*)\u002fi) || []; if (\u002ftrident\u002fi.test(M[1])) {     tem=  \u002f\\brv[ :]+(\\d+)\u002fg.exec(ua) || [];     return 'IE '+(tem[1] || ''); } if(M[1]=== 'Chrome') {     tem= ua.match(\u002f\\b(OPR|Edge)\\\u002f(\\d+)\u002f);     if(tem!= null) return tem.slice(1).join(' ').replace('OPR', 'Opera'); } M= M[2]? [M[1], M[2]]: [navigator.appName, navigator.appVersion, '-?']; if((tem= ua.match(\u002fversion\\\u002f(\\d+)\u002fi))!= null) M.splice(1, 1, tem[1]); return M.join(' ').replace('MSIE', 'IE');})();",
  "args": [
  ]
} }
T 2019-07-30 10:10:45:460 IESession.cpp(212) Beginning wait for response length to be not zero
T 2019-07-30 10:10:45:460 IECommandExecutor.cpp(133) Entering IECommandExecutor::OnExecCommand
T 2019-07-30 10:10:45:461 IECommandExecutor.cpp(454) Entering IECommandExecutor::DispatchCommand
T 2019-07-30 10:10:45:461 IECommandExecutor.cpp(577) Entering IECommandExecutor::GetCurrentBrowser
T 2019-07-30 10:10:45:461 IECommandExecutor.cpp(583) Entering IECommandExecutor::GetManagedBrowser
T 2019-07-30 10:10:45:461 IECommandExecutor.cpp(529) Entering IECommandExecutor::IsAlertActive
T 2019-07-30 10:10:45:461 Browser.cpp(700) Entering Browser::GetActiveDialogWindowHandle
T 2019-07-30 10:10:45:461 Browser.cpp(206) Entering Browser::GetContentWindowHandle
D 2019-07-30 10:10:45:461 IECommandExecutor.cpp(543) No alert handle is found
T 2019-07-30 10:10:45:461 IECommandExecutor.cpp(577) Entering IECommandExecutor::GetCurrentBrowser
T 2019-07-30 10:10:45:461 IECommandExecutor.cpp(583) Entering IECommandExecutor::GetManagedBrowser
T 2019-07-30 10:10:45:461 Browser.cpp(126) Entering Browser::GetDocument
I 2019-07-30 10:10:45:461 Browser.cpp(130) No child frame focus. Focus is on top-level frame
T 2019-07-30 10:10:45:483 Browser.cpp(613) Entering Browser::GetDocumentFromWindow
T 2019-07-30 10:10:45:494 Script.cpp(49) Entering Script::Initialize
T 2019-07-30 10:10:45:494 CommandHandlers\ExecuteScriptCommandHandler.cpp(85) Entering ExecuteScriptCommandHandler::PopulateArgumentArray
T 2019-07-30 10:10:45:494 Script.cpp(169) Entering Script::Execute
T 2019-07-30 10:10:45:494 Script.cpp(438) Entering Script::CreateAnonymousFunction
T 2019-07-30 10:10:45:540 Script.cpp(426) Entering Script::ConvertResultToJsonValue
T 2019-07-30 10:10:45:540 response.cc(72) Entering Response::SetSuccessResponse
T 2019-07-30 10:10:45:540 response.cc(78) Entering Response::SetResponse
T 2019-07-30 10:10:45:541 IECommandExecutor.cpp(577) Entering IECommandExecutor::GetCurrentBrowser
T 2019-07-30 10:10:45:541 IECommandExecutor.cpp(583) Entering IECommandExecutor::GetManagedBrowser
T 2019-07-30 10:10:45:541 response.cc(51) Entering Response::Serialize
T 2019-07-30 10:10:45:546 IESession.cpp(221) Found non-zero response length
T 2019-07-30 10:10:45:546 IECommandExecutor.cpp(156) Entering IECommandExecutor::OnGetResponse
T 2019-07-30 10:10:45:546 IECommandExecutor.cpp(285) Entering IECommandExecutor::OnIsSessionValid
D 2019-07-30 10:10:45:546 server.cc(338) Response: {"value":"IE 11"}

T 2019-07-30 10:10:45:546 server.cc(391) Entering Server::SendResponseToClient
T 2019-07-30 10:10:45:546 response.cc(30) Entering Response::Deserialize
T 2019-07-30 10:10:45:546 server.cc(445) Entering Server::SendHttpOk
T 2019-07-30 10:10:45:811 server.cc(174) Entering Server::ProcessRequest
T 2019-07-30 10:10:45:811 server.cc(238) Entering Server::ReadRequestBody
T 2019-07-30 10:10:45:811 server.cc(183) Process request with: URI: /session/dfe9b62c-55fd-41a5-898f-4154119709ee/url HTTP verb: POST
body: {
  "url": "https:\u002f\u002fwww.checkatrade.com\u002f"
}
T 2019-07-30 10:10:45:811 server.cc(272) Entering Server::DispatchCommand
T 2019-07-30 10:10:45:811 server.cc(583) Entering Server::LookupCommand
D 2019-07-30 10:10:45:811 server.cc(281) Command: POST /session/dfe9b62c-55fd-41a5-898f-4154119709ee/url {
  "url": "https:\u002f\u002fwww.checkatrade.com\u002f"
}
T 2019-07-30 10:10:45:811 server.cc(378) Entering Server::LookupSession
T 2019-07-30 10:10:45:811 IESession.cpp(191) Entering IESession::ExecuteCommand
T 2019-07-30 10:10:45:811 IECommandExecutor.cpp(122) Entering IECommandExecutor::OnSetCommand
T 2019-07-30 10:10:45:811 command.cc(31) Entering Command::Deserialize
D 2019-07-30 10:10:45:811 command.cc(36) Raw JSON command: { "name" : "get", "locator" : { "sessionid" : "dfe9b62c-55fd-41a5-898f-4154119709ee" }, "parameters" : {
  "url": "https:\u002f\u002fwww.checkatrade.com\u002f"
} }
T 2019-07-30 10:10:45:811 IECommandExecutor.cpp(133) Entering IECommandExecutor::OnExecCommand
T 2019-07-30 10:10:45:811 IECommandExecutor.cpp(454) Entering IECommandExecutor::DispatchCommand
T 2019-07-30 10:10:45:811 IECommandExecutor.cpp(577) Entering IECommandExecutor::GetCurrentBrowser
T 2019-07-30 10:10:45:811 IECommandExecutor.cpp(583) Entering IECommandExecutor::GetManagedBrowser
T 2019-07-30 10:10:45:811 IECommandExecutor.cpp(529) Entering IECommandExecutor::IsAlertActive
T 2019-07-30 10:10:45:811 Browser.cpp(700) Entering Browser::GetActiveDialogWindowHandle
T 2019-07-30 10:10:45:811 Browser.cpp(206) Entering Browser::GetContentWindowHandle
D 2019-07-30 10:10:45:811 IECommandExecutor.cpp(543) No alert handle is found
T 2019-07-30 10:10:45:812 IECommandExecutor.cpp(577) Entering IECommandExecutor::GetCurrentBrowser
T 2019-07-30 10:10:45:812 IECommandExecutor.cpp(583) Entering IECommandExecutor::GetManagedBrowser
T 2019-07-30 10:10:45:812 Browser.cpp(318) Entring Browser::NavigateToUrl
T 2019-07-30 10:10:45:812 IESession.cpp(212) Beginning wait for response length to be not zero
T 2019-07-30 10:10:45:870 DocumentHost.cpp(142) Entering DocumentHost::SetFocusedFrameByElement
T 2019-07-30 10:10:45:870 response.cc(72) Entering Response::SetSuccessResponse
T 2019-07-30 10:10:45:870 response.cc(78) Entering Response::SetResponse
T 2019-07-30 10:10:45:870 IECommandExecutor.cpp(577) Entering IECommandExecutor::GetCurrentBrowser
T 2019-07-30 10:10:45:870 IECommandExecutor.cpp(583) Entering IECommandExecutor::GetManagedBrowser
T 2019-07-30 10:10:45:870 response.cc(51) Entering Response::Serialize
T 2019-07-30 10:10:45:871 IECommandExecutor.cpp(172) Entering IECommandExecutor::OnWait
T 2019-07-30 10:10:45:871 IECommandExecutor.cpp(577) Entering IECommandExecutor::GetCurrentBrowser
T 2019-07-30 10:10:45:871 IECommandExecutor.cpp(583) Entering IECommandExecutor::GetManagedBrowser
T 2019-07-30 10:10:45:871 Browser.cpp(438) Entering Browser::Wait
D 2019-07-30 10:10:45:871 Browser.cpp(448) Navigate Events Completed.
T 2019-07-30 10:10:45:871 Browser.cpp(700) Entering Browser::GetActiveDialogWindowHandle
T 2019-07-30 10:10:45:871 Browser.cpp(206) Entering Browser::GetContentWindowHandle
D 2019-07-30 10:10:45:874 Browser.cpp(508) Waiting for document to complete...
T 2019-07-30 10:10:45:874 Browser.cpp(522) Entering Browser::IsDocumentNavigating
D 2019-07-30 10:10:45:904 Browser.cpp(513) Not in navigating state
T 2019-07-30 10:10:45:910 IESession.cpp(221) Found non-zero response length
T 2019-07-30 10:10:45:910 IECommandExecutor.cpp(156) Entering IECommandExecutor::OnGetResponse
T 2019-07-30 10:10:45:910 IECommandExecutor.cpp(285) Entering IECommandExecutor::OnIsSessionValid
D 2019-07-30 10:10:45:910 server.cc(338) Response: {"value":null}

T 2019-07-30 10:10:45:910 server.cc(391) Entering Server::SendResponseToClient
T 2019-07-30 10:10:45:910 response.cc(30) Entering Response::Deserialize
T 2019-07-30 10:10:45:910 server.cc(445) Entering Server::SendHttpOk
T 2019-07-30 10:10:45:933 server.cc(174) Entering Server::ProcessRequest
T 2019-07-30 10:10:45:933 server.cc(238) Entering Server::ReadRequestBody
T 2019-07-30 10:10:45:933 server.cc(183) Process request with: URI: /session/dfe9b62c-55fd-41a5-898f-4154119709ee/window/maximize HTTP verb: POST
body: {
}
T 2019-07-30 10:10:45:933 server.cc(272) Entering Server::DispatchCommand
T 2019-07-30 10:10:45:933 server.cc(583) Entering Server::LookupCommand
D 2019-07-30 10:10:45:933 server.cc(281) Command: POST /session/dfe9b62c-55fd-41a5-898f-4154119709ee/window/maximize {
}
T 2019-07-30 10:10:45:933 server.cc(378) Entering Server::LookupSession
T 2019-07-30 10:10:45:933 IESession.cpp(191) Entering IESession::ExecuteCommand
T 2019-07-30 10:10:45:933 IECommandExecutor.cpp(122) Entering IECommandExecutor::OnSetCommand
T 2019-07-30 10:10:45:933 command.cc(31) Entering Command::Deserialize
D 2019-07-30 10:10:45:933 command.cc(36) Raw JSON command: { "name" : "maximizeWindow", "locator" : { "sessionid" : "dfe9b62c-55fd-41a5-898f-4154119709ee" }, "parameters" : {
} }
T 2019-07-30 10:10:45:933 IECommandExecutor.cpp(133) Entering IECommandExecutor::OnExecCommand
T 2019-07-30 10:10:45:933 IECommandExecutor.cpp(454) Entering IECommandExecutor::DispatchCommand
T 2019-07-30 10:10:45:933 IECommandExecutor.cpp(577) Entering IECommandExecutor::GetCurrentBrowser
T 2019-07-30 10:10:45:933 IECommandExecutor.cpp(583) Entering IECommandExecutor::GetManagedBrowser
T 2019-07-30 10:10:45:933 IECommandExecutor.cpp(529) Entering IECommandExecutor::IsAlertActive
T 2019-07-30 10:10:45:933 Browser.cpp(700) Entering Browser::GetActiveDialogWindowHandle
T 2019-07-30 10:10:45:933 Browser.cpp(206) Entering Browser::GetContentWindowHandle
D 2019-07-30 10:10:45:934 IECommandExecutor.cpp(543) No alert handle is found
T 2019-07-30 10:10:45:934 IECommandExecutor.cpp(577) Entering IECommandExecutor::GetCurrentBrowser
T 2019-07-30 10:10:45:934 IECommandExecutor.cpp(583) Entering IECommandExecutor::GetManagedBrowser
T 2019-07-30 10:10:45:934 Browser.cpp(416) Entering Browser::GetTopLevelWindowHandle
T 2019-07-30 10:10:45:934 IESession.cpp(212) Beginning wait for response length to be not zero
T 2019-07-30 10:10:45:934 response.cc(72) Entering Response::SetSuccessResponse
T 2019-07-30 10:10:45:934 response.cc(78) Entering Response::SetResponse
T 2019-07-30 10:10:45:934 IECommandExecutor.cpp(577) Entering IECommandExecutor::GetCurrentBrowser
T 2019-07-30 10:10:45:934 IECommandExecutor.cpp(583) Entering IECommandExecutor::GetManagedBrowser
T 2019-07-30 10:10:45:934 response.cc(51) Entering Response::Serialize
T 2019-07-30 10:10:45:944 IESession.cpp(221) Found non-zero response length
T 2019-07-30 10:10:45:944 IECommandExecutor.cpp(156) Entering IECommandExecutor::OnGetResponse
T 2019-07-30 10:10:45:944 IECommandExecutor.cpp(285) Entering IECommandExecutor::OnIsSessionValid
D 2019-07-30 10:10:45:944 server.cc(338) Response: {"value":{"height":1056,"width":1936,"x":-8,"y":-8}}

T 2019-07-30 10:10:45:944 server.cc(391) Entering Server::SendResponseToClient
T 2019-07-30 10:10:45:944 response.cc(30) Entering Response::Deserialize
T 2019-07-30 10:10:45:944 server.cc(445) Entering Server::SendHttpOk
T 2019-07-30 10:10:45:973 server.cc(174) Entering Server::ProcessRequest
T 2019-07-30 10:10:45:973 server.cc(238) Entering Server::ReadRequestBody
T 2019-07-30 10:10:45:973 server.cc(183) Process request with: URI: /session/dfe9b62c-55fd-41a5-898f-4154119709ee/element HTTP verb: POST
body: {
  "value": "body",
  "using": "css selector"
}
T 2019-07-30 10:10:45:973 server.cc(272) Entering Server::DispatchCommand
T 2019-07-30 10:10:45:973 server.cc(583) Entering Server::LookupCommand
D 2019-07-30 10:10:45:973 server.cc(281) Command: POST /session/dfe9b62c-55fd-41a5-898f-4154119709ee/element {
  "value": "body",
  "using": "css selector"
}
T 2019-07-30 10:10:45:973 server.cc(378) Entering Server::LookupSession
T 2019-07-30 10:10:45:973 IESession.cpp(191) Entering IESession::ExecuteCommand
T 2019-07-30 10:10:45:973 IECommandExecutor.cpp(122) Entering IECommandExecutor::OnSetCommand
T 2019-07-30 10:10:45:973 command.cc(31) Entering Command::Deserialize
D 2019-07-30 10:10:45:973 command.cc(36) Raw JSON command: { "name" : "findElement", "locator" : { "sessionid" : "dfe9b62c-55fd-41a5-898f-4154119709ee" }, "parameters" : {
  "value": "body",
  "using": "css selector"
} }
T 2019-07-30 10:10:45:973 IECommandExecutor.cpp(133) Entering IECommandExecutor::OnExecCommand
T 2019-07-30 10:10:45:973 IECommandExecutor.cpp(454) Entering IECommandExecutor::DispatchCommand
T 2019-07-30 10:10:45:973 IECommandExecutor.cpp(577) Entering IECommandExecutor::GetCurrentBrowser
T 2019-07-30 10:10:45:973 IECommandExecutor.cpp(583) Entering IECommandExecutor::GetManagedBrowser
T 2019-07-30 10:10:45:973 IECommandExecutor.cpp(529) Entering IECommandExecutor::IsAlertActive
T 2019-07-30 10:10:45:974 Browser.cpp(700) Entering Browser::GetActiveDialogWindowHandle
T 2019-07-30 10:10:45:974 Browser.cpp(206) Entering Browser::GetContentWindowHandle
D 2019-07-30 10:10:45:974 IECommandExecutor.cpp(543) No alert handle is found
T 2019-07-30 10:10:45:974 IECommandExecutor.cpp(712) Entering IECommandExecutor::LocateElement
T 2019-07-30 10:10:45:974 IECommandExecutor.cpp(695) Entering IECommandExecutor::GetElementFindMethod
T 2019-07-30 10:10:45:974 ElementFinder.cpp(43) Entering ElementFinder::FindElement
T 2019-07-30 10:10:45:974 IECommandExecutor.cpp(577) Entering IECommandExecutor::GetCurrentBrowser
T 2019-07-30 10:10:45:974 IECommandExecutor.cpp(583) Entering IECommandExecutor::GetManagedBrowser
T 2019-07-30 10:10:45:974 ElementFinder.cpp(310) Entering ElementFinder::HasNativeCssSelectorEngine
T 2019-07-30 10:10:45:974 IECommandExecutor.cpp(577) Entering IECommandExecutor::GetCurrentBrowser
T 2019-07-30 10:10:45:974 IECommandExecutor.cpp(583) Entering IECommandExecutor::GetManagedBrowser
T 2019-07-30 10:10:45:974 Browser.cpp(126) Entering Browser::GetDocument
I 2019-07-30 10:10:45:974 Browser.cpp(130) No child frame focus. Focus is on top-level frame
T 2019-07-30 10:10:45:974 IESession.cpp(212) Beginning wait for response length to be not zero
T 2019-07-30 10:10:45:994 Browser.cpp(613) Entering Browser::GetDocumentFromWindow
T 2019-07-30 10:10:46:002 Script.cpp(49) Entering Script::Initialize
T 2019-07-30 10:10:46:002 Script.cpp(169) Entering Script::Execute
T 2019-07-30 10:10:46:002 Script.cpp(438) Entering Script::CreateAnonymousFunction
D 2019-07-30 10:10:46:041 ElementFinder.cpp(60) Using FindElement atom to locate element having css = body
T 2019-07-30 10:10:46:041 Browser.cpp(126) Entering Browser::GetDocument
I 2019-07-30 10:10:46:041 Browser.cpp(130) No child frame focus. Focus is on top-level frame
T 2019-07-30 10:10:46:054 Browser.cpp(613) Entering Browser::GetDocumentFromWindow
T 2019-07-30 10:10:46:066 Script.cpp(49) Entering Script::Initialize
T 2019-07-30 10:10:46:066 Script.cpp(70) Entering Script::AddArgument(std::wstring)
T 2019-07-30 10:10:46:066 Script.cpp(105) Entering Script::AddArgument(VARIANT)
T 2019-07-30 10:10:46:067 Script.cpp(70) Entering Script::AddArgument(std::wstring)
T 2019-07-30 10:10:46:067 Script.cpp(105) Entering Script::AddArgument(VARIANT)
T 2019-07-30 10:10:46:067 Script.cpp(169) Entering Script::Execute
T 2019-07-30 10:10:46:067 Script.cpp(438) Entering Script::CreateAnonymousFunction
T 2019-07-30 10:10:46:171 Script.cpp(426) Entering Script::ConvertResultToJsonValue
D 2019-07-30 10:10:46:189 VariantUtilities.cpp(100) Result type is JScriptTypeInfo
T 2019-07-30 10:10:46:196 VariantUtilities.cpp(307) Entering Script::GetPropertyNameList
I 2019-07-30 10:10:46:227 VariantUtilities.cpp(233) Unknown type of dispatch is found in result, assuming IHTMLElement
T 2019-07-30 10:10:46:236 IECommandExecutor.cpp(677) Entering IECommandExecutor::AddManagedElement
T 2019-07-30 10:10:46:236 IECommandExecutor.cpp(577) Entering IECommandExecutor::GetCurrentBrowser
T 2019-07-30 10:10:46:236 IECommandExecutor.cpp(583) Entering IECommandExecutor::GetManagedBrowser
T 2019-07-30 10:10:46:236 ElementRepository.cpp(49) Entering ElementRepository::AddManagedElement
D 2019-07-30 10:10:46:236 ElementRepository.cpp(69) Element is not yet managed
T 2019-07-30 10:10:46:236 Browser.cpp(206) Entering Browser::GetContentWindowHandle
T 2019-07-30 10:10:46:236 Element.cpp(45) Entering Element::Element
T 2019-07-30 10:10:46:236 Element.cpp(79) Entering Element::ConvertToJson
T 2019-07-30 10:10:46:237 response.cc(72) Entering Response::SetSuccessResponse
T 2019-07-30 10:10:46:237 response.cc(78) Entering Response::SetResponse
T 2019-07-30 10:10:46:237 IECommandExecutor.cpp(577) Entering IECommandExecutor::GetCurrentBrowser
T 2019-07-30 10:10:46:237 IECommandExecutor.cpp(583) Entering IECommandExecutor::GetManagedBrowser
T 2019-07-30 10:10:46:237 response.cc(51) Entering Response::Serialize
T 2019-07-30 10:10:46:239 IESession.cpp(221) Found non-zero response length
T 2019-07-30 10:10:46:239 IECommandExecutor.cpp(156) Entering IECommandExecutor::OnGetResponse
T 2019-07-30 10:10:46:239 IECommandExecutor.cpp(285) Entering IECommandExecutor::OnIsSessionValid
D 2019-07-30 10:10:46:239 server.cc(338) Response: {"value":{"element-6066-11e4-a52e-4f735466cecf":"06573bb1-a5d0-4b02-a5a4-6e156327c0ed"}}

T 2019-07-30 10:10:46:239 server.cc(391) Entering Server::SendResponseToClient
T 2019-07-30 10:10:46:239 response.cc(30) Entering Response::Deserialize
T 2019-07-30 10:10:46:239 server.cc(445) Entering Server::SendHttpOk
T 2019-07-30 10:10:46:245 server.cc(174) Entering Server::ProcessRequest
T 2019-07-30 10:10:46:245 server.cc(183) Process request with: URI: /session/dfe9b62c-55fd-41a5-898f-4154119709ee/element/06573bb1-a5d0-4b02-a5a4-6e156327c0ed/text HTTP verb: GET
body: {}
T 2019-07-30 10:10:46:245 server.cc(272) Entering Server::DispatchCommand
T 2019-07-30 10:10:46:245 server.cc(583) Entering Server::LookupCommand
D 2019-07-30 10:10:46:245 server.cc(281) Command: GET /session/dfe9b62c-55fd-41a5-898f-4154119709ee/element/06573bb1-a5d0-4b02-a5a4-6e156327c0ed/text {}
T 2019-07-30 10:10:46:245 server.cc(378) Entering Server::LookupSession
T 2019-07-30 10:10:46:245 IESession.cpp(191) Entering IESession::ExecuteCommand
T 2019-07-30 10:10:46:245 IECommandExecutor.cpp(122) Entering IECommandExecutor::OnSetCommand
T 2019-07-30 10:10:46:245 command.cc(31) Entering Command::Deserialize
D 2019-07-30 10:10:46:245 command.cc(36) Raw JSON command: { "name" : "getElementText", "locator" : { "sessionid" : "dfe9b62c-55fd-41a5-898f-4154119709ee", "id" : "06573bb1-a5d0-4b02-a5a4-6e156327c0ed" }, "parameters" : {} }
T 2019-07-30 10:10:46:245 IECommandExecutor.cpp(133) Entering IECommandExecutor::OnExecCommand
T 2019-07-30 10:10:46:245 IECommandExecutor.cpp(454) Entering IECommandExecutor::DispatchCommand
T 2019-07-30 10:10:46:245 IECommandExecutor.cpp(577) Entering IECommandExecutor::GetCurrentBrowser
T 2019-07-30 10:10:46:245 IECommandExecutor.cpp(583) Entering IECommandExecutor::GetManagedBrowser
T 2019-07-30 10:10:46:245 IECommandExecutor.cpp(529) Entering IECommandExecutor::IsAlertActive
T 2019-07-30 10:10:46:245 Browser.cpp(700) Entering Browser::GetActiveDialogWindowHandle
T 2019-07-30 10:10:46:245 Browser.cpp(206) Entering Browser::GetContentWindowHandle
D 2019-07-30 10:10:46:247 IECommandExecutor.cpp(543) No alert handle is found
T 2019-07-30 10:10:46:247 IECommandExecutor.cpp(577) Entering IECommandExecutor::GetCurrentBrowser
T 2019-07-30 10:10:46:247 IECommandExecutor.cpp(583) Entering IECommandExecutor::GetManagedBrowser
T 2019-07-30 10:10:46:247 IECommandHandler.cpp(45) Entering IECommandHandler::GetElement
T 2019-07-30 10:10:46:247 IECommandExecutor.cpp(671) Entering IECommandExecutor::GetManagedElement
T 2019-07-30 10:10:46:247 ElementRepository.cpp(34) Entering ElementRepository::GetManagedElement
T 2019-07-30 10:10:46:310 IESession.cpp(212) Beginning wait for response length to be not zero
T 2019-07-30 10:10:46:327 Browser.cpp(54) Entering Browser::OnQuit
T 2019-07-30 10:10:46:327 DocumentHost.cpp(252) Entering DocumentHost::PostQuitMessage
T 2019-07-30 10:10:46:377 IECommandExecutor.cpp(577) Entering IECommandExecutor::GetCurrentBrowser
T 2019-07-30 10:10:46:377 IECommandExecutor.cpp(583) Entering IECommandExecutor::GetManagedBrowser
T 2019-07-30 10:10:46:377 Browser.cpp(126) Entering Browser::GetDocument
I 2019-07-30 10:10:46:377 Browser.cpp(130) No child frame focus. Focus is on top-level frame
T 2019-07-30 10:10:46:394 Browser.cpp(613) Entering Browser::GetDocumentFromWindow
T 2019-07-30 10:10:46:511 Browser.cpp(126) Entering Browser::GetDocument
I 2019-07-30 10:10:46:511 Browser.cpp(130) No child frame focus. Focus is on top-level frame
T 2019-07-30 10:10:46:629 Browser.cpp(613) Entering Browser::GetDocumentFromWindow
T 2019-07-30 10:10:46:797 Script.cpp(49) Entering Script::Initialize
T 2019-07-30 10:10:46:797 Script.cpp(99) Entering Script::AddArgument(IHTMLElement*)
T 2019-07-30 10:10:46:797 Script.cpp(105) Entering Script::AddArgument(VARIANT)
T 2019-07-30 10:10:46:797 Script.cpp(169) Entering Script::Execute
T 2019-07-30 10:10:46:798 Script.cpp(438) Entering Script::CreateAnonymousFunction
T 2019-07-30 10:10:48:988 Script.cpp(433) Entering Script::ConvertResultToString
D 2019-07-30 10:10:48:988 VariantUtilities.cpp(135) Result type is string
T 2019-07-30 10:10:48:988 response.cc(72) Entering Response::SetSuccessResponse
T 2019-07-30 10:10:48:988 response.cc(78) Entering Response::SetResponse
T 2019-07-30 10:10:48:989 Browser.cpp(50) Entering Browser::BeforeNavigate2
T 2019-07-30 10:10:48:989 IECommandExecutor.cpp(577) Entering IECommandExecutor::GetCurrentBrowser
T 2019-07-30 10:10:48:989 IECommandExecutor.cpp(583) Entering IECommandExecutor::GetManagedBrowser
T 2019-07-30 10:10:48:989 response.cc(51) Entering Response::Serialize
T 2019-07-30 10:10:48:990 IECommandExecutor.cpp(250) Entering IECommandExecutor::OnBrowserQuit
T 2019-07-30 10:10:48:990 IECommandExecutor.cpp(529) Entering IECommandExecutor::IsAlertActive
T 2019-07-30 10:10:48:990 Browser.cpp(700) Entering Browser::GetActiveDialogWindowHandle
T 2019-07-30 10:10:48:990 Browser.cpp(206) Entering Browser::GetContentWindowHandle
D 2019-07-30 10:10:48:990 IECommandExecutor.cpp(543) No alert handle is found
T 2019-07-30 10:10:48:990 Browser.cpp(300) Entering Browser::DetachEvents
T 2019-07-30 10:10:48:998 IESession.cpp(221) Found non-zero response length
T 2019-07-30 10:10:48:998 IECommandExecutor.cpp(156) Entering IECommandExecutor::OnGetResponse
T 2019-07-30 10:10:48:998 IECommandExecutor.cpp(285) Entering IECommandExecutor::OnIsSessionValid
D 2019-07-30 10:10:48:998 server.cc(338) Response: {"value":"This is the initial start page for the WebDriver server."}

T 2019-07-30 10:10:48:999 server.cc(391) Entering Server::SendResponseToClient
T 2019-07-30 10:10:48:999 response.cc(30) Entering Response::Deserialize
T 2019-07-30 10:10:48:999 server.cc(445) Entering Server::SendHttpOk
T 2019-07-30 10:10:49:186 server.cc(174) Entering Server::ProcessRequest
T 2019-07-30 10:10:49:186 server.cc(238) Entering Server::ReadRequestBody
T 2019-07-30 10:10:49:186 server.cc(183) Process request with: URI: /session/dfe9b62c-55fd-41a5-898f-4154119709ee/elements HTTP verb: POST
body: {
  "value": "\u002f\u002fdiv[@id = 'hide-button' and (text() = 'close' or . = 'close')]",
  "using": "xpath"
}
T 2019-07-30 10:10:49:186 server.cc(272) Entering Server::DispatchCommand
T 2019-07-30 10:10:49:186 server.cc(583) Entering Server::LookupCommand
D 2019-07-30 10:10:49:186 server.cc(281) Command: POST /session/dfe9b62c-55fd-41a5-898f-4154119709ee/elements {
  "value": "\u002f\u002fdiv[@id = 'hide-button' and (text() = 'close' or . = 'close')]",
  "using": "xpath"
}
T 2019-07-30 10:10:49:186 server.cc(378) Entering Server::LookupSession
T 2019-07-30 10:10:49:186 IESession.cpp(191) Entering IESession::ExecuteCommand
T 2019-07-30 10:10:49:186 IECommandExecutor.cpp(122) Entering IECommandExecutor::OnSetCommand
T 2019-07-30 10:10:49:186 command.cc(31) Entering Command::Deserialize
D 2019-07-30 10:10:49:186 command.cc(36) Raw JSON command: { "name" : "findElements", "locator" : { "sessionid" : "dfe9b62c-55fd-41a5-898f-4154119709ee" }, "parameters" : {
  "value": "\u002f\u002fdiv[@id = 'hide-button' and (text() = 'close' or . = 'close')]",
  "using": "xpath"
} }
T 2019-07-30 10:10:49:186 IECommandExecutor.cpp(133) Entering IECommandExecutor::OnExecCommand
T 2019-07-30 10:10:49:186 IESession.cpp(212) Beginning wait for response length to be not zero
T 2019-07-30 10:10:49:186 IECommandExecutor.cpp(454) Entering IECommandExecutor::DispatchCommand
T 2019-07-30 10:10:49:186 IECommandExecutor.cpp(577) Entering IECommandExecutor::GetCurrentBrowser
T 2019-07-30 10:10:49:186 IECommandExecutor.cpp(583) Entering IECommandExecutor::GetManagedBrowser
W 2019-07-30 10:10:49:186 IECommandExecutor.cpp(591) Browser ID requested was an empty string
W 2019-07-30 10:10:49:186 IECommandExecutor.cpp(503) Unable to find current browser
T 2019-07-30 10:10:49:186 IECommandExecutor.cpp(734) Entering IECommandExecutor::LocateElements
T 2019-07-30 10:10:49:186 IECommandExecutor.cpp(695) Entering IECommandExecutor::GetElementFindMethod
T 2019-07-30 10:10:49:186 ElementFinder.cpp(111) Entering ElementFinder::FindElements
T 2019-07-30 10:10:49:187 IECommandExecutor.cpp(577) Entering IECommandExecutor::GetCurrentBrowser
T 2019-07-30 10:10:49:187 IECommandExecutor.cpp(583) Entering IECommandExecutor::GetManagedBrowser
W 2019-07-30 10:10:49:187 IECommandExecutor.cpp(591) Browser ID requested was an empty string
W 2019-07-30 10:10:49:187 ElementFinder.cpp(167) Unable to get browser
T 2019-07-30 10:10:49:187 response.cc(85) Entering Response::SetErrorResponse
T 2019-07-30 10:10:49:187 response.cc(78) Entering Response::SetResponse
T 2019-07-30 10:10:49:187 IECommandExecutor.cpp(577) Entering IECommandExecutor::GetCurrentBrowser
T 2019-07-30 10:10:49:187 IECommandExecutor.cpp(583) Entering IECommandExecutor::GetManagedBrowser
W 2019-07-30 10:10:49:187 IECommandExecutor.cpp(591) Browser ID requested was an empty string
W 2019-07-30 10:10:49:187 IECommandExecutor.cpp(520) Unable to get current browser
T 2019-07-30 10:10:49:187 response.cc(51) Entering Response::Serialize
T 2019-07-30 10:10:49:196 IESession.cpp(221) Found non-zero response length
T 2019-07-30 10:10:49:197 IECommandExecutor.cpp(156) Entering IECommandExecutor::OnGetResponse
T 2019-07-30 10:10:49:197 IECommandExecutor.cpp(285) Entering IECommandExecutor::OnIsSessionValid
D 2019-07-30 10:10:49:197 server.cc(338) Response: {"value":{"data":null,"error":"no such window","message":"Unable to find elements on closed window","stacktrace":""}}

T 2019-07-30 10:10:49:197 server.cc(391) Entering Server::SendResponseToClient
T 2019-07-30 10:10:49:197 response.cc(30) Entering Response::Deserialize
T 2019-07-30 10:10:49:197 server.cc(465) Entering Server::SendHttpBadRequest
T 2019-07-30 10:10:49:225 server.cc(174) Entering Server::ProcessRequest
T 2019-07-30 10:10:49:225 server.cc(183) Process request with: URI: /session/dfe9b62c-55fd-41a5-898f-4154119709ee/screenshot HTTP verb: GET
body: {}
T 2019-07-30 10:10:49:225 server.cc(272) Entering Server::DispatchCommand
T 2019-07-30 10:10:49:225 server.cc(583) Entering Server::LookupCommand
D 2019-07-30 10:10:49:225 server.cc(281) Command: GET /session/dfe9b62c-55fd-41a5-898f-4154119709ee/screenshot {}
T 2019-07-30 10:10:49:225 server.cc(378) Entering Server::LookupSession
T 2019-07-30 10:10:49:225 IESession.cpp(191) Entering IESession::ExecuteCommand
T 2019-07-30 10:10:49:225 IECommandExecutor.cpp(122) Entering IECommandExecutor::OnSetCommand
T 2019-07-30 10:10:49:226 command.cc(31) Entering Command::Deserialize
D 2019-07-30 10:10:49:226 command.cc(36) Raw JSON command: { "name" : "takeScreenshot", "locator" : { "sessionid" : "dfe9b62c-55fd-41a5-898f-4154119709ee" }, "parameters" : {} }
T 2019-07-30 10:10:49:226 IECommandExecutor.cpp(133) Entering IECommandExecutor::OnExecCommand
T 2019-07-30 10:10:49:226 IESession.cpp(212) Beginning wait for response length to be not zero
T 2019-07-30 10:10:49:226 IECommandExecutor.cpp(454) Entering IECommandExecutor::DispatchCommand
T 2019-07-30 10:10:49:226 IECommandExecutor.cpp(577) Entering IECommandExecutor::GetCurrentBrowser
T 2019-07-30 10:10:49:226 IECommandExecutor.cpp(583) Entering IECommandExecutor::GetManagedBrowser
W 2019-07-30 10:10:49:226 IECommandExecutor.cpp(591) Browser ID requested was an empty string
W 2019-07-30 10:10:49:226 IECommandExecutor.cpp(503) Unable to find current browser
T 2019-07-30 10:10:49:226 CommandHandlers\ScreenshotCommandHandler.cpp(38) Entering ScreenshotCommandHandler::ExecuteInternal
T 2019-07-30 10:10:49:226 IECommandExecutor.cpp(577) Entering IECommandExecutor::GetCurrentBrowser
T 2019-07-30 10:10:49:227 IECommandExecutor.cpp(583) Entering IECommandExecutor::GetManagedBrowser
W 2019-07-30 10:10:49:227 IECommandExecutor.cpp(591) Browser ID requested was an empty string
T 2019-07-30 10:10:49:227 response.cc(91) Entering Response::SetErrorResponse
W 2019-07-30 10:10:49:227 response.cc(92) Error response has status code 23 and message 'Unable to get browser' message
T 2019-07-30 10:10:49:227 response.cc(85) Entering Response::SetErrorResponse
T 2019-07-30 10:10:49:227 response.cc(78) Entering Response::SetResponse
T 2019-07-30 10:10:49:227 IECommandExecutor.cpp(577) Entering IECommandExecutor::GetCurrentBrowser
T 2019-07-30 10:10:49:227 IECommandExecutor.cpp(583) Entering IECommandExecutor::GetManagedBrowser
W 2019-07-30 10:10:49:227 IECommandExecutor.cpp(591) Browser ID requested was an empty string
W 2019-07-30 10:10:49:227 IECommandExecutor.cpp(520) Unable to get current browser
T 2019-07-30 10:10:49:227 response.cc(51) Entering Response::Serialize
T 2019-07-30 10:10:49:237 IESession.cpp(221) Found non-zero response length
T 2019-07-30 10:10:49:237 IECommandExecutor.cpp(156) Entering IECommandExecutor::OnGetResponse
T 2019-07-30 10:10:49:237 IECommandExecutor.cpp(285) Entering IECommandExecutor::OnIsSessionValid
D 2019-07-30 10:10:49:238 server.cc(338) Response: {"value":{"data":null,"error":"no such window","message":"Unable to get browser","stacktrace":""}}

T 2019-07-30 10:10:49:238 server.cc(391) Entering Server::SendResponseToClient
T 2019-07-30 10:10:49:238 response.cc(30) Entering Response::Deserialize
T 2019-07-30 10:10:49:238 server.cc(465) Entering Server::SendHttpBadRequest
T 2019-07-30 10:10:49:317 server.cc(174) Entering Server::ProcessRequest
T 2019-07-30 10:10:49:317 server.cc(238) Entering Server::ReadRequestBody
T 2019-07-30 10:10:49:317 server.cc(183) Process request with: URI: /session/dfe9b62c-55fd-41a5-898f-4154119709ee/element HTTP verb: POST
body: {
  "value": "body",
  "using": "css selector"
}
T 2019-07-30 10:10:49:317 server.cc(272) Entering Server::DispatchCommand
T 2019-07-30 10:10:49:317 server.cc(583) Entering Server::LookupCommand
D 2019-07-30 10:10:49:318 server.cc(281) Command: POST /session/dfe9b62c-55fd-41a5-898f-4154119709ee/element {
  "value": "body",
  "using": "css selector"
}
T 2019-07-30 10:10:49:318 server.cc(378) Entering Server::LookupSession
T 2019-07-30 10:10:49:318 IESession.cpp(191) Entering IESession::ExecuteCommand
T 2019-07-30 10:10:49:318 IECommandExecutor.cpp(122) Entering IECommandExecutor::OnSetCommand
T 2019-07-30 10:10:49:318 command.cc(31) Entering Command::Deserialize
D 2019-07-30 10:10:49:318 command.cc(36) Raw JSON command: { "name" : "findElement", "locator" : { "sessionid" : "dfe9b62c-55fd-41a5-898f-4154119709ee" }, "parameters" : {
  "value": "body",
  "using": "css selector"
} }
T 2019-07-30 10:10:49:318 IECommandExecutor.cpp(133) Entering IECommandExecutor::OnExecCommand
T 2019-07-30 10:10:49:318 IECommandExecutor.cpp(454) Entering IECommandExecutor::DispatchCommand
T 2019-07-30 10:10:49:318 IECommandExecutor.cpp(577) Entering IECommandExecutor::GetCurrentBrowser
T 2019-07-30 10:10:49:318 IECommandExecutor.cpp(583) Entering IECommandExecutor::GetManagedBrowser
W 2019-07-30 10:10:49:318 IECommandExecutor.cpp(591) Browser ID requested was an empty string
W 2019-07-30 10:10:49:318 IECommandExecutor.cpp(503) Unable to find current browser
T 2019-07-30 10:10:49:318 IECommandExecutor.cpp(712) Entering IECommandExecutor::LocateElement
T 2019-07-30 10:10:49:318 IECommandExecutor.cpp(695) Entering IECommandExecutor::GetElementFindMethod
T 2019-07-30 10:10:49:318 ElementFinder.cpp(43) Entering ElementFinder::FindElement
T 2019-07-30 10:10:49:318 IECommandExecutor.cpp(577) Entering IECommandExecutor::GetCurrentBrowser
T 2019-07-30 10:10:49:318 IECommandExecutor.cpp(583) Entering IECommandExecutor::GetManagedBrowser
W 2019-07-30 10:10:49:318 IECommandExecutor.cpp(591) Browser ID requested was an empty string
W 2019-07-30 10:10:49:318 ElementFinder.cpp(101) Unable to get browser
T 2019-07-30 10:10:49:318 response.cc(85) Entering Response::SetErrorResponse
T 2019-07-30 10:10:49:318 response.cc(78) Entering Response::SetResponse
T 2019-07-30 10:10:49:318 IECommandExecutor.cpp(577) Entering IECommandExecutor::GetCurrentBrowser
T 2019-07-30 10:10:49:318 IECommandExecutor.cpp(583) Entering IECommandExecutor::GetManagedBrowser
W 2019-07-30 10:10:49:318 IECommandExecutor.cpp(591) Browser ID requested was an empty string
W 2019-07-30 10:10:49:318 IECommandExecutor.cpp(520) Unable to get current browser
T 2019-07-30 10:10:49:319 response.cc(51) Entering Response::Serialize
T 2019-07-30 10:10:49:319 IESession.cpp(212) Beginning wait for response length to be not zero
T 2019-07-30 10:10:49:319 IESession.cpp(221) Found non-zero response length
T 2019-07-30 10:10:49:319 IECommandExecutor.cpp(156) Entering IECommandExecutor::OnGetResponse
T 2019-07-30 10:10:49:319 IECommandExecutor.cpp(285) Entering IECommandExecutor::OnIsSessionValid
D 2019-07-30 10:10:49:319 server.cc(338) Response: {"value":{"data":null,"error":"no such window","message":"Unable to find element on closed window","stacktrace":""}}

T 2019-07-30 10:10:49:319 server.cc(391) Entering Server::SendResponseToClient
T 2019-07-30 10:10:49:319 response.cc(30) Entering Response::Deserialize
T 2019-07-30 10:10:49:319 server.cc(465) Entering Server::SendHttpBadRequest
T 2019-07-30 10:10:49:323 server.cc(174) Entering Server::ProcessRequest
T 2019-07-30 10:10:49:323 server.cc(183) Process request with: URI: /session/dfe9b62c-55fd-41a5-898f-4154119709ee/screenshot HTTP verb: GET
body: {}
T 2019-07-30 10:10:49:323 server.cc(272) Entering Server::DispatchCommand
T 2019-07-30 10:10:49:323 server.cc(583) Entering Server::LookupCommand
D 2019-07-30 10:10:49:323 server.cc(281) Command: GET /session/dfe9b62c-55fd-41a5-898f-4154119709ee/screenshot {}
T 2019-07-30 10:10:49:323 server.cc(378) Entering Server::LookupSession
T 2019-07-30 10:10:49:323 IESession.cpp(191) Entering IESession::ExecuteCommand
T 2019-07-30 10:10:49:324 IECommandExecutor.cpp(122) Entering IECommandExecutor::OnSetCommand
T 2019-07-30 10:10:49:324 command.cc(31) Entering Command::Deserialize
D 2019-07-30 10:10:49:324 command.cc(36) Raw JSON command: { "name" : "takeScreenshot", "locator" : { "sessionid" : "dfe9b62c-55fd-41a5-898f-4154119709ee" }, "parameters" : {} }
T 2019-07-30 10:10:49:324 IECommandExecutor.cpp(133) Entering IECommandExecutor::OnExecCommand
T 2019-07-30 10:10:49:324 IECommandExecutor.cpp(454) Entering IECommandExecutor::DispatchCommand
T 2019-07-30 10:10:49:324 IECommandExecutor.cpp(577) Entering IECommandExecutor::GetCurrentBrowser
T 2019-07-30 10:10:49:324 IECommandExecutor.cpp(583) Entering IECommandExecutor::GetManagedBrowser
W 2019-07-30 10:10:49:324 IECommandExecutor.cpp(591) Browser ID requested was an empty string
W 2019-07-30 10:10:49:324 IECommandExecutor.cpp(503) Unable to find current browser
T 2019-07-30 10:10:49:324 CommandHandlers\ScreenshotCommandHandler.cpp(38) Entering ScreenshotCommandHandler::ExecuteInternal
T 2019-07-30 10:10:49:324 IECommandExecutor.cpp(577) Entering IECommandExecutor::GetCurrentBrowser
T 2019-07-30 10:10:49:324 IECommandExecutor.cpp(583) Entering IECommandExecutor::GetManagedBrowser
W 2019-07-30 10:10:49:324 IECommandExecutor.cpp(591) Browser ID requested was an empty string
T 2019-07-30 10:10:49:324 response.cc(91) Entering Response::SetErrorResponse
W 2019-07-30 10:10:49:324 response.cc(92) Error response has status code 23 and message 'Unable to get browser' message
T 2019-07-30 10:10:49:324 response.cc(85) Entering Response::SetErrorResponse
T 2019-07-30 10:10:49:324 response.cc(78) Entering Response::SetResponse
T 2019-07-30 10:10:49:324 IECommandExecutor.cpp(577) Entering IECommandExecutor::GetCurrentBrowser
T 2019-07-30 10:10:49:324 IECommandExecutor.cpp(583) Entering IECommandExecutor::GetManagedBrowser
W 2019-07-30 10:10:49:324 IECommandExecutor.cpp(591) Browser ID requested was an empty string
W 2019-07-30 10:10:49:324 IECommandExecutor.cpp(520) Unable to get current browser
T 2019-07-30 10:10:49:324 response.cc(51) Entering Response::Serialize
T 2019-07-30 10:10:49:324 IESession.cpp(212) Beginning wait for response length to be not zero
T 2019-07-30 10:10:49:324 IESession.cpp(221) Found non-zero response length
T 2019-07-30 10:10:49:324 IECommandExecutor.cpp(156) Entering IECommandExecutor::OnGetResponse
T 2019-07-30 10:10:49:324 IECommandExecutor.cpp(285) Entering IECommandExecutor::OnIsSessionValid
D 2019-07-30 10:10:49:324 server.cc(338) Response: {"value":{"data":null,"error":"no such window","message":"Unable to get browser","stacktrace":""}}

T 2019-07-30 10:10:49:325 server.cc(391) Entering Server::SendResponseToClient
T 2019-07-30 10:10:49:325 response.cc(30) Entering Response::Deserialize
T 2019-07-30 10:10:49:325 server.cc(465) Entering Server::SendHttpBadRequest
T 2019-07-30 10:10:49:369 server.cc(174) Entering Server::ProcessRequest
T 2019-07-30 10:10:49:369 server.cc(183) Process request with: URI: /session/dfe9b62c-55fd-41a5-898f-4154119709ee HTTP verb: DELETE
body: {}
T 2019-07-30 10:10:49:369 server.cc(272) Entering Server::DispatchCommand
T 2019-07-30 10:10:49:369 server.cc(583) Entering Server::LookupCommand
D 2019-07-30 10:10:49:369 server.cc(281) Command: DELETE /session/dfe9b62c-55fd-41a5-898f-4154119709ee {}
T 2019-07-30 10:10:49:369 server.cc(378) Entering Server::LookupSession
T 2019-07-30 10:10:49:369 IESession.cpp(191) Entering IESession::ExecuteCommand
T 2019-07-30 10:10:49:369 IECommandExecutor.cpp(122) Entering IECommandExecutor::OnSetCommand
T 2019-07-30 10:10:49:369 command.cc(31) Entering Command::Deserialize
D 2019-07-30 10:10:49:369 command.cc(36) Raw JSON command: { "name" : "quit", "locator" : { "sessionid" : "dfe9b62c-55fd-41a5-898f-4154119709ee" }, "parameters" : {} }
T 2019-07-30 10:10:49:369 IECommandExecutor.cpp(133) Entering IECommandExecutor::OnExecCommand
T 2019-07-30 10:10:49:370 IECommandExecutor.cpp(454) Entering IECommandExecutor::DispatchCommand
T 2019-07-30 10:10:49:370 IECommandExecutor.cpp(577) Entering IECommandExecutor::GetCurrentBrowser
T 2019-07-30 10:10:49:370 IECommandExecutor.cpp(583) Entering IECommandExecutor::GetManagedBrowser
W 2019-07-30 10:10:49:370 IECommandExecutor.cpp(591) Browser ID requested was an empty string
W 2019-07-30 10:10:49:370 IECommandExecutor.cpp(503) Unable to find current browser
T 2019-07-30 10:10:49:370 IECommandExecutor.cpp(607) Entering IECommandExecutor::GetManagedBrowserHandles
T 2019-07-30 10:10:49:370 response.cc(72) Entering Response::SetSuccessResponse
T 2019-07-30 10:10:49:370 response.cc(78) Entering Response::SetResponse
T 2019-07-30 10:10:49:370 IECommandExecutor.cpp(577) Entering IECommandExecutor::GetCurrentBrowser
T 2019-07-30 10:10:49:370 IECommandExecutor.cpp(583) Entering IECommandExecutor::GetManagedBrowser
T 2019-07-30 10:10:49:370 IECommandExecutor.cpp(586) Current command executor is not valid
T 2019-07-30 10:10:49:370 response.cc(51) Entering Response::Serialize
T 2019-07-30 10:10:49:370 IESession.cpp(212) Beginning wait for response length to be not zero
T 2019-07-30 10:10:49:370 IESession.cpp(221) Found non-zero response length
T 2019-07-30 10:10:49:370 IECommandExecutor.cpp(156) Entering IECommandExecutor::OnGetResponse
T 2019-07-30 10:10:49:370 IECommandExecutor.cpp(285) Entering IECommandExecutor::OnIsSessionValid
T 2019-07-30 10:10:49:370 server.cc(225) Entering Server::ShutDownSession
T 2019-07-30 10:10:49:370 IESession.cpp(119) Entering IESession::ShutDown
T 2019-07-30 10:10:49:370 IESession.cpp(173) Entering IESession::WaitForCommandExecutorExit
D 2019-07-30 10:10:49:370 IESession.cpp(150) Executor shutdown successful!
D 2019-07-30 10:10:49:371 IESession.cpp(158) Posting thread shutdown message
D 2019-07-30 10:10:49:371 IESession.cpp(161) Starting wait for thread completion
D 2019-07-30 10:10:49:371 IECommandExecutor.cpp(436) Shutdown message received
D 2019-07-30 10:10:49:371 IESession.cpp(164) Waiting for thread to end returned 4294967295
D 2019-07-30 10:10:49:371 server.cc(338) Response: {"value":null}

T 2019-07-30 10:10:49:371 server.cc(391) Entering Server::SendResponseToClient
T 2019-07-30 10:10:49:371 response.cc(30) Entering Response::Deserialize
T 2019-07-30 10:10:49:371 server.cc(445) Entering Server::SendHttpOk
D 2019-07-30 10:10:49:371 IECommandExecutor.cpp(97) Entering IECommandExecutor::OnDestroy
D 2019-07-30 10:10:49:371 IECommandExecutor.cpp(99) Clearing managed element cache
D 2019-07-30 10:10:49:371 IECommandExecutor.cpp(102) Closing command handler repository
D 2019-07-30 10:10:49:372 IECommandExecutor.cpp(104) Closing element finder
D 2019-07-30 10:10:49:372 IECommandExecutor.cpp(106) Closing input manager
D 2019-07-30 10:10:49:372 IECommandExecutor.cpp(108) Closing proxy manager
T 2019-07-30 10:10:49:372 ProxyManager.cpp(185) ProxyManager::RestoreProxySettings
D 2019-07-30 10:10:49:372 IECommandExecutor.cpp(110) Closing browser factory
D 2019-07-30 10:10:49:372 IECommandExecutor.cpp(112) Posting quit message
D 2019-07-30 10:10:49:372 IECommandExecutor.cpp(114) Leaving IECommandExecutor::OnDestroy
D 2019-07-30 10:10:49:372 IECommandExecutor.cpp(438) Returned from DestroyWindow()
D 2019-07-30 10:10:49:372 IECommandExecutor.cpp(447) Exited IECommandExecutor thread message loop
T 2019-07-30 10:10:49:375 server.cc(174) Entering Server::ProcessRequest
T 2019-07-30 10:10:49:375 server.cc(183) Process request with: URI: /shutdown HTTP verb: GET
body: {}
T 2019-07-30 10:10:49:375 server.cc(445) Entering Server::SendHttpOk
T 2019-07-30 10:10:49:375 IEServer.cpp(88) Entering IEServer::ShutDown
T 2019-07-30 10:10:49:376 WebDriver.cpp(54) Entering StopServer
T 2019-07-30 10:10:49:376 server.cc(165) Entering Server::Stop
