I 2019-08-06 14:38:32:129 server.cc(86) Starting WebDriver server on port: '28314' on host: ''
T 2019-08-06 14:38:32:129 server.cc(634) Entering Server::PopulateCommandRepository
T 2019-08-06 14:38:32:129 IEServer.cpp(32) Entering IEServer::IEServer
I 2019-08-06 14:38:32:129 IEServer.cpp(33) Driver version: 3.6.0.0 (32-bit)
T 2019-08-06 14:38:32:129 server.cc(121) Entering Server::Start
D 2019-08-06 14:38:32:129 server.cc(148) Civetweb ACL is -0.0.0.0/0,+127.0.0.1
T 2019-08-06 14:38:32:300 server.cc(174) Entering Server::ProcessRequest
T 2019-08-06 14:38:32:300 server.cc(183) Process request with: URI: /status HTTP verb: GET
body: {}
T 2019-08-06 14:38:32:301 server.cc(272) Entering Server::DispatchCommand
T 2019-08-06 14:38:32:301 server.cc(583) Entering Server::LookupCommand
D 2019-08-06 14:38:32:301 server.cc(281) Command: GET /status {}
T 2019-08-06 14:38:32:301 IEServer.cpp(51) Entering IEServer::GetStatus
T 2019-08-06 14:38:32:304 response.cc(72) Entering Response::SetSuccessResponse
T 2019-08-06 14:38:32:304 response.cc(78) Entering Response::SetResponse
T 2019-08-06 14:38:32:304 response.cc(51) Entering Response::Serialize
D 2019-08-06 14:38:32:304 server.cc(338) Response: {"value":{"build":{"version":"3.6.0.0 (32-bit)"},"message":"Ready to create session","os":{"arch":"x64","name":"windows","version":"10.0.17134.858 (WinBuild.160101.0800)"},"ready":true}}

T 2019-08-06 14:38:32:304 server.cc(391) Entering Server::SendResponseToClient
T 2019-08-06 14:38:32:304 response.cc(30) Entering Response::Deserialize
T 2019-08-06 14:38:32:305 server.cc(445) Entering Server::SendHttpOk
T 2019-08-06 14:38:32:532 server.cc(174) Entering Server::ProcessRequest
T 2019-08-06 14:38:32:532 server.cc(238) Entering Server::ReadRequestBody
T 2019-08-06 14:38:32:532 server.cc(183) Process request with: URI: /session HTTP verb: POST
body: {
  "desiredCapabilities": {
    "se:ieOptions": {
      "ie.usePerProcessProxy": "true"
    },
    "browserName": "internet explorer",
    "ie.usePerProcessProxy": "true"
  },
  "capabilities": {
    "firstMatch": [
      {
        "browserName": "internet explorer",
        "se:ieOptions": {
          "ie.usePerProcessProxy": "true"
        }
      }
    ]
  }
}
T 2019-08-06 14:38:32:532 server.cc(272) Entering Server::DispatchCommand
T 2019-08-06 14:38:32:532 server.cc(583) Entering Server::LookupCommand
D 2019-08-06 14:38:32:532 server.cc(281) Command: POST /session {
  "desiredCapabilities": {
    "se:ieOptions": {
      "ie.usePerProcessProxy": "true"
    },
    "browserName": "internet explorer",
    "ie.usePerProcessProxy": "true"
  },
  "capabilities": {
    "firstMatch": [
      {
        "browserName": "internet explorer",
        "se:ieOptions": {
          "ie.usePerProcessProxy": "true"
        }
      }
    ]
  }
}
T 2019-08-06 14:38:32:533 IEServer.cpp(42) Entering IEServer::InitializeSession
T 2019-08-06 14:38:32:533 IESession.cpp(38) Entering IESession::Initialize
D 2019-08-06 14:38:32:533 IESession.cpp(53) Mutex acquired for session initalization
T 2019-08-06 14:38:32:533 IECommandExecutor.cpp(386) Entering IECommandExecutor::ThreadProc
T 2019-08-06 14:38:32:536 IECommandExecutor.cpp(47) Entering IECommandExecutor::OnCreate
T 2019-08-06 14:38:32:536 IECommandExecutor.cpp(753) Entering IECommandExecutor::PopulateElementFinderMethods
T 2019-08-06 14:38:32:536 InputManager.cpp(40) Entering InputManager::InputManager
T 2019-08-06 14:38:32:536 InputManager.cpp(75) Entering InputManager::Initialize
T 2019-08-06 14:38:32:536 BrowserFactory.cpp(998) Entering BrowserFactory::GetExecutableLocation
T 2019-08-06 14:38:32:536 BrowserFactory.cpp(1039) Entering BrowserFactory::GetIEVersion
T 2019-08-06 14:38:32:540 CommandHandlerRepository.cpp(108) Entering CommandHandlerRepository::PopulateCommandHandlers
T 2019-08-06 14:38:32:541 IESession.cpp(99) Created thread for command executor returns HWND: '00100A38'
T 2019-08-06 14:38:32:541 IESession.cpp(103) Session id is retrived from command executor window: 'c8c25a20-5413-45ab-bf59-13f3e6d21c23'
D 2019-08-06 14:38:32:541 IESession.cpp(109) Releasing session initialization mutex
T 2019-08-06 14:38:32:541 IESession.cpp(191) Entering IESession::ExecuteCommand
T 2019-08-06 14:38:32:541 IECommandExecutor.cpp(122) Entering IECommandExecutor::OnSetCommand
T 2019-08-06 14:38:32:541 command.cc(31) Entering Command::Deserialize
D 2019-08-06 14:38:32:541 command.cc(36) Raw JSON command: { "name" : "newSession", "locator" : { }, "parameters" : {
  "desiredCapabilities": {
    "se:ieOptions": {
      "ie.usePerProcessProxy": "true"
    },
    "browserName": "internet explorer",
    "ie.usePerProcessProxy": "true"
  },
  "capabilities": {
    "firstMatch": [
      {
        "browserName": "internet explorer",
        "se:ieOptions": {
          "ie.usePerProcessProxy": "true"
        }
      }
    ]
  }
} }
T 2019-08-06 14:38:32:541 IECommandExecutor.cpp(133) Entering IECommandExecutor::OnExecCommand
T 2019-08-06 14:38:32:541 IESession.cpp(212) Beginning wait for response length to be not zero
T 2019-08-06 14:38:32:541 IECommandExecutor.cpp(454) Entering IECommandExecutor::DispatchCommand
D 2019-08-06 14:38:32:541 CommandHandlers\NewSessionCommandHandler.cpp(46) Found W3C capabilities structure
D 2019-08-06 14:38:32:542 CommandHandlers\NewSessionCommandHandler.cpp(505) Validating capabilities object
D 2019-08-06 14:38:32:542 CommandHandlers\NewSessionCommandHandler.cpp(505) Validating capabilities object
D 2019-08-06 14:38:32:542 CommandHandlers\NewSessionCommandHandler.cpp(535) Found browserNamecapability. Validating value type is string.
D 2019-08-06 14:38:32:542 CommandHandlers\NewSessionCommandHandler.cpp(794) Found proxycapability. Validating value type is object.
T 2019-08-06 14:38:32:542 BrowserFactory.cpp(113) Entering BrowserFactory::Initialize
T 2019-08-06 14:38:32:542 IECommandExecutor.cpp(631) Entering IECommandExecutor::CreateNewBrowser
T 2019-08-06 14:38:32:542 BrowserFactory.cpp(142) Entering BrowserFactory::LaunchBrowserProcess
D 2019-08-06 14:38:32:542 BrowserFactory.cpp(146) Ignoring Protected Mode Settings: 0
D 2019-08-06 14:38:32:542 BrowserFactory.cpp(149) Checking validity of Protected Mode settings.
T 2019-08-06 14:38:32:542 BrowserFactory.cpp(1058) Entering BrowserFactory::ProtectedModeSettingsAreValid
D 2019-08-06 14:38:32:542 BrowserFactory.cpp(1061) Detected IE version: 11, Windows version supports Protected Mode: 1
T 2019-08-06 14:38:32:542 BrowserFactory.cpp(1135) Entering BrowserFactory::GetZoneProtectedModeSetting
D 2019-08-06 14:38:32:542 BrowserFactory.cpp(1152) Found Protected Mode setting value of 3 for zone 1
T 2019-08-06 14:38:32:542 BrowserFactory.cpp(1135) Entering BrowserFactory::GetZoneProtectedModeSetting
D 2019-08-06 14:38:32:542 BrowserFactory.cpp(1156) RegQueryValueEx failed for getting Protected Mode setting for a zone: 2
T 2019-08-06 14:38:32:542 BrowserFactory.cpp(1135) Entering BrowserFactory::GetZoneProtectedModeSetting
D 2019-08-06 14:38:32:542 BrowserFactory.cpp(1156) RegQueryValueEx failed for getting Protected Mode setting for a zone: 3
T 2019-08-06 14:38:32:542 BrowserFactory.cpp(1135) Entering BrowserFactory::GetZoneProtectedModeSetting
D 2019-08-06 14:38:32:542 BrowserFactory.cpp(1156) RegQueryValueEx failed for getting Protected Mode setting for a zone: 4
D 2019-08-06 14:38:32:542 BrowserFactory.cpp(152) Has Valid Protected Mode Settings: 1
T 2019-08-06 14:38:32:542 BrowserFactory.cpp(226) Entering BrowserFactory::IsIELaunchURLAvailable
T 2019-08-06 14:38:32:648 BrowserFactory.cpp(130) Entering BrowserFactory::ClearCache
T 2019-08-06 14:38:32:648 BrowserFactory.cpp(247) Entering BrowserFactory::LaunchBrowserUsingIELaunchURL
D 2019-08-06 14:38:32:648 BrowserFactory.cpp(248) Starting IE using the IELaunchURL API
D 2019-08-06 14:38:33:190 BrowserFactory.cpp(202) IE launched successfully with process ID 6620
D 2019-08-06 14:38:33:190 BrowserFactory.cpp(208) Process with ID 6620 is executing iexplore.exe
T 2019-08-06 14:38:33:190 BrowserFactory.cpp(365) Entering BrowserFactory::AttachToBrowser
D 2019-08-06 14:38:33:190 BrowserFactory.cpp(375) Using Active Accessibility to find IWebBrowser2 interface
T 2019-08-06 14:38:33:190 BrowserFactory.cpp(414) Entering BrowserFactory::AttachToBrowserUsingActiveAccessibility
T 2019-08-06 14:38:33:638 server.cc(174) Entering Server::ProcessRequest
T 2019-08-06 14:38:33:638 server.cc(183) Process request with: URI: / HTTP verb: GET
body: {}
T 2019-08-06 14:38:33:638 server.cc(445) Entering Server::SendHttpOk
T 2019-08-06 14:38:33:864 server.cc(174) Entering Server::ProcessRequest
T 2019-08-06 14:38:33:864 server.cc(183) Process request with: URI: /favicon.ico HTTP verb: GET
body: {}
T 2019-08-06 14:38:33:864 server.cc(272) Entering Server::DispatchCommand
T 2019-08-06 14:38:33:864 server.cc(583) Entering Server::LookupCommand
D 2019-08-06 14:38:33:864 server.cc(281) Command: GET /favicon.ico {}
D 2019-08-06 14:38:33:864 server.cc(338) Response: { "error" : "unknown method", "message" : "Command not found: GET /favicon.ico" }
T 2019-08-06 14:38:33:864 server.cc(391) Entering Server::SendResponseToClient
T 2019-08-06 14:38:33:864 response.cc(30) Entering Response::Deserialize
T 2019-08-06 14:38:33:864 server.cc(445) Entering Server::SendHttpOk
D 2019-08-06 14:38:33:944 BrowserFactory.cpp(434) Found window handle 00280F6A for window with class 'Internet Explorer_Server' belonging to process with id 6620
T 2019-08-06 14:38:33:944 BrowserFactory.cpp(329) Entering BrowserFactory::GetDocumentFromWindowHandle
D 2019-08-06 14:38:33:991 BrowserFactory.cpp(396) Ignoring zoom setting: 0
T 2019-08-06 14:38:33:991 BrowserFactory.cpp(574) Entering BrowserFactory::GetBrowserZoomLevel
T 2019-08-06 14:38:34:001 BrowserFactory.cpp(614) Entering BrowserFactory::GetZoomLevel
D 2019-08-06 14:38:34:019 BrowserFactory.cpp(694) Browser zoom level is 100%
I 2019-08-06 14:38:34:021 IECommandExecutor.cpp(654) Persistent hovering set to: 1
T 2019-08-06 14:38:34:021 ProxyManager.cpp(97) ProxyManager::SetProxySettings
D 2019-08-06 14:38:34:021 ProxyManager.cpp(113) Using existing system proxy settings.
T 2019-08-06 14:38:34:021 DocumentHost.cpp(33) Entering DocumentHost::DocumentHost
T 2019-08-06 14:38:34:021 CookieManager.cpp(49) Entering CookieManager::Initialize
T 2019-08-06 14:38:34:021 Browser.cpp(33) Entering Browser::Browser
T 2019-08-06 14:38:34:021 Browser.cpp(293) Entering Browser::AttachEvents
T 2019-08-06 14:38:34:024 IECommandExecutor.cpp(621) Entering IECommandExecutor::AddManagedBrowser
T 2019-08-06 14:38:34:024 IECommandExecutor.cpp(625) Setting current browser id to 8a4929ed-2f85-4889-a0f0-266402cd9753
T 2019-08-06 14:38:34:024 response.cc(72) Entering Response::SetSuccessResponse
T 2019-08-06 14:38:34:024 response.cc(78) Entering Response::SetResponse
T 2019-08-06 14:38:34:024 IECommandExecutor.cpp(577) Entering IECommandExecutor::GetCurrentBrowser
T 2019-08-06 14:38:34:024 IECommandExecutor.cpp(583) Entering IECommandExecutor::GetManagedBrowser
T 2019-08-06 14:38:34:024 response.cc(51) Entering Response::Serialize
T 2019-08-06 14:38:34:034 IESession.cpp(221) Found non-zero response length
T 2019-08-06 14:38:34:034 IECommandExecutor.cpp(156) Entering IECommandExecutor::OnGetResponse
T 2019-08-06 14:38:34:035 IECommandExecutor.cpp(285) Entering IECommandExecutor::OnIsSessionValid
T 2019-08-06 14:38:34:035 response.cc(30) Entering Response::Deserialize
D 2019-08-06 14:38:34:035 server.cc(338) Response: {"value":{"capabilities":{"acceptInsecureCerts":false,"browserName":"internet explorer","browserVersion":"11","pageLoadStrategy":"normal","platformName":"windows","se:ieOptions":{"browserAttachTimeout":0,"elementScrollBehavior":0,"enablePersistentHover":true,"ie.browserCommandLineSwitches":"","ie.ensureCleanSession":false,"ie.fileUploadDialogTimeout":3000,"ie.forceCreateProcessApi":false,"ignoreProtectedModeSettings":false,"ignoreZoomSetting":false,"initialBrowserUrl":"http://localhost:28314/","nativeEvents":true,"requireWindowFocus":false},"setWindowRect":true},"sessionId":"c8c25a20-5413-45ab-bf59-13f3e6d21c23"}}

T 2019-08-06 14:38:34:035 server.cc(391) Entering Server::SendResponseToClient
T 2019-08-06 14:38:34:035 response.cc(30) Entering Response::Deserialize
T 2019-08-06 14:38:34:035 server.cc(445) Entering Server::SendHttpOk
T 2019-08-06 14:38:34:078 server.cc(174) Entering Server::ProcessRequest
T 2019-08-06 14:38:34:078 server.cc(238) Entering Server::ReadRequestBody
T 2019-08-06 14:38:34:078 server.cc(183) Process request with: URI: /session/c8c25a20-5413-45ab-bf59-13f3e6d21c23/timeouts HTTP verb: POST
body: {
  "implicit": 0
}
T 2019-08-06 14:38:34:078 server.cc(272) Entering Server::DispatchCommand
T 2019-08-06 14:38:34:078 server.cc(583) Entering Server::LookupCommand
D 2019-08-06 14:38:34:078 server.cc(281) Command: POST /session/c8c25a20-5413-45ab-bf59-13f3e6d21c23/timeouts {
  "implicit": 0
}
T 2019-08-06 14:38:34:078 server.cc(378) Entering Server::LookupSession
T 2019-08-06 14:38:34:078 IESession.cpp(191) Entering IESession::ExecuteCommand
T 2019-08-06 14:38:34:078 IECommandExecutor.cpp(122) Entering IECommandExecutor::OnSetCommand
T 2019-08-06 14:38:34:078 command.cc(31) Entering Command::Deserialize
D 2019-08-06 14:38:34:078 command.cc(36) Raw JSON command: { "name" : "setTimeouts", "locator" : { "sessionid" : "c8c25a20-5413-45ab-bf59-13f3e6d21c23" }, "parameters" : {
  "implicit": 0
} }
T 2019-08-06 14:38:34:078 IECommandExecutor.cpp(133) Entering IECommandExecutor::OnExecCommand
T 2019-08-06 14:38:34:078 IECommandExecutor.cpp(454) Entering IECommandExecutor::DispatchCommand
T 2019-08-06 14:38:34:078 IESession.cpp(212) Beginning wait for response length to be not zero
T 2019-08-06 14:38:34:078 IECommandExecutor.cpp(577) Entering IECommandExecutor::GetCurrentBrowser
T 2019-08-06 14:38:34:078 IECommandExecutor.cpp(583) Entering IECommandExecutor::GetManagedBrowser
T 2019-08-06 14:38:34:078 IECommandExecutor.cpp(529) Entering IECommandExecutor::IsAlertActive
T 2019-08-06 14:38:34:078 Browser.cpp(700) Entering Browser::GetActiveDialogWindowHandle
T 2019-08-06 14:38:34:079 Browser.cpp(206) Entering Browser::GetContentWindowHandle
D 2019-08-06 14:38:34:079 IECommandExecutor.cpp(543) No alert handle is found
T 2019-08-06 14:38:34:079 IECommandExecutor.cpp(577) Entering IECommandExecutor::GetCurrentBrowser
T 2019-08-06 14:38:34:079 IECommandExecutor.cpp(583) Entering IECommandExecutor::GetManagedBrowser
T 2019-08-06 14:38:34:079 response.cc(51) Entering Response::Serialize
T 2019-08-06 14:38:34:089 IESession.cpp(221) Found non-zero response length
T 2019-08-06 14:38:34:089 IECommandExecutor.cpp(156) Entering IECommandExecutor::OnGetResponse
T 2019-08-06 14:38:34:089 IECommandExecutor.cpp(285) Entering IECommandExecutor::OnIsSessionValid
D 2019-08-06 14:38:34:090 server.cc(338) Response: {"value":null}

T 2019-08-06 14:38:34:090 server.cc(391) Entering Server::SendResponseToClient
T 2019-08-06 14:38:34:090 response.cc(30) Entering Response::Deserialize
T 2019-08-06 14:38:34:090 server.cc(445) Entering Server::SendHttpOk
T 2019-08-06 14:38:34:098 server.cc(174) Entering Server::ProcessRequest
T 2019-08-06 14:38:34:098 server.cc(238) Entering Server::ReadRequestBody
T 2019-08-06 14:38:34:098 server.cc(183) Process request with: URI: /session/c8c25a20-5413-45ab-bf59-13f3e6d21c23/execute/sync HTTP verb: POST
body: {
  "script": "return navigator.sayswho= (function() { var ua= navigator.userAgent, tem, M= ua.match(\u002f(opera|chrome|safari|firefox|msie|trident)\\\u002f?\\s*(\\.?\\d+(\\.\\d+)*)\u002fi) || []; if (\u002ftrident\u002fi.test(M[1])) {     tem=  \u002f\\brv[ :]+(\\d+)\u002fg.exec(ua) || [];     return 'IE '+(tem[1] || ''); } if(M[1]=== 'Chrome') {     tem= ua.match(\u002f\\b(OPR|Edge)\\\u002f(\\d+)\u002f);     if(tem!= null) return tem.slice(1).join(' ').replace('OPR', 'Opera'); } M= M[2]? [M[1], M[2]]: [navigator.appName, navigator.appVersion, '-?']; if((tem= ua.match(\u002fversion\\\u002f(\\d+)\u002fi))!= null) M.splice(1, 1, tem[1]); return M.join(' ').replace('MSIE', 'IE');})();",
  "args": [
  ]
}
T 2019-08-06 14:38:34:098 server.cc(272) Entering Server::DispatchCommand
T 2019-08-06 14:38:34:098 server.cc(583) Entering Server::LookupCommand
D 2019-08-06 14:38:34:098 server.cc(281) Command: POST /session/c8c25a20-5413-45ab-bf59-13f3e6d21c23/execute/sync {
  "script": "return navigator.sayswho= (function() { var ua= navigator.userAgent, tem, M= ua.match(\u002f(opera|chrome|safari|firefox|msie|trident)\\\u002f?\\s*(\\.?\\d+(\\.\\d+)*)\u002fi) || []; if (\u002ftrident\u002fi.test(M[1])) {     tem=  \u002f\\brv[ :]+(\\d+)\u002fg.exec(ua) || [];     return 'IE '+(tem[1] || ''); } if(M[1]=== 'Chrome') {     tem= ua.match(\u002f\\b(OPR|Edge)\\\u002f(\\d+)\u002f);     if(tem!= null) return tem.slice(1).join(' ').replace('OPR', 'Opera'); } M= M[2]? [M[1], M[2]]: [navigator.appName, navigator.appVersion, '-?']; if((tem= ua.match(\u002fversion\\\u002f(\\d+)\u002fi))!= null) M.splice(1, 1, tem[1]); return M.join(' ').replace('MSIE', 'IE');})();",
  "args": [
  ]
}
T 2019-08-06 14:38:34:098 server.cc(378) Entering Server::LookupSession
T 2019-08-06 14:38:34:098 IESession.cpp(191) Entering IESession::ExecuteCommand
T 2019-08-06 14:38:34:098 IECommandExecutor.cpp(122) Entering IECommandExecutor::OnSetCommand
T 2019-08-06 14:38:34:098 command.cc(31) Entering Command::Deserialize
D 2019-08-06 14:38:34:098 command.cc(36) Raw JSON command: { "name" : "executeScript", "locator" : { "sessionid" : "c8c25a20-5413-45ab-bf59-13f3e6d21c23" }, "parameters" : {
  "script": "return navigator.sayswho= (function() { var ua= navigator.userAgent, tem, M= ua.match(\u002f(opera|chrome|safari|firefox|msie|trident)\\\u002f?\\s*(\\.?\\d+(\\.\\d+)*)\u002fi) || []; if (\u002ftrident\u002fi.test(M[1])) {     tem=  \u002f\\brv[ :]+(\\d+)\u002fg.exec(ua) || [];     return 'IE '+(tem[1] || ''); } if(M[1]=== 'Chrome') {     tem= ua.match(\u002f\\b(OPR|Edge)\\\u002f(\\d+)\u002f);     if(tem!= null) return tem.slice(1).join(' ').replace('OPR', 'Opera'); } M= M[2]? [M[1], M[2]]: [navigator.appName, navigator.appVersion, '-?']; if((tem= ua.match(\u002fversion\\\u002f(\\d+)\u002fi))!= null) M.splice(1, 1, tem[1]); return M.join(' ').replace('MSIE', 'IE');})();",
  "args": [
  ]
} }
T 2019-08-06 14:38:34:098 IECommandExecutor.cpp(133) Entering IECommandExecutor::OnExecCommand
T 2019-08-06 14:38:34:098 IECommandExecutor.cpp(454) Entering IECommandExecutor::DispatchCommand
T 2019-08-06 14:38:34:098 IESession.cpp(212) Beginning wait for response length to be not zero
T 2019-08-06 14:38:34:098 IECommandExecutor.cpp(577) Entering IECommandExecutor::GetCurrentBrowser
T 2019-08-06 14:38:34:098 IECommandExecutor.cpp(583) Entering IECommandExecutor::GetManagedBrowser
T 2019-08-06 14:38:34:099 IECommandExecutor.cpp(529) Entering IECommandExecutor::IsAlertActive
T 2019-08-06 14:38:34:099 Browser.cpp(700) Entering Browser::GetActiveDialogWindowHandle
T 2019-08-06 14:38:34:099 Browser.cpp(206) Entering Browser::GetContentWindowHandle
D 2019-08-06 14:38:34:099 IECommandExecutor.cpp(543) No alert handle is found
T 2019-08-06 14:38:34:099 IECommandExecutor.cpp(577) Entering IECommandExecutor::GetCurrentBrowser
T 2019-08-06 14:38:34:099 IECommandExecutor.cpp(583) Entering IECommandExecutor::GetManagedBrowser
T 2019-08-06 14:38:34:099 Browser.cpp(126) Entering Browser::GetDocument
I 2019-08-06 14:38:34:099 Browser.cpp(130) No child frame focus. Focus is on top-level frame
T 2019-08-06 14:38:34:109 Browser.cpp(613) Entering Browser::GetDocumentFromWindow
T 2019-08-06 14:38:34:115 Script.cpp(49) Entering Script::Initialize
T 2019-08-06 14:38:34:115 CommandHandlers\ExecuteScriptCommandHandler.cpp(85) Entering ExecuteScriptCommandHandler::PopulateArgumentArray
T 2019-08-06 14:38:34:115 Script.cpp(169) Entering Script::Execute
T 2019-08-06 14:38:34:115 Script.cpp(438) Entering Script::CreateAnonymousFunction
T 2019-08-06 14:38:34:139 Script.cpp(426) Entering Script::ConvertResultToJsonValue
T 2019-08-06 14:38:34:139 response.cc(72) Entering Response::SetSuccessResponse
T 2019-08-06 14:38:34:139 response.cc(78) Entering Response::SetResponse
T 2019-08-06 14:38:34:139 IECommandExecutor.cpp(577) Entering IECommandExecutor::GetCurrentBrowser
T 2019-08-06 14:38:34:139 IECommandExecutor.cpp(583) Entering IECommandExecutor::GetManagedBrowser
T 2019-08-06 14:38:34:139 response.cc(51) Entering Response::Serialize
T 2019-08-06 14:38:34:147 IESession.cpp(221) Found non-zero response length
T 2019-08-06 14:38:34:147 IECommandExecutor.cpp(156) Entering IECommandExecutor::OnGetResponse
T 2019-08-06 14:38:34:147 IECommandExecutor.cpp(285) Entering IECommandExecutor::OnIsSessionValid
D 2019-08-06 14:38:34:148 server.cc(338) Response: {"value":"IE 11"}

T 2019-08-06 14:38:34:148 server.cc(391) Entering Server::SendResponseToClient
T 2019-08-06 14:38:34:148 response.cc(30) Entering Response::Deserialize
T 2019-08-06 14:38:34:148 server.cc(445) Entering Server::SendHttpOk
T 2019-08-06 14:38:34:386 server.cc(174) Entering Server::ProcessRequest
T 2019-08-06 14:38:34:386 server.cc(238) Entering Server::ReadRequestBody
T 2019-08-06 14:38:34:386 server.cc(183) Process request with: URI: /session/c8c25a20-5413-45ab-bf59-13f3e6d21c23/url HTTP verb: POST
body: {
  "url": "https:\u002f\u002fwww.preview.checkatrade.com\u002f"
}
T 2019-08-06 14:38:34:386 server.cc(272) Entering Server::DispatchCommand
T 2019-08-06 14:38:34:386 server.cc(583) Entering Server::LookupCommand
D 2019-08-06 14:38:34:386 server.cc(281) Command: POST /session/c8c25a20-5413-45ab-bf59-13f3e6d21c23/url {
  "url": "https:\u002f\u002fwww.preview.checkatrade.com\u002f"
}
T 2019-08-06 14:38:34:386 server.cc(378) Entering Server::LookupSession
T 2019-08-06 14:38:34:386 IESession.cpp(191) Entering IESession::ExecuteCommand
T 2019-08-06 14:38:34:386 IECommandExecutor.cpp(122) Entering IECommandExecutor::OnSetCommand
T 2019-08-06 14:38:34:386 command.cc(31) Entering Command::Deserialize
D 2019-08-06 14:38:34:386 command.cc(36) Raw JSON command: { "name" : "get", "locator" : { "sessionid" : "c8c25a20-5413-45ab-bf59-13f3e6d21c23" }, "parameters" : {
  "url": "https:\u002f\u002fwww.preview.checkatrade.com\u002f"
} }
T 2019-08-06 14:38:34:386 IECommandExecutor.cpp(133) Entering IECommandExecutor::OnExecCommand
T 2019-08-06 14:38:34:386 IESession.cpp(212) Beginning wait for response length to be not zero
T 2019-08-06 14:38:34:386 IECommandExecutor.cpp(454) Entering IECommandExecutor::DispatchCommand
T 2019-08-06 14:38:34:386 IECommandExecutor.cpp(577) Entering IECommandExecutor::GetCurrentBrowser
T 2019-08-06 14:38:34:386 IECommandExecutor.cpp(583) Entering IECommandExecutor::GetManagedBrowser
T 2019-08-06 14:38:34:386 IECommandExecutor.cpp(529) Entering IECommandExecutor::IsAlertActive
T 2019-08-06 14:38:34:386 Browser.cpp(700) Entering Browser::GetActiveDialogWindowHandle
T 2019-08-06 14:38:34:386 Browser.cpp(206) Entering Browser::GetContentWindowHandle
D 2019-08-06 14:38:34:387 IECommandExecutor.cpp(543) No alert handle is found
T 2019-08-06 14:38:34:387 IECommandExecutor.cpp(577) Entering IECommandExecutor::GetCurrentBrowser
T 2019-08-06 14:38:34:387 IECommandExecutor.cpp(583) Entering IECommandExecutor::GetManagedBrowser
T 2019-08-06 14:38:34:387 Browser.cpp(318) Entring Browser::NavigateToUrl
T 2019-08-06 14:38:34:429 DocumentHost.cpp(142) Entering DocumentHost::SetFocusedFrameByElement
T 2019-08-06 14:38:34:430 response.cc(72) Entering Response::SetSuccessResponse
T 2019-08-06 14:38:34:430 response.cc(78) Entering Response::SetResponse
T 2019-08-06 14:38:34:430 IECommandExecutor.cpp(577) Entering IECommandExecutor::GetCurrentBrowser
T 2019-08-06 14:38:34:430 IECommandExecutor.cpp(583) Entering IECommandExecutor::GetManagedBrowser
T 2019-08-06 14:38:34:430 response.cc(51) Entering Response::Serialize
T 2019-08-06 14:38:34:430 IECommandExecutor.cpp(172) Entering IECommandExecutor::OnWait
T 2019-08-06 14:38:34:430 IECommandExecutor.cpp(577) Entering IECommandExecutor::GetCurrentBrowser
T 2019-08-06 14:38:34:430 IECommandExecutor.cpp(583) Entering IECommandExecutor::GetManagedBrowser
T 2019-08-06 14:38:34:430 Browser.cpp(438) Entering Browser::Wait
D 2019-08-06 14:38:34:430 Browser.cpp(448) Navigate Events Completed.
T 2019-08-06 14:38:34:430 Browser.cpp(700) Entering Browser::GetActiveDialogWindowHandle
T 2019-08-06 14:38:34:430 Browser.cpp(206) Entering Browser::GetContentWindowHandle
D 2019-08-06 14:38:34:432 Browser.cpp(508) Waiting for document to complete...
T 2019-08-06 14:38:34:432 Browser.cpp(522) Entering Browser::IsDocumentNavigating
D 2019-08-06 14:38:34:444 Browser.cpp(513) Not in navigating state
T 2019-08-06 14:38:34:452 IESession.cpp(221) Found non-zero response length
T 2019-08-06 14:38:34:452 IECommandExecutor.cpp(156) Entering IECommandExecutor::OnGetResponse
T 2019-08-06 14:38:34:452 IECommandExecutor.cpp(285) Entering IECommandExecutor::OnIsSessionValid
D 2019-08-06 14:38:34:452 server.cc(338) Response: {"value":null}

T 2019-08-06 14:38:34:452 server.cc(391) Entering Server::SendResponseToClient
T 2019-08-06 14:38:34:452 response.cc(30) Entering Response::Deserialize
T 2019-08-06 14:38:34:452 server.cc(445) Entering Server::SendHttpOk
T 2019-08-06 14:38:34:499 server.cc(174) Entering Server::ProcessRequest
T 2019-08-06 14:38:34:499 server.cc(238) Entering Server::ReadRequestBody
T 2019-08-06 14:38:34:499 server.cc(183) Process request with: URI: /session/c8c25a20-5413-45ab-bf59-13f3e6d21c23/execute/sync HTTP verb: POST
body: {
  "script": "return document.readyState",
  "args": [
  ]
}
T 2019-08-06 14:38:34:499 server.cc(272) Entering Server::DispatchCommand
T 2019-08-06 14:38:34:499 server.cc(583) Entering Server::LookupCommand
D 2019-08-06 14:38:34:499 server.cc(281) Command: POST /session/c8c25a20-5413-45ab-bf59-13f3e6d21c23/execute/sync {
  "script": "return document.readyState",
  "args": [
  ]
}
T 2019-08-06 14:38:34:499 server.cc(378) Entering Server::LookupSession
T 2019-08-06 14:38:34:499 IESession.cpp(191) Entering IESession::ExecuteCommand
T 2019-08-06 14:38:34:499 IECommandExecutor.cpp(122) Entering IECommandExecutor::OnSetCommand
T 2019-08-06 14:38:34:499 command.cc(31) Entering Command::Deserialize
D 2019-08-06 14:38:34:499 command.cc(36) Raw JSON command: { "name" : "executeScript", "locator" : { "sessionid" : "c8c25a20-5413-45ab-bf59-13f3e6d21c23" }, "parameters" : {
  "script": "return document.readyState",
  "args": [
  ]
} }
T 2019-08-06 14:38:34:499 IECommandExecutor.cpp(133) Entering IECommandExecutor::OnExecCommand
T 2019-08-06 14:38:34:499 IESession.cpp(212) Beginning wait for response length to be not zero
T 2019-08-06 14:38:34:499 IECommandExecutor.cpp(454) Entering IECommandExecutor::DispatchCommand
T 2019-08-06 14:38:34:499 IECommandExecutor.cpp(577) Entering IECommandExecutor::GetCurrentBrowser
T 2019-08-06 14:38:34:499 IECommandExecutor.cpp(583) Entering IECommandExecutor::GetManagedBrowser
T 2019-08-06 14:38:34:499 IECommandExecutor.cpp(529) Entering IECommandExecutor::IsAlertActive
T 2019-08-06 14:38:34:499 Browser.cpp(700) Entering Browser::GetActiveDialogWindowHandle
T 2019-08-06 14:38:34:499 Browser.cpp(206) Entering Browser::GetContentWindowHandle
D 2019-08-06 14:38:34:499 IECommandExecutor.cpp(543) No alert handle is found
T 2019-08-06 14:38:34:499 IECommandExecutor.cpp(577) Entering IECommandExecutor::GetCurrentBrowser
T 2019-08-06 14:38:34:499 IECommandExecutor.cpp(583) Entering IECommandExecutor::GetManagedBrowser
T 2019-08-06 14:38:34:499 Browser.cpp(126) Entering Browser::GetDocument
I 2019-08-06 14:38:34:499 Browser.cpp(130) No child frame focus. Focus is on top-level frame
T 2019-08-06 14:38:34:510 Browser.cpp(613) Entering Browser::GetDocumentFromWindow
T 2019-08-06 14:38:34:528 Script.cpp(49) Entering Script::Initialize
T 2019-08-06 14:38:34:528 CommandHandlers\ExecuteScriptCommandHandler.cpp(85) Entering ExecuteScriptCommandHandler::PopulateArgumentArray
T 2019-08-06 14:38:34:528 Script.cpp(169) Entering Script::Execute
T 2019-08-06 14:38:34:528 Script.cpp(438) Entering Script::CreateAnonymousFunction
T 2019-08-06 14:38:34:547 Script.cpp(426) Entering Script::ConvertResultToJsonValue
T 2019-08-06 14:38:34:547 response.cc(72) Entering Response::SetSuccessResponse
T 2019-08-06 14:38:34:547 response.cc(78) Entering Response::SetResponse
T 2019-08-06 14:38:34:547 IECommandExecutor.cpp(577) Entering IECommandExecutor::GetCurrentBrowser
T 2019-08-06 14:38:34:547 IECommandExecutor.cpp(583) Entering IECommandExecutor::GetManagedBrowser
T 2019-08-06 14:38:34:547 response.cc(51) Entering Response::Serialize
T 2019-08-06 14:38:34:558 IESession.cpp(221) Found non-zero response length
T 2019-08-06 14:38:34:558 IECommandExecutor.cpp(156) Entering IECommandExecutor::OnGetResponse
T 2019-08-06 14:38:34:558 IECommandExecutor.cpp(285) Entering IECommandExecutor::OnIsSessionValid
D 2019-08-06 14:38:34:558 server.cc(338) Response: {"value":"complete"}

T 2019-08-06 14:38:34:558 server.cc(391) Entering Server::SendResponseToClient
T 2019-08-06 14:38:34:558 response.cc(30) Entering Response::Deserialize
T 2019-08-06 14:38:34:558 server.cc(445) Entering Server::SendHttpOk
T 2019-08-06 14:38:34:589 server.cc(174) Entering Server::ProcessRequest
T 2019-08-06 14:38:34:589 server.cc(238) Entering Server::ReadRequestBody
T 2019-08-06 14:38:34:589 server.cc(183) Process request with: URI: /session/c8c25a20-5413-45ab-bf59-13f3e6d21c23/window/maximize HTTP verb: POST
body: {
}
T 2019-08-06 14:38:34:589 server.cc(272) Entering Server::DispatchCommand
T 2019-08-06 14:38:34:589 server.cc(583) Entering Server::LookupCommand
D 2019-08-06 14:38:34:589 server.cc(281) Command: POST /session/c8c25a20-5413-45ab-bf59-13f3e6d21c23/window/maximize {
}
T 2019-08-06 14:38:34:589 server.cc(378) Entering Server::LookupSession
T 2019-08-06 14:38:34:589 IESession.cpp(191) Entering IESession::ExecuteCommand
T 2019-08-06 14:38:34:589 IECommandExecutor.cpp(122) Entering IECommandExecutor::OnSetCommand
T 2019-08-06 14:38:34:589 command.cc(31) Entering Command::Deserialize
D 2019-08-06 14:38:34:589 command.cc(36) Raw JSON command: { "name" : "maximizeWindow", "locator" : { "sessionid" : "c8c25a20-5413-45ab-bf59-13f3e6d21c23" }, "parameters" : {
} }
T 2019-08-06 14:38:34:589 IECommandExecutor.cpp(133) Entering IECommandExecutor::OnExecCommand
T 2019-08-06 14:38:34:589 IESession.cpp(212) Beginning wait for response length to be not zero
T 2019-08-06 14:38:34:589 IECommandExecutor.cpp(454) Entering IECommandExecutor::DispatchCommand
T 2019-08-06 14:38:34:590 IECommandExecutor.cpp(577) Entering IECommandExecutor::GetCurrentBrowser
T 2019-08-06 14:38:34:590 IECommandExecutor.cpp(583) Entering IECommandExecutor::GetManagedBrowser
T 2019-08-06 14:38:34:590 IECommandExecutor.cpp(529) Entering IECommandExecutor::IsAlertActive
T 2019-08-06 14:38:34:590 Browser.cpp(700) Entering Browser::GetActiveDialogWindowHandle
T 2019-08-06 14:38:34:590 Browser.cpp(206) Entering Browser::GetContentWindowHandle
D 2019-08-06 14:38:34:590 IECommandExecutor.cpp(543) No alert handle is found
T 2019-08-06 14:38:34:590 IECommandExecutor.cpp(577) Entering IECommandExecutor::GetCurrentBrowser
T 2019-08-06 14:38:34:590 IECommandExecutor.cpp(583) Entering IECommandExecutor::GetManagedBrowser
T 2019-08-06 14:38:34:590 Browser.cpp(416) Entering Browser::GetTopLevelWindowHandle
T 2019-08-06 14:38:34:590 response.cc(72) Entering Response::SetSuccessResponse
T 2019-08-06 14:38:34:590 response.cc(78) Entering Response::SetResponse
T 2019-08-06 14:38:34:590 IECommandExecutor.cpp(577) Entering IECommandExecutor::GetCurrentBrowser
T 2019-08-06 14:38:34:590 IECommandExecutor.cpp(583) Entering IECommandExecutor::GetManagedBrowser
T 2019-08-06 14:38:34:590 response.cc(51) Entering Response::Serialize
T 2019-08-06 14:38:34:600 IESession.cpp(221) Found non-zero response length
T 2019-08-06 14:38:34:600 IECommandExecutor.cpp(156) Entering IECommandExecutor::OnGetResponse
T 2019-08-06 14:38:34:601 IECommandExecutor.cpp(285) Entering IECommandExecutor::OnIsSessionValid
D 2019-08-06 14:38:34:601 server.cc(338) Response: {"value":{"height":1056,"width":1936,"x":-8,"y":-8}}

T 2019-08-06 14:38:34:601 server.cc(391) Entering Server::SendResponseToClient
T 2019-08-06 14:38:34:601 response.cc(30) Entering Response::Deserialize
T 2019-08-06 14:38:34:601 server.cc(445) Entering Server::SendHttpOk
T 2019-08-06 14:38:34:620 server.cc(174) Entering Server::ProcessRequest
T 2019-08-06 14:38:34:620 server.cc(238) Entering Server::ReadRequestBody
T 2019-08-06 14:38:34:620 server.cc(183) Process request with: URI: /session/c8c25a20-5413-45ab-bf59-13f3e6d21c23/element HTTP verb: POST
body: {
  "value": "body",
  "using": "css selector"
}
T 2019-08-06 14:38:34:620 server.cc(272) Entering Server::DispatchCommand
T 2019-08-06 14:38:34:620 server.cc(583) Entering Server::LookupCommand
D 2019-08-06 14:38:34:620 server.cc(281) Command: POST /session/c8c25a20-5413-45ab-bf59-13f3e6d21c23/element {
  "value": "body",
  "using": "css selector"
}
T 2019-08-06 14:38:34:620 server.cc(378) Entering Server::LookupSession
T 2019-08-06 14:38:34:620 IESession.cpp(191) Entering IESession::ExecuteCommand
T 2019-08-06 14:38:34:620 IECommandExecutor.cpp(122) Entering IECommandExecutor::OnSetCommand
T 2019-08-06 14:38:34:620 command.cc(31) Entering Command::Deserialize
D 2019-08-06 14:38:34:620 command.cc(36) Raw JSON command: { "name" : "findElement", "locator" : { "sessionid" : "c8c25a20-5413-45ab-bf59-13f3e6d21c23" }, "parameters" : {
  "value": "body",
  "using": "css selector"
} }
T 2019-08-06 14:38:34:620 IECommandExecutor.cpp(133) Entering IECommandExecutor::OnExecCommand
T 2019-08-06 14:38:34:620 IECommandExecutor.cpp(454) Entering IECommandExecutor::DispatchCommand
T 2019-08-06 14:38:34:620 IECommandExecutor.cpp(577) Entering IECommandExecutor::GetCurrentBrowser
T 2019-08-06 14:38:34:620 IECommandExecutor.cpp(583) Entering IECommandExecutor::GetManagedBrowser
T 2019-08-06 14:38:34:620 IECommandExecutor.cpp(529) Entering IECommandExecutor::IsAlertActive
T 2019-08-06 14:38:34:620 Browser.cpp(700) Entering Browser::GetActiveDialogWindowHandle
T 2019-08-06 14:38:34:620 Browser.cpp(206) Entering Browser::GetContentWindowHandle
D 2019-08-06 14:38:34:621 IECommandExecutor.cpp(543) No alert handle is found
T 2019-08-06 14:38:34:621 IECommandExecutor.cpp(712) Entering IECommandExecutor::LocateElement
T 2019-08-06 14:38:34:621 IECommandExecutor.cpp(695) Entering IECommandExecutor::GetElementFindMethod
T 2019-08-06 14:38:34:621 ElementFinder.cpp(43) Entering ElementFinder::FindElement
T 2019-08-06 14:38:34:621 IECommandExecutor.cpp(577) Entering IECommandExecutor::GetCurrentBrowser
T 2019-08-06 14:38:34:621 IECommandExecutor.cpp(583) Entering IECommandExecutor::GetManagedBrowser
T 2019-08-06 14:38:34:621 ElementFinder.cpp(310) Entering ElementFinder::HasNativeCssSelectorEngine
T 2019-08-06 14:38:34:621 IECommandExecutor.cpp(577) Entering IECommandExecutor::GetCurrentBrowser
T 2019-08-06 14:38:34:621 IECommandExecutor.cpp(583) Entering IECommandExecutor::GetManagedBrowser
T 2019-08-06 14:38:34:621 Browser.cpp(126) Entering Browser::GetDocument
I 2019-08-06 14:38:34:621 Browser.cpp(130) No child frame focus. Focus is on top-level frame
T 2019-08-06 14:38:34:621 IESession.cpp(212) Beginning wait for response length to be not zero
T 2019-08-06 14:38:34:640 Browser.cpp(54) Entering Browser::OnQuit
T 2019-08-06 14:38:34:640 DocumentHost.cpp(252) Entering DocumentHost::PostQuitMessage
T 2019-08-06 14:38:34:641 Browser.cpp(613) Entering Browser::GetDocumentFromWindow
T 2019-08-06 14:38:34:649 Script.cpp(49) Entering Script::Initialize
T 2019-08-06 14:38:34:649 Script.cpp(169) Entering Script::Execute
T 2019-08-06 14:38:34:649 Script.cpp(438) Entering Script::CreateAnonymousFunction
D 2019-08-06 14:38:34:669 ElementFinder.cpp(60) Using FindElement atom to locate element having css = body
T 2019-08-06 14:38:34:669 Browser.cpp(126) Entering Browser::GetDocument
I 2019-08-06 14:38:34:669 Browser.cpp(130) No child frame focus. Focus is on top-level frame
T 2019-08-06 14:38:34:679 Browser.cpp(613) Entering Browser::GetDocumentFromWindow
T 2019-08-06 14:38:34:685 Script.cpp(49) Entering Script::Initialize
T 2019-08-06 14:38:34:685 Script.cpp(70) Entering Script::AddArgument(std::wstring)
T 2019-08-06 14:38:34:685 Script.cpp(105) Entering Script::AddArgument(VARIANT)
T 2019-08-06 14:38:34:685 Script.cpp(70) Entering Script::AddArgument(std::wstring)
T 2019-08-06 14:38:34:685 Script.cpp(105) Entering Script::AddArgument(VARIANT)
T 2019-08-06 14:38:34:685 Script.cpp(169) Entering Script::Execute
T 2019-08-06 14:38:34:685 Script.cpp(438) Entering Script::CreateAnonymousFunction
T 2019-08-06 14:38:34:717 Script.cpp(426) Entering Script::ConvertResultToJsonValue
D 2019-08-06 14:38:34:722 VariantUtilities.cpp(100) Result type is JScriptTypeInfo
T 2019-08-06 14:38:34:724 VariantUtilities.cpp(307) Entering Script::GetPropertyNameList
I 2019-08-06 14:38:34:745 VariantUtilities.cpp(233) Unknown type of dispatch is found in result, assuming IHTMLElement
T 2019-08-06 14:38:34:750 IECommandExecutor.cpp(677) Entering IECommandExecutor::AddManagedElement
T 2019-08-06 14:38:34:750 IECommandExecutor.cpp(577) Entering IECommandExecutor::GetCurrentBrowser
T 2019-08-06 14:38:34:750 IECommandExecutor.cpp(583) Entering IECommandExecutor::GetManagedBrowser
T 2019-08-06 14:38:34:750 ElementRepository.cpp(49) Entering ElementRepository::AddManagedElement
D 2019-08-06 14:38:34:750 ElementRepository.cpp(69) Element is not yet managed
T 2019-08-06 14:38:34:750 Browser.cpp(206) Entering Browser::GetContentWindowHandle
T 2019-08-06 14:38:34:750 Element.cpp(45) Entering Element::Element
T 2019-08-06 14:38:34:750 Element.cpp(79) Entering Element::ConvertToJson
T 2019-08-06 14:38:34:750 response.cc(72) Entering Response::SetSuccessResponse
T 2019-08-06 14:38:34:750 response.cc(78) Entering Response::SetResponse
T 2019-08-06 14:38:34:750 IECommandExecutor.cpp(577) Entering IECommandExecutor::GetCurrentBrowser
T 2019-08-06 14:38:34:750 IECommandExecutor.cpp(583) Entering IECommandExecutor::GetManagedBrowser
T 2019-08-06 14:38:34:750 response.cc(51) Entering Response::Serialize
T 2019-08-06 14:38:34:750 IECommandExecutor.cpp(250) Entering IECommandExecutor::OnBrowserQuit
T 2019-08-06 14:38:34:750 IECommandExecutor.cpp(529) Entering IECommandExecutor::IsAlertActive
T 2019-08-06 14:38:34:750 Browser.cpp(700) Entering Browser::GetActiveDialogWindowHandle
T 2019-08-06 14:38:34:750 Browser.cpp(206) Entering Browser::GetContentWindowHandle
D 2019-08-06 14:38:34:751 IECommandExecutor.cpp(543) No alert handle is found
T 2019-08-06 14:38:34:751 Browser.cpp(300) Entering Browser::DetachEvents
T 2019-08-06 14:38:34:757 IESession.cpp(221) Found non-zero response length
T 2019-08-06 14:38:34:757 IECommandExecutor.cpp(156) Entering IECommandExecutor::OnGetResponse
T 2019-08-06 14:38:34:757 IECommandExecutor.cpp(285) Entering IECommandExecutor::OnIsSessionValid
D 2019-08-06 14:38:34:757 server.cc(338) Response: {"value":{"element-6066-11e4-a52e-4f735466cecf":"db6987da-5755-4a07-8beb-7edb5a201639"}}

T 2019-08-06 14:38:34:757 server.cc(391) Entering Server::SendResponseToClient
T 2019-08-06 14:38:34:757 response.cc(30) Entering Response::Deserialize
T 2019-08-06 14:38:34:757 server.cc(445) Entering Server::SendHttpOk
T 2019-08-06 14:38:34:761 server.cc(174) Entering Server::ProcessRequest
T 2019-08-06 14:38:34:761 server.cc(183) Process request with: URI: /session/c8c25a20-5413-45ab-bf59-13f3e6d21c23/element/db6987da-5755-4a07-8beb-7edb5a201639/text HTTP verb: GET
body: {}
T 2019-08-06 14:38:34:761 server.cc(272) Entering Server::DispatchCommand
T 2019-08-06 14:38:34:761 server.cc(583) Entering Server::LookupCommand
D 2019-08-06 14:38:34:762 server.cc(281) Command: GET /session/c8c25a20-5413-45ab-bf59-13f3e6d21c23/element/db6987da-5755-4a07-8beb-7edb5a201639/text {}
T 2019-08-06 14:38:34:762 server.cc(378) Entering Server::LookupSession
T 2019-08-06 14:38:34:762 IESession.cpp(191) Entering IESession::ExecuteCommand
T 2019-08-06 14:38:34:762 IECommandExecutor.cpp(122) Entering IECommandExecutor::OnSetCommand
T 2019-08-06 14:38:34:762 command.cc(31) Entering Command::Deserialize
D 2019-08-06 14:38:34:762 command.cc(36) Raw JSON command: { "name" : "getElementText", "locator" : { "sessionid" : "c8c25a20-5413-45ab-bf59-13f3e6d21c23", "id" : "db6987da-5755-4a07-8beb-7edb5a201639" }, "parameters" : {} }
T 2019-08-06 14:38:34:762 IECommandExecutor.cpp(133) Entering IECommandExecutor::OnExecCommand
T 2019-08-06 14:38:34:762 IECommandExecutor.cpp(454) Entering IECommandExecutor::DispatchCommand
T 2019-08-06 14:38:34:762 IECommandExecutor.cpp(577) Entering IECommandExecutor::GetCurrentBrowser
T 2019-08-06 14:38:34:762 IECommandExecutor.cpp(583) Entering IECommandExecutor::GetManagedBrowser
W 2019-08-06 14:38:34:762 IECommandExecutor.cpp(591) Browser ID requested was an empty string
W 2019-08-06 14:38:34:762 IECommandExecutor.cpp(503) Unable to find current browser
T 2019-08-06 14:38:34:762 IECommandExecutor.cpp(577) Entering IECommandExecutor::GetCurrentBrowser
T 2019-08-06 14:38:34:762 IECommandExecutor.cpp(583) Entering IECommandExecutor::GetManagedBrowser
W 2019-08-06 14:38:34:762 IECommandExecutor.cpp(591) Browser ID requested was an empty string
T 2019-08-06 14:38:34:762 response.cc(91) Entering Response::SetErrorResponse
W 2019-08-06 14:38:34:762 response.cc(92) Error response has status code 23 and message 'Unable to get browser' message
T 2019-08-06 14:38:34:762 response.cc(85) Entering Response::SetErrorResponse
T 2019-08-06 14:38:34:762 response.cc(78) Entering Response::SetResponse
T 2019-08-06 14:38:34:762 IECommandExecutor.cpp(577) Entering IECommandExecutor::GetCurrentBrowser
T 2019-08-06 14:38:34:763 IECommandExecutor.cpp(583) Entering IECommandExecutor::GetManagedBrowser
W 2019-08-06 14:38:34:763 IECommandExecutor.cpp(591) Browser ID requested was an empty string
W 2019-08-06 14:38:34:763 IECommandExecutor.cpp(520) Unable to get current browser
T 2019-08-06 14:38:34:763 response.cc(51) Entering Response::Serialize
T 2019-08-06 14:38:34:763 IESession.cpp(212) Beginning wait for response length to be not zero
T 2019-08-06 14:38:34:763 IESession.cpp(221) Found non-zero response length
T 2019-08-06 14:38:34:763 IECommandExecutor.cpp(156) Entering IECommandExecutor::OnGetResponse
T 2019-08-06 14:38:34:763 IECommandExecutor.cpp(285) Entering IECommandExecutor::OnIsSessionValid
D 2019-08-06 14:38:34:763 server.cc(338) Response: {"value":{"data":null,"error":"no such window","message":"Unable to get browser","stacktrace":""}}

T 2019-08-06 14:38:34:763 server.cc(391) Entering Server::SendResponseToClient
T 2019-08-06 14:38:34:763 response.cc(30) Entering Response::Deserialize
T 2019-08-06 14:38:34:763 server.cc(465) Entering Server::SendHttpBadRequest
T 2019-08-06 14:38:34:782 server.cc(174) Entering Server::ProcessRequest
T 2019-08-06 14:38:34:783 server.cc(183) Process request with: URI: /session/c8c25a20-5413-45ab-bf59-13f3e6d21c23/screenshot HTTP verb: GET
body: {}
T 2019-08-06 14:38:34:783 server.cc(272) Entering Server::DispatchCommand
T 2019-08-06 14:38:34:783 server.cc(583) Entering Server::LookupCommand
D 2019-08-06 14:38:34:783 server.cc(281) Command: GET /session/c8c25a20-5413-45ab-bf59-13f3e6d21c23/screenshot {}
T 2019-08-06 14:38:34:783 server.cc(378) Entering Server::LookupSession
T 2019-08-06 14:38:34:783 IESession.cpp(191) Entering IESession::ExecuteCommand
T 2019-08-06 14:38:34:783 IECommandExecutor.cpp(122) Entering IECommandExecutor::OnSetCommand
T 2019-08-06 14:38:34:783 command.cc(31) Entering Command::Deserialize
D 2019-08-06 14:38:34:783 command.cc(36) Raw JSON command: { "name" : "takeScreenshot", "locator" : { "sessionid" : "c8c25a20-5413-45ab-bf59-13f3e6d21c23" }, "parameters" : {} }
T 2019-08-06 14:38:34:783 IECommandExecutor.cpp(133) Entering IECommandExecutor::OnExecCommand
T 2019-08-06 14:38:34:783 IECommandExecutor.cpp(454) Entering IECommandExecutor::DispatchCommand
T 2019-08-06 14:38:34:783 IECommandExecutor.cpp(577) Entering IECommandExecutor::GetCurrentBrowser
T 2019-08-06 14:38:34:783 IECommandExecutor.cpp(583) Entering IECommandExecutor::GetManagedBrowser
T 2019-08-06 14:38:34:783 IESession.cpp(212) Beginning wait for response length to be not zero
W 2019-08-06 14:38:34:783 IECommandExecutor.cpp(591) Browser ID requested was an empty string
W 2019-08-06 14:38:34:783 IECommandExecutor.cpp(503) Unable to find current browser
T 2019-08-06 14:38:34:783 CommandHandlers\ScreenshotCommandHandler.cpp(38) Entering ScreenshotCommandHandler::ExecuteInternal
T 2019-08-06 14:38:34:783 IECommandExecutor.cpp(577) Entering IECommandExecutor::GetCurrentBrowser
T 2019-08-06 14:38:34:783 IECommandExecutor.cpp(583) Entering IECommandExecutor::GetManagedBrowser
W 2019-08-06 14:38:34:783 IECommandExecutor.cpp(591) Browser ID requested was an empty string
T 2019-08-06 14:38:34:783 response.cc(91) Entering Response::SetErrorResponse
W 2019-08-06 14:38:34:783 response.cc(92) Error response has status code 23 and message 'Unable to get browser' message
T 2019-08-06 14:38:34:783 response.cc(85) Entering Response::SetErrorResponse
T 2019-08-06 14:38:34:783 response.cc(78) Entering Response::SetResponse
T 2019-08-06 14:38:34:783 IECommandExecutor.cpp(577) Entering IECommandExecutor::GetCurrentBrowser
T 2019-08-06 14:38:34:783 IECommandExecutor.cpp(583) Entering IECommandExecutor::GetManagedBrowser
W 2019-08-06 14:38:34:783 IECommandExecutor.cpp(591) Browser ID requested was an empty string
W 2019-08-06 14:38:34:783 IECommandExecutor.cpp(520) Unable to get current browser
T 2019-08-06 14:38:34:783 response.cc(51) Entering Response::Serialize
T 2019-08-06 14:38:34:794 IESession.cpp(221) Found non-zero response length
T 2019-08-06 14:38:34:794 IECommandExecutor.cpp(156) Entering IECommandExecutor::OnGetResponse
T 2019-08-06 14:38:34:794 IECommandExecutor.cpp(285) Entering IECommandExecutor::OnIsSessionValid
D 2019-08-06 14:38:34:794 server.cc(338) Response: {"value":{"data":null,"error":"no such window","message":"Unable to get browser","stacktrace":""}}

T 2019-08-06 14:38:34:794 server.cc(391) Entering Server::SendResponseToClient
T 2019-08-06 14:38:34:794 response.cc(30) Entering Response::Deserialize
T 2019-08-06 14:38:34:794 server.cc(465) Entering Server::SendHttpBadRequest
T 2019-08-06 14:38:34:871 server.cc(174) Entering Server::ProcessRequest
T 2019-08-06 14:38:34:871 server.cc(238) Entering Server::ReadRequestBody
T 2019-08-06 14:38:34:871 server.cc(183) Process request with: URI: /session/c8c25a20-5413-45ab-bf59-13f3e6d21c23/elements HTTP verb: POST
body: {
  "value": "\u002f\u002fdiv[@id='hide-button']",
  "using": "xpath"
}
T 2019-08-06 14:38:34:871 server.cc(272) Entering Server::DispatchCommand
T 2019-08-06 14:38:34:871 server.cc(583) Entering Server::LookupCommand
D 2019-08-06 14:38:34:871 server.cc(281) Command: POST /session/c8c25a20-5413-45ab-bf59-13f3e6d21c23/elements {
  "value": "\u002f\u002fdiv[@id='hide-button']",
  "using": "xpath"
}
T 2019-08-06 14:38:34:871 server.cc(378) Entering Server::LookupSession
T 2019-08-06 14:38:34:871 IESession.cpp(191) Entering IESession::ExecuteCommand
T 2019-08-06 14:38:34:871 IECommandExecutor.cpp(122) Entering IECommandExecutor::OnSetCommand
T 2019-08-06 14:38:34:871 command.cc(31) Entering Command::Deserialize
D 2019-08-06 14:38:34:872 command.cc(36) Raw JSON command: { "name" : "findElements", "locator" : { "sessionid" : "c8c25a20-5413-45ab-bf59-13f3e6d21c23" }, "parameters" : {
  "value": "\u002f\u002fdiv[@id='hide-button']",
  "using": "xpath"
} }
T 2019-08-06 14:38:34:872 IECommandExecutor.cpp(133) Entering IECommandExecutor::OnExecCommand
T 2019-08-06 14:38:34:872 IECommandExecutor.cpp(454) Entering IECommandExecutor::DispatchCommand
T 2019-08-06 14:38:34:872 IECommandExecutor.cpp(577) Entering IECommandExecutor::GetCurrentBrowser
T 2019-08-06 14:38:34:872 IECommandExecutor.cpp(583) Entering IECommandExecutor::GetManagedBrowser
W 2019-08-06 14:38:34:872 IECommandExecutor.cpp(591) Browser ID requested was an empty string
W 2019-08-06 14:38:34:872 IECommandExecutor.cpp(503) Unable to find current browser
T 2019-08-06 14:38:34:872 IECommandExecutor.cpp(734) Entering IECommandExecutor::LocateElements
T 2019-08-06 14:38:34:872 IECommandExecutor.cpp(695) Entering IECommandExecutor::GetElementFindMethod
T 2019-08-06 14:38:34:872 IESession.cpp(212) Beginning wait for response length to be not zero
T 2019-08-06 14:38:34:872 ElementFinder.cpp(111) Entering ElementFinder::FindElements
T 2019-08-06 14:38:34:872 IECommandExecutor.cpp(577) Entering IECommandExecutor::GetCurrentBrowser
T 2019-08-06 14:38:34:872 IECommandExecutor.cpp(583) Entering IECommandExecutor::GetManagedBrowser
W 2019-08-06 14:38:34:872 IECommandExecutor.cpp(591) Browser ID requested was an empty string
W 2019-08-06 14:38:34:872 ElementFinder.cpp(167) Unable to get browser
T 2019-08-06 14:38:34:872 response.cc(85) Entering Response::SetErrorResponse
T 2019-08-06 14:38:34:872 response.cc(78) Entering Response::SetResponse
T 2019-08-06 14:38:34:872 IECommandExecutor.cpp(577) Entering IECommandExecutor::GetCurrentBrowser
T 2019-08-06 14:38:34:872 IECommandExecutor.cpp(583) Entering IECommandExecutor::GetManagedBrowser
W 2019-08-06 14:38:34:872 IECommandExecutor.cpp(591) Browser ID requested was an empty string
W 2019-08-06 14:38:34:872 IECommandExecutor.cpp(520) Unable to get current browser
T 2019-08-06 14:38:34:872 response.cc(51) Entering Response::Serialize
T 2019-08-06 14:38:34:883 IESession.cpp(221) Found non-zero response length
T 2019-08-06 14:38:34:883 IECommandExecutor.cpp(156) Entering IECommandExecutor::OnGetResponse
T 2019-08-06 14:38:34:883 IECommandExecutor.cpp(285) Entering IECommandExecutor::OnIsSessionValid
D 2019-08-06 14:38:34:883 server.cc(338) Response: {"value":{"data":null,"error":"no such window","message":"Unable to find elements on closed window","stacktrace":""}}

T 2019-08-06 14:38:34:883 server.cc(391) Entering Server::SendResponseToClient
T 2019-08-06 14:38:34:883 response.cc(30) Entering Response::Deserialize
T 2019-08-06 14:38:34:883 server.cc(465) Entering Server::SendHttpBadRequest
T 2019-08-06 14:38:34:887 server.cc(174) Entering Server::ProcessRequest
T 2019-08-06 14:38:34:887 server.cc(183) Process request with: URI: /session/c8c25a20-5413-45ab-bf59-13f3e6d21c23/screenshot HTTP verb: GET
body: {}
T 2019-08-06 14:38:34:887 server.cc(272) Entering Server::DispatchCommand
T 2019-08-06 14:38:34:887 server.cc(583) Entering Server::LookupCommand
D 2019-08-06 14:38:34:887 server.cc(281) Command: GET /session/c8c25a20-5413-45ab-bf59-13f3e6d21c23/screenshot {}
T 2019-08-06 14:38:34:887 server.cc(378) Entering Server::LookupSession
T 2019-08-06 14:38:34:887 IESession.cpp(191) Entering IESession::ExecuteCommand
T 2019-08-06 14:38:34:887 IECommandExecutor.cpp(122) Entering IECommandExecutor::OnSetCommand
T 2019-08-06 14:38:34:887 command.cc(31) Entering Command::Deserialize
D 2019-08-06 14:38:34:887 command.cc(36) Raw JSON command: { "name" : "takeScreenshot", "locator" : { "sessionid" : "c8c25a20-5413-45ab-bf59-13f3e6d21c23" }, "parameters" : {} }
T 2019-08-06 14:38:34:887 IECommandExecutor.cpp(133) Entering IECommandExecutor::OnExecCommand
T 2019-08-06 14:38:34:887 IECommandExecutor.cpp(454) Entering IECommandExecutor::DispatchCommand
T 2019-08-06 14:38:34:887 IECommandExecutor.cpp(577) Entering IECommandExecutor::GetCurrentBrowser
T 2019-08-06 14:38:34:887 IECommandExecutor.cpp(583) Entering IECommandExecutor::GetManagedBrowser
W 2019-08-06 14:38:34:887 IECommandExecutor.cpp(591) Browser ID requested was an empty string
T 2019-08-06 14:38:34:887 IESession.cpp(212) Beginning wait for response length to be not zero
W 2019-08-06 14:38:34:887 IECommandExecutor.cpp(503) Unable to find current browser
T 2019-08-06 14:38:34:887 CommandHandlers\ScreenshotCommandHandler.cpp(38) Entering ScreenshotCommandHandler::ExecuteInternal
T 2019-08-06 14:38:34:887 IECommandExecutor.cpp(577) Entering IECommandExecutor::GetCurrentBrowser
T 2019-08-06 14:38:34:887 IECommandExecutor.cpp(583) Entering IECommandExecutor::GetManagedBrowser
W 2019-08-06 14:38:34:887 IECommandExecutor.cpp(591) Browser ID requested was an empty string
T 2019-08-06 14:38:34:887 response.cc(91) Entering Response::SetErrorResponse
W 2019-08-06 14:38:34:887 response.cc(92) Error response has status code 23 and message 'Unable to get browser' message
T 2019-08-06 14:38:34:887 response.cc(85) Entering Response::SetErrorResponse
T 2019-08-06 14:38:34:887 response.cc(78) Entering Response::SetResponse
T 2019-08-06 14:38:34:887 IECommandExecutor.cpp(577) Entering IECommandExecutor::GetCurrentBrowser
T 2019-08-06 14:38:34:887 IECommandExecutor.cpp(583) Entering IECommandExecutor::GetManagedBrowser
W 2019-08-06 14:38:34:887 IECommandExecutor.cpp(591) Browser ID requested was an empty string
W 2019-08-06 14:38:34:887 IECommandExecutor.cpp(520) Unable to get current browser
T 2019-08-06 14:38:34:887 response.cc(51) Entering Response::Serialize
T 2019-08-06 14:38:34:898 IESession.cpp(221) Found non-zero response length
T 2019-08-06 14:38:34:898 IECommandExecutor.cpp(156) Entering IECommandExecutor::OnGetResponse
T 2019-08-06 14:38:34:898 IECommandExecutor.cpp(285) Entering IECommandExecutor::OnIsSessionValid
D 2019-08-06 14:38:34:898 server.cc(338) Response: {"value":{"data":null,"error":"no such window","message":"Unable to get browser","stacktrace":""}}

T 2019-08-06 14:38:34:898 server.cc(391) Entering Server::SendResponseToClient
T 2019-08-06 14:38:34:898 response.cc(30) Entering Response::Deserialize
T 2019-08-06 14:38:34:898 server.cc(465) Entering Server::SendHttpBadRequest
T 2019-08-06 14:38:34:937 server.cc(174) Entering Server::ProcessRequest
T 2019-08-06 14:38:34:937 server.cc(238) Entering Server::ReadRequestBody
T 2019-08-06 14:38:34:937 server.cc(183) Process request with: URI: /session/c8c25a20-5413-45ab-bf59-13f3e6d21c23/element HTTP verb: POST
body: {
  "value": "body",
  "using": "css selector"
}
T 2019-08-06 14:38:34:937 server.cc(272) Entering Server::DispatchCommand
T 2019-08-06 14:38:34:937 server.cc(583) Entering Server::LookupCommand
D 2019-08-06 14:38:34:937 server.cc(281) Command: POST /session/c8c25a20-5413-45ab-bf59-13f3e6d21c23/element {
  "value": "body",
  "using": "css selector"
}
T 2019-08-06 14:38:34:937 server.cc(378) Entering Server::LookupSession
T 2019-08-06 14:38:34:937 IESession.cpp(191) Entering IESession::ExecuteCommand
T 2019-08-06 14:38:34:937 IECommandExecutor.cpp(122) Entering IECommandExecutor::OnSetCommand
T 2019-08-06 14:38:34:937 command.cc(31) Entering Command::Deserialize
D 2019-08-06 14:38:34:937 command.cc(36) Raw JSON command: { "name" : "findElement", "locator" : { "sessionid" : "c8c25a20-5413-45ab-bf59-13f3e6d21c23" }, "parameters" : {
  "value": "body",
  "using": "css selector"
} }
T 2019-08-06 14:38:34:937 IESession.cpp(212) Beginning wait for response length to be not zero
T 2019-08-06 14:38:34:937 IECommandExecutor.cpp(133) Entering IECommandExecutor::OnExecCommand
T 2019-08-06 14:38:34:937 IECommandExecutor.cpp(454) Entering IECommandExecutor::DispatchCommand
T 2019-08-06 14:38:34:937 IECommandExecutor.cpp(577) Entering IECommandExecutor::GetCurrentBrowser
T 2019-08-06 14:38:34:937 IECommandExecutor.cpp(583) Entering IECommandExecutor::GetManagedBrowser
W 2019-08-06 14:38:34:937 IECommandExecutor.cpp(591) Browser ID requested was an empty string
W 2019-08-06 14:38:34:937 IECommandExecutor.cpp(503) Unable to find current browser
T 2019-08-06 14:38:34:937 IECommandExecutor.cpp(712) Entering IECommandExecutor::LocateElement
T 2019-08-06 14:38:34:937 IECommandExecutor.cpp(695) Entering IECommandExecutor::GetElementFindMethod
T 2019-08-06 14:38:34:937 ElementFinder.cpp(43) Entering ElementFinder::FindElement
T 2019-08-06 14:38:34:937 IECommandExecutor.cpp(577) Entering IECommandExecutor::GetCurrentBrowser
T 2019-08-06 14:38:34:937 IECommandExecutor.cpp(583) Entering IECommandExecutor::GetManagedBrowser
W 2019-08-06 14:38:34:937 IECommandExecutor.cpp(591) Browser ID requested was an empty string
W 2019-08-06 14:38:34:937 ElementFinder.cpp(101) Unable to get browser
T 2019-08-06 14:38:34:937 response.cc(85) Entering Response::SetErrorResponse
T 2019-08-06 14:38:34:937 response.cc(78) Entering Response::SetResponse
T 2019-08-06 14:38:34:937 IECommandExecutor.cpp(577) Entering IECommandExecutor::GetCurrentBrowser
T 2019-08-06 14:38:34:938 IECommandExecutor.cpp(583) Entering IECommandExecutor::GetManagedBrowser
W 2019-08-06 14:38:34:938 IECommandExecutor.cpp(591) Browser ID requested was an empty string
W 2019-08-06 14:38:34:938 IECommandExecutor.cpp(520) Unable to get current browser
T 2019-08-06 14:38:34:938 response.cc(51) Entering Response::Serialize
T 2019-08-06 14:38:34:947 IESession.cpp(221) Found non-zero response length
T 2019-08-06 14:38:34:948 IECommandExecutor.cpp(156) Entering IECommandExecutor::OnGetResponse
T 2019-08-06 14:38:34:948 IECommandExecutor.cpp(285) Entering IECommandExecutor::OnIsSessionValid
D 2019-08-06 14:38:34:948 server.cc(338) Response: {"value":{"data":null,"error":"no such window","message":"Unable to find element on closed window","stacktrace":""}}

T 2019-08-06 14:38:34:948 server.cc(391) Entering Server::SendResponseToClient
T 2019-08-06 14:38:34:948 response.cc(30) Entering Response::Deserialize
T 2019-08-06 14:38:34:948 server.cc(465) Entering Server::SendHttpBadRequest
T 2019-08-06 14:38:34:958 server.cc(174) Entering Server::ProcessRequest
T 2019-08-06 14:38:34:958 server.cc(183) Process request with: URI: /session/c8c25a20-5413-45ab-bf59-13f3e6d21c23/screenshot HTTP verb: GET
body: {}
T 2019-08-06 14:38:34:958 server.cc(272) Entering Server::DispatchCommand
T 2019-08-06 14:38:34:958 server.cc(583) Entering Server::LookupCommand
D 2019-08-06 14:38:34:958 server.cc(281) Command: GET /session/c8c25a20-5413-45ab-bf59-13f3e6d21c23/screenshot {}
T 2019-08-06 14:38:34:958 server.cc(378) Entering Server::LookupSession
T 2019-08-06 14:38:34:958 IESession.cpp(191) Entering IESession::ExecuteCommand
T 2019-08-06 14:38:34:958 IECommandExecutor.cpp(122) Entering IECommandExecutor::OnSetCommand
T 2019-08-06 14:38:34:958 command.cc(31) Entering Command::Deserialize
D 2019-08-06 14:38:34:959 command.cc(36) Raw JSON command: { "name" : "takeScreenshot", "locator" : { "sessionid" : "c8c25a20-5413-45ab-bf59-13f3e6d21c23" }, "parameters" : {} }
T 2019-08-06 14:38:34:959 IECommandExecutor.cpp(133) Entering IECommandExecutor::OnExecCommand
T 2019-08-06 14:38:34:959 IECommandExecutor.cpp(454) Entering IECommandExecutor::DispatchCommand
T 2019-08-06 14:38:34:959 IECommandExecutor.cpp(577) Entering IECommandExecutor::GetCurrentBrowser
T 2019-08-06 14:38:34:959 IECommandExecutor.cpp(583) Entering IECommandExecutor::GetManagedBrowser
W 2019-08-06 14:38:34:959 IECommandExecutor.cpp(591) Browser ID requested was an empty string
W 2019-08-06 14:38:34:959 IECommandExecutor.cpp(503) Unable to find current browser
T 2019-08-06 14:38:34:959 CommandHandlers\ScreenshotCommandHandler.cpp(38) Entering ScreenshotCommandHandler::ExecuteInternal
T 2019-08-06 14:38:34:959 IECommandExecutor.cpp(577) Entering IECommandExecutor::GetCurrentBrowser
T 2019-08-06 14:38:34:959 IECommandExecutor.cpp(583) Entering IECommandExecutor::GetManagedBrowser
W 2019-08-06 14:38:34:959 IECommandExecutor.cpp(591) Browser ID requested was an empty string
T 2019-08-06 14:38:34:959 response.cc(91) Entering Response::SetErrorResponse
W 2019-08-06 14:38:34:959 response.cc(92) Error response has status code 23 and message 'Unable to get browser' message
T 2019-08-06 14:38:34:959 response.cc(85) Entering Response::SetErrorResponse
T 2019-08-06 14:38:34:959 response.cc(78) Entering Response::SetResponse
T 2019-08-06 14:38:34:959 IECommandExecutor.cpp(577) Entering IECommandExecutor::GetCurrentBrowser
T 2019-08-06 14:38:34:959 IECommandExecutor.cpp(583) Entering IECommandExecutor::GetManagedBrowser
W 2019-08-06 14:38:34:959 IECommandExecutor.cpp(591) Browser ID requested was an empty string
W 2019-08-06 14:38:34:959 IECommandExecutor.cpp(520) Unable to get current browser
T 2019-08-06 14:38:34:959 response.cc(51) Entering Response::Serialize
T 2019-08-06 14:38:34:959 IESession.cpp(212) Beginning wait for response length to be not zero
T 2019-08-06 14:38:34:959 IESession.cpp(221) Found non-zero response length
T 2019-08-06 14:38:34:959 IECommandExecutor.cpp(156) Entering IECommandExecutor::OnGetResponse
T 2019-08-06 14:38:34:959 IECommandExecutor.cpp(285) Entering IECommandExecutor::OnIsSessionValid
D 2019-08-06 14:38:34:959 server.cc(338) Response: {"value":{"data":null,"error":"no such window","message":"Unable to get browser","stacktrace":""}}

T 2019-08-06 14:38:34:959 server.cc(391) Entering Server::SendResponseToClient
T 2019-08-06 14:38:34:959 response.cc(30) Entering Response::Deserialize
T 2019-08-06 14:38:34:959 server.cc(465) Entering Server::SendHttpBadRequest
T 2019-08-06 14:38:35:025 server.cc(174) Entering Server::ProcessRequest
T 2019-08-06 14:38:35:025 server.cc(183) Process request with: URI: /session/c8c25a20-5413-45ab-bf59-13f3e6d21c23 HTTP verb: DELETE
body: {}
T 2019-08-06 14:38:35:025 server.cc(272) Entering Server::DispatchCommand
T 2019-08-06 14:38:35:025 server.cc(583) Entering Server::LookupCommand
D 2019-08-06 14:38:35:025 server.cc(281) Command: DELETE /session/c8c25a20-5413-45ab-bf59-13f3e6d21c23 {}
T 2019-08-06 14:38:35:025 server.cc(378) Entering Server::LookupSession
T 2019-08-06 14:38:35:025 IESession.cpp(191) Entering IESession::ExecuteCommand
T 2019-08-06 14:38:35:025 IECommandExecutor.cpp(122) Entering IECommandExecutor::OnSetCommand
T 2019-08-06 14:38:35:025 command.cc(31) Entering Command::Deserialize
D 2019-08-06 14:38:35:025 command.cc(36) Raw JSON command: { "name" : "quit", "locator" : { "sessionid" : "c8c25a20-5413-45ab-bf59-13f3e6d21c23" }, "parameters" : {} }
T 2019-08-06 14:38:35:025 IECommandExecutor.cpp(133) Entering IECommandExecutor::OnExecCommand
T 2019-08-06 14:38:35:025 IECommandExecutor.cpp(454) Entering IECommandExecutor::DispatchCommand
T 2019-08-06 14:38:35:025 IECommandExecutor.cpp(577) Entering IECommandExecutor::GetCurrentBrowser
T 2019-08-06 14:38:35:025 IECommandExecutor.cpp(583) Entering IECommandExecutor::GetManagedBrowser
W 2019-08-06 14:38:35:025 IECommandExecutor.cpp(591) Browser ID requested was an empty string
W 2019-08-06 14:38:35:025 IECommandExecutor.cpp(503) Unable to find current browser
T 2019-08-06 14:38:35:025 IECommandExecutor.cpp(607) Entering IECommandExecutor::GetManagedBrowserHandles
T 2019-08-06 14:38:35:025 response.cc(72) Entering Response::SetSuccessResponse
T 2019-08-06 14:38:35:025 response.cc(78) Entering Response::SetResponse
T 2019-08-06 14:38:35:025 IECommandExecutor.cpp(577) Entering IECommandExecutor::GetCurrentBrowser
T 2019-08-06 14:38:35:025 IECommandExecutor.cpp(583) Entering IECommandExecutor::GetManagedBrowser
T 2019-08-06 14:38:35:025 IECommandExecutor.cpp(586) Current command executor is not valid
T 2019-08-06 14:38:35:025 response.cc(51) Entering Response::Serialize
T 2019-08-06 14:38:35:026 IESession.cpp(212) Beginning wait for response length to be not zero
T 2019-08-06 14:38:35:026 IESession.cpp(221) Found non-zero response length
T 2019-08-06 14:38:35:026 IECommandExecutor.cpp(156) Entering IECommandExecutor::OnGetResponse
T 2019-08-06 14:38:35:026 IECommandExecutor.cpp(285) Entering IECommandExecutor::OnIsSessionValid
T 2019-08-06 14:38:35:026 server.cc(225) Entering Server::ShutDownSession
T 2019-08-06 14:38:35:026 IESession.cpp(119) Entering IESession::ShutDown
T 2019-08-06 14:38:35:026 IESession.cpp(173) Entering IESession::WaitForCommandExecutorExit
D 2019-08-06 14:38:35:026 IESession.cpp(150) Executor shutdown successful!
D 2019-08-06 14:38:35:026 IESession.cpp(158) Posting thread shutdown message
D 2019-08-06 14:38:35:026 IESession.cpp(161) Starting wait for thread completion
D 2019-08-06 14:38:35:026 IECommandExecutor.cpp(436) Shutdown message received
D 2019-08-06 14:38:35:026 IESession.cpp(164) Waiting for thread to end returned 4294967295
D 2019-08-06 14:38:35:026 server.cc(338) Response: {"value":null}

T 2019-08-06 14:38:35:026 server.cc(391) Entering Server::SendResponseToClient
T 2019-08-06 14:38:35:026 response.cc(30) Entering Response::Deserialize
D 2019-08-06 14:38:35:026 IECommandExecutor.cpp(97) Entering IECommandExecutor::OnDestroy
T 2019-08-06 14:38:35:026 server.cc(445) Entering Server::SendHttpOk
D 2019-08-06 14:38:35:026 IECommandExecutor.cpp(99) Clearing managed element cache
D 2019-08-06 14:38:35:027 IECommandExecutor.cpp(102) Closing command handler repository
D 2019-08-06 14:38:35:027 IECommandExecutor.cpp(104) Closing element finder
D 2019-08-06 14:38:35:027 IECommandExecutor.cpp(106) Closing input manager
D 2019-08-06 14:38:35:027 IECommandExecutor.cpp(108) Closing proxy manager
T 2019-08-06 14:38:35:027 ProxyManager.cpp(185) ProxyManager::RestoreProxySettings
D 2019-08-06 14:38:35:027 IECommandExecutor.cpp(110) Closing browser factory
D 2019-08-06 14:38:35:027 IECommandExecutor.cpp(112) Posting quit message
D 2019-08-06 14:38:35:027 IECommandExecutor.cpp(114) Leaving IECommandExecutor::OnDestroy
D 2019-08-06 14:38:35:028 IECommandExecutor.cpp(438) Returned from DestroyWindow()
D 2019-08-06 14:38:35:028 IECommandExecutor.cpp(447) Exited IECommandExecutor thread message loop
T 2019-08-06 14:38:35:029 server.cc(174) Entering Server::ProcessRequest
T 2019-08-06 14:38:35:029 server.cc(183) Process request with: URI: /shutdown HTTP verb: GET
body: {}
T 2019-08-06 14:38:35:029 server.cc(445) Entering Server::SendHttpOk
T 2019-08-06 14:38:35:029 IEServer.cpp(88) Entering IEServer::ShutDown
T 2019-08-06 14:38:35:029 WebDriver.cpp(54) Entering StopServer
T 2019-08-06 14:38:35:029 server.cc(165) Entering Server::Stop
