<?xml version="1.0" encoding="UTF-8" standalone="no"?>
<!DOCTYPE log SYSTEM "logger.dtd">
<log>
<record>
  <date>2020-01-16T15:47:49</date>
  <millis>1579189669562</millis>
  <sequence>0</sequence>
  <level>START</level>
  <class>com.kms.katalon.core.logging.XmlKeywordLogger</class>
  <method>startSuite</method>
  <thread>1</thread>
  <message>Start Test Suite : Test Suites/Web_Office_Top_Level</message>
  <nestedLevel>0</nestedLevel>
  <property name="name">Web_Office_Top_Level</property>
  <property name="description">Confirms each of the Web Office views are intact when navigating throught the TOP LEVEL Menu Items on the Header Bar.\n1) Companies\n2) Directories\n3) Feedback\n4) Consumers\n5) Cases\n6) Tools\n7) Finance\n8) Reports\n9) Sales Area\n10) Settings</property>
  <property name="id">Test Suites/Web_Office_Top_Level</property>
</record>
<record>
  <date>2020-01-16T15:47:49</date>
  <millis>1579189669590</millis>
  <sequence>1</sequence>
  <level>RUN_DATA</level>
  <class>com.kms.katalon.core.logging.XmlKeywordLogger</class>
  <method>logMessage</method>
  <thread>1</thread>
  <message>hostName = DavidHo - VETTEDSP36RF.check.local</message>
  <nestedLevel>0</nestedLevel>
  <property name="hostName">DavidHo - VETTEDSP36RF.check.local</property>
</record>
<record>
  <date>2020-01-16T15:47:49</date>
  <millis>1579189669593</millis>
  <sequence>2</sequence>
  <level>RUN_DATA</level>
  <class>com.kms.katalon.core.logging.XmlKeywordLogger</class>
  <method>logMessage</method>
  <thread>1</thread>
  <message>os = Windows 10 32bit</message>
  <nestedLevel>0</nestedLevel>
  <property name="os">Windows 10 32bit</property>
</record>
<record>
  <date>2020-01-16T15:47:49</date>
  <millis>1579189669594</millis>
  <sequence>3</sequence>
  <level>RUN_DATA</level>
  <class>com.kms.katalon.core.logging.XmlKeywordLogger</class>
  <method>logMessage</method>
  <thread>1</thread>
  <message>hostAddress = 10.0.13.186</message>
  <nestedLevel>0</nestedLevel>
  <property name="hostAddress">10.0.13.186</property>
</record>
<record>
  <date>2020-01-16T15:47:49</date>
  <millis>1579189669595</millis>
  <sequence>4</sequence>
  <level>RUN_DATA</level>
  <class>com.kms.katalon.core.logging.XmlKeywordLogger</class>
  <method>logMessage</method>
  <thread>1</thread>
  <message>katalonVersion = 7.1.2.1</message>
  <nestedLevel>0</nestedLevel>
  <property name="katalonVersion">7.1.2.1</property>
</record>
<record>
  <date>2020-01-16T15:47:49</date>
  <millis>1579189669944</millis>
  <sequence>5</sequence>
  <level>START</level>
  <class>com.kms.katalon.core.logging.XmlKeywordLogger</class>
  <method>startTest</method>
  <thread>1</thread>
  <message>Start Test Case : Test Cases/Web_Office/Navigation_Checks/Companies/Companies_Top</message>
  <nestedLevel>1</nestedLevel>
  <property name="name">Test Cases/Web_Office/Navigation_Checks/Companies/Companies_Top</property>
  <property name="description">Verification of the Returned page when the COMPANIES (Top Menu Item) is Selected</property>
  <property name="id">Test Cases/Web_Office/Navigation_Checks/Companies/Companies_Top</property>
  <property name="source">C:\\Users\\davidho\\Katalon Studio\\Start\\Test Cases\\Web_Office\\Navigation_Checks\\Companies\\Companies_Top.tc</property>
  <property name="tag">Navigation Companies Top</property>
  <property name="isOptional">false</property>
</record>
<record>
  <date>2020-01-16T15:47:50</date>
  <millis>1579189670656</millis>
  <sequence>7</sequence>
  <level>START</level>
  <class>com.kms.katalon.core.logging.XmlKeywordLogger</class>
  <method>startKeyword</method>
  <thread>1</thread>
  <message>Start action : \&amp;quot;--------------------------------------\&amp;quot;</message>
  <nestedLevel>1</nestedLevel>
  <property name="startLine">50</property>
  <property name="stepIndex">1</property>
</record>
<record>
  <date>2020-01-16T15:47:50</date>
  <millis>1579189670658</millis>
  <sequence>8</sequence>
  <level>END</level>
  <class>com.kms.katalon.core.logging.XmlKeywordLogger</class>
  <method>endKeyword</method>
  <thread>1</thread>
  <message>End action : \&amp;quot;--------------------------------------\&amp;quot;</message>
  <nestedLevel>1</nestedLevel>
</record>
<record>
  <date>2020-01-16T15:47:50</date>
  <millis>1579189670659</millis>
  <sequence>9</sequence>
  <level>START</level>
  <class>com.kms.katalon.core.logging.XmlKeywordLogger</class>
  <method>startKeyword</method>
  <thread>1</thread>
  <message>Start action : \&amp;quot; Web Office StartUp                  |\&amp;quot;</message>
  <nestedLevel>1</nestedLevel>
  <property name="startLine">51</property>
  <property name="stepIndex">2</property>
</record>
<record>
  <date>2020-01-16T15:47:50</date>
  <millis>1579189670661</millis>
  <sequence>10</sequence>
  <level>END</level>
  <class>com.kms.katalon.core.logging.XmlKeywordLogger</class>
  <method>endKeyword</method>
  <thread>1</thread>
  <message>End action : \&amp;quot; Web Office StartUp                  |\&amp;quot;</message>
  <nestedLevel>1</nestedLevel>
</record>
<record>
  <date>2020-01-16T15:47:50</date>
  <millis>1579189670662</millis>
  <sequence>11</sequence>
  <level>START</level>
  <class>com.kms.katalon.core.logging.XmlKeywordLogger</class>
  <method>startKeyword</method>
  <thread>1</thread>
  <message>Start action : callTestCase(findTestCase(\&amp;quot;Reusable_Test_Sequences/Web_Office/Directives/WebOffice_StartUp\&amp;quot;), [:], OPTIONAL)</message>
  <nestedLevel>1</nestedLevel>
  <property name="startLine">53</property>
  <property name="stepIndex">3</property>
  <property name="description">--------------------------------------</property>
</record>
<record>
  <date>2020-01-16T15:47:50</date>
  <millis>1579189670891</millis>
  <sequence>14</sequence>
  <level>START</level>
  <class>com.kms.katalon.core.logging.XmlKeywordLogger</class>
  <method>startTest</method>
  <thread>1</thread>
  <message>Start Test Case : Test Cases/Reusable_Test_Sequences/Web_Office/Directives/WebOffice_StartUp</message>
  <nestedLevel>2</nestedLevel>
  <property name="name">Test Cases/Reusable_Test_Sequences/Web_Office/Directives/WebOffice_StartUp</property>
  <property name="description">Log on to Web Office</property>
  <property name="id">Test Cases/Reusable_Test_Sequences/Web_Office/Directives/WebOffice_StartUp</property>
  <property name="source">C:\\Users\\davidho\\Katalon Studio\\Start\\Test Cases\\Reusable_Test_Sequences\\Web_Office\\Directives\\WebOffice_StartUp.tc</property>
  <property name="tag">WebOffice logIn</property>
  <property name="isOptional">true</property>
</record>
<record>
  <date>2020-01-16T15:47:51</date>
  <millis>1579189671262</millis>
  <sequence>16</sequence>
  <level>START</level>
  <class>com.kms.katalon.core.logging.XmlKeywordLogger</class>
  <method>startKeyword</method>
  <thread>1</thread>
  <message>Start action : if (URL == \&amp;quot;https://www.preview.checkatrade.com/\&amp;quot;)</message>
  <nestedLevel>1</nestedLevel>
  <property name="startLine">50</property>
  <property name="stepIndex">1</property>
</record>
<record>
  <date>2020-01-16T15:47:52</date>
  <millis>1579189672061</millis>
  <sequence>17</sequence>
  <level>START</level>
  <class>com.kms.katalon.core.logging.XmlKeywordLogger</class>
  <method>startKeyword</method>
  <thread>1</thread>
  <message>Start action : WebOfficeURL = \&amp;quot;https://admin.preview.checkatrade.com/\&amp;quot;</message>
  <nestedLevel>2</nestedLevel>
  <property name="startLine">51</property>
  <property name="stepIndex">1</property>
</record>
<record>
  <date>2020-01-16T15:47:52</date>
  <millis>1579189672062</millis>
  <sequence>18</sequence>
  <level>END</level>
  <class>com.kms.katalon.core.logging.XmlKeywordLogger</class>
  <method>endKeyword</method>
  <thread>1</thread>
  <message>End action : WebOfficeURL = \&amp;quot;https://admin.preview.checkatrade.com/\&amp;quot;</message>
  <nestedLevel>2</nestedLevel>
</record>
<record>
  <date>2020-01-16T15:47:52</date>
  <millis>1579189672062</millis>
  <sequence>19</sequence>
  <level>END</level>
  <class>com.kms.katalon.core.logging.XmlKeywordLogger</class>
  <method>endKeyword</method>
  <thread>1</thread>
  <message>End action : if (URL == \&amp;quot;https://www.preview.checkatrade.com/\&amp;quot;)</message>
  <nestedLevel>1</nestedLevel>
</record>
<record>
  <date>2020-01-16T15:47:52</date>
  <millis>1579189672062</millis>
  <sequence>20</sequence>
  <level>START</level>
  <class>com.kms.katalon.core.logging.XmlKeywordLogger</class>
  <method>startKeyword</method>
  <thread>1</thread>
  <message>Start action : if (URL == \&amp;quot;https://www.checkatrade.com/\&amp;quot;)</message>
  <nestedLevel>1</nestedLevel>
  <property name="startLine">54</property>
  <property name="stepIndex">2</property>
  <property name="description">-----------------------------------------------------------------------------</property>
</record>
<record>
  <date>2020-01-16T15:47:52</date>
  <millis>1579189672062</millis>
  <sequence>21</sequence>
  <level>END</level>
  <class>com.kms.katalon.core.logging.XmlKeywordLogger</class>
  <method>endKeyword</method>
  <thread>1</thread>
  <message>End action : if (URL == \&amp;quot;https://www.checkatrade.com/\&amp;quot;)</message>
  <nestedLevel>1</nestedLevel>
</record>
<record>
  <date>2020-01-16T15:47:52</date>
  <millis>1579189672062</millis>
  <sequence>22</sequence>
  <level>START</level>
  <class>com.kms.katalon.core.logging.XmlKeywordLogger</class>
  <method>startKeyword</method>
  <thread>1</thread>
  <message>Start action : \&amp;quot;Set Function Area for \&amp;quot;URL_Handler\&amp;quot;, URL Resolution\&amp;quot;</message>
  <nestedLevel>1</nestedLevel>
  <property name="startLine">62</property>
  <property name="stepIndex">3</property>
</record>
<record>
  <date>2020-01-16T15:47:52</date>
  <millis>1579189672063</millis>
  <sequence>23</sequence>
  <level>END</level>
  <class>com.kms.katalon.core.logging.XmlKeywordLogger</class>
  <method>endKeyword</method>
  <thread>1</thread>
  <message>End action : \&amp;quot;Set Function Area for \&amp;quot;URL_Handler\&amp;quot;, URL Resolution\&amp;quot;</message>
  <nestedLevel>1</nestedLevel>
</record>
<record>
  <date>2020-01-16T15:47:52</date>
  <millis>1579189672063</millis>
  <sequence>24</sequence>
  <level>START</level>
  <class>com.kms.katalon.core.logging.XmlKeywordLogger</class>
  <method>startKeyword</method>
  <thread>1</thread>
  <message>Start action : \&amp;quot;Do Some Magic with URL(s) See the comments within URL Handler \&amp;quot;</message>
  <nestedLevel>1</nestedLevel>
  <property name="startLine">65</property>
  <property name="stepIndex">4</property>
</record>
<record>
  <date>2020-01-16T15:47:52</date>
  <millis>1579189672064</millis>
  <sequence>25</sequence>
  <level>END</level>
  <class>com.kms.katalon.core.logging.XmlKeywordLogger</class>
  <method>endKeyword</method>
  <thread>1</thread>
  <message>End action : \&amp;quot;Do Some Magic with URL(s) See the comments within URL Handler \&amp;quot;</message>
  <nestedLevel>1</nestedLevel>
</record>
<record>
  <date>2020-01-16T15:47:52</date>
  <millis>1579189672065</millis>
  <sequence>26</sequence>
  <level>START</level>
  <class>com.kms.katalon.core.logging.XmlKeywordLogger</class>
  <method>startKeyword</method>
  <thread>1</thread>
  <message>Start action : Username = \&amp;quot;DavidHo\&amp;quot;</message>
  <nestedLevel>1</nestedLevel>
  <property name="startLine">71</property>
  <property name="stepIndex">5</property>
  <property name="description">------------------------------------------------</property>
</record>
<record>
  <date>2020-01-16T15:47:52</date>
  <millis>1579189672066</millis>
  <sequence>27</sequence>
  <level>END</level>
  <class>com.kms.katalon.core.logging.XmlKeywordLogger</class>
  <method>endKeyword</method>
  <thread>1</thread>
  <message>End action : Username = \&amp;quot;DavidHo\&amp;quot;</message>
  <nestedLevel>1</nestedLevel>
</record>
<record>
  <date>2020-01-16T15:47:52</date>
  <millis>1579189672066</millis>
  <sequence>28</sequence>
  <level>START</level>
  <class>com.kms.katalon.core.logging.XmlKeywordLogger</class>
  <method>startKeyword</method>
  <thread>1</thread>
  <message>Start action : Password = \&amp;quot;Check123\&amp;quot;</message>
  <nestedLevel>1</nestedLevel>
  <property name="startLine">72</property>
  <property name="stepIndex">6</property>
</record>
<record>
  <date>2020-01-16T15:47:52</date>
  <millis>1579189672067</millis>
  <sequence>29</sequence>
  <level>END</level>
  <class>com.kms.katalon.core.logging.XmlKeywordLogger</class>
  <method>endKeyword</method>
  <thread>1</thread>
  <message>End action : Password = \&amp;quot;Check123\&amp;quot;</message>
  <nestedLevel>1</nestedLevel>
</record>
<record>
  <date>2020-01-16T15:47:52</date>
  <millis>1579189672067</millis>
  <sequence>30</sequence>
  <level>START</level>
  <class>com.kms.katalon.core.logging.XmlKeywordLogger</class>
  <method>startKeyword</method>
  <thread>1</thread>
  <message>Start action : \&amp;quot;------------------------------------------------\&amp;quot;</message>
  <nestedLevel>1</nestedLevel>
  <property name="startLine">73</property>
  <property name="stepIndex">7</property>
</record>
<record>
  <date>2020-01-16T15:47:52</date>
  <millis>1579189672069</millis>
  <sequence>31</sequence>
  <level>END</level>
  <class>com.kms.katalon.core.logging.XmlKeywordLogger</class>
  <method>endKeyword</method>
  <thread>1</thread>
  <message>End action : \&amp;quot;------------------------------------------------\&amp;quot;</message>
  <nestedLevel>1</nestedLevel>
</record>
<record>
  <date>2020-01-16T15:47:52</date>
  <millis>1579189672069</millis>
  <sequence>32</sequence>
  <level>START</level>
  <class>com.kms.katalon.core.logging.XmlKeywordLogger</class>
  <method>startKeyword</method>
  <thread>1</thread>
  <message>Start action : \&amp;quot;WebOfficeURL - Set from the ENVIRONMENT PROFILE \&amp;quot;</message>
  <nestedLevel>1</nestedLevel>
  <property name="startLine">74</property>
  <property name="stepIndex">8</property>
</record>
<record>
  <date>2020-01-16T15:47:52</date>
  <millis>1579189672092</millis>
  <sequence>33</sequence>
  <level>END</level>
  <class>com.kms.katalon.core.logging.XmlKeywordLogger</class>
  <method>endKeyword</method>
  <thread>1</thread>
  <message>End action : \&amp;quot;WebOfficeURL - Set from the ENVIRONMENT PROFILE \&amp;quot;</message>
  <nestedLevel>1</nestedLevel>
</record>
<record>
  <date>2020-01-16T15:47:52</date>
  <millis>1579189672092</millis>
  <sequence>34</sequence>
  <level>START</level>
  <class>com.kms.katalon.core.logging.XmlKeywordLogger</class>
  <method>startKeyword</method>
  <thread>1</thread>
  <message>Start action : \&amp;quot;OPEN BROWSER\&amp;quot;</message>
  <nestedLevel>1</nestedLevel>
  <property name="startLine">75</property>
  <property name="stepIndex">9</property>
</record>
<record>
  <date>2020-01-16T15:47:52</date>
  <millis>1579189672094</millis>
  <sequence>35</sequence>
  <level>END</level>
  <class>com.kms.katalon.core.logging.XmlKeywordLogger</class>
  <method>endKeyword</method>
  <thread>1</thread>
  <message>End action : \&amp;quot;OPEN BROWSER\&amp;quot;</message>
  <nestedLevel>1</nestedLevel>
</record>
<record>
  <date>2020-01-16T15:47:52</date>
  <millis>1579189672094</millis>
  <sequence>36</sequence>
  <level>START</level>
  <class>com.kms.katalon.core.logging.XmlKeywordLogger</class>
  <method>startKeyword</method>
  <thread>1</thread>
  <message>Start action : \&amp;quot;eg - https://admin.preview.checkatrade.com/  \&amp;quot;</message>
  <nestedLevel>1</nestedLevel>
  <property name="startLine">79</property>
  <property name="stepIndex">10</property>
</record>
<record>
  <date>2020-01-16T15:47:52</date>
  <millis>1579189672095</millis>
  <sequence>37</sequence>
  <level>END</level>
  <class>com.kms.katalon.core.logging.XmlKeywordLogger</class>
  <method>endKeyword</method>
  <thread>1</thread>
  <message>End action : \&amp;quot;eg - https://admin.preview.checkatrade.com/  \&amp;quot;</message>
  <nestedLevel>1</nestedLevel>
</record>
<record>
  <date>2020-01-16T15:47:52</date>
  <millis>1579189672095</millis>
  <sequence>38</sequence>
  <level>START</level>
  <class>com.kms.katalon.core.logging.XmlKeywordLogger</class>
  <method>startKeyword</method>
  <thread>1</thread>
  <message>Start action : openBrowser(WebOfficeURL)</message>
  <nestedLevel>1</nestedLevel>
  <property name="startLine">81</property>
  <property name="stepIndex">11</property>
  <property name="description">Set in Profile Utilised During Test Execution</property>
</record>
<record>
  <date>2020-01-16T15:47:52</date>
  <millis>1579189672436</millis>
  <sequence>40</sequence>
  <level>INFO</level>
  <class>com.kms.katalon.core.logging.XmlKeywordLogger</class>
  <method>logMessage</method>
  <thread>1</thread>
  <message>Starting &amp;apos;Firefox&amp;apos; driver</message>
  <nestedLevel>2</nestedLevel>
</record>
<record>
  <date>2020-01-16T15:47:52</date>
  <millis>1579189672602</millis>
  <sequence>42</sequence>
  <level>INFO</level>
  <class>com.kms.katalon.core.logging.XmlKeywordLogger</class>
  <method>logMessage</method>
  <thread>1</thread>
  <message>Action delay is set to 0 seconds</message>
  <nestedLevel>2</nestedLevel>
</record>
</log>