I 2019-07-30 09:36:04:316 server.cc(86) Starting WebDriver server on port: '16731' on host: ''
T 2019-07-30 09:36:04:316 server.cc(634) Entering Server::PopulateCommandRepository
T 2019-07-30 09:36:04:317 IEServer.cpp(32) Entering IEServer::IEServer
I 2019-07-30 09:36:04:317 IEServer.cpp(33) Driver version: 3.6.0.0 (32-bit)
T 2019-07-30 09:36:04:317 server.cc(121) Entering Server::Start
D 2019-07-30 09:36:04:317 server.cc(148) Civetweb ACL is -0.0.0.0/0,+127.0.0.1
T 2019-07-30 09:36:04:672 server.cc(174) Entering Server::ProcessRequest
T 2019-07-30 09:36:04:672 server.cc(183) Process request with: URI: /status HTTP verb: GET
body: {}
T 2019-07-30 09:36:04:672 server.cc(272) Entering Server::DispatchCommand
T 2019-07-30 09:36:04:672 server.cc(583) Entering Server::LookupCommand
D 2019-07-30 09:36:04:672 server.cc(281) Command: GET /status {}
T 2019-07-30 09:36:04:672 IEServer.cpp(51) Entering IEServer::GetStatus
T 2019-07-30 09:36:04:676 response.cc(72) Entering Response::SetSuccessResponse
T 2019-07-30 09:36:04:676 response.cc(78) Entering Response::SetResponse
T 2019-07-30 09:36:04:676 response.cc(51) Entering Response::Serialize
D 2019-07-30 09:36:04:676 server.cc(338) Response: {"value":{"build":{"version":"3.6.0.0 (32-bit)"},"message":"Ready to create session","os":{"arch":"x64","name":"windows","version":"10.0.17134.858 (WinBuild.160101.0800)"},"ready":true}}

T 2019-07-30 09:36:04:676 server.cc(391) Entering Server::SendResponseToClient
T 2019-07-30 09:36:04:676 response.cc(30) Entering Response::Deserialize
T 2019-07-30 09:36:04:676 server.cc(445) Entering Server::SendHttpOk
T 2019-07-30 09:36:05:149 server.cc(174) Entering Server::ProcessRequest
T 2019-07-30 09:36:05:150 server.cc(238) Entering Server::ReadRequestBody
T 2019-07-30 09:36:05:150 server.cc(183) Process request with: URI: /session HTTP verb: POST
body: {
  "desiredCapabilities": {
    "se:ieOptions": {
      "ie.usePerProcessProxy": "true"
    },
    "browserName": "internet explorer",
    "ie.usePerProcessProxy": "true"
  },
  "capabilities": {
    "firstMatch": [
      {
        "browserName": "internet explorer",
        "se:ieOptions": {
          "ie.usePerProcessProxy": "true"
        }
      }
    ]
  }
}
T 2019-07-30 09:36:05:150 server.cc(272) Entering Server::DispatchCommand
T 2019-07-30 09:36:05:150 server.cc(583) Entering Server::LookupCommand
D 2019-07-30 09:36:05:150 server.cc(281) Command: POST /session {
  "desiredCapabilities": {
    "se:ieOptions": {
      "ie.usePerProcessProxy": "true"
    },
    "browserName": "internet explorer",
    "ie.usePerProcessProxy": "true"
  },
  "capabilities": {
    "firstMatch": [
      {
        "browserName": "internet explorer",
        "se:ieOptions": {
          "ie.usePerProcessProxy": "true"
        }
      }
    ]
  }
}
T 2019-07-30 09:36:05:150 IEServer.cpp(42) Entering IEServer::InitializeSession
T 2019-07-30 09:36:05:150 IESession.cpp(38) Entering IESession::Initialize
D 2019-07-30 09:36:05:150 IESession.cpp(53) Mutex acquired for session initalization
T 2019-07-30 09:36:05:158 IECommandExecutor.cpp(386) Entering IECommandExecutor::ThreadProc
T 2019-07-30 09:36:05:161 IECommandExecutor.cpp(47) Entering IECommandExecutor::OnCreate
T 2019-07-30 09:36:05:162 IECommandExecutor.cpp(753) Entering IECommandExecutor::PopulateElementFinderMethods
T 2019-07-30 09:36:05:162 InputManager.cpp(40) Entering InputManager::InputManager
T 2019-07-30 09:36:05:162 InputManager.cpp(75) Entering InputManager::Initialize
T 2019-07-30 09:36:05:162 BrowserFactory.cpp(998) Entering BrowserFactory::GetExecutableLocation
T 2019-07-30 09:36:05:162 BrowserFactory.cpp(1039) Entering BrowserFactory::GetIEVersion
T 2019-07-30 09:36:05:163 CommandHandlerRepository.cpp(108) Entering CommandHandlerRepository::PopulateCommandHandlers
T 2019-07-30 09:36:05:164 IESession.cpp(99) Created thread for command executor returns HWND: '00030E5E'
T 2019-07-30 09:36:05:164 IESession.cpp(103) Session id is retrived from command executor window: '73dfa0f4-c8c5-4c68-aede-148a1ed67214'
D 2019-07-30 09:36:05:164 IESession.cpp(109) Releasing session initialization mutex
T 2019-07-30 09:36:05:164 IESession.cpp(191) Entering IESession::ExecuteCommand
T 2019-07-30 09:36:05:164 IECommandExecutor.cpp(122) Entering IECommandExecutor::OnSetCommand
T 2019-07-30 09:36:05:164 command.cc(31) Entering Command::Deserialize
D 2019-07-30 09:36:05:164 command.cc(36) Raw JSON command: { "name" : "newSession", "locator" : { }, "parameters" : {
  "desiredCapabilities": {
    "se:ieOptions": {
      "ie.usePerProcessProxy": "true"
    },
    "browserName": "internet explorer",
    "ie.usePerProcessProxy": "true"
  },
  "capabilities": {
    "firstMatch": [
      {
        "browserName": "internet explorer",
        "se:ieOptions": {
          "ie.usePerProcessProxy": "true"
        }
      }
    ]
  }
} }
T 2019-07-30 09:36:05:164 IECommandExecutor.cpp(133) Entering IECommandExecutor::OnExecCommand
T 2019-07-30 09:36:05:164 IECommandExecutor.cpp(454) Entering IECommandExecutor::DispatchCommand
D 2019-07-30 09:36:05:164 CommandHandlers\NewSessionCommandHandler.cpp(46) Found W3C capabilities structure
D 2019-07-30 09:36:05:164 CommandHandlers\NewSessionCommandHandler.cpp(505) Validating capabilities object
D 2019-07-30 09:36:05:164 CommandHandlers\NewSessionCommandHandler.cpp(505) Validating capabilities object
D 2019-07-30 09:36:05:164 CommandHandlers\NewSessionCommandHandler.cpp(535) Found browserNamecapability. Validating value type is string.
D 2019-07-30 09:36:05:164 CommandHandlers\NewSessionCommandHandler.cpp(794) Found proxycapability. Validating value type is object.
T 2019-07-30 09:36:05:164 BrowserFactory.cpp(113) Entering BrowserFactory::Initialize
T 2019-07-30 09:36:05:164 IECommandExecutor.cpp(631) Entering IECommandExecutor::CreateNewBrowser
T 2019-07-30 09:36:05:164 BrowserFactory.cpp(142) Entering BrowserFactory::LaunchBrowserProcess
D 2019-07-30 09:36:05:164 BrowserFactory.cpp(146) Ignoring Protected Mode Settings: 0
D 2019-07-30 09:36:05:164 BrowserFactory.cpp(149) Checking validity of Protected Mode settings.
T 2019-07-30 09:36:05:165 BrowserFactory.cpp(1058) Entering BrowserFactory::ProtectedModeSettingsAreValid
D 2019-07-30 09:36:05:165 BrowserFactory.cpp(1061) Detected IE version: 11, Windows version supports Protected Mode: 1
T 2019-07-30 09:36:05:165 BrowserFactory.cpp(1135) Entering BrowserFactory::GetZoneProtectedModeSetting
D 2019-07-30 09:36:05:165 BrowserFactory.cpp(1152) Found Protected Mode setting value of 3 for zone 1
T 2019-07-30 09:36:05:165 BrowserFactory.cpp(1135) Entering BrowserFactory::GetZoneProtectedModeSetting
D 2019-07-30 09:36:05:165 BrowserFactory.cpp(1156) RegQueryValueEx failed for getting Protected Mode setting for a zone: 2
T 2019-07-30 09:36:05:165 BrowserFactory.cpp(1135) Entering BrowserFactory::GetZoneProtectedModeSetting
D 2019-07-30 09:36:05:165 BrowserFactory.cpp(1156) RegQueryValueEx failed for getting Protected Mode setting for a zone: 3
T 2019-07-30 09:36:05:165 BrowserFactory.cpp(1135) Entering BrowserFactory::GetZoneProtectedModeSetting
D 2019-07-30 09:36:05:165 BrowserFactory.cpp(1156) RegQueryValueEx failed for getting Protected Mode setting for a zone: 4
D 2019-07-30 09:36:05:165 BrowserFactory.cpp(152) Has Valid Protected Mode Settings: 1
T 2019-07-30 09:36:05:165 BrowserFactory.cpp(226) Entering BrowserFactory::IsIELaunchURLAvailable
T 2019-07-30 09:36:05:174 BrowserFactory.cpp(130) Entering BrowserFactory::ClearCache
T 2019-07-30 09:36:05:174 BrowserFactory.cpp(247) Entering BrowserFactory::LaunchBrowserUsingIELaunchURL
D 2019-07-30 09:36:05:174 BrowserFactory.cpp(248) Starting IE using the IELaunchURL API
T 2019-07-30 09:36:06:582 IESession.cpp(212) Beginning wait for response length to be not zero
D 2019-07-30 09:36:06:582 BrowserFactory.cpp(202) IE launched successfully with process ID 12908
D 2019-07-30 09:36:06:582 BrowserFactory.cpp(208) Process with ID 12908 is executing iexplore.exe
T 2019-07-30 09:36:06:582 BrowserFactory.cpp(365) Entering BrowserFactory::AttachToBrowser
D 2019-07-30 09:36:06:582 BrowserFactory.cpp(375) Using Active Accessibility to find IWebBrowser2 interface
T 2019-07-30 09:36:06:582 BrowserFactory.cpp(414) Entering BrowserFactory::AttachToBrowserUsingActiveAccessibility
T 2019-07-30 09:36:07:393 server.cc(174) Entering Server::ProcessRequest
T 2019-07-30 09:36:07:393 server.cc(183) Process request with: URI: / HTTP verb: GET
body: {}
T 2019-07-30 09:36:07:394 server.cc(445) Entering Server::SendHttpOk
T 2019-07-30 09:36:07:555 server.cc(174) Entering Server::ProcessRequest
T 2019-07-30 09:36:07:555 server.cc(183) Process request with: URI: /favicon.ico HTTP verb: GET
body: {}
T 2019-07-30 09:36:07:555 server.cc(272) Entering Server::DispatchCommand
T 2019-07-30 09:36:07:555 server.cc(583) Entering Server::LookupCommand
D 2019-07-30 09:36:07:555 server.cc(281) Command: GET /favicon.ico {}
D 2019-07-30 09:36:07:555 server.cc(338) Response: { "error" : "unknown method", "message" : "Command not found: GET /favicon.ico" }
T 2019-07-30 09:36:07:555 server.cc(391) Entering Server::SendResponseToClient
T 2019-07-30 09:36:07:555 response.cc(30) Entering Response::Deserialize
T 2019-07-30 09:36:07:555 server.cc(445) Entering Server::SendHttpOk
D 2019-07-30 09:36:07:703 BrowserFactory.cpp(434) Found window handle 00010ED2 for window with class 'Internet Explorer_Server' belonging to process with id 12908
T 2019-07-30 09:36:07:703 BrowserFactory.cpp(329) Entering BrowserFactory::GetDocumentFromWindowHandle
D 2019-07-30 09:36:07:994 BrowserFactory.cpp(396) Ignoring zoom setting: 0
T 2019-07-30 09:36:07:994 BrowserFactory.cpp(574) Entering BrowserFactory::GetBrowserZoomLevel
T 2019-07-30 09:36:08:005 BrowserFactory.cpp(614) Entering BrowserFactory::GetZoomLevel
D 2019-07-30 09:36:08:039 BrowserFactory.cpp(694) Browser zoom level is 100%
I 2019-07-30 09:36:08:045 IECommandExecutor.cpp(654) Persistent hovering set to: 1
T 2019-07-30 09:36:08:045 ProxyManager.cpp(97) ProxyManager::SetProxySettings
D 2019-07-30 09:36:08:045 ProxyManager.cpp(113) Using existing system proxy settings.
T 2019-07-30 09:36:08:045 DocumentHost.cpp(33) Entering DocumentHost::DocumentHost
T 2019-07-30 09:36:08:045 CookieManager.cpp(49) Entering CookieManager::Initialize
T 2019-07-30 09:36:08:045 Browser.cpp(33) Entering Browser::Browser
T 2019-07-30 09:36:08:045 Browser.cpp(293) Entering Browser::AttachEvents
T 2019-07-30 09:36:08:056 IECommandExecutor.cpp(621) Entering IECommandExecutor::AddManagedBrowser
T 2019-07-30 09:36:08:056 IECommandExecutor.cpp(625) Setting current browser id to 4c882b41-fe90-46ec-bea5-dbc196bfcb98
T 2019-07-30 09:36:08:056 response.cc(72) Entering Response::SetSuccessResponse
T 2019-07-30 09:36:08:056 response.cc(78) Entering Response::SetResponse
T 2019-07-30 09:36:08:056 IECommandExecutor.cpp(577) Entering IECommandExecutor::GetCurrentBrowser
T 2019-07-30 09:36:08:056 IECommandExecutor.cpp(583) Entering IECommandExecutor::GetManagedBrowser
T 2019-07-30 09:36:08:056 response.cc(51) Entering Response::Serialize
T 2019-07-30 09:36:08:066 IESession.cpp(221) Found non-zero response length
T 2019-07-30 09:36:08:066 IECommandExecutor.cpp(156) Entering IECommandExecutor::OnGetResponse
T 2019-07-30 09:36:08:066 IECommandExecutor.cpp(285) Entering IECommandExecutor::OnIsSessionValid
T 2019-07-30 09:36:08:066 response.cc(30) Entering Response::Deserialize
D 2019-07-30 09:36:08:066 server.cc(338) Response: {"value":{"capabilities":{"acceptInsecureCerts":false,"browserName":"internet explorer","browserVersion":"11","pageLoadStrategy":"normal","platformName":"windows","se:ieOptions":{"browserAttachTimeout":0,"elementScrollBehavior":0,"enablePersistentHover":true,"ie.browserCommandLineSwitches":"","ie.ensureCleanSession":false,"ie.fileUploadDialogTimeout":3000,"ie.forceCreateProcessApi":false,"ignoreProtectedModeSettings":false,"ignoreZoomSetting":false,"initialBrowserUrl":"http://localhost:16731/","nativeEvents":true,"requireWindowFocus":false},"setWindowRect":true},"sessionId":"73dfa0f4-c8c5-4c68-aede-148a1ed67214"}}

T 2019-07-30 09:36:08:066 server.cc(391) Entering Server::SendResponseToClient
T 2019-07-30 09:36:08:066 response.cc(30) Entering Response::Deserialize
T 2019-07-30 09:36:08:066 server.cc(445) Entering Server::SendHttpOk
T 2019-07-30 09:36:08:132 server.cc(174) Entering Server::ProcessRequest
T 2019-07-30 09:36:08:132 server.cc(238) Entering Server::ReadRequestBody
T 2019-07-30 09:36:08:132 server.cc(183) Process request with: URI: /session/73dfa0f4-c8c5-4c68-aede-148a1ed67214/timeouts HTTP verb: POST
body: {
  "implicit": 0
}
T 2019-07-30 09:36:08:132 server.cc(272) Entering Server::DispatchCommand
T 2019-07-30 09:36:08:132 server.cc(583) Entering Server::LookupCommand
D 2019-07-30 09:36:08:132 server.cc(281) Command: POST /session/73dfa0f4-c8c5-4c68-aede-148a1ed67214/timeouts {
  "implicit": 0
}
T 2019-07-30 09:36:08:132 server.cc(378) Entering Server::LookupSession
T 2019-07-30 09:36:08:132 IESession.cpp(191) Entering IESession::ExecuteCommand
T 2019-07-30 09:36:08:132 IECommandExecutor.cpp(122) Entering IECommandExecutor::OnSetCommand
T 2019-07-30 09:36:08:132 command.cc(31) Entering Command::Deserialize
D 2019-07-30 09:36:08:132 command.cc(36) Raw JSON command: { "name" : "setTimeouts", "locator" : { "sessionid" : "73dfa0f4-c8c5-4c68-aede-148a1ed67214" }, "parameters" : {
  "implicit": 0
} }
T 2019-07-30 09:36:08:133 IECommandExecutor.cpp(133) Entering IECommandExecutor::OnExecCommand
T 2019-07-30 09:36:08:133 IESession.cpp(212) Beginning wait for response length to be not zero
T 2019-07-30 09:36:08:133 IECommandExecutor.cpp(454) Entering IECommandExecutor::DispatchCommand
T 2019-07-30 09:36:08:133 IECommandExecutor.cpp(577) Entering IECommandExecutor::GetCurrentBrowser
T 2019-07-30 09:36:08:133 IECommandExecutor.cpp(583) Entering IECommandExecutor::GetManagedBrowser
T 2019-07-30 09:36:08:133 IECommandExecutor.cpp(529) Entering IECommandExecutor::IsAlertActive
T 2019-07-30 09:36:08:133 Browser.cpp(700) Entering Browser::GetActiveDialogWindowHandle
T 2019-07-30 09:36:08:133 Browser.cpp(206) Entering Browser::GetContentWindowHandle
D 2019-07-30 09:36:08:133 IECommandExecutor.cpp(543) No alert handle is found
T 2019-07-30 09:36:08:133 IECommandExecutor.cpp(577) Entering IECommandExecutor::GetCurrentBrowser
T 2019-07-30 09:36:08:133 IECommandExecutor.cpp(583) Entering IECommandExecutor::GetManagedBrowser
T 2019-07-30 09:36:08:133 response.cc(51) Entering Response::Serialize
T 2019-07-30 09:36:08:143 IESession.cpp(221) Found non-zero response length
T 2019-07-30 09:36:08:143 IECommandExecutor.cpp(156) Entering IECommandExecutor::OnGetResponse
T 2019-07-30 09:36:08:144 IECommandExecutor.cpp(285) Entering IECommandExecutor::OnIsSessionValid
D 2019-07-30 09:36:08:144 server.cc(338) Response: {"value":null}

T 2019-07-30 09:36:08:144 server.cc(391) Entering Server::SendResponseToClient
T 2019-07-30 09:36:08:144 response.cc(30) Entering Response::Deserialize
T 2019-07-30 09:36:08:144 server.cc(445) Entering Server::SendHttpOk
T 2019-07-30 09:36:08:179 server.cc(174) Entering Server::ProcessRequest
T 2019-07-30 09:36:08:179 server.cc(238) Entering Server::ReadRequestBody
T 2019-07-30 09:36:08:179 server.cc(183) Process request with: URI: /session/73dfa0f4-c8c5-4c68-aede-148a1ed67214/execute/sync HTTP verb: POST
body: {
  "script": "return navigator.sayswho= (function() { var ua= navigator.userAgent, tem, M= ua.match(\u002f(opera|chrome|safari|firefox|msie|trident)\\\u002f?\\s*(\\.?\\d+(\\.\\d+)*)\u002fi) || []; if (\u002ftrident\u002fi.test(M[1])) {     tem=  \u002f\\brv[ :]+(\\d+)\u002fg.exec(ua) || [];     return 'IE '+(tem[1] || ''); } if(M[1]=== 'Chrome') {     tem= ua.match(\u002f\\b(OPR|Edge)\\\u002f(\\d+)\u002f);     if(tem!= null) return tem.slice(1).join(' ').replace('OPR', 'Opera'); } M= M[2]? [M[1], M[2]]: [navigator.appName, navigator.appVersion, '-?']; if((tem= ua.match(\u002fversion\\\u002f(\\d+)\u002fi))!= null) M.splice(1, 1, tem[1]); return M.join(' ').replace('MSIE', 'IE');})();",
  "args": [
  ]
}
T 2019-07-30 09:36:08:179 server.cc(272) Entering Server::DispatchCommand
T 2019-07-30 09:36:08:179 server.cc(583) Entering Server::LookupCommand
D 2019-07-30 09:36:08:179 server.cc(281) Command: POST /session/73dfa0f4-c8c5-4c68-aede-148a1ed67214/execute/sync {
  "script": "return navigator.sayswho= (function() { var ua= navigator.userAgent, tem, M= ua.match(\u002f(opera|chrome|safari|firefox|msie|trident)\\\u002f?\\s*(\\.?\\d+(\\.\\d+)*)\u002fi) || []; if (\u002ftrident\u002fi.test(M[1])) {     tem=  \u002f\\brv[ :]+(\\d+)\u002fg.exec(ua) || [];     return 'IE '+(tem[1] || ''); } if(M[1]=== 'Chrome') {     tem= ua.match(\u002f\\b(OPR|Edge)\\\u002f(\\d+)\u002f);     if(tem!= null) return tem.slice(1).join(' ').replace('OPR', 'Opera'); } M= M[2]? [M[1], M[2]]: [navigator.appName, navigator.appVersion, '-?']; if((tem= ua.match(\u002fversion\\\u002f(\\d+)\u002fi))!= null) M.splice(1, 1, tem[1]); return M.join(' ').replace('MSIE', 'IE');})();",
  "args": [
  ]
}
T 2019-07-30 09:36:08:179 server.cc(378) Entering Server::LookupSession
T 2019-07-30 09:36:08:179 IESession.cpp(191) Entering IESession::ExecuteCommand
T 2019-07-30 09:36:08:179 IECommandExecutor.cpp(122) Entering IECommandExecutor::OnSetCommand
T 2019-07-30 09:36:08:179 command.cc(31) Entering Command::Deserialize
D 2019-07-30 09:36:08:179 command.cc(36) Raw JSON command: { "name" : "executeScript", "locator" : { "sessionid" : "73dfa0f4-c8c5-4c68-aede-148a1ed67214" }, "parameters" : {
  "script": "return navigator.sayswho= (function() { var ua= navigator.userAgent, tem, M= ua.match(\u002f(opera|chrome|safari|firefox|msie|trident)\\\u002f?\\s*(\\.?\\d+(\\.\\d+)*)\u002fi) || []; if (\u002ftrident\u002fi.test(M[1])) {     tem=  \u002f\\brv[ :]+(\\d+)\u002fg.exec(ua) || [];     return 'IE '+(tem[1] || ''); } if(M[1]=== 'Chrome') {     tem= ua.match(\u002f\\b(OPR|Edge)\\\u002f(\\d+)\u002f);     if(tem!= null) return tem.slice(1).join(' ').replace('OPR', 'Opera'); } M= M[2]? [M[1], M[2]]: [navigator.appName, navigator.appVersion, '-?']; if((tem= ua.match(\u002fversion\\\u002f(\\d+)\u002fi))!= null) M.splice(1, 1, tem[1]); return M.join(' ').replace('MSIE', 'IE');})();",
  "args": [
  ]
} }
T 2019-07-30 09:36:08:180 IECommandExecutor.cpp(133) Entering IECommandExecutor::OnExecCommand
T 2019-07-30 09:36:08:180 IECommandExecutor.cpp(454) Entering IECommandExecutor::DispatchCommand
T 2019-07-30 09:36:08:180 IECommandExecutor.cpp(577) Entering IECommandExecutor::GetCurrentBrowser
T 2019-07-30 09:36:08:180 IECommandExecutor.cpp(583) Entering IECommandExecutor::GetManagedBrowser
T 2019-07-30 09:36:08:180 IECommandExecutor.cpp(529) Entering IECommandExecutor::IsAlertActive
T 2019-07-30 09:36:08:180 Browser.cpp(700) Entering Browser::GetActiveDialogWindowHandle
T 2019-07-30 09:36:08:180 Browser.cpp(206) Entering Browser::GetContentWindowHandle
D 2019-07-30 09:36:08:180 IECommandExecutor.cpp(543) No alert handle is found
T 2019-07-30 09:36:08:180 IECommandExecutor.cpp(577) Entering IECommandExecutor::GetCurrentBrowser
T 2019-07-30 09:36:08:180 IECommandExecutor.cpp(583) Entering IECommandExecutor::GetManagedBrowser
T 2019-07-30 09:36:08:180 Browser.cpp(126) Entering Browser::GetDocument
I 2019-07-30 09:36:08:180 Browser.cpp(130) No child frame focus. Focus is on top-level frame
T 2019-07-30 09:36:08:180 IESession.cpp(212) Beginning wait for response length to be not zero
T 2019-07-30 09:36:08:249 Browser.cpp(613) Entering Browser::GetDocumentFromWindow
T 2019-07-30 09:36:08:278 Script.cpp(49) Entering Script::Initialize
T 2019-07-30 09:36:08:279 CommandHandlers\ExecuteScriptCommandHandler.cpp(85) Entering ExecuteScriptCommandHandler::PopulateArgumentArray
T 2019-07-30 09:36:08:279 Script.cpp(169) Entering Script::Execute
T 2019-07-30 09:36:08:279 Script.cpp(438) Entering Script::CreateAnonymousFunction
T 2019-07-30 09:36:08:328 Script.cpp(426) Entering Script::ConvertResultToJsonValue
T 2019-07-30 09:36:08:328 response.cc(72) Entering Response::SetSuccessResponse
T 2019-07-30 09:36:08:328 response.cc(78) Entering Response::SetResponse
T 2019-07-30 09:36:08:328 IECommandExecutor.cpp(577) Entering IECommandExecutor::GetCurrentBrowser
T 2019-07-30 09:36:08:329 IECommandExecutor.cpp(583) Entering IECommandExecutor::GetManagedBrowser
T 2019-07-30 09:36:08:329 response.cc(51) Entering Response::Serialize
T 2019-07-30 09:36:08:334 IESession.cpp(221) Found non-zero response length
T 2019-07-30 09:36:08:335 IECommandExecutor.cpp(156) Entering IECommandExecutor::OnGetResponse
T 2019-07-30 09:36:08:335 IECommandExecutor.cpp(285) Entering IECommandExecutor::OnIsSessionValid
D 2019-07-30 09:36:08:335 server.cc(338) Response: {"value":"IE 11"}

T 2019-07-30 09:36:08:335 server.cc(391) Entering Server::SendResponseToClient
T 2019-07-30 09:36:08:335 response.cc(30) Entering Response::Deserialize
T 2019-07-30 09:36:08:335 server.cc(445) Entering Server::SendHttpOk
T 2019-07-30 09:36:08:596 server.cc(174) Entering Server::ProcessRequest
T 2019-07-30 09:36:08:596 server.cc(238) Entering Server::ReadRequestBody
T 2019-07-30 09:36:08:596 server.cc(183) Process request with: URI: /session/73dfa0f4-c8c5-4c68-aede-148a1ed67214/url HTTP verb: POST
body: {
  "url": "https:\u002f\u002fwww.checkatrade.com\u002f"
}
T 2019-07-30 09:36:08:596 server.cc(272) Entering Server::DispatchCommand
T 2019-07-30 09:36:08:596 server.cc(583) Entering Server::LookupCommand
D 2019-07-30 09:36:08:596 server.cc(281) Command: POST /session/73dfa0f4-c8c5-4c68-aede-148a1ed67214/url {
  "url": "https:\u002f\u002fwww.checkatrade.com\u002f"
}
T 2019-07-30 09:36:08:596 server.cc(378) Entering Server::LookupSession
T 2019-07-30 09:36:08:596 IESession.cpp(191) Entering IESession::ExecuteCommand
T 2019-07-30 09:36:08:596 IECommandExecutor.cpp(122) Entering IECommandExecutor::OnSetCommand
T 2019-07-30 09:36:08:597 command.cc(31) Entering Command::Deserialize
D 2019-07-30 09:36:08:597 command.cc(36) Raw JSON command: { "name" : "get", "locator" : { "sessionid" : "73dfa0f4-c8c5-4c68-aede-148a1ed67214" }, "parameters" : {
  "url": "https:\u002f\u002fwww.checkatrade.com\u002f"
} }
T 2019-07-30 09:36:08:597 IECommandExecutor.cpp(133) Entering IECommandExecutor::OnExecCommand
T 2019-07-30 09:36:08:597 IECommandExecutor.cpp(454) Entering IECommandExecutor::DispatchCommand
T 2019-07-30 09:36:08:597 IECommandExecutor.cpp(577) Entering IECommandExecutor::GetCurrentBrowser
T 2019-07-30 09:36:08:597 IECommandExecutor.cpp(583) Entering IECommandExecutor::GetManagedBrowser
T 2019-07-30 09:36:08:597 IECommandExecutor.cpp(529) Entering IECommandExecutor::IsAlertActive
T 2019-07-30 09:36:08:597 Browser.cpp(700) Entering Browser::GetActiveDialogWindowHandle
T 2019-07-30 09:36:08:597 Browser.cpp(206) Entering Browser::GetContentWindowHandle
D 2019-07-30 09:36:08:597 IECommandExecutor.cpp(543) No alert handle is found
T 2019-07-30 09:36:08:597 IECommandExecutor.cpp(577) Entering IECommandExecutor::GetCurrentBrowser
T 2019-07-30 09:36:08:597 IECommandExecutor.cpp(583) Entering IECommandExecutor::GetManagedBrowser
T 2019-07-30 09:36:08:597 Browser.cpp(318) Entring Browser::NavigateToUrl
T 2019-07-30 09:36:08:597 IESession.cpp(212) Beginning wait for response length to be not zero
T 2019-07-30 09:36:08:710 DocumentHost.cpp(142) Entering DocumentHost::SetFocusedFrameByElement
T 2019-07-30 09:36:08:710 response.cc(72) Entering Response::SetSuccessResponse
T 2019-07-30 09:36:08:710 response.cc(78) Entering Response::SetResponse
T 2019-07-30 09:36:08:710 IECommandExecutor.cpp(577) Entering IECommandExecutor::GetCurrentBrowser
T 2019-07-30 09:36:08:710 IECommandExecutor.cpp(583) Entering IECommandExecutor::GetManagedBrowser
T 2019-07-30 09:36:08:710 response.cc(51) Entering Response::Serialize
T 2019-07-30 09:36:08:710 IECommandExecutor.cpp(172) Entering IECommandExecutor::OnWait
T 2019-07-30 09:36:08:710 IECommandExecutor.cpp(577) Entering IECommandExecutor::GetCurrentBrowser
T 2019-07-30 09:36:08:710 IECommandExecutor.cpp(583) Entering IECommandExecutor::GetManagedBrowser
T 2019-07-30 09:36:08:710 Browser.cpp(438) Entering Browser::Wait
D 2019-07-30 09:36:08:710 Browser.cpp(448) Navigate Events Completed.
T 2019-07-30 09:36:08:710 Browser.cpp(700) Entering Browser::GetActiveDialogWindowHandle
T 2019-07-30 09:36:08:710 Browser.cpp(206) Entering Browser::GetContentWindowHandle
D 2019-07-30 09:36:08:713 Browser.cpp(508) Waiting for document to complete...
T 2019-07-30 09:36:08:713 Browser.cpp(522) Entering Browser::IsDocumentNavigating
D 2019-07-30 09:36:11:820 Browser.cpp(513) Not in navigating state
T 2019-07-30 09:36:11:828 Browser.cpp(54) Entering Browser::OnQuit
T 2019-07-30 09:36:11:828 DocumentHost.cpp(252) Entering DocumentHost::PostQuitMessage
T 2019-07-30 09:36:11:828 IECommandExecutor.cpp(250) Entering IECommandExecutor::OnBrowserQuit
T 2019-07-30 09:36:11:828 IECommandExecutor.cpp(529) Entering IECommandExecutor::IsAlertActive
T 2019-07-30 09:36:11:828 Browser.cpp(700) Entering Browser::GetActiveDialogWindowHandle
T 2019-07-30 09:36:11:828 Browser.cpp(206) Entering Browser::GetContentWindowHandle
D 2019-07-30 09:36:11:829 IECommandExecutor.cpp(543) No alert handle is found
T 2019-07-30 09:36:11:829 Browser.cpp(300) Entering Browser::DetachEvents
T 2019-07-30 09:36:11:841 IESession.cpp(221) Found non-zero response length
T 2019-07-30 09:36:11:842 IECommandExecutor.cpp(156) Entering IECommandExecutor::OnGetResponse
T 2019-07-30 09:36:11:844 IECommandExecutor.cpp(285) Entering IECommandExecutor::OnIsSessionValid
D 2019-07-30 09:36:11:845 server.cc(338) Response: {"value":null}

T 2019-07-30 09:36:11:845 server.cc(391) Entering Server::SendResponseToClient
T 2019-07-30 09:36:11:845 response.cc(30) Entering Response::Deserialize
T 2019-07-30 09:36:11:845 server.cc(445) Entering Server::SendHttpOk
T 2019-07-30 09:36:11:874 server.cc(174) Entering Server::ProcessRequest
T 2019-07-30 09:36:11:874 server.cc(238) Entering Server::ReadRequestBody
T 2019-07-30 09:36:11:874 server.cc(183) Process request with: URI: /session/73dfa0f4-c8c5-4c68-aede-148a1ed67214/window/maximize HTTP verb: POST
body: {
}
T 2019-07-30 09:36:11:874 server.cc(272) Entering Server::DispatchCommand
T 2019-07-30 09:36:11:874 server.cc(583) Entering Server::LookupCommand
D 2019-07-30 09:36:11:874 server.cc(281) Command: POST /session/73dfa0f4-c8c5-4c68-aede-148a1ed67214/window/maximize {
}
T 2019-07-30 09:36:11:874 server.cc(378) Entering Server::LookupSession
T 2019-07-30 09:36:11:874 IESession.cpp(191) Entering IESession::ExecuteCommand
T 2019-07-30 09:36:11:876 IECommandExecutor.cpp(122) Entering IECommandExecutor::OnSetCommand
T 2019-07-30 09:36:11:877 command.cc(31) Entering Command::Deserialize
D 2019-07-30 09:36:11:877 command.cc(36) Raw JSON command: { "name" : "maximizeWindow", "locator" : { "sessionid" : "73dfa0f4-c8c5-4c68-aede-148a1ed67214" }, "parameters" : {
} }
T 2019-07-30 09:36:11:881 IECommandExecutor.cpp(133) Entering IECommandExecutor::OnExecCommand
T 2019-07-30 09:36:11:881 IECommandExecutor.cpp(454) Entering IECommandExecutor::DispatchCommand
T 2019-07-30 09:36:11:881 IECommandExecutor.cpp(577) Entering IECommandExecutor::GetCurrentBrowser
T 2019-07-30 09:36:11:881 IECommandExecutor.cpp(583) Entering IECommandExecutor::GetManagedBrowser
W 2019-07-30 09:36:11:881 IECommandExecutor.cpp(591) Browser ID requested was an empty string
W 2019-07-30 09:36:11:881 IECommandExecutor.cpp(503) Unable to find current browser
T 2019-07-30 09:36:11:881 IECommandExecutor.cpp(577) Entering IECommandExecutor::GetCurrentBrowser
T 2019-07-30 09:36:11:881 IECommandExecutor.cpp(583) Entering IECommandExecutor::GetManagedBrowser
W 2019-07-30 09:36:11:881 IECommandExecutor.cpp(591) Browser ID requested was an empty string
T 2019-07-30 09:36:11:881 response.cc(85) Entering Response::SetErrorResponse
T 2019-07-30 09:36:11:881 response.cc(78) Entering Response::SetResponse
T 2019-07-30 09:36:11:881 IECommandExecutor.cpp(577) Entering IECommandExecutor::GetCurrentBrowser
T 2019-07-30 09:36:11:881 IECommandExecutor.cpp(583) Entering IECommandExecutor::GetManagedBrowser
W 2019-07-30 09:36:11:881 IECommandExecutor.cpp(591) Browser ID requested was an empty string
W 2019-07-30 09:36:11:881 IECommandExecutor.cpp(520) Unable to get current browser
T 2019-07-30 09:36:11:881 response.cc(51) Entering Response::Serialize
T 2019-07-30 09:36:11:890 IESession.cpp(212) Beginning wait for response length to be not zero
T 2019-07-30 09:36:11:890 IESession.cpp(221) Found non-zero response length
T 2019-07-30 09:36:11:890 IECommandExecutor.cpp(156) Entering IECommandExecutor::OnGetResponse
T 2019-07-30 09:36:11:890 IECommandExecutor.cpp(285) Entering IECommandExecutor::OnIsSessionValid
D 2019-07-30 09:36:11:890 server.cc(338) Response: {"value":{"data":null,"error":"no such window","message":"Error retrieving window","stacktrace":""}}

T 2019-07-30 09:36:11:891 server.cc(391) Entering Server::SendResponseToClient
T 2019-07-30 09:36:11:891 response.cc(30) Entering Response::Deserialize
T 2019-07-30 09:36:11:891 server.cc(465) Entering Server::SendHttpBadRequest
T 2019-07-30 09:36:11:944 server.cc(174) Entering Server::ProcessRequest
T 2019-07-30 09:36:11:944 server.cc(183) Process request with: URI: /session/73dfa0f4-c8c5-4c68-aede-148a1ed67214/screenshot HTTP verb: GET
body: {}
T 2019-07-30 09:36:11:944 server.cc(272) Entering Server::DispatchCommand
T 2019-07-30 09:36:11:944 server.cc(583) Entering Server::LookupCommand
D 2019-07-30 09:36:11:944 server.cc(281) Command: GET /session/73dfa0f4-c8c5-4c68-aede-148a1ed67214/screenshot {}
T 2019-07-30 09:36:11:944 server.cc(378) Entering Server::LookupSession
T 2019-07-30 09:36:11:944 IESession.cpp(191) Entering IESession::ExecuteCommand
T 2019-07-30 09:36:11:944 IECommandExecutor.cpp(122) Entering IECommandExecutor::OnSetCommand
T 2019-07-30 09:36:11:944 command.cc(31) Entering Command::Deserialize
D 2019-07-30 09:36:11:944 command.cc(36) Raw JSON command: { "name" : "takeScreenshot", "locator" : { "sessionid" : "73dfa0f4-c8c5-4c68-aede-148a1ed67214" }, "parameters" : {} }
T 2019-07-30 09:36:11:944 IECommandExecutor.cpp(133) Entering IECommandExecutor::OnExecCommand
T 2019-07-30 09:36:11:944 IESession.cpp(212) Beginning wait for response length to be not zero
T 2019-07-30 09:36:11:944 IECommandExecutor.cpp(454) Entering IECommandExecutor::DispatchCommand
T 2019-07-30 09:36:11:945 IECommandExecutor.cpp(577) Entering IECommandExecutor::GetCurrentBrowser
T 2019-07-30 09:36:11:945 IECommandExecutor.cpp(583) Entering IECommandExecutor::GetManagedBrowser
W 2019-07-30 09:36:11:945 IECommandExecutor.cpp(591) Browser ID requested was an empty string
W 2019-07-30 09:36:11:945 IECommandExecutor.cpp(503) Unable to find current browser
T 2019-07-30 09:36:11:945 CommandHandlers\ScreenshotCommandHandler.cpp(38) Entering ScreenshotCommandHandler::ExecuteInternal
T 2019-07-30 09:36:11:945 IECommandExecutor.cpp(577) Entering IECommandExecutor::GetCurrentBrowser
T 2019-07-30 09:36:11:945 IECommandExecutor.cpp(583) Entering IECommandExecutor::GetManagedBrowser
W 2019-07-30 09:36:11:945 IECommandExecutor.cpp(591) Browser ID requested was an empty string
T 2019-07-30 09:36:11:945 response.cc(91) Entering Response::SetErrorResponse
W 2019-07-30 09:36:11:945 response.cc(92) Error response has status code 23 and message 'Unable to get browser' message
T 2019-07-30 09:36:11:945 response.cc(85) Entering Response::SetErrorResponse
T 2019-07-30 09:36:11:945 response.cc(78) Entering Response::SetResponse
T 2019-07-30 09:36:11:945 IECommandExecutor.cpp(577) Entering IECommandExecutor::GetCurrentBrowser
T 2019-07-30 09:36:11:945 IECommandExecutor.cpp(583) Entering IECommandExecutor::GetManagedBrowser
W 2019-07-30 09:36:11:945 IECommandExecutor.cpp(591) Browser ID requested was an empty string
W 2019-07-30 09:36:11:945 IECommandExecutor.cpp(520) Unable to get current browser
T 2019-07-30 09:36:11:945 response.cc(51) Entering Response::Serialize
T 2019-07-30 09:36:11:956 IESession.cpp(221) Found non-zero response length
T 2019-07-30 09:36:11:956 IECommandExecutor.cpp(156) Entering IECommandExecutor::OnGetResponse
T 2019-07-30 09:36:11:956 IECommandExecutor.cpp(285) Entering IECommandExecutor::OnIsSessionValid
D 2019-07-30 09:36:11:956 server.cc(338) Response: {"value":{"data":null,"error":"no such window","message":"Unable to get browser","stacktrace":""}}

T 2019-07-30 09:36:11:956 server.cc(391) Entering Server::SendResponseToClient
T 2019-07-30 09:36:11:956 response.cc(30) Entering Response::Deserialize
T 2019-07-30 09:36:11:956 server.cc(465) Entering Server::SendHttpBadRequest
T 2019-07-30 09:36:12:050 server.cc(174) Entering Server::ProcessRequest
T 2019-07-30 09:36:12:050 server.cc(238) Entering Server::ReadRequestBody
T 2019-07-30 09:36:12:050 server.cc(183) Process request with: URI: /session/73dfa0f4-c8c5-4c68-aede-148a1ed67214/element HTTP verb: POST
body: {
  "value": "body",
  "using": "css selector"
}
T 2019-07-30 09:36:12:051 server.cc(272) Entering Server::DispatchCommand
T 2019-07-30 09:36:12:051 server.cc(583) Entering Server::LookupCommand
D 2019-07-30 09:36:12:051 server.cc(281) Command: POST /session/73dfa0f4-c8c5-4c68-aede-148a1ed67214/element {
  "value": "body",
  "using": "css selector"
}
T 2019-07-30 09:36:12:051 server.cc(378) Entering Server::LookupSession
T 2019-07-30 09:36:12:051 IESession.cpp(191) Entering IESession::ExecuteCommand
T 2019-07-30 09:36:12:051 IECommandExecutor.cpp(122) Entering IECommandExecutor::OnSetCommand
T 2019-07-30 09:36:12:051 command.cc(31) Entering Command::Deserialize
D 2019-07-30 09:36:12:051 command.cc(36) Raw JSON command: { "name" : "findElement", "locator" : { "sessionid" : "73dfa0f4-c8c5-4c68-aede-148a1ed67214" }, "parameters" : {
  "value": "body",
  "using": "css selector"
} }
T 2019-07-30 09:36:12:051 IECommandExecutor.cpp(133) Entering IECommandExecutor::OnExecCommand
T 2019-07-30 09:36:12:051 IECommandExecutor.cpp(454) Entering IECommandExecutor::DispatchCommand
T 2019-07-30 09:36:12:051 IECommandExecutor.cpp(577) Entering IECommandExecutor::GetCurrentBrowser
T 2019-07-30 09:36:12:051 IECommandExecutor.cpp(583) Entering IECommandExecutor::GetManagedBrowser
W 2019-07-30 09:36:12:051 IECommandExecutor.cpp(591) Browser ID requested was an empty string
W 2019-07-30 09:36:12:051 IECommandExecutor.cpp(503) Unable to find current browser
T 2019-07-30 09:36:12:051 IECommandExecutor.cpp(712) Entering IECommandExecutor::LocateElement
T 2019-07-30 09:36:12:051 IECommandExecutor.cpp(695) Entering IECommandExecutor::GetElementFindMethod
T 2019-07-30 09:36:12:052 ElementFinder.cpp(43) Entering ElementFinder::FindElement
T 2019-07-30 09:36:12:052 IECommandExecutor.cpp(577) Entering IECommandExecutor::GetCurrentBrowser
T 2019-07-30 09:36:12:052 IECommandExecutor.cpp(583) Entering IECommandExecutor::GetManagedBrowser
W 2019-07-30 09:36:12:052 IECommandExecutor.cpp(591) Browser ID requested was an empty string
W 2019-07-30 09:36:12:052 ElementFinder.cpp(101) Unable to get browser
T 2019-07-30 09:36:12:052 response.cc(85) Entering Response::SetErrorResponse
T 2019-07-30 09:36:12:052 response.cc(78) Entering Response::SetResponse
T 2019-07-30 09:36:12:052 IECommandExecutor.cpp(577) Entering IECommandExecutor::GetCurrentBrowser
T 2019-07-30 09:36:12:052 IECommandExecutor.cpp(583) Entering IECommandExecutor::GetManagedBrowser
W 2019-07-30 09:36:12:052 IECommandExecutor.cpp(591) Browser ID requested was an empty string
W 2019-07-30 09:36:12:052 IECommandExecutor.cpp(520) Unable to get current browser
T 2019-07-30 09:36:12:052 response.cc(51) Entering Response::Serialize
T 2019-07-30 09:36:12:052 IESession.cpp(212) Beginning wait for response length to be not zero
T 2019-07-30 09:36:12:063 IESession.cpp(221) Found non-zero response length
T 2019-07-30 09:36:12:063 IECommandExecutor.cpp(156) Entering IECommandExecutor::OnGetResponse
T 2019-07-30 09:36:12:063 IECommandExecutor.cpp(285) Entering IECommandExecutor::OnIsSessionValid
D 2019-07-30 09:36:12:063 server.cc(338) Response: {"value":{"data":null,"error":"no such window","message":"Unable to find element on closed window","stacktrace":""}}

T 2019-07-30 09:36:12:063 server.cc(391) Entering Server::SendResponseToClient
T 2019-07-30 09:36:12:064 response.cc(30) Entering Response::Deserialize
T 2019-07-30 09:36:12:064 server.cc(465) Entering Server::SendHttpBadRequest
T 2019-07-30 09:36:12:072 server.cc(174) Entering Server::ProcessRequest
T 2019-07-30 09:36:12:072 server.cc(183) Process request with: URI: /session/73dfa0f4-c8c5-4c68-aede-148a1ed67214/screenshot HTTP verb: GET
body: {}
T 2019-07-30 09:36:12:072 server.cc(272) Entering Server::DispatchCommand
T 2019-07-30 09:36:12:073 server.cc(583) Entering Server::LookupCommand
D 2019-07-30 09:36:12:073 server.cc(281) Command: GET /session/73dfa0f4-c8c5-4c68-aede-148a1ed67214/screenshot {}
T 2019-07-30 09:36:12:073 server.cc(378) Entering Server::LookupSession
T 2019-07-30 09:36:12:073 IESession.cpp(191) Entering IESession::ExecuteCommand
T 2019-07-30 09:36:12:073 IECommandExecutor.cpp(122) Entering IECommandExecutor::OnSetCommand
T 2019-07-30 09:36:12:074 command.cc(31) Entering Command::Deserialize
D 2019-07-30 09:36:12:074 command.cc(36) Raw JSON command: { "name" : "takeScreenshot", "locator" : { "sessionid" : "73dfa0f4-c8c5-4c68-aede-148a1ed67214" }, "parameters" : {} }
T 2019-07-30 09:36:12:074 IESession.cpp(212) Beginning wait for response length to be not zero
T 2019-07-30 09:36:12:074 IECommandExecutor.cpp(133) Entering IECommandExecutor::OnExecCommand
T 2019-07-30 09:36:12:074 IECommandExecutor.cpp(454) Entering IECommandExecutor::DispatchCommand
T 2019-07-30 09:36:12:074 IECommandExecutor.cpp(577) Entering IECommandExecutor::GetCurrentBrowser
T 2019-07-30 09:36:12:074 IECommandExecutor.cpp(583) Entering IECommandExecutor::GetManagedBrowser
W 2019-07-30 09:36:12:074 IECommandExecutor.cpp(591) Browser ID requested was an empty string
W 2019-07-30 09:36:12:074 IECommandExecutor.cpp(503) Unable to find current browser
T 2019-07-30 09:36:12:075 CommandHandlers\ScreenshotCommandHandler.cpp(38) Entering ScreenshotCommandHandler::ExecuteInternal
T 2019-07-30 09:36:12:075 IECommandExecutor.cpp(577) Entering IECommandExecutor::GetCurrentBrowser
T 2019-07-30 09:36:12:075 IECommandExecutor.cpp(583) Entering IECommandExecutor::GetManagedBrowser
W 2019-07-30 09:36:12:075 IECommandExecutor.cpp(591) Browser ID requested was an empty string
T 2019-07-30 09:36:12:075 response.cc(91) Entering Response::SetErrorResponse
W 2019-07-30 09:36:12:075 response.cc(92) Error response has status code 23 and message 'Unable to get browser' message
T 2019-07-30 09:36:12:075 response.cc(85) Entering Response::SetErrorResponse
T 2019-07-30 09:36:12:075 response.cc(78) Entering Response::SetResponse
T 2019-07-30 09:36:12:075 IECommandExecutor.cpp(577) Entering IECommandExecutor::GetCurrentBrowser
T 2019-07-30 09:36:12:075 IECommandExecutor.cpp(583) Entering IECommandExecutor::GetManagedBrowser
W 2019-07-30 09:36:12:075 IECommandExecutor.cpp(591) Browser ID requested was an empty string
W 2019-07-30 09:36:12:076 IECommandExecutor.cpp(520) Unable to get current browser
T 2019-07-30 09:36:12:076 response.cc(51) Entering Response::Serialize
T 2019-07-30 09:36:12:085 IESession.cpp(221) Found non-zero response length
T 2019-07-30 09:36:12:085 IECommandExecutor.cpp(156) Entering IECommandExecutor::OnGetResponse
T 2019-07-30 09:36:12:085 IECommandExecutor.cpp(285) Entering IECommandExecutor::OnIsSessionValid
D 2019-07-30 09:36:12:085 server.cc(338) Response: {"value":{"data":null,"error":"no such window","message":"Unable to get browser","stacktrace":""}}

T 2019-07-30 09:36:12:085 server.cc(391) Entering Server::SendResponseToClient
T 2019-07-30 09:36:12:085 response.cc(30) Entering Response::Deserialize
T 2019-07-30 09:36:12:085 server.cc(465) Entering Server::SendHttpBadRequest
T 2019-07-30 09:36:12:249 server.cc(174) Entering Server::ProcessRequest
T 2019-07-30 09:36:12:249 server.cc(238) Entering Server::ReadRequestBody
T 2019-07-30 09:36:12:249 server.cc(183) Process request with: URI: /session/73dfa0f4-c8c5-4c68-aede-148a1ed67214/elements HTTP verb: POST
body: {
  "value": "\u002f\u002fdiv[@id = 'hide-button' and (text() = 'close' or . = 'close')]",
  "using": "xpath"
}
T 2019-07-30 09:36:12:249 server.cc(272) Entering Server::DispatchCommand
T 2019-07-30 09:36:12:249 server.cc(583) Entering Server::LookupCommand
D 2019-07-30 09:36:12:249 server.cc(281) Command: POST /session/73dfa0f4-c8c5-4c68-aede-148a1ed67214/elements {
  "value": "\u002f\u002fdiv[@id = 'hide-button' and (text() = 'close' or . = 'close')]",
  "using": "xpath"
}
T 2019-07-30 09:36:12:249 server.cc(378) Entering Server::LookupSession
T 2019-07-30 09:36:12:249 IESession.cpp(191) Entering IESession::ExecuteCommand
T 2019-07-30 09:36:12:249 IECommandExecutor.cpp(122) Entering IECommandExecutor::OnSetCommand
T 2019-07-30 09:36:12:249 command.cc(31) Entering Command::Deserialize
D 2019-07-30 09:36:12:249 command.cc(36) Raw JSON command: { "name" : "findElements", "locator" : { "sessionid" : "73dfa0f4-c8c5-4c68-aede-148a1ed67214" }, "parameters" : {
  "value": "\u002f\u002fdiv[@id = 'hide-button' and (text() = 'close' or . = 'close')]",
  "using": "xpath"
} }
T 2019-07-30 09:36:12:249 IECommandExecutor.cpp(133) Entering IECommandExecutor::OnExecCommand
T 2019-07-30 09:36:12:249 IECommandExecutor.cpp(454) Entering IECommandExecutor::DispatchCommand
T 2019-07-30 09:36:12:249 IECommandExecutor.cpp(577) Entering IECommandExecutor::GetCurrentBrowser
T 2019-07-30 09:36:12:249 IECommandExecutor.cpp(583) Entering IECommandExecutor::GetManagedBrowser
W 2019-07-30 09:36:12:249 IECommandExecutor.cpp(591) Browser ID requested was an empty string
W 2019-07-30 09:36:12:249 IECommandExecutor.cpp(503) Unable to find current browser
T 2019-07-30 09:36:12:249 IECommandExecutor.cpp(734) Entering IECommandExecutor::LocateElements
T 2019-07-30 09:36:12:249 IECommandExecutor.cpp(695) Entering IECommandExecutor::GetElementFindMethod
T 2019-07-30 09:36:12:249 ElementFinder.cpp(111) Entering ElementFinder::FindElements
T 2019-07-30 09:36:12:250 IECommandExecutor.cpp(577) Entering IECommandExecutor::GetCurrentBrowser
T 2019-07-30 09:36:12:250 IECommandExecutor.cpp(583) Entering IECommandExecutor::GetManagedBrowser
W 2019-07-30 09:36:12:250 IECommandExecutor.cpp(591) Browser ID requested was an empty string
W 2019-07-30 09:36:12:250 ElementFinder.cpp(167) Unable to get browser
T 2019-07-30 09:36:12:250 response.cc(85) Entering Response::SetErrorResponse
T 2019-07-30 09:36:12:250 response.cc(78) Entering Response::SetResponse
T 2019-07-30 09:36:12:250 IECommandExecutor.cpp(577) Entering IECommandExecutor::GetCurrentBrowser
T 2019-07-30 09:36:12:250 IECommandExecutor.cpp(583) Entering IECommandExecutor::GetManagedBrowser
W 2019-07-30 09:36:12:250 IECommandExecutor.cpp(591) Browser ID requested was an empty string
W 2019-07-30 09:36:12:250 IECommandExecutor.cpp(520) Unable to get current browser
T 2019-07-30 09:36:12:250 response.cc(51) Entering Response::Serialize
T 2019-07-30 09:36:12:250 IESession.cpp(212) Beginning wait for response length to be not zero
T 2019-07-30 09:36:12:250 IESession.cpp(221) Found non-zero response length
T 2019-07-30 09:36:12:250 IECommandExecutor.cpp(156) Entering IECommandExecutor::OnGetResponse
T 2019-07-30 09:36:12:250 IECommandExecutor.cpp(285) Entering IECommandExecutor::OnIsSessionValid
D 2019-07-30 09:36:12:250 server.cc(338) Response: {"value":{"data":null,"error":"no such window","message":"Unable to find elements on closed window","stacktrace":""}}

T 2019-07-30 09:36:12:250 server.cc(391) Entering Server::SendResponseToClient
T 2019-07-30 09:36:12:250 response.cc(30) Entering Response::Deserialize
T 2019-07-30 09:36:12:250 server.cc(465) Entering Server::SendHttpBadRequest
T 2019-07-30 09:36:12:258 server.cc(174) Entering Server::ProcessRequest
T 2019-07-30 09:36:12:258 server.cc(183) Process request with: URI: /session/73dfa0f4-c8c5-4c68-aede-148a1ed67214/screenshot HTTP verb: GET
body: {}
T 2019-07-30 09:36:12:258 server.cc(272) Entering Server::DispatchCommand
T 2019-07-30 09:36:12:258 server.cc(583) Entering Server::LookupCommand
D 2019-07-30 09:36:12:258 server.cc(281) Command: GET /session/73dfa0f4-c8c5-4c68-aede-148a1ed67214/screenshot {}
T 2019-07-30 09:36:12:258 server.cc(378) Entering Server::LookupSession
T 2019-07-30 09:36:12:258 IESession.cpp(191) Entering IESession::ExecuteCommand
T 2019-07-30 09:36:12:258 IECommandExecutor.cpp(122) Entering IECommandExecutor::OnSetCommand
T 2019-07-30 09:36:12:259 command.cc(31) Entering Command::Deserialize
D 2019-07-30 09:36:12:259 command.cc(36) Raw JSON command: { "name" : "takeScreenshot", "locator" : { "sessionid" : "73dfa0f4-c8c5-4c68-aede-148a1ed67214" }, "parameters" : {} }
T 2019-07-30 09:36:12:259 IECommandExecutor.cpp(133) Entering IECommandExecutor::OnExecCommand
T 2019-07-30 09:36:12:259 IESession.cpp(212) Beginning wait for response length to be not zero
T 2019-07-30 09:36:12:259 IECommandExecutor.cpp(454) Entering IECommandExecutor::DispatchCommand
T 2019-07-30 09:36:12:259 IECommandExecutor.cpp(577) Entering IECommandExecutor::GetCurrentBrowser
T 2019-07-30 09:36:12:259 IECommandExecutor.cpp(583) Entering IECommandExecutor::GetManagedBrowser
W 2019-07-30 09:36:12:259 IECommandExecutor.cpp(591) Browser ID requested was an empty string
W 2019-07-30 09:36:12:259 IECommandExecutor.cpp(503) Unable to find current browser
T 2019-07-30 09:36:12:259 CommandHandlers\ScreenshotCommandHandler.cpp(38) Entering ScreenshotCommandHandler::ExecuteInternal
T 2019-07-30 09:36:12:259 IECommandExecutor.cpp(577) Entering IECommandExecutor::GetCurrentBrowser
T 2019-07-30 09:36:12:259 IECommandExecutor.cpp(583) Entering IECommandExecutor::GetManagedBrowser
W 2019-07-30 09:36:12:259 IECommandExecutor.cpp(591) Browser ID requested was an empty string
T 2019-07-30 09:36:12:259 response.cc(91) Entering Response::SetErrorResponse
W 2019-07-30 09:36:12:259 response.cc(92) Error response has status code 23 and message 'Unable to get browser' message
T 2019-07-30 09:36:12:259 response.cc(85) Entering Response::SetErrorResponse
T 2019-07-30 09:36:12:259 response.cc(78) Entering Response::SetResponse
T 2019-07-30 09:36:12:259 IECommandExecutor.cpp(577) Entering IECommandExecutor::GetCurrentBrowser
T 2019-07-30 09:36:12:259 IECommandExecutor.cpp(583) Entering IECommandExecutor::GetManagedBrowser
W 2019-07-30 09:36:12:259 IECommandExecutor.cpp(591) Browser ID requested was an empty string
W 2019-07-30 09:36:12:259 IECommandExecutor.cpp(520) Unable to get current browser
T 2019-07-30 09:36:12:259 response.cc(51) Entering Response::Serialize
T 2019-07-30 09:36:12:273 IESession.cpp(221) Found non-zero response length
T 2019-07-30 09:36:12:274 IECommandExecutor.cpp(156) Entering IECommandExecutor::OnGetResponse
T 2019-07-30 09:36:12:274 IECommandExecutor.cpp(285) Entering IECommandExecutor::OnIsSessionValid
D 2019-07-30 09:36:12:274 server.cc(338) Response: {"value":{"data":null,"error":"no such window","message":"Unable to get browser","stacktrace":""}}

T 2019-07-30 09:36:12:274 server.cc(391) Entering Server::SendResponseToClient
T 2019-07-30 09:36:12:274 response.cc(30) Entering Response::Deserialize
T 2019-07-30 09:36:12:274 server.cc(465) Entering Server::SendHttpBadRequest
T 2019-07-30 09:36:12:337 server.cc(174) Entering Server::ProcessRequest
T 2019-07-30 09:36:12:337 server.cc(238) Entering Server::ReadRequestBody
T 2019-07-30 09:36:12:337 server.cc(183) Process request with: URI: /session/73dfa0f4-c8c5-4c68-aede-148a1ed67214/element HTTP verb: POST
body: {
  "value": "body",
  "using": "css selector"
}
T 2019-07-30 09:36:12:337 server.cc(272) Entering Server::DispatchCommand
T 2019-07-30 09:36:12:338 server.cc(583) Entering Server::LookupCommand
D 2019-07-30 09:36:12:338 server.cc(281) Command: POST /session/73dfa0f4-c8c5-4c68-aede-148a1ed67214/element {
  "value": "body",
  "using": "css selector"
}
T 2019-07-30 09:36:12:338 server.cc(378) Entering Server::LookupSession
T 2019-07-30 09:36:12:338 IESession.cpp(191) Entering IESession::ExecuteCommand
T 2019-07-30 09:36:12:338 IECommandExecutor.cpp(122) Entering IECommandExecutor::OnSetCommand
T 2019-07-30 09:36:12:338 command.cc(31) Entering Command::Deserialize
D 2019-07-30 09:36:12:338 command.cc(36) Raw JSON command: { "name" : "findElement", "locator" : { "sessionid" : "73dfa0f4-c8c5-4c68-aede-148a1ed67214" }, "parameters" : {
  "value": "body",
  "using": "css selector"
} }
T 2019-07-30 09:36:12:338 IESession.cpp(212) Beginning wait for response length to be not zero
T 2019-07-30 09:36:12:338 IECommandExecutor.cpp(133) Entering IECommandExecutor::OnExecCommand
T 2019-07-30 09:36:12:339 IECommandExecutor.cpp(454) Entering IECommandExecutor::DispatchCommand
T 2019-07-30 09:36:12:339 IECommandExecutor.cpp(577) Entering IECommandExecutor::GetCurrentBrowser
T 2019-07-30 09:36:12:339 IECommandExecutor.cpp(583) Entering IECommandExecutor::GetManagedBrowser
W 2019-07-30 09:36:12:339 IECommandExecutor.cpp(591) Browser ID requested was an empty string
W 2019-07-30 09:36:12:339 IECommandExecutor.cpp(503) Unable to find current browser
T 2019-07-30 09:36:12:339 IECommandExecutor.cpp(712) Entering IECommandExecutor::LocateElement
T 2019-07-30 09:36:12:339 IECommandExecutor.cpp(695) Entering IECommandExecutor::GetElementFindMethod
T 2019-07-30 09:36:12:339 ElementFinder.cpp(43) Entering ElementFinder::FindElement
T 2019-07-30 09:36:12:339 IECommandExecutor.cpp(577) Entering IECommandExecutor::GetCurrentBrowser
T 2019-07-30 09:36:12:339 IECommandExecutor.cpp(583) Entering IECommandExecutor::GetManagedBrowser
W 2019-07-30 09:36:12:339 IECommandExecutor.cpp(591) Browser ID requested was an empty string
W 2019-07-30 09:36:12:339 ElementFinder.cpp(101) Unable to get browser
T 2019-07-30 09:36:12:339 response.cc(85) Entering Response::SetErrorResponse
T 2019-07-30 09:36:12:339 response.cc(78) Entering Response::SetResponse
T 2019-07-30 09:36:12:339 IECommandExecutor.cpp(577) Entering IECommandExecutor::GetCurrentBrowser
T 2019-07-30 09:36:12:339 IECommandExecutor.cpp(583) Entering IECommandExecutor::GetManagedBrowser
W 2019-07-30 09:36:12:340 IECommandExecutor.cpp(591) Browser ID requested was an empty string
W 2019-07-30 09:36:12:340 IECommandExecutor.cpp(520) Unable to get current browser
T 2019-07-30 09:36:12:340 response.cc(51) Entering Response::Serialize
T 2019-07-30 09:36:12:349 IESession.cpp(221) Found non-zero response length
T 2019-07-30 09:36:12:349 IECommandExecutor.cpp(156) Entering IECommandExecutor::OnGetResponse
T 2019-07-30 09:36:12:349 IECommandExecutor.cpp(285) Entering IECommandExecutor::OnIsSessionValid
D 2019-07-30 09:36:12:349 server.cc(338) Response: {"value":{"data":null,"error":"no such window","message":"Unable to find element on closed window","stacktrace":""}}

T 2019-07-30 09:36:12:349 server.cc(391) Entering Server::SendResponseToClient
T 2019-07-30 09:36:12:349 response.cc(30) Entering Response::Deserialize
T 2019-07-30 09:36:12:349 server.cc(465) Entering Server::SendHttpBadRequest
T 2019-07-30 09:36:12:354 server.cc(174) Entering Server::ProcessRequest
T 2019-07-30 09:36:12:354 server.cc(183) Process request with: URI: /session/73dfa0f4-c8c5-4c68-aede-148a1ed67214/screenshot HTTP verb: GET
body: {}
T 2019-07-30 09:36:12:354 server.cc(272) Entering Server::DispatchCommand
T 2019-07-30 09:36:12:354 server.cc(583) Entering Server::LookupCommand
D 2019-07-30 09:36:12:354 server.cc(281) Command: GET /session/73dfa0f4-c8c5-4c68-aede-148a1ed67214/screenshot {}
T 2019-07-30 09:36:12:354 server.cc(378) Entering Server::LookupSession
T 2019-07-30 09:36:12:354 IESession.cpp(191) Entering IESession::ExecuteCommand
T 2019-07-30 09:36:12:355 IECommandExecutor.cpp(122) Entering IECommandExecutor::OnSetCommand
T 2019-07-30 09:36:12:355 command.cc(31) Entering Command::Deserialize
D 2019-07-30 09:36:12:355 command.cc(36) Raw JSON command: { "name" : "takeScreenshot", "locator" : { "sessionid" : "73dfa0f4-c8c5-4c68-aede-148a1ed67214" }, "parameters" : {} }
T 2019-07-30 09:36:12:355 IECommandExecutor.cpp(133) Entering IECommandExecutor::OnExecCommand
T 2019-07-30 09:36:12:355 IESession.cpp(212) Beginning wait for response length to be not zero
T 2019-07-30 09:36:12:355 IECommandExecutor.cpp(454) Entering IECommandExecutor::DispatchCommand
T 2019-07-30 09:36:12:355 IECommandExecutor.cpp(577) Entering IECommandExecutor::GetCurrentBrowser
T 2019-07-30 09:36:12:355 IECommandExecutor.cpp(583) Entering IECommandExecutor::GetManagedBrowser
W 2019-07-30 09:36:12:355 IECommandExecutor.cpp(591) Browser ID requested was an empty string
W 2019-07-30 09:36:12:355 IECommandExecutor.cpp(503) Unable to find current browser
T 2019-07-30 09:36:12:355 CommandHandlers\ScreenshotCommandHandler.cpp(38) Entering ScreenshotCommandHandler::ExecuteInternal
T 2019-07-30 09:36:12:355 IECommandExecutor.cpp(577) Entering IECommandExecutor::GetCurrentBrowser
T 2019-07-30 09:36:12:355 IECommandExecutor.cpp(583) Entering IECommandExecutor::GetManagedBrowser
W 2019-07-30 09:36:12:356 IECommandExecutor.cpp(591) Browser ID requested was an empty string
T 2019-07-30 09:36:12:356 response.cc(91) Entering Response::SetErrorResponse
W 2019-07-30 09:36:12:356 response.cc(92) Error response has status code 23 and message 'Unable to get browser' message
T 2019-07-30 09:36:12:356 response.cc(85) Entering Response::SetErrorResponse
T 2019-07-30 09:36:12:356 response.cc(78) Entering Response::SetResponse
T 2019-07-30 09:36:12:356 IECommandExecutor.cpp(577) Entering IECommandExecutor::GetCurrentBrowser
T 2019-07-30 09:36:12:356 IECommandExecutor.cpp(583) Entering IECommandExecutor::GetManagedBrowser
W 2019-07-30 09:36:12:356 IECommandExecutor.cpp(591) Browser ID requested was an empty string
W 2019-07-30 09:36:12:356 IECommandExecutor.cpp(520) Unable to get current browser
T 2019-07-30 09:36:12:356 response.cc(51) Entering Response::Serialize
T 2019-07-30 09:36:12:365 IESession.cpp(221) Found non-zero response length
T 2019-07-30 09:36:12:365 IECommandExecutor.cpp(156) Entering IECommandExecutor::OnGetResponse
T 2019-07-30 09:36:12:365 IECommandExecutor.cpp(285) Entering IECommandExecutor::OnIsSessionValid
D 2019-07-30 09:36:12:365 server.cc(338) Response: {"value":{"data":null,"error":"no such window","message":"Unable to get browser","stacktrace":""}}

T 2019-07-30 09:36:12:365 server.cc(391) Entering Server::SendResponseToClient
T 2019-07-30 09:36:12:366 response.cc(30) Entering Response::Deserialize
T 2019-07-30 09:36:12:366 server.cc(465) Entering Server::SendHttpBadRequest
T 2019-07-30 09:36:12:476 server.cc(174) Entering Server::ProcessRequest
T 2019-07-30 09:36:12:476 server.cc(183) Process request with: URI: /session/73dfa0f4-c8c5-4c68-aede-148a1ed67214 HTTP verb: DELETE
body: {}
T 2019-07-30 09:36:12:476 server.cc(272) Entering Server::DispatchCommand
T 2019-07-30 09:36:12:476 server.cc(583) Entering Server::LookupCommand
D 2019-07-30 09:36:12:476 server.cc(281) Command: DELETE /session/73dfa0f4-c8c5-4c68-aede-148a1ed67214 {}
T 2019-07-30 09:36:12:476 server.cc(378) Entering Server::LookupSession
T 2019-07-30 09:36:12:476 IESession.cpp(191) Entering IESession::ExecuteCommand
T 2019-07-30 09:36:12:476 IECommandExecutor.cpp(122) Entering IECommandExecutor::OnSetCommand
T 2019-07-30 09:36:12:476 command.cc(31) Entering Command::Deserialize
D 2019-07-30 09:36:12:476 command.cc(36) Raw JSON command: { "name" : "quit", "locator" : { "sessionid" : "73dfa0f4-c8c5-4c68-aede-148a1ed67214" }, "parameters" : {} }
T 2019-07-30 09:36:12:476 IECommandExecutor.cpp(133) Entering IECommandExecutor::OnExecCommand
T 2019-07-30 09:36:12:476 IECommandExecutor.cpp(454) Entering IECommandExecutor::DispatchCommand
T 2019-07-30 09:36:12:476 IECommandExecutor.cpp(577) Entering IECommandExecutor::GetCurrentBrowser
T 2019-07-30 09:36:12:476 IECommandExecutor.cpp(583) Entering IECommandExecutor::GetManagedBrowser
W 2019-07-30 09:36:12:476 IECommandExecutor.cpp(591) Browser ID requested was an empty string
W 2019-07-30 09:36:12:476 IECommandExecutor.cpp(503) Unable to find current browser
T 2019-07-30 09:36:12:476 IECommandExecutor.cpp(607) Entering IECommandExecutor::GetManagedBrowserHandles
T 2019-07-30 09:36:12:477 response.cc(72) Entering Response::SetSuccessResponse
T 2019-07-30 09:36:12:477 response.cc(78) Entering Response::SetResponse
T 2019-07-30 09:36:12:477 IECommandExecutor.cpp(577) Entering IECommandExecutor::GetCurrentBrowser
T 2019-07-30 09:36:12:477 IECommandExecutor.cpp(583) Entering IECommandExecutor::GetManagedBrowser
T 2019-07-30 09:36:12:477 IECommandExecutor.cpp(586) Current command executor is not valid
T 2019-07-30 09:36:12:477 response.cc(51) Entering Response::Serialize
T 2019-07-30 09:36:12:477 IESession.cpp(212) Beginning wait for response length to be not zero
T 2019-07-30 09:36:12:477 IESession.cpp(221) Found non-zero response length
T 2019-07-30 09:36:12:477 IECommandExecutor.cpp(156) Entering IECommandExecutor::OnGetResponse
T 2019-07-30 09:36:12:477 IECommandExecutor.cpp(285) Entering IECommandExecutor::OnIsSessionValid
T 2019-07-30 09:36:12:477 server.cc(225) Entering Server::ShutDownSession
T 2019-07-30 09:36:12:477 IESession.cpp(119) Entering IESession::ShutDown
T 2019-07-30 09:36:12:477 IESession.cpp(173) Entering IESession::WaitForCommandExecutorExit
D 2019-07-30 09:36:12:477 IESession.cpp(150) Executor shutdown successful!
D 2019-07-30 09:36:12:477 IESession.cpp(158) Posting thread shutdown message
D 2019-07-30 09:36:12:477 IESession.cpp(161) Starting wait for thread completion
D 2019-07-30 09:36:12:477 IECommandExecutor.cpp(436) Shutdown message received
D 2019-07-30 09:36:12:477 IESession.cpp(164) Waiting for thread to end returned 4294967295
D 2019-07-30 09:36:12:477 server.cc(338) Response: {"value":null}

T 2019-07-30 09:36:12:477 server.cc(391) Entering Server::SendResponseToClient
D 2019-07-30 09:36:12:477 IECommandExecutor.cpp(97) Entering IECommandExecutor::OnDestroy
T 2019-07-30 09:36:12:477 response.cc(30) Entering Response::Deserialize
D 2019-07-30 09:36:12:477 IECommandExecutor.cpp(99) Clearing managed element cache
T 2019-07-30 09:36:12:477 server.cc(445) Entering Server::SendHttpOk
D 2019-07-30 09:36:12:477 IECommandExecutor.cpp(102) Closing command handler repository
D 2019-07-30 09:36:12:478 IECommandExecutor.cpp(104) Closing element finder
D 2019-07-30 09:36:12:478 IECommandExecutor.cpp(106) Closing input manager
D 2019-07-30 09:36:12:478 IECommandExecutor.cpp(108) Closing proxy manager
T 2019-07-30 09:36:12:478 ProxyManager.cpp(185) ProxyManager::RestoreProxySettings
D 2019-07-30 09:36:12:478 IECommandExecutor.cpp(110) Closing browser factory
D 2019-07-30 09:36:12:478 IECommandExecutor.cpp(112) Posting quit message
D 2019-07-30 09:36:12:478 IECommandExecutor.cpp(114) Leaving IECommandExecutor::OnDestroy
D 2019-07-30 09:36:12:478 IECommandExecutor.cpp(438) Returned from DestroyWindow()
D 2019-07-30 09:36:12:478 IECommandExecutor.cpp(447) Exited IECommandExecutor thread message loop
T 2019-07-30 09:36:12:481 server.cc(174) Entering Server::ProcessRequest
T 2019-07-30 09:36:12:481 server.cc(183) Process request with: URI: /shutdown HTTP verb: GET
body: {}
T 2019-07-30 09:36:12:481 server.cc(445) Entering Server::SendHttpOk
T 2019-07-30 09:36:12:481 IEServer.cpp(88) Entering IEServer::ShutDown
T 2019-07-30 09:36:12:489 WebDriver.cpp(54) Entering StopServer
T 2019-07-30 09:36:12:489 server.cc(165) Entering Server::Stop
