<?xml version="1.0" encoding="UTF-8" standalone="no"?>
<!DOCTYPE log SYSTEM "logger.dtd">
<log>
<record>
  <date>2019-11-05T08:20:24</date>
  <millis>1572942024190</millis>
  <sequence>0</sequence>
  <level>START</level>
  <class>com.kms.katalon.core.logging.XmlKeywordLogger</class>
  <method>startSuite</method>
  <thread>1</thread>
  <message>Start Test Suite : Test Suites/Mobile_Devices</message>
  <nestedLevel>0</nestedLevel>
  <property name="name">Mobile_Devices</property>
  <property name="description"></property>
  <property name="id">Test Suites/Mobile_Devices</property>
</record>
<record>
  <date>2019-11-05T08:20:24</date>
  <millis>1572942024224</millis>
  <sequence>1</sequence>
  <level>RUN_DATA</level>
  <class>com.kms.katalon.core.logging.XmlKeywordLogger</class>
  <method>logMessage</method>
  <thread>1</thread>
  <message>hostName = DavidHo - VETTEDSP36RF.check.local</message>
  <nestedLevel>0</nestedLevel>
  <property name="hostName">DavidHo - VETTEDSP36RF.check.local</property>
</record>
<record>
  <date>2019-11-05T08:20:24</date>
  <millis>1572942024227</millis>
  <sequence>2</sequence>
  <level>RUN_DATA</level>
  <class>com.kms.katalon.core.logging.XmlKeywordLogger</class>
  <method>logMessage</method>
  <thread>1</thread>
  <message>os = Windows 10 32bit</message>
  <nestedLevel>0</nestedLevel>
  <property name="os">Windows 10 32bit</property>
</record>
<record>
  <date>2019-11-05T08:20:24</date>
  <millis>1572942024227</millis>
  <sequence>3</sequence>
  <level>RUN_DATA</level>
  <class>com.kms.katalon.core.logging.XmlKeywordLogger</class>
  <method>logMessage</method>
  <thread>1</thread>
  <message>hostAddress = 10.0.11.243</message>
  <nestedLevel>0</nestedLevel>
  <property name="hostAddress">10.0.11.243</property>
</record>
<record>
  <date>2019-11-05T08:20:24</date>
  <millis>1572942024228</millis>
  <sequence>4</sequence>
  <level>RUN_DATA</level>
  <class>com.kms.katalon.core.logging.XmlKeywordLogger</class>
  <method>logMessage</method>
  <thread>1</thread>
  <message>katalonVersion = 6.2.2.4</message>
  <nestedLevel>0</nestedLevel>
  <property name="katalonVersion">6.2.2.4</property>
</record>
<record>
  <date>2019-11-05T08:20:24</date>
  <millis>1572942024467</millis>
  <sequence>5</sequence>
  <level>START</level>
  <class>com.kms.katalon.core.logging.XmlKeywordLogger</class>
  <method>startTest</method>
  <thread>1</thread>
  <message>Start Test Case : Test Cases/Mobile_Devices/Default_Device_Dev</message>
  <nestedLevel>1</nestedLevel>
  <property name="name">Test Cases/Mobile_Devices/Default_Device_Dev</property>
  <property name="description"></property>
  <property name="id">Test Cases/Mobile_Devices/Default_Device_Dev</property>
  <property name="source">C:\\Users\\davidho\\Katalon Studio\\Start\\Test Cases\\Mobile_Devices\\Default_Device_Dev.tc</property>
  <property name="tag"></property>
  <property name="isOptional">false</property>
</record>
<record>
  <date>2019-11-05T08:20:24</date>
  <millis>1572942024949</millis>
  <sequence>7</sequence>
  <level>START</level>
  <class>com.kms.katalon.core.logging.XmlKeywordLogger</class>
  <method>startKeyword</method>
  <thread>1</thread>
  <message>Start action : for ([row = 1, row &amp;lt;= findTestData(\&amp;quot;Mobile_Test_Data\&amp;quot;).getRowNumbers(), (internal.GlobalVariable.row++)])</message>
  <nestedLevel>1</nestedLevel>
  <property name="startLine">56</property>
  <property name="stepIndex">1</property>
  <property name="description">For Loop to Iterate over the test data provided by the Excel spreadsheet, \r\nassociated with this test\r\n</property>
</record>
<record>
  <date>2019-11-05T08:20:26</date>
  <millis>1572942026410</millis>
  <sequence>12</sequence>
  <level>START</level>
  <class>com.kms.katalon.core.logging.XmlKeywordLogger</class>
  <method>startKeyword</method>
  <thread>1</thread>
  <message>Start action : callTestCase(findTestCase(\&amp;quot;Reusable_Test_Sequences/CAT_Setup\&amp;quot;), [:], OPTIONAL)</message>
  <nestedLevel>2</nestedLevel>
  <property name="startLine">58</property>
  <property name="stepIndex">1</property>
</record>
<record>
  <date>2019-11-05T08:20:26</date>
  <millis>1572942026545</millis>
  <sequence>15</sequence>
  <level>START</level>
  <class>com.kms.katalon.core.logging.XmlKeywordLogger</class>
  <method>startTest</method>
  <thread>1</thread>
  <message>Start Test Case : Test Cases/Reusable_Test_Sequences/CAT_Setup</message>
  <nestedLevel>2</nestedLevel>
  <property name="name">Test Cases/Reusable_Test_Sequences/CAT_Setup</property>
  <property name="description"></property>
  <property name="id">Test Cases/Reusable_Test_Sequences/CAT_Setup</property>
  <property name="source">C:\\Users\\davidho\\Katalon Studio\\Start\\Test Cases\\Reusable_Test_Sequences\\CAT_Setup.tc</property>
  <property name="tag"></property>
  <property name="isOptional">true</property>
</record>
<record>
  <date>2019-11-05T08:20:26</date>
  <millis>1572942026891</millis>
  <sequence>17</sequence>
  <level>START</level>
  <class>com.kms.katalon.core.logging.XmlKeywordLogger</class>
  <method>startKeyword</method>
  <thread>1</thread>
  <message>Start action : \&amp;quot;URL - Set from the ENVIRONMENT PROFILE \&amp;quot;</message>
  <nestedLevel>1</nestedLevel>
  <property name="startLine">58</property>
  <property name="stepIndex">1</property>
</record>
<record>
  <date>2019-11-05T08:20:26</date>
  <millis>1572942026892</millis>
  <sequence>18</sequence>
  <level>END</level>
  <class>com.kms.katalon.core.logging.XmlKeywordLogger</class>
  <method>endKeyword</method>
  <thread>1</thread>
  <message>End action : \&amp;quot;URL - Set from the ENVIRONMENT PROFILE \&amp;quot;</message>
  <nestedLevel>1</nestedLevel>
</record>
<record>
  <date>2019-11-05T08:20:26</date>
  <millis>1572942026892</millis>
  <sequence>19</sequence>
  <level>START</level>
  <class>com.kms.katalon.core.logging.XmlKeywordLogger</class>
  <method>startKeyword</method>
  <thread>1</thread>
  <message>Start action : openBrowser(URL)</message>
  <nestedLevel>1</nestedLevel>
  <property name="startLine">60</property>
  <property name="stepIndex">2</property>
  <property name="description">OPEN BROWSER</property>
</record>
<record>
  <date>2019-11-05T08:20:27</date>
  <millis>1572942027085</millis>
  <sequence>21</sequence>
  <level>INFO</level>
  <class>com.kms.katalon.core.logging.XmlKeywordLogger</class>
  <method>logMessage</method>
  <thread>1</thread>
  <message>Starting &amp;apos;Chrome&amp;apos; driver</message>
  <nestedLevel>2</nestedLevel>
</record>
<record>
  <date>2019-11-05T08:20:27</date>
  <millis>1572942027134</millis>
  <sequence>23</sequence>
  <level>INFO</level>
  <class>com.kms.katalon.core.logging.XmlKeywordLogger</class>
  <method>logMessage</method>
  <thread>1</thread>
  <message>Action delay is set to 0 seconds</message>
  <nestedLevel>2</nestedLevel>
</record>
<record>
  <date>2019-11-05T08:20:36</date>
  <millis>1572942036682</millis>
  <sequence>25</sequence>
  <level>RUN_DATA</level>
  <class>com.kms.katalon.core.logging.XmlKeywordLogger</class>
  <method>logMessage</method>
  <thread>1</thread>
  <message>sessionId = 8fd5aeed40424c04d19045ee1d005872</message>
  <nestedLevel>2</nestedLevel>
  <property name="sessionId">8fd5aeed40424c04d19045ee1d005872</property>
</record>
<record>
  <date>2019-11-05T08:20:36</date>
  <millis>1572942036780</millis>
  <sequence>26</sequence>
  <level>RUN_DATA</level>
  <class>com.kms.katalon.core.logging.XmlKeywordLogger</class>
  <method>logMessage</method>
  <thread>1</thread>
  <message>browser = Chrome 78.0.3904.70</message>
  <nestedLevel>2</nestedLevel>
  <property name="browser">Chrome 78.0.3904.70</property>
</record>
<record>
  <date>2019-11-05T08:20:36</date>
  <millis>1572942036780</millis>
  <sequence>27</sequence>
  <level>RUN_DATA</level>
  <class>com.kms.katalon.core.logging.XmlKeywordLogger</class>
  <method>logMessage</method>
  <thread>1</thread>
  <message>platform = Windows 10</message>
  <nestedLevel>2</nestedLevel>
  <property name="platform">Windows 10</property>
</record>
<record>
  <date>2019-11-05T08:20:36</date>
  <millis>1572942036781</millis>
  <sequence>28</sequence>
  <level>RUN_DATA</level>
  <class>com.kms.katalon.core.logging.XmlKeywordLogger</class>
  <method>logMessage</method>
  <thread>1</thread>
  <message>seleniumVersion = 3.141.59</message>
  <nestedLevel>2</nestedLevel>
  <property name="seleniumVersion">3.141.59</property>
</record>
<record>
  <date>2019-11-05T08:20:36</date>
  <millis>1572942036782</millis>
  <sequence>29</sequence>
  <level>RUN_DATA</level>
  <class>com.kms.katalon.core.logging.XmlKeywordLogger</class>
  <method>logMessage</method>
  <thread>1</thread>
  <message>proxyInformation = ProxyInformation{proxyOption=NO_PROXY, proxyServerType=HTTP, password=, proxyServerAddress=, proxyServerPort=0}</message>
  <nestedLevel>2</nestedLevel>
  <property name="proxyInformation">ProxyInformation{proxyOption=NO_PROXY, proxyServerType=HTTP, password=, proxyServerAddress=, proxyServerPort=0}</property>
</record>
<record>
  <date>2019-11-05T08:21:03</date>
  <millis>1572942063570</millis>
  <sequence>31</sequence>
  <level>PASSED</level>
  <class>com.kms.katalon.core.logging.XmlKeywordLogger</class>
  <method>logMessage</method>
  <thread>1</thread>
  <message>Browser is opened with url: &amp;apos;http://www.dev.checkatrade.com/&amp;apos;</message>
  <nestedLevel>2</nestedLevel>
</record>
<record>
  <date>2019-11-05T08:21:03</date>
  <millis>1572942063571</millis>
  <sequence>32</sequence>
  <level>END</level>
  <class>com.kms.katalon.core.logging.XmlKeywordLogger</class>
  <method>endKeyword</method>
  <thread>1</thread>
  <message>End action : openBrowser(URL)</message>
  <nestedLevel>1</nestedLevel>
</record>
<record>
  <date>2019-11-05T08:21:03</date>
  <millis>1572942063572</millis>
  <sequence>33</sequence>
  <level>START</level>
  <class>com.kms.katalon.core.logging.XmlKeywordLogger</class>
  <method>startKeyword</method>
  <thread>1</thread>
  <message>Start action : maximizeWindow()</message>
  <nestedLevel>1</nestedLevel>
  <property name="startLine">64</property>
  <property name="stepIndex">3</property>
  <property name="description">MAXIMIZE BROWSER </property>
</record>
<record>
  <date>2019-11-05T08:21:07</date>
  <millis>1572942067735</millis>
  <sequence>35</sequence>
  <level>PASSED</level>
  <class>com.kms.katalon.core.logging.XmlKeywordLogger</class>
  <method>logMessage</method>
  <thread>1</thread>
  <message>Current window maximized</message>
  <nestedLevel>2</nestedLevel>
</record>
<record>
  <date>2019-11-05T08:21:07</date>
  <millis>1572942067736</millis>
  <sequence>36</sequence>
  <level>END</level>
  <class>com.kms.katalon.core.logging.XmlKeywordLogger</class>
  <method>endKeyword</method>
  <thread>1</thread>
  <message>End action : maximizeWindow()</message>
  <nestedLevel>1</nestedLevel>
</record>
<record>
  <date>2019-11-05T08:21:07</date>
  <millis>1572942067736</millis>
  <sequence>37</sequence>
  <level>START</level>
  <class>com.kms.katalon.core.logging.XmlKeywordLogger</class>
  <method>startKeyword</method>
  <thread>1</thread>
  <message>Start action : waitForPageLoad(60)</message>
  <nestedLevel>1</nestedLevel>
  <property name="startLine">68</property>
  <property name="stepIndex">4</property>
  <property name="description">WAIT for browser to load - waits up to 60 seconds before timeout occurs </property>
</record>
<record>
  <date>2019-11-05T08:21:07</date>
  <millis>1572942067831</millis>
  <sequence>39</sequence>
  <level>PASSED</level>
  <class>com.kms.katalon.core.logging.XmlKeywordLogger</class>
  <method>logMessage</method>
  <thread>1</thread>
  <message>Wait for page load successfully</message>
  <nestedLevel>2</nestedLevel>
</record>
<record>
  <date>2019-11-05T08:21:07</date>
  <millis>1572942067832</millis>
  <sequence>40</sequence>
  <level>END</level>
  <class>com.kms.katalon.core.logging.XmlKeywordLogger</class>
  <method>endKeyword</method>
  <thread>1</thread>
  <message>End action : waitForPageLoad(60)</message>
  <nestedLevel>1</nestedLevel>
</record>
<record>
  <date>2019-11-05T08:21:07</date>
  <millis>1572942067832</millis>
  <sequence>41</sequence>
  <level>START</level>
  <class>com.kms.katalon.core.logging.XmlKeywordLogger</class>
  <method>startKeyword</method>
  <thread>1</thread>
  <message>Start action : waitForElementVisible(findTestObject(\&amp;quot;Page_Checkatrade Find a tradesperson you can trust/a_Search\&amp;quot;), 25)</message>
  <nestedLevel>1</nestedLevel>
  <property name="startLine">69</property>
  <property name="stepIndex">5</property>
</record>
<record>
  <date>2019-11-05T08:21:07</date>
  <millis>1572942067926</millis>
  <sequence>48</sequence>
  <level>PASSED</level>
  <class>com.kms.katalon.core.logging.XmlKeywordLogger</class>
  <method>logMessage</method>
  <thread>1</thread>
  <message>Object &amp;apos;Object Repository/Page_Checkatrade Find a tradesperson you can trust/a_Search&amp;apos; is visible</message>
  <nestedLevel>2</nestedLevel>
</record>
<record>
  <date>2019-11-05T08:21:07</date>
  <millis>1572942067927</millis>
  <sequence>49</sequence>
  <level>END</level>
  <class>com.kms.katalon.core.logging.XmlKeywordLogger</class>
  <method>endKeyword</method>
  <thread>1</thread>
  <message>End action : waitForElementVisible(findTestObject(\&amp;quot;Page_Checkatrade Find a tradesperson you can trust/a_Search\&amp;quot;), 25)</message>
  <nestedLevel>1</nestedLevel>
</record>
<record>
  <date>2019-11-05T08:21:07</date>
  <millis>1572942067927</millis>
  <sequence>50</sequence>
  <level>START</level>
  <class>com.kms.katalon.core.logging.XmlKeywordLogger</class>
  <method>startKeyword</method>
  <thread>1</thread>
  <message>Start action : try</message>
  <nestedLevel>1</nestedLevel>
  <property name="startLine">71</property>
  <property name="stepIndex">6</property>
</record>
<record>
  <date>2019-11-05T08:21:07</date>
  <millis>1572942067927</millis>
  <sequence>51</sequence>
  <level>START</level>
  <class>com.kms.katalon.core.logging.XmlKeywordLogger</class>
  <method>startKeyword</method>
  <thread>1</thread>
  <message>Start action : if (verifyElementPresent(findTestObject(\&amp;quot;Page_Checkatrade Find a tradesperson you can trust/div_close\&amp;quot;), 1, OPTIONAL))</message>
  <nestedLevel>2</nestedLevel>
  <property name="startLine">75</property>
  <property name="stepIndex">1</property>
</record>
<record>
  <date>2019-11-05T08:21:07</date>
  <millis>1572942067952</millis>
  <sequence>57</sequence>
  <level>PASSED</level>
  <class>com.kms.katalon.core.logging.XmlKeywordLogger</class>
  <method>logMessage</method>
  <thread>1</thread>
  <message>Object &amp;apos;Object Repository/Page_Checkatrade Find a tradesperson you can trust/div_close&amp;apos; is present</message>
  <nestedLevel>2</nestedLevel>
</record>
<record>
  <date>2019-11-05T08:21:07</date>
  <millis>1572942067952</millis>
  <sequence>58</sequence>
  <level>START</level>
  <class>com.kms.katalon.core.logging.XmlKeywordLogger</class>
  <method>startKeyword</method>
  <thread>1</thread>
  <message>Start action : click(findTestObject(\&amp;quot;Page_Checkatrade Find a tradesperson you can trust/div_close\&amp;quot;))</message>
  <nestedLevel>3</nestedLevel>
  <property name="startLine">77</property>
  <property name="stepIndex">1</property>
  <property name="description">---------------------------------</property>
</record>
<record>
  <date>2019-11-05T08:21:08</date>
  <millis>1572942068012</millis>
  <sequence>65</sequence>
  <level>PASSED</level>
  <class>com.kms.katalon.core.logging.XmlKeywordLogger</class>
  <method>logMessage</method>
  <thread>1</thread>
  <message>Object: &amp;apos;Object Repository/Page_Checkatrade Find a tradesperson you can trust/div_close&amp;apos; is clicked on</message>
  <nestedLevel>2</nestedLevel>
</record>
<record>
  <date>2019-11-05T08:21:08</date>
  <millis>1572942068012</millis>
  <sequence>66</sequence>
  <level>END</level>
  <class>com.kms.katalon.core.logging.XmlKeywordLogger</class>
  <method>endKeyword</method>
  <thread>1</thread>
  <message>End action : click(findTestObject(\&amp;quot;Page_Checkatrade Find a tradesperson you can trust/div_close\&amp;quot;))</message>
  <nestedLevel>3</nestedLevel>
</record>
<record>
  <date>2019-11-05T08:21:08</date>
  <millis>1572942068012</millis>
  <sequence>67</sequence>
  <level>START</level>
  <class>com.kms.katalon.core.logging.XmlKeywordLogger</class>
  <method>startKeyword</method>
  <thread>1</thread>
  <message>Start action : \&amp;quot;---------------------------------\&amp;quot;</message>
  <nestedLevel>3</nestedLevel>
  <property name="startLine">78</property>
  <property name="stepIndex">2</property>
</record>
<record>
  <date>2019-11-05T08:21:08</date>
  <millis>1572942068013</millis>
  <sequence>68</sequence>
  <level>END</level>
  <class>com.kms.katalon.core.logging.XmlKeywordLogger</class>
  <method>endKeyword</method>
  <thread>1</thread>
  <message>End action : \&amp;quot;---------------------------------\&amp;quot;</message>
  <nestedLevel>3</nestedLevel>
</record>
<record>
  <date>2019-11-05T08:21:08</date>
  <millis>1572942068013</millis>
  <sequence>69</sequence>
  <level>START</level>
  <class>com.kms.katalon.core.logging.XmlKeywordLogger</class>
  <method>startKeyword</method>
  <thread>1</thread>
  <message>Start action : \&amp;quot;COOKIE POPOUT REMOVED - Confirmed\&amp;quot;</message>
  <nestedLevel>3</nestedLevel>
  <property name="startLine">79</property>
  <property name="stepIndex">3</property>
</record>
<record>
  <date>2019-11-05T08:21:08</date>
  <millis>1572942068014</millis>
  <sequence>70</sequence>
  <level>END</level>
  <class>com.kms.katalon.core.logging.XmlKeywordLogger</class>
  <method>endKeyword</method>
  <thread>1</thread>
  <message>End action : \&amp;quot;COOKIE POPOUT REMOVED - Confirmed\&amp;quot;</message>
  <nestedLevel>3</nestedLevel>
</record>
<record>
  <date>2019-11-05T08:21:08</date>
  <millis>1572942068014</millis>
  <sequence>71</sequence>
  <level>START</level>
  <class>com.kms.katalon.core.logging.XmlKeywordLogger</class>
  <method>startKeyword</method>
  <thread>1</thread>
  <message>Start action : delay(1)</message>
  <nestedLevel>3</nestedLevel>
  <property name="startLine">82</property>
  <property name="stepIndex">4</property>
  <property name="description">---------------------------------</property>
</record>
<record>
  <date>2019-11-05T08:21:09</date>
  <millis>1572942069020</millis>
  <sequence>73</sequence>
  <level>PASSED</level>
  <class>com.kms.katalon.core.logging.XmlKeywordLogger</class>
  <method>logMessage</method>
  <thread>1</thread>
  <message>Delayed 1 second(s)</message>
  <nestedLevel>2</nestedLevel>
</record>
<record>
  <date>2019-11-05T08:21:09</date>
  <millis>1572942069024</millis>
  <sequence>74</sequence>
  <level>END</level>
  <class>com.kms.katalon.core.logging.XmlKeywordLogger</class>
  <method>endKeyword</method>
  <thread>1</thread>
  <message>End action : delay(1)</message>
  <nestedLevel>3</nestedLevel>
</record>
<record>
  <date>2019-11-05T08:21:09</date>
  <millis>1572942069025</millis>
  <sequence>75</sequence>
  <level>START</level>
  <class>com.kms.katalon.core.logging.XmlKeywordLogger</class>
  <method>startKeyword</method>
  <thread>1</thread>
  <message>Start action : verifyTextNotPresent(\&amp;quot;Checkatrade.com uses cookies to make sure you get the best browsing experience\&amp;quot;, false)</message>
  <nestedLevel>3</nestedLevel>
  <property name="startLine">83</property>
  <property name="stepIndex">5</property>
</record>
<record>
  <date>2019-11-05T08:21:09</date>
  <millis>1572942069272</millis>
  <sequence>78</sequence>
  <level>PASSED</level>
  <class>com.kms.katalon.core.logging.XmlKeywordLogger</class>
  <method>logMessage</method>
  <thread>1</thread>
  <message>Text &amp;apos;Checkatrade.com uses cookies to make sure you get the best browsing experience&amp;apos; is not present on page</message>
  <nestedLevel>2</nestedLevel>
</record>
<record>
  <date>2019-11-05T08:21:09</date>
  <millis>1572942069272</millis>
  <sequence>79</sequence>
  <level>END</level>
  <class>com.kms.katalon.core.logging.XmlKeywordLogger</class>
  <method>endKeyword</method>
  <thread>1</thread>
  <message>End action : verifyTextNotPresent(\&amp;quot;Checkatrade.com uses cookies to make sure you get the best browsing experience\&amp;quot;, false)</message>
  <nestedLevel>3</nestedLevel>
</record>
<record>
  <date>2019-11-05T08:21:09</date>
  <millis>1572942069272</millis>
  <sequence>80</sequence>
  <level>END</level>
  <class>com.kms.katalon.core.logging.XmlKeywordLogger</class>
  <method>endKeyword</method>
  <thread>1</thread>
  <message>End action : if (verifyElementPresent(findTestObject(\&amp;quot;Page_Checkatrade Find a tradesperson you can trust/div_close\&amp;quot;), 1, OPTIONAL))</message>
  <nestedLevel>2</nestedLevel>
</record>
<record>
  <date>2019-11-05T08:21:09</date>
  <millis>1572942069272</millis>
  <sequence>81</sequence>
  <level>END</level>
  <class>com.kms.katalon.core.logging.XmlKeywordLogger</class>
  <method>endKeyword</method>
  <thread>1</thread>
  <message>End action : try</message>
  <nestedLevel>1</nestedLevel>
</record>
<record>
  <date>2019-11-05T08:21:09</date>
  <millis>1572942069272</millis>
  <sequence>82</sequence>
  <level>START</level>
  <class>com.kms.katalon.core.logging.XmlKeywordLogger</class>
  <method>startKeyword</method>
  <thread>1</thread>
  <message>Start action : try</message>
  <nestedLevel>1</nestedLevel>
  <property name="startLine">89</property>
  <property name="stepIndex">9</property>
</record>
<record>
  <date>2019-11-05T08:21:09</date>
  <millis>1572942069273</millis>
  <sequence>83</sequence>
  <level>START</level>
  <class>com.kms.katalon.core.logging.XmlKeywordLogger</class>
  <method>startKeyword</method>
  <thread>1</thread>
  <message>Start action : if (verifyElementPresent(findTestObject(\&amp;quot;Page_Checkatrade Find a tradesperson you can trust/div_close_1\&amp;quot;), 1, OPTIONAL))</message>
  <nestedLevel>2</nestedLevel>
  <property name="startLine">93</property>
  <property name="stepIndex">1</property>
</record>
<record>
  <date>2019-11-05T08:21:09</date>
  <millis>1572942069293</millis>
  <sequence>89</sequence>
  <level>PASSED</level>
  <class>com.kms.katalon.core.logging.XmlKeywordLogger</class>
  <method>logMessage</method>
  <thread>1</thread>
  <message>Object &amp;apos;Object Repository/Page_Checkatrade Find a tradesperson you can trust/div_close_1&amp;apos; is present</message>
  <nestedLevel>2</nestedLevel>
</record>
<record>
  <date>2019-11-05T08:21:09</date>
  <millis>1572942069293</millis>
  <sequence>90</sequence>
  <level>START</level>
  <class>com.kms.katalon.core.logging.XmlKeywordLogger</class>
  <method>startKeyword</method>
  <thread>1</thread>
  <message>Start action : click(findTestObject(\&amp;quot;Page_Checkatrade Find a tradesperson you can trust/div_close_1\&amp;quot;))</message>
  <nestedLevel>3</nestedLevel>
  <property name="startLine">95</property>
  <property name="stepIndex">1</property>
  <property name="description">---------------------------------</property>
</record>
<record>
  <date>2019-11-05T08:21:09</date>
  <millis>1572942069346</millis>
  <sequence>97</sequence>
  <level>PASSED</level>
  <class>com.kms.katalon.core.logging.XmlKeywordLogger</class>
  <method>logMessage</method>
  <thread>1</thread>
  <message>Object: &amp;apos;Object Repository/Page_Checkatrade Find a tradesperson you can trust/div_close_1&amp;apos; is clicked on</message>
  <nestedLevel>2</nestedLevel>
</record>
<record>
  <date>2019-11-05T08:21:09</date>
  <millis>1572942069346</millis>
  <sequence>98</sequence>
  <level>END</level>
  <class>com.kms.katalon.core.logging.XmlKeywordLogger</class>
  <method>endKeyword</method>
  <thread>1</thread>
  <message>End action : click(findTestObject(\&amp;quot;Page_Checkatrade Find a tradesperson you can trust/div_close_1\&amp;quot;))</message>
  <nestedLevel>3</nestedLevel>
</record>
<record>
  <date>2019-11-05T08:21:09</date>
  <millis>1572942069347</millis>
  <sequence>99</sequence>
  <level>START</level>
  <class>com.kms.katalon.core.logging.XmlKeywordLogger</class>
  <method>startKeyword</method>
  <thread>1</thread>
  <message>Start action : \&amp;quot;---------------------------------\&amp;quot;</message>
  <nestedLevel>3</nestedLevel>
  <property name="startLine">96</property>
  <property name="stepIndex">2</property>
</record>
<record>
  <date>2019-11-05T08:21:09</date>
  <millis>1572942069347</millis>
  <sequence>100</sequence>
  <level>END</level>
  <class>com.kms.katalon.core.logging.XmlKeywordLogger</class>
  <method>endKeyword</method>
  <thread>1</thread>
  <message>End action : \&amp;quot;---------------------------------\&amp;quot;</message>
  <nestedLevel>3</nestedLevel>
</record>
<record>
  <date>2019-11-05T08:21:09</date>
  <millis>1572942069348</millis>
  <sequence>101</sequence>
  <level>START</level>
  <class>com.kms.katalon.core.logging.XmlKeywordLogger</class>
  <method>startKeyword</method>
  <thread>1</thread>
  <message>Start action : \&amp;quot;PRIVACY POPOUT REMOVED - Confirmed\&amp;quot;</message>
  <nestedLevel>3</nestedLevel>
  <property name="startLine">97</property>
  <property name="stepIndex">3</property>
</record>
<record>
  <date>2019-11-05T08:21:09</date>
  <millis>1572942069349</millis>
  <sequence>102</sequence>
  <level>END</level>
  <class>com.kms.katalon.core.logging.XmlKeywordLogger</class>
  <method>endKeyword</method>
  <thread>1</thread>
  <message>End action : \&amp;quot;PRIVACY POPOUT REMOVED - Confirmed\&amp;quot;</message>
  <nestedLevel>3</nestedLevel>
</record>
<record>
  <date>2019-11-05T08:21:09</date>
  <millis>1572942069349</millis>
  <sequence>103</sequence>
  <level>START</level>
  <class>com.kms.katalon.core.logging.XmlKeywordLogger</class>
  <method>startKeyword</method>
  <thread>1</thread>
  <message>Start action : delay(1)</message>
  <nestedLevel>3</nestedLevel>
  <property name="startLine">100</property>
  <property name="stepIndex">4</property>
  <property name="description">---------------------------------</property>
</record>
<record>
  <date>2019-11-05T08:21:10</date>
  <millis>1572942070353</millis>
  <sequence>105</sequence>
  <level>PASSED</level>
  <class>com.kms.katalon.core.logging.XmlKeywordLogger</class>
  <method>logMessage</method>
  <thread>1</thread>
  <message>Delayed 1 second(s)</message>
  <nestedLevel>2</nestedLevel>
</record>
<record>
  <date>2019-11-05T08:21:10</date>
  <millis>1572942070356</millis>
  <sequence>106</sequence>
  <level>END</level>
  <class>com.kms.katalon.core.logging.XmlKeywordLogger</class>
  <method>endKeyword</method>
  <thread>1</thread>
  <message>End action : delay(1)</message>
  <nestedLevel>3</nestedLevel>
</record>
<record>
  <date>2019-11-05T08:21:10</date>
  <millis>1572942070356</millis>
  <sequence>107</sequence>
  <level>START</level>
  <class>com.kms.katalon.core.logging.XmlKeywordLogger</class>
  <method>startKeyword</method>
  <thread>1</thread>
  <message>Start action : verifyTextNotPresent(\&amp;quot;We have updated our Privacy Policy, please review this\&amp;quot;, false)</message>
  <nestedLevel>3</nestedLevel>
  <property name="startLine">101</property>
  <property name="stepIndex">5</property>
</record>
<record>
  <date>2019-11-05T08:21:10</date>
  <millis>1572942070539</millis>
  <sequence>110</sequence>
  <level>PASSED</level>
  <class>com.kms.katalon.core.logging.XmlKeywordLogger</class>
  <method>logMessage</method>
  <thread>1</thread>
  <message>Text &amp;apos;We have updated our Privacy Policy, please review this&amp;apos; is not present on page</message>
  <nestedLevel>2</nestedLevel>
</record>
<record>
  <date>2019-11-05T08:21:10</date>
  <millis>1572942070540</millis>
  <sequence>111</sequence>
  <level>END</level>
  <class>com.kms.katalon.core.logging.XmlKeywordLogger</class>
  <method>endKeyword</method>
  <thread>1</thread>
  <message>End action : verifyTextNotPresent(\&amp;quot;We have updated our Privacy Policy, please review this\&amp;quot;, false)</message>
  <nestedLevel>3</nestedLevel>
</record>
<record>
  <date>2019-11-05T08:21:10</date>
  <millis>1572942070540</millis>
  <sequence>112</sequence>
  <level>END</level>
  <class>com.kms.katalon.core.logging.XmlKeywordLogger</class>
  <method>endKeyword</method>
  <thread>1</thread>
  <message>End action : if (verifyElementPresent(findTestObject(\&amp;quot;Page_Checkatrade Find a tradesperson you can trust/div_close_1\&amp;quot;), 1, OPTIONAL))</message>
  <nestedLevel>2</nestedLevel>
</record>
<record>
  <date>2019-11-05T08:21:10</date>
  <millis>1572942070540</millis>
  <sequence>113</sequence>
  <level>END</level>
  <class>com.kms.katalon.core.logging.XmlKeywordLogger</class>
  <method>endKeyword</method>
  <thread>1</thread>
  <message>End action : try</message>
  <nestedLevel>1</nestedLevel>
</record>
<record>
  <date>2019-11-05T08:21:10</date>
  <millis>1572942070540</millis>
  <sequence>114</sequence>
  <level>PASSED</level>
  <class>com.kms.katalon.core.logging.XmlKeywordLogger</class>
  <method>logMessage</method>
  <thread>1</thread>
  <message>Test Cases/Reusable_Test_Sequences/CAT_Setup</message>
  <nestedLevel>2</nestedLevel>
</record>
<record>
  <date>2019-11-05T08:21:10</date>
  <millis>1572942070540</millis>
  <sequence>115</sequence>
  <level>END</level>
  <class>com.kms.katalon.core.logging.XmlKeywordLogger</class>
  <method>endTest</method>
  <thread>1</thread>
  <message>End Test Case : Test Cases/Reusable_Test_Sequences/CAT_Setup</message>
  <nestedLevel>1</nestedLevel>
</record>
<record>
  <date>2019-11-05T08:21:10</date>
  <millis>1572942070547</millis>
  <sequence>116</sequence>
  <level>PASSED</level>
  <class>com.kms.katalon.core.logging.XmlKeywordLogger</class>
  <method>logMessage</method>
  <thread>1</thread>
  <message>Call Test Case &amp;apos;Test Cases/Reusable_Test_Sequences/CAT_Setup&amp;apos; successfully</message>
  <nestedLevel>1</nestedLevel>
</record>
<record>
  <date>2019-11-05T08:21:10</date>
  <millis>1572942070548</millis>
  <sequence>117</sequence>
  <level>END</level>
  <class>com.kms.katalon.core.logging.XmlKeywordLogger</class>
  <method>endKeyword</method>
  <thread>1</thread>
  <message>End action : callTestCase(findTestCase(\&amp;quot;Reusable_Test_Sequences/CAT_Setup\&amp;quot;), [:], OPTIONAL)</message>
  <nestedLevel>2</nestedLevel>
</record>
<record>
  <date>2019-11-05T08:21:10</date>
  <millis>1572942070548</millis>
  <sequence>118</sequence>
  <level>START</level>
  <class>com.kms.katalon.core.logging.XmlKeywordLogger</class>
  <method>startKeyword</method>
  <thread>1</thread>
  <message>Start action : \&amp;quot; ALTERNATIVE SCREEN RESOLUTION SELECTION METHOD\&amp;quot;</message>
  <nestedLevel>2</nestedLevel>
  <property name="startLine">60</property>
  <property name="stepIndex">2</property>
</record>
<record>
  <date>2019-11-05T08:21:10</date>
  <millis>1572942070549</millis>
  <sequence>119</sequence>
  <level>END</level>
  <class>com.kms.katalon.core.logging.XmlKeywordLogger</class>
  <method>endKeyword</method>
  <thread>1</thread>
  <message>End action : \&amp;quot; ALTERNATIVE SCREEN RESOLUTION SELECTION METHOD\&amp;quot;</message>
  <nestedLevel>2</nestedLevel>
</record>
<record>
  <date>2019-11-05T08:21:10</date>
  <millis>1572942070549</millis>
  <sequence>120</sequence>
  <level>START</level>
  <class>com.kms.katalon.core.logging.XmlKeywordLogger</class>
  <method>startKeyword</method>
  <thread>1</thread>
  <message>Start action : \&amp;quot; ACTUAL SCREEN RESOLUTION SELECTION METHOD USED\&amp;quot;</message>
  <nestedLevel>2</nestedLevel>
  <property name="startLine">94</property>
  <property name="stepIndex">3</property>
</record>
<record>
  <date>2019-11-05T08:21:10</date>
  <millis>1572942070550</millis>
  <sequence>121</sequence>
  <level>END</level>
  <class>com.kms.katalon.core.logging.XmlKeywordLogger</class>
  <method>endKeyword</method>
  <thread>1</thread>
  <message>End action : \&amp;quot; ACTUAL SCREEN RESOLUTION SELECTION METHOD USED\&amp;quot;</message>
  <nestedLevel>2</nestedLevel>
</record>
<record>
  <date>2019-11-05T08:21:10</date>
  <millis>1572942070550</millis>
  <sequence>122</sequence>
  <level>START</level>
  <class>com.kms.katalon.core.logging.XmlKeywordLogger</class>
  <method>startKeyword</method>
  <thread>1</thread>
  <message>Start action : XCOORD = Integer.parseInt(findTestData(\&amp;quot;searchTestData\&amp;quot;).getValue(\&amp;quot;X_COORD\&amp;quot;, row))</message>
  <nestedLevel>2</nestedLevel>
  <property name="startLine">99</property>
  <property name="stepIndex">4</property>
  <property name="description">Set viewport size eg. 703x347</property>
</record>
<record>
  <date>2019-11-05T08:21:10</date>
  <millis>1572942070609</millis>
  <sequence>127</sequence>
  <level>END</level>
  <class>com.kms.katalon.core.logging.XmlKeywordLogger</class>
  <method>endKeyword</method>
  <thread>1</thread>
  <message>End action : XCOORD = Integer.parseInt(findTestData(\&amp;quot;searchTestData\&amp;quot;).getValue(\&amp;quot;X_COORD\&amp;quot;, row))</message>
  <nestedLevel>2</nestedLevel>
</record>
<record>
  <date>2019-11-05T08:21:10</date>
  <millis>1572942070609</millis>
  <sequence>128</sequence>
  <level>START</level>
  <class>com.kms.katalon.core.logging.XmlKeywordLogger</class>
  <method>startKeyword</method>
  <thread>1</thread>
  <message>Start action : YCOORD = Integer.parseInt(findTestData(\&amp;quot;searchTestData\&amp;quot;).getValue(\&amp;quot;Y_COORD\&amp;quot;, row))</message>
  <nestedLevel>2</nestedLevel>
  <property name="startLine">100</property>
  <property name="stepIndex">5</property>
</record>
<record>
  <date>2019-11-05T08:21:10</date>
  <millis>1572942070634</millis>
  <sequence>133</sequence>
  <level>END</level>
  <class>com.kms.katalon.core.logging.XmlKeywordLogger</class>
  <method>endKeyword</method>
  <thread>1</thread>
  <message>End action : YCOORD = Integer.parseInt(findTestData(\&amp;quot;searchTestData\&amp;quot;).getValue(\&amp;quot;Y_COORD\&amp;quot;, row))</message>
  <nestedLevel>2</nestedLevel>
</record>
<record>
  <date>2019-11-05T08:21:10</date>
  <millis>1572942070635</millis>
  <sequence>134</sequence>
  <level>START</level>
  <class>com.kms.katalon.core.logging.XmlKeywordLogger</class>
  <method>startKeyword</method>
  <thread>1</thread>
  <message>Start action : setViewPortSize(XCOORD, YCOORD)</message>
  <nestedLevel>2</nestedLevel>
  <property name="startLine">104</property>
  <property name="stepIndex">6</property>
</record>
<record>
  <date>2019-11-05T08:21:10</date>
  <millis>1572942070877</millis>
  <sequence>137</sequence>
  <level>PASSED</level>
  <class>com.kms.katalon.core.logging.XmlKeywordLogger</class>
  <method>logMessage</method>
  <thread>1</thread>
  <message>Viewport is set to new size with width = 800 and height = 1000</message>
  <nestedLevel>1</nestedLevel>
</record>
<record>
  <date>2019-11-05T08:21:10</date>
  <millis>1572942070878</millis>
  <sequence>138</sequence>
  <level>END</level>
  <class>com.kms.katalon.core.logging.XmlKeywordLogger</class>
  <method>endKeyword</method>
  <thread>1</thread>
  <message>End action : setViewPortSize(XCOORD, YCOORD)</message>
  <nestedLevel>2</nestedLevel>
</record>
<record>
  <date>2019-11-05T08:21:10</date>
  <millis>1572942070878</millis>
  <sequence>139</sequence>
  <level>START</level>
  <class>com.kms.katalon.core.logging.XmlKeywordLogger</class>
  <method>startKeyword</method>
  <thread>1</thread>
  <message>Start action : waitForPageLoad(60)</message>
  <nestedLevel>2</nestedLevel>
  <property name="startLine">106</property>
  <property name="stepIndex">7</property>
  <property name="description">Page Loading</property>
</record>
<record>
  <date>2019-11-05T08:21:10</date>
  <millis>1572942070888</millis>
  <sequence>141</sequence>
  <level>PASSED</level>
  <class>com.kms.katalon.core.logging.XmlKeywordLogger</class>
  <method>logMessage</method>
  <thread>1</thread>
  <message>Wait for page load successfully</message>
  <nestedLevel>1</nestedLevel>
</record>
<record>
  <date>2019-11-05T08:21:10</date>
  <millis>1572942070888</millis>
  <sequence>142</sequence>
  <level>END</level>
  <class>com.kms.katalon.core.logging.XmlKeywordLogger</class>
  <method>endKeyword</method>
  <thread>1</thread>
  <message>End action : waitForPageLoad(60)</message>
  <nestedLevel>2</nestedLevel>
</record>
<record>
  <date>2019-11-05T08:21:10</date>
  <millis>1572942070888</millis>
  <sequence>143</sequence>
  <level>START</level>
  <class>com.kms.katalon.core.logging.XmlKeywordLogger</class>
  <method>startKeyword</method>
  <thread>1</thread>
  <message>Start action : out.println(\&amp;quot;Set View Port Size is currently SET to X AXIS \&amp;quot; + XCOORD + \&amp;quot; Y AXIS \&amp;quot; + YCOORD)</message>
  <nestedLevel>2</nestedLevel>
  <property name="startLine">110</property>
  <property name="stepIndex">8</property>
  <property name="description">Report on  the Current Set View Port Settings</property>
</record>
<record>
  <date>2019-11-05T08:21:10</date>
  <millis>1572942070901</millis>
  <sequence>144</sequence>
  <level>END</level>
  <class>com.kms.katalon.core.logging.XmlKeywordLogger</class>
  <method>endKeyword</method>
  <thread>1</thread>
  <message>End action : out.println(\&amp;quot;Set View Port Size is currently SET to X AXIS \&amp;quot; + XCOORD + \&amp;quot; Y AXIS \&amp;quot; + YCOORD)</message>
  <nestedLevel>2</nestedLevel>
</record>
<record>
  <date>2019-11-05T08:21:10</date>
  <millis>1572942070902</millis>
  <sequence>145</sequence>
  <level>START</level>
  <class>com.kms.katalon.core.logging.XmlKeywordLogger</class>
  <method>startKeyword</method>
  <thread>1</thread>
  <message>Start action : setText(findTestObject(\&amp;quot;Page_Checkatrade Find a tradesperson you can trust/input_Search through\&amp;quot;), findTestData(\&amp;quot;searchTestData\&amp;quot;).getValue(\&amp;quot;tradeClassification\&amp;quot;, row))</message>
  <nestedLevel>2</nestedLevel>
  <property name="startLine">114</property>
  <property name="stepIndex">9</property>
</record>
<record>
  <date>2019-11-05T08:21:11</date>
  <millis>1572942071129</millis>
  <sequence>158</sequence>
  <level>PASSED</level>
  <class>com.kms.katalon.core.logging.XmlKeywordLogger</class>
  <method>logMessage</method>
  <thread>1</thread>
  <message>Text &amp;apos;Tree Surgeon&amp;apos; is set on object &amp;apos;Object Repository/Page_Checkatrade Find a tradesperson you can trust/input_Search through&amp;apos;</message>
  <nestedLevel>1</nestedLevel>
</record>
<record>
  <date>2019-11-05T08:21:11</date>
  <millis>1572942071129</millis>
  <sequence>159</sequence>
  <level>END</level>
  <class>com.kms.katalon.core.logging.XmlKeywordLogger</class>
  <method>endKeyword</method>
  <thread>1</thread>
  <message>End action : setText(findTestObject(\&amp;quot;Page_Checkatrade Find a tradesperson you can trust/input_Search through\&amp;quot;), findTestData(\&amp;quot;searchTestData\&amp;quot;).getValue(\&amp;quot;tradeClassification\&amp;quot;, row))</message>
  <nestedLevel>2</nestedLevel>
</record>
<record>
  <date>2019-11-05T08:21:11</date>
  <millis>1572942071130</millis>
  <sequence>160</sequence>
  <level>START</level>
  <class>com.kms.katalon.core.logging.XmlKeywordLogger</class>
  <method>startKeyword</method>
  <thread>1</thread>
  <message>Start action : waitForPageLoad(60)</message>
  <nestedLevel>2</nestedLevel>
  <property name="startLine">118</property>
  <property name="stepIndex">10</property>
  <property name="description">Page Loading</property>
</record>
<record>
  <date>2019-11-05T08:21:11</date>
  <millis>1572942071139</millis>
  <sequence>162</sequence>
  <level>PASSED</level>
  <class>com.kms.katalon.core.logging.XmlKeywordLogger</class>
  <method>logMessage</method>
  <thread>1</thread>
  <message>Wait for page load successfully</message>
  <nestedLevel>1</nestedLevel>
</record>
<record>
  <date>2019-11-05T08:21:11</date>
  <millis>1572942071139</millis>
  <sequence>163</sequence>
  <level>END</level>
  <class>com.kms.katalon.core.logging.XmlKeywordLogger</class>
  <method>endKeyword</method>
  <thread>1</thread>
  <message>End action : waitForPageLoad(60)</message>
  <nestedLevel>2</nestedLevel>
</record>
<record>
  <date>2019-11-05T08:21:11</date>
  <millis>1572942071139</millis>
  <sequence>164</sequence>
  <level>START</level>
  <class>com.kms.katalon.core.logging.XmlKeywordLogger</class>
  <method>startKeyword</method>
  <thread>1</thread>
  <message>Start action : \&amp;quot;Set and SEARCH SELECTED LOCATION\&amp;quot;</message>
  <nestedLevel>2</nestedLevel>
  <property name="startLine">120</property>
  <property name="stepIndex">11</property>
</record>
<record>
  <date>2019-11-05T08:21:11</date>
  <millis>1572942071140</millis>
  <sequence>165</sequence>
  <level>END</level>
  <class>com.kms.katalon.core.logging.XmlKeywordLogger</class>
  <method>endKeyword</method>
  <thread>1</thread>
  <message>End action : \&amp;quot;Set and SEARCH SELECTED LOCATION\&amp;quot;</message>
  <nestedLevel>2</nestedLevel>
</record>
<record>
  <date>2019-11-05T08:21:11</date>
  <millis>1572942071140</millis>
  <sequence>166</sequence>
  <level>START</level>
  <class>com.kms.katalon.core.logging.XmlKeywordLogger</class>
  <method>startKeyword</method>
  <thread>1</thread>
  <message>Start action : setText(findTestObject(\&amp;quot;Object Repository/Checkatrade_Trade_Search_Page/Page_Checkatrade Find a tradesperson you can trust/input_location\&amp;quot;), findTestData(\&amp;quot;searchTestData\&amp;quot;).getValue(\&amp;quot;tradeLocation\&amp;quot;, row))</message>
  <nestedLevel>2</nestedLevel>
  <property name="startLine">122</property>
  <property name="stepIndex">12</property>
  <property name="description">---------------------------------</property>
</record>
<record>
  <date>2019-11-05T08:21:11</date>
  <millis>1572942071266</millis>
  <sequence>179</sequence>
  <level>PASSED</level>
  <class>com.kms.katalon.core.logging.XmlKeywordLogger</class>
  <method>logMessage</method>
  <thread>1</thread>
  <message>Text &amp;apos;Gosport&amp;apos; is set on object &amp;apos;Object Repository/Checkatrade_Trade_Search_Page/Page_Checkatrade Find a tradesperson you can trust/input_location&amp;apos;</message>
  <nestedLevel>1</nestedLevel>
</record>
<record>
  <date>2019-11-05T08:21:11</date>
  <millis>1572942071267</millis>
  <sequence>180</sequence>
  <level>END</level>
  <class>com.kms.katalon.core.logging.XmlKeywordLogger</class>
  <method>endKeyword</method>
  <thread>1</thread>
  <message>End action : setText(findTestObject(\&amp;quot;Object Repository/Checkatrade_Trade_Search_Page/Page_Checkatrade Find a tradesperson you can trust/input_location\&amp;quot;), findTestData(\&amp;quot;searchTestData\&amp;quot;).getValue(\&amp;quot;tradeLocation\&amp;quot;, row))</message>
  <nestedLevel>2</nestedLevel>
</record>
<record>
  <date>2019-11-05T08:21:11</date>
  <millis>1572942071267</millis>
  <sequence>181</sequence>
  <level>START</level>
  <class>com.kms.katalon.core.logging.XmlKeywordLogger</class>
  <method>startKeyword</method>
  <thread>1</thread>
  <message>Start action : waitForPageLoad(60)</message>
  <nestedLevel>2</nestedLevel>
  <property name="startLine">125</property>
  <property name="stepIndex">13</property>
  <property name="description">Page Loading</property>
</record>
<record>
  <date>2019-11-05T08:21:11</date>
  <millis>1572942071277</millis>
  <sequence>183</sequence>
  <level>PASSED</level>
  <class>com.kms.katalon.core.logging.XmlKeywordLogger</class>
  <method>logMessage</method>
  <thread>1</thread>
  <message>Wait for page load successfully</message>
  <nestedLevel>1</nestedLevel>
</record>
<record>
  <date>2019-11-05T08:21:11</date>
  <millis>1572942071278</millis>
  <sequence>184</sequence>
  <level>END</level>
  <class>com.kms.katalon.core.logging.XmlKeywordLogger</class>
  <method>endKeyword</method>
  <thread>1</thread>
  <message>End action : waitForPageLoad(60)</message>
  <nestedLevel>2</nestedLevel>
</record>
<record>
  <date>2019-11-05T08:21:11</date>
  <millis>1572942071278</millis>
  <sequence>185</sequence>
  <level>START</level>
  <class>com.kms.katalon.core.logging.XmlKeywordLogger</class>
  <method>startKeyword</method>
  <thread>1</thread>
  <message>Start action : scrollToElement(findTestObject(\&amp;quot;Object Repository/Checkatrade_Trade_Search_Page/Page_Checkatrade Find a tradesperson you can trust/a_Search\&amp;quot;), 5)</message>
  <nestedLevel>2</nestedLevel>
  <property name="startLine">128</property>
  <property name="stepIndex">14</property>
  <property name="description">Scroll to Element (off screen)</property>
</record>
<record>
  <date>2019-11-05T08:21:11</date>
  <millis>1572942071307</millis>
  <sequence>193</sequence>
  <level>PASSED</level>
  <class>com.kms.katalon.core.logging.XmlKeywordLogger</class>
  <method>logMessage</method>
  <thread>1</thread>
  <message>Scroll to object &amp;apos;Object Repository/Checkatrade_Trade_Search_Page/Page_Checkatrade Find a tradesperson you can trust/a_Search&amp;apos; successfully</message>
  <nestedLevel>1</nestedLevel>
</record>
<record>
  <date>2019-11-05T08:21:11</date>
  <millis>1572942071308</millis>
  <sequence>194</sequence>
  <level>END</level>
  <class>com.kms.katalon.core.logging.XmlKeywordLogger</class>
  <method>endKeyword</method>
  <thread>1</thread>
  <message>End action : scrollToElement(findTestObject(\&amp;quot;Object Repository/Checkatrade_Trade_Search_Page/Page_Checkatrade Find a tradesperson you can trust/a_Search\&amp;quot;), 5)</message>
  <nestedLevel>2</nestedLevel>
</record>
<record>
  <date>2019-11-05T08:21:11</date>
  <millis>1572942071308</millis>
  <sequence>195</sequence>
  <level>START</level>
  <class>com.kms.katalon.core.logging.XmlKeywordLogger</class>
  <method>startKeyword</method>
  <thread>1</thread>
  <message>Start action : waitForPageLoad(60)</message>
  <nestedLevel>2</nestedLevel>
  <property name="startLine">131</property>
  <property name="stepIndex">15</property>
  <property name="description">Page Loading</property>
</record>
<record>
  <date>2019-11-05T08:21:11</date>
  <millis>1572942071317</millis>
  <sequence>197</sequence>
  <level>PASSED</level>
  <class>com.kms.katalon.core.logging.XmlKeywordLogger</class>
  <method>logMessage</method>
  <thread>1</thread>
  <message>Wait for page load successfully</message>
  <nestedLevel>1</nestedLevel>
</record>
<record>
  <date>2019-11-05T08:21:11</date>
  <millis>1572942071317</millis>
  <sequence>198</sequence>
  <level>END</level>
  <class>com.kms.katalon.core.logging.XmlKeywordLogger</class>
  <method>endKeyword</method>
  <thread>1</thread>
  <message>End action : waitForPageLoad(60)</message>
  <nestedLevel>2</nestedLevel>
</record>
<record>
  <date>2019-11-05T08:21:11</date>
  <millis>1572942071317</millis>
  <sequence>199</sequence>
  <level>START</level>
  <class>com.kms.katalon.core.logging.XmlKeywordLogger</class>
  <method>startKeyword</method>
  <thread>1</thread>
  <message>Start action : \&amp;quot;-------------\&amp;quot;</message>
  <nestedLevel>2</nestedLevel>
  <property name="startLine">132</property>
  <property name="stepIndex">16</property>
</record>
<record>
  <date>2019-11-05T08:21:11</date>
  <millis>1572942071318</millis>
  <sequence>200</sequence>
  <level>END</level>
  <class>com.kms.katalon.core.logging.XmlKeywordLogger</class>
  <method>endKeyword</method>
  <thread>1</thread>
  <message>End action : \&amp;quot;-------------\&amp;quot;</message>
  <nestedLevel>2</nestedLevel>
</record>
<record>
  <date>2019-11-05T08:21:11</date>
  <millis>1572942071318</millis>
  <sequence>201</sequence>
  <level>START</level>
  <class>com.kms.katalon.core.logging.XmlKeywordLogger</class>
  <method>startKeyword</method>
  <thread>1</thread>
  <message>Start action : doubleClick(findTestObject(\&amp;quot;Object Repository/Checkatrade_Trade_Search_Page/Page_Checkatrade Find a tradesperson you can trust/a_Search\&amp;quot;))</message>
  <nestedLevel>2</nestedLevel>
  <property name="startLine">134</property>
  <property name="stepIndex">17</property>
  <property name="description">HIT SEARCH</property>
</record>
<record>
  <date>2019-11-05T08:21:20</date>
  <millis>1572942080503</millis>
  <sequence>208</sequence>
  <level>PASSED</level>
  <class>com.kms.katalon.core.logging.XmlKeywordLogger</class>
  <method>logMessage</method>
  <thread>1</thread>
  <message>Object: &amp;apos;Object Repository/Checkatrade_Trade_Search_Page/Page_Checkatrade Find a tradesperson you can trust/a_Search&amp;apos; is double clicked on</message>
  <nestedLevel>1</nestedLevel>
</record>
<record>
  <date>2019-11-05T08:21:20</date>
  <millis>1572942080505</millis>
  <sequence>209</sequence>
  <level>END</level>
  <class>com.kms.katalon.core.logging.XmlKeywordLogger</class>
  <method>endKeyword</method>
  <thread>1</thread>
  <message>End action : doubleClick(findTestObject(\&amp;quot;Object Repository/Checkatrade_Trade_Search_Page/Page_Checkatrade Find a tradesperson you can trust/a_Search\&amp;quot;))</message>
  <nestedLevel>2</nestedLevel>
</record>
<record>
  <date>2019-11-05T08:21:20</date>
  <millis>1572942080507</millis>
  <sequence>210</sequence>
  <level>START</level>
  <class>com.kms.katalon.core.logging.XmlKeywordLogger</class>
  <method>startKeyword</method>
  <thread>1</thread>
  <message>Start action : waitForPageLoad(60)</message>
  <nestedLevel>2</nestedLevel>
  <property name="startLine">136</property>
  <property name="stepIndex">18</property>
  <property name="description">Page Loading</property>
</record>
<record>
  <date>2019-11-05T08:21:20</date>
  <millis>1572942080544</millis>
  <sequence>212</sequence>
  <level>PASSED</level>
  <class>com.kms.katalon.core.logging.XmlKeywordLogger</class>
  <method>logMessage</method>
  <thread>1</thread>
  <message>Wait for page load successfully</message>
  <nestedLevel>1</nestedLevel>
</record>
<record>
  <date>2019-11-05T08:21:20</date>
  <millis>1572942080546</millis>
  <sequence>213</sequence>
  <level>END</level>
  <class>com.kms.katalon.core.logging.XmlKeywordLogger</class>
  <method>endKeyword</method>
  <thread>1</thread>
  <message>End action : waitForPageLoad(60)</message>
  <nestedLevel>2</nestedLevel>
</record>
<record>
  <date>2019-11-05T08:21:20</date>
  <millis>1572942080548</millis>
  <sequence>214</sequence>
  <level>START</level>
  <class>com.kms.katalon.core.logging.XmlKeywordLogger</class>
  <method>startKeyword</method>
  <thread>1</thread>
  <message>Start action : scrollToElement(findTestObject(\&amp;quot;Object Repository/Page_Returned_Concantanated_Text/h1_Concantanated_Returned_Result\&amp;quot;), 5)</message>
  <nestedLevel>2</nestedLevel>
  <property name="startLine">139</property>
  <property name="stepIndex">19</property>
  <property name="description">Scroll to Element Containing The Concantanated Test data (off screen)</property>
</record>
<record>
  <date>2019-11-05T08:21:51</date>
  <millis>1572942111811</millis>
  <sequence>220</sequence>
  <level>INFO</level>
  <class>com.kms.katalon.core.logging.XmlKeywordLogger</class>
  <method>logMessage</method>
  <thread>1</thread>
  <message>Unable to find the element located by &amp;apos;By.xpath: //div[@id=&amp;apos;ctl00_ctlMain&amp;apos;]/div[2]/div/div/h1&amp;apos;. Please recheck the objects properties to make sure the desired element is located. </message>
  <nestedLevel>1</nestedLevel>
</record>
<record>
  <date>2019-11-05T08:22:08</date>
  <millis>1572942128243</millis>
  <sequence>221</sequence>
  <level>END</level>
  <class>com.kms.katalon.core.logging.XmlKeywordLogger</class>
  <method>endKeyword</method>
  <thread>1</thread>
  <message>End action : scrollToElement(findTestObject(\&amp;quot;Object Repository/Page_Returned_Concantanated_Text/h1_Concantanated_Returned_Result\&amp;quot;), 5)</message>
  <nestedLevel>2</nestedLevel>
</record>
<record>
  <date>2019-11-05T08:22:08</date>
  <millis>1572942128244</millis>
  <sequence>222</sequence>
  <level>END</level>
  <class>com.kms.katalon.core.logging.XmlKeywordLogger</class>
  <method>endKeyword</method>
  <thread>1</thread>
  <message>End action : for ([row = 1, row &amp;lt;= findTestData(\&amp;quot;Mobile_Test_Data\&amp;quot;).getRowNumbers(), (internal.GlobalVariable.row++)])</message>
  <nestedLevel>1</nestedLevel>
</record>
<record>
  <date>2019-11-05T08:22:08</date>
  <millis>1572942128260</millis>
  <sequence>224</sequence>
  <level>ERROR</level>
  <class>com.kms.katalon.core.logging.XmlKeywordLogger</class>
  <method>logMessage</method>
  <thread>1</thread>
  <message>Test Cases/Mobile_Devices/Default_Device_Dev FAILED.\nReason:\njava.lang.RuntimeException: Unexpected result for screenshot command: null\r\n\tat org.openqa.selenium.remote.RemoteWebDriver.getScreenshotAs(RemoteWebDriver.java:304)\r\n\tat com.kms.katalon.core.webui.helper.screenshot.WebUIScreenCaptor.take(WebUIScreenCaptor.java:26)\r\n\tat com.kms.katalon.core.helper.screenshot.ScreenCaptor.takeScreenshotAndGetAttributes(ScreenCaptor.java:37)\r\n\tat com.kms.katalon.core.webui.keyword.internal.WebUIKeywordMain.stepFailed(WebUIKeywordMain.groovy:64)\r\n\tat com.kms.katalon.core.webui.keyword.internal.WebUIKeywordMain.runKeyword(WebUIKeywordMain.groovy:26)\r\n\tat com.kms.katalon.core.webui.keyword.builtin.ScrollToElementKeyword.scrollToElement(ScrollToElementKeyword.groovy:88)\r\n\tat com.kms.katalon.core.webui.keyword.builtin.ScrollToElementKeyword.execute(ScrollToElementKeyword.groovy:68)\r\n\tat com.kms.katalon.core.keyword.internal.KeywordExecutor.executeKeywordForPlatform(KeywordExecutor.groovy:56)\r\n\tat com.kms.katalon.core.webui.keyword.WebUiBuiltInKeywords.scrollToElement(WebUiBuiltInKeywords.groovy:2975)\r\n\tat com.kms.katalon.core.webui.keyword.WebUiBuiltInKeywords$scrollToElement$8.call(Unknown Source)\r\n\tat Default_Device_Dev.run(Default_Device_Dev:139)\r\n\tat com.kms.katalon.core.main.ScriptEngine.run(ScriptEngine.java:194)\r\n\tat com.kms.katalon.core.main.ScriptEngine.runScriptAsRawText(ScriptEngine.java:119)\r\n\tat com.kms.katalon.core.main.TestCaseExecutor.runScript(TestCaseExecutor.java:337)\r\n\tat com.kms.katalon.core.main.TestCaseExecutor.doExecute(TestCaseExecutor.java:328)\r\n\tat com.kms.katalon.core.main.TestCaseExecutor.processExecutionPhase(TestCaseExecutor.java:307)\r\n\tat com.kms.katalon.core.main.TestCaseExecutor.accessMainPhase(TestCaseExecutor.java:299)\r\n\tat com.kms.katalon.core.main.TestCaseExecutor.execute(TestCaseExecutor.java:233)\r\n\tat com.kms.katalon.core.main.TestSuiteExecutor.accessTestCaseMainPhase(TestSuiteExecutor.java:133)\r\n\tat com.kms.katalon.core.main.TestSuiteExecutor.accessTestSuiteMainPhase(TestSuiteExecutor.java:116)\r\n\tat com.kms.katalon.core.main.TestSuiteExecutor.execute(TestSuiteExecutor.java:83)\r\n\tat com.kms.katalon.core.main.TestCaseMain.startTestSuite(TestCaseMain.java:157)\r\n\tat com.kms.katalon.core.main.TestCaseMain$startTestSuite$0.call(Unknown Source)\r\n\tat TempTestSuite1572941989892.run(TempTestSuite1572941989892.groovy:35)\r\n</message>
  <exception>
    <message>java.lang.RuntimeException: Unexpected result for screenshot command: null</message>
    <frame>
      <class>org.openqa.selenium.remote.RemoteWebDriver</class>
      <method>getScreenshotAs</method>
      <line>304</line>
    </frame>
    <frame>
      <class>com.kms.katalon.core.webui.helper.screenshot.WebUIScreenCaptor</class>
      <method>take</method>
      <line>26</line>
    </frame>
    <frame>
      <class>com.kms.katalon.core.helper.screenshot.ScreenCaptor</class>
      <method>takeScreenshotAndGetAttributes</method>
      <line>37</line>
    </frame>
    <frame>
      <class>com.kms.katalon.core.webui.keyword.internal.WebUIKeywordMain</class>
      <method>stepFailed</method>
      <line>64</line>
    </frame>
    <frame>
      <class>com.kms.katalon.core.webui.keyword.internal.WebUIKeywordMain</class>
      <method>runKeyword</method>
      <line>26</line>
    </frame>
    <frame>
      <class>com.kms.katalon.core.webui.keyword.builtin.ScrollToElementKeyword</class>
      <method>scrollToElement</method>
      <line>88</line>
    </frame>
    <frame>
      <class>com.kms.katalon.core.webui.keyword.builtin.ScrollToElementKeyword</class>
      <method>execute</method>
      <line>68</line>
    </frame>
    <frame>
      <class>com.kms.katalon.core.keyword.internal.KeywordExecutor</class>
      <method>executeKeywordForPlatform</method>
      <line>56</line>
    </frame>
    <frame>
      <class>com.kms.katalon.core.webui.keyword.WebUiBuiltInKeywords</class>
      <method>scrollToElement</method>
      <line>2975</line>
    </frame>
    <frame>
      <class>com.kms.katalon.core.webui.keyword.WebUiBuiltInKeywords$scrollToElement$8</class>
      <method>call</method>
    </frame>
    <frame>
      <class>Default_Device_Dev</class>
      <method>run</method>
      <line>139</line>
    </frame>
    <frame>
      <class>com.kms.katalon.core.main.ScriptEngine</class>
      <method>run</method>
      <line>194</line>
    </frame>
    <frame>
      <class>com.kms.katalon.core.main.ScriptEngine</class>
      <method>runScriptAsRawText</method>
      <line>119</line>
    </frame>
    <frame>
      <class>com.kms.katalon.core.main.TestCaseExecutor</class>
      <method>runScript</method>
      <line>337</line>
    </frame>
    <frame>
      <class>com.kms.katalon.core.main.TestCaseExecutor</class>
      <method>doExecute</method>
      <line>328</line>
    </frame>
    <frame>
      <class>com.kms.katalon.core.main.TestCaseExecutor</class>
      <method>processExecutionPhase</method>
      <line>307</line>
    </frame>
    <frame>
      <class>com.kms.katalon.core.main.TestCaseExecutor</class>
      <method>accessMainPhase</method>
      <line>299</line>
    </frame>
    <frame>
      <class>com.kms.katalon.core.main.TestCaseExecutor</class>
      <method>execute</method>
      <line>233</line>
    </frame>
    <frame>
      <class>com.kms.katalon.core.main.TestSuiteExecutor</class>
      <method>accessTestCaseMainPhase</method>
      <line>133</line>
    </frame>
    <frame>
      <class>com.kms.katalon.core.main.TestSuiteExecutor</class>
      <method>accessTestSuiteMainPhase</method>
      <line>116</line>
    </frame>
    <frame>
      <class>com.kms.katalon.core.main.TestSuiteExecutor</class>
      <method>execute</method>
      <line>83</line>
    </frame>
    <frame>
      <class>com.kms.katalon.core.main.TestCaseMain</class>
      <method>startTestSuite</method>
      <line>157</line>
    </frame>
    <frame>
      <class>com.kms.katalon.core.main.TestCaseMain$startTestSuite$0</class>
      <method>call</method>
    </frame>
    <frame>
      <class>TempTestSuite1572941989892</class>
      <method>run</method>
      <line>35</line>
    </frame>
  </exception>
  <nestedLevel>0</nestedLevel>
  <property name="failed.exception.stacktrace">java.lang.RuntimeException: Unexpected result for screenshot command: null\r\n\tat org.openqa.selenium.remote.RemoteWebDriver.getScreenshotAs(RemoteWebDriver.java:304)\r\n\tat com.kms.katalon.core.webui.helper.screenshot.WebUIScreenCaptor.take(WebUIScreenCaptor.java:26)\r\n\tat com.kms.katalon.core.helper.screenshot.ScreenCaptor.takeScreenshotAndGetAttributes(ScreenCaptor.java:37)\r\n\tat com.kms.katalon.core.webui.keyword.internal.WebUIKeywordMain.stepFailed(WebUIKeywordMain.groovy:64)\r\n\tat com.kms.katalon.core.webui.keyword.internal.WebUIKeywordMain.runKeyword(WebUIKeywordMain.groovy:26)\r\n\tat com.kms.katalon.core.webui.keyword.builtin.ScrollToElementKeyword.scrollToElement(ScrollToElementKeyword.groovy:88)\r\n\tat com.kms.katalon.core.webui.keyword.builtin.ScrollToElementKeyword.execute(ScrollToElementKeyword.groovy:68)\r\n\tat com.kms.katalon.core.keyword.internal.KeywordExecutor.executeKeywordForPlatform(KeywordExecutor.groovy:56)\r\n\tat com.kms.katalon.core.webui.keyword.WebUiBuiltInKeywords.scrollToElement(WebUiBuiltInKeywords.groovy:2975)\r\n\tat com.kms.katalon.core.webui.keyword.WebUiBuiltInKeywords$scrollToElement$8.call(Unknown Source)\r\n\tat Default_Device_Dev.run(Default_Device_Dev:139)\r\n\tat com.kms.katalon.core.main.ScriptEngine.run(ScriptEngine.java:194)\r\n\tat com.kms.katalon.core.main.ScriptEngine.runScriptAsRawText(ScriptEngine.java:119)\r\n\tat com.kms.katalon.core.main.TestCaseExecutor.runScript(TestCaseExecutor.java:337)\r\n\tat com.kms.katalon.core.main.TestCaseExecutor.doExecute(TestCaseExecutor.java:328)\r\n\tat com.kms.katalon.core.main.TestCaseExecutor.processExecutionPhase(TestCaseExecutor.java:307)\r\n\tat com.kms.katalon.core.main.TestCaseExecutor.accessMainPhase(TestCaseExecutor.java:299)\r\n\tat com.kms.katalon.core.main.TestCaseExecutor.execute(TestCaseExecutor.java:233)\r\n\tat com.kms.katalon.core.main.TestSuiteExecutor.accessTestCaseMainPhase(TestSuiteExecutor.java:133)\r\n\tat com.kms.katalon.core.main.TestSuiteExecutor.accessTestSuiteMainPhase(TestSuiteExecutor.java:116)\r\n\tat com.kms.katalon.core.main.TestSuiteExecutor.execute(TestSuiteExecutor.java:83)\r\n\tat com.kms.katalon.core.main.TestCaseMain.startTestSuite(TestCaseMain.java:157)\r\n\tat com.kms.katalon.core.main.TestCaseMain$startTestSuite$0.call(Unknown Source)\r\n\tat TempTestSuite1572941989892.run(TempTestSuite1572941989892.groovy:35)\r\n</property>
  <property name="failed.exception.class">java.lang.RuntimeException</property>
  <property name="failed.exception.message">Unexpected result for screenshot command: null</property>
</record>
<record>
  <date>2019-11-05T08:22:08</date>
  <millis>1572942128264</millis>
  <sequence>226</sequence>
  <level>END</level>
  <class>com.kms.katalon.core.logging.XmlKeywordLogger</class>
  <method>endTest</method>
  <thread>1</thread>
  <message>End Test Case : Test Cases/Mobile_Devices/Default_Device_Dev</message>
  <nestedLevel>0</nestedLevel>
</record>
<record>
  <date>2019-11-05T08:22:09</date>
  <millis>1572942129007</millis>
  <sequence>227</sequence>
  <level>END</level>
  <class>com.kms.katalon.core.logging.XmlKeywordLogger</class>
  <method>endSuite</method>
  <thread>1</thread>
  <message>End Test Suite : Test Suites/Mobile_Devices</message>
  <nestedLevel>0</nestedLevel>
</record>
</log>
