<?xml version="1.0" encoding="UTF-8" standalone="no"?>
<!DOCTYPE log SYSTEM "logger.dtd">
<log>
<record>
  <date>2019-12-11T12:49:36</date>
  <millis>1576068576549</millis>
  <sequence>0</sequence>
  <level>START</level>
  <class>com.kms.katalon.core.logging.XmlKeywordLogger</class>
  <method>startSuite</method>
  <thread>1</thread>
  <message>Start Test Suite : Test Suites/Members_My_Photos</message>
  <nestedLevel>0</nestedLevel>
  <property name="name">Members_My_Photos</property>
  <property name="description"></property>
  <property name="id">Test Suites/Members_My_Photos</property>
</record>
<record>
  <date>2019-12-11T12:49:36</date>
  <millis>1576068576571</millis>
  <sequence>1</sequence>
  <level>RUN_DATA</level>
  <class>com.kms.katalon.core.logging.XmlKeywordLogger</class>
  <method>logMessage</method>
  <thread>1</thread>
  <message>hostName = DavidHo - VETTEDSP36RF.check.local</message>
  <nestedLevel>0</nestedLevel>
  <property name="hostName">DavidHo - VETTEDSP36RF.check.local</property>
</record>
<record>
  <date>2019-12-11T12:49:36</date>
  <millis>1576068576572</millis>
  <sequence>2</sequence>
  <level>RUN_DATA</level>
  <class>com.kms.katalon.core.logging.XmlKeywordLogger</class>
  <method>logMessage</method>
  <thread>1</thread>
  <message>os = Windows 10 32bit</message>
  <nestedLevel>0</nestedLevel>
  <property name="os">Windows 10 32bit</property>
</record>
<record>
  <date>2019-12-11T12:49:36</date>
  <millis>1576068576572</millis>
  <sequence>3</sequence>
  <level>RUN_DATA</level>
  <class>com.kms.katalon.core.logging.XmlKeywordLogger</class>
  <method>logMessage</method>
  <thread>1</thread>
  <message>hostAddress = 10.0.11.243</message>
  <nestedLevel>0</nestedLevel>
  <property name="hostAddress">10.0.11.243</property>
</record>
<record>
  <date>2019-12-11T12:49:36</date>
  <millis>1576068576574</millis>
  <sequence>4</sequence>
  <level>RUN_DATA</level>
  <class>com.kms.katalon.core.logging.XmlKeywordLogger</class>
  <method>logMessage</method>
  <thread>1</thread>
  <message>katalonVersion = 7.1.2.1</message>
  <nestedLevel>0</nestedLevel>
  <property name="katalonVersion">7.1.2.1</property>
</record>
<record>
  <date>2019-12-11T12:49:36</date>
  <millis>1576068576873</millis>
  <sequence>5</sequence>
  <level>START</level>
  <class>com.kms.katalon.core.logging.XmlKeywordLogger</class>
  <method>startTest</method>
  <thread>1</thread>
  <message>Start Test Case : Test Cases/Members_Area/My_Photos</message>
  <nestedLevel>1</nestedLevel>
  <property name="name">Test Cases/Members_Area/My_Photos</property>
  <property name="description">Testing of the My Photos function from &lt;Grow Your Business&gt; on the Members Portal</property>
  <property name="id">Test Cases/Members_Area/My_Photos</property>
  <property name="source">C:\\Users\\davidho\\Katalon Studio\\Start\\Test Cases\\Members_Area\\My_Photos.tc</property>
  <property name="tag">Members Business Photos</property>
  <property name="isOptional">false</property>
</record>
<record>
  <date>2019-12-11T12:49:37</date>
  <millis>1576068577227</millis>
  <sequence>7</sequence>
  <level>START</level>
  <class>com.kms.katalon.core.logging.XmlKeywordLogger</class>
  <method>startKeyword</method>
  <thread>1</thread>
  <message>Start action : PAGE = \&amp;quot;manage-albums\&amp;quot;</message>
  <nestedLevel>1</nestedLevel>
  <property name="startLine">50</property>
  <property name="stepIndex">1</property>
  <property name="description">WARNING - Be AWARE that, for example, That the Members Area Link on Preview doesnt take you to Preview, but takes you to LIVE Members Area</property>
</record>
<record>
  <date>2019-12-11T12:49:38</date>
  <millis>1576068578067</millis>
  <sequence>8</sequence>
  <level>END</level>
  <class>com.kms.katalon.core.logging.XmlKeywordLogger</class>
  <method>endKeyword</method>
  <thread>1</thread>
  <message>End action : PAGE = \&amp;quot;manage-albums\&amp;quot;</message>
  <nestedLevel>1</nestedLevel>
</record>
<record>
  <date>2019-12-11T12:49:38</date>
  <millis>1576068578067</millis>
  <sequence>9</sequence>
  <level>START</level>
  <class>com.kms.katalon.core.logging.XmlKeywordLogger</class>
  <method>startKeyword</method>
  <thread>1</thread>
  <message>Start action : for ([row = 1, row &amp;lt;= findTestData(\&amp;quot;Members_Test_Data\&amp;quot;).getRowNumbers(), (internal.GlobalVariable.row++)])</message>
  <nestedLevel>1</nestedLevel>
  <property name="startLine">53</property>
  <property name="stepIndex">2</property>
  <property name="description">For Loop to Iterate over the test data provided by the Excel spreadsheet, \r\nassociated with this test\r\n</property>
</record>
<record>
  <date>2019-12-11T12:49:38</date>
  <millis>1576068578819</millis>
  <sequence>14</sequence>
  <level>START</level>
  <class>com.kms.katalon.core.logging.XmlKeywordLogger</class>
  <method>startKeyword</method>
  <thread>1</thread>
  <message>Start action : callTestCase(findTestCase(\&amp;quot;Reusable_Test_Sequences/Members_Area/Start_Up\&amp;quot;), [:], OPTIONAL)</message>
  <nestedLevel>2</nestedLevel>
  <property name="startLine">58</property>
  <property name="stepIndex">1</property>
</record>
<record>
  <date>2019-12-11T12:49:38</date>
  <millis>1576068578956</millis>
  <sequence>17</sequence>
  <level>START</level>
  <class>com.kms.katalon.core.logging.XmlKeywordLogger</class>
  <method>startTest</method>
  <thread>1</thread>
  <message>Start Test Case : Test Cases/Reusable_Test_Sequences/Members_Area/Start_Up</message>
  <nestedLevel>2</nestedLevel>
  <property name="name">Test Cases/Reusable_Test_Sequences/Members_Area/Start_Up</property>
  <property name="description">Open the Browser (No Standard Link From CAT)</property>
  <property name="id">Test Cases/Reusable_Test_Sequences/Members_Area/Start_Up</property>
  <property name="source">C:\\Users\\davidho\\Katalon Studio\\Start\\Test Cases\\Reusable_Test_Sequences\\Members_Area\\Start_Up.tc</property>
  <property name="tag">Members</property>
  <property name="isOptional">true</property>
</record>
<record>
  <date>2019-12-11T12:49:39</date>
  <millis>1576068579277</millis>
  <sequence>19</sequence>
  <level>START</level>
  <class>com.kms.katalon.core.logging.XmlKeywordLogger</class>
  <method>startKeyword</method>
  <thread>1</thread>
  <message>Start action : \&amp;quot;----------------------------------------------------\&amp;quot;</message>
  <nestedLevel>1</nestedLevel>
  <property name="startLine">54</property>
  <property name="stepIndex">1</property>
</record>
<record>
  <date>2019-12-11T12:49:39</date>
  <millis>1576068579279</millis>
  <sequence>20</sequence>
  <level>END</level>
  <class>com.kms.katalon.core.logging.XmlKeywordLogger</class>
  <method>endKeyword</method>
  <thread>1</thread>
  <message>End action : \&amp;quot;----------------------------------------------------\&amp;quot;</message>
  <nestedLevel>1</nestedLevel>
</record>
<record>
  <date>2019-12-11T12:49:39</date>
  <millis>1576068579279</millis>
  <sequence>21</sequence>
  <level>START</level>
  <class>com.kms.katalon.core.logging.XmlKeywordLogger</class>
  <method>startKeyword</method>
  <thread>1</thread>
  <message>Start action : FUNCTION_AREA = \&amp;quot;Members_Area\&amp;quot;</message>
  <nestedLevel>1</nestedLevel>
  <property name="startLine">56</property>
  <property name="stepIndex">2</property>
  <property name="description">Set Function Area for \&quot;URL_Handler\&quot;, URL Resolution</property>
</record>
<record>
  <date>2019-12-11T12:49:39</date>
  <millis>1576068579280</millis>
  <sequence>22</sequence>
  <level>END</level>
  <class>com.kms.katalon.core.logging.XmlKeywordLogger</class>
  <method>endKeyword</method>
  <thread>1</thread>
  <message>End action : FUNCTION_AREA = \&amp;quot;Members_Area\&amp;quot;</message>
  <nestedLevel>1</nestedLevel>
</record>
<record>
  <date>2019-12-11T12:49:39</date>
  <millis>1576068579280</millis>
  <sequence>23</sequence>
  <level>START</level>
  <class>com.kms.katalon.core.logging.XmlKeywordLogger</class>
  <method>startKeyword</method>
  <thread>1</thread>
  <message>Start action : \&amp;quot;Do Some Magic with URL(s) See the comments within URL Handler \&amp;quot;</message>
  <nestedLevel>1</nestedLevel>
  <property name="startLine">58</property>
  <property name="stepIndex">3</property>
</record>
<record>
  <date>2019-12-11T12:49:39</date>
  <millis>1576068579281</millis>
  <sequence>24</sequence>
  <level>END</level>
  <class>com.kms.katalon.core.logging.XmlKeywordLogger</class>
  <method>endKeyword</method>
  <thread>1</thread>
  <message>End action : \&amp;quot;Do Some Magic with URL(s) See the comments within URL Handler \&amp;quot;</message>
  <nestedLevel>1</nestedLevel>
</record>
<record>
  <date>2019-12-11T12:49:39</date>
  <millis>1576068579281</millis>
  <sequence>25</sequence>
  <level>START</level>
  <class>com.kms.katalon.core.logging.XmlKeywordLogger</class>
  <method>startKeyword</method>
  <thread>1</thread>
  <message>Start action : \&amp;quot;URL - Set from the ENVIRONMENT PROFILE - Specific Page Address Provided By +GlobalVariable.MembersURL  \&amp;quot;</message>
  <nestedLevel>1</nestedLevel>
  <property name="startLine">61</property>
  <property name="stepIndex">4</property>
</record>
<record>
  <date>2019-12-11T12:49:39</date>
  <millis>1576068579283</millis>
  <sequence>26</sequence>
  <level>END</level>
  <class>com.kms.katalon.core.logging.XmlKeywordLogger</class>
  <method>endKeyword</method>
  <thread>1</thread>
  <message>End action : \&amp;quot;URL - Set from the ENVIRONMENT PROFILE - Specific Page Address Provided By +GlobalVariable.MembersURL  \&amp;quot;</message>
  <nestedLevel>1</nestedLevel>
</record>
<record>
  <date>2019-12-11T12:49:39</date>
  <millis>1576068579284</millis>
  <sequence>27</sequence>
  <level>START</level>
  <class>com.kms.katalon.core.logging.XmlKeywordLogger</class>
  <method>startKeyword</method>
  <thread>1</thread>
  <message>Start action : openBrowser(MembersURL)</message>
  <nestedLevel>1</nestedLevel>
  <property name="startLine">63</property>
  <property name="stepIndex">5</property>
  <property name="description">OPEN BROWSER</property>
</record>
<record>
  <date>2019-12-11T12:49:39</date>
  <millis>1576068579493</millis>
  <sequence>29</sequence>
  <level>INFO</level>
  <class>com.kms.katalon.core.logging.XmlKeywordLogger</class>
  <method>logMessage</method>
  <thread>1</thread>
  <message>Starting &amp;apos;Firefox&amp;apos; driver</message>
  <nestedLevel>2</nestedLevel>
</record>
<record>
  <date>2019-12-11T12:49:39</date>
  <millis>1576068579581</millis>
  <sequence>31</sequence>
  <level>INFO</level>
  <class>com.kms.katalon.core.logging.XmlKeywordLogger</class>
  <method>logMessage</method>
  <thread>1</thread>
  <message>Action delay is set to 0 seconds</message>
  <nestedLevel>2</nestedLevel>
</record>
<record>
  <date>2019-12-11T12:49:46</date>
  <millis>1576068586389</millis>
  <sequence>33</sequence>
  <level>RUN_DATA</level>
  <class>com.kms.katalon.core.logging.XmlKeywordLogger</class>
  <method>logMessage</method>
  <thread>1</thread>
  <message>sessionId = faa6bc5c-3c06-46ae-aa17-daeba55c4058</message>
  <nestedLevel>2</nestedLevel>
  <property name="sessionId">faa6bc5c-3c06-46ae-aa17-daeba55c4058</property>
</record>
<record>
  <date>2019-12-11T12:49:46</date>
  <millis>1576068586489</millis>
  <sequence>34</sequence>
  <level>RUN_DATA</level>
  <class>com.kms.katalon.core.logging.XmlKeywordLogger</class>
  <method>logMessage</method>
  <thread>1</thread>
  <message>browser = Firefox 70.0</message>
  <nestedLevel>2</nestedLevel>
  <property name="browser">Firefox 70.0</property>
</record>
<record>
  <date>2019-12-11T12:49:46</date>
  <millis>1576068586490</millis>
  <sequence>35</sequence>
  <level>RUN_DATA</level>
  <class>com.kms.katalon.core.logging.XmlKeywordLogger</class>
  <method>logMessage</method>
  <thread>1</thread>
  <message>platform = Windows 10</message>
  <nestedLevel>2</nestedLevel>
  <property name="platform">Windows 10</property>
</record>
<record>
  <date>2019-12-11T12:49:46</date>
  <millis>1576068586490</millis>
  <sequence>36</sequence>
  <level>RUN_DATA</level>
  <class>com.kms.katalon.core.logging.XmlKeywordLogger</class>
  <method>logMessage</method>
  <thread>1</thread>
  <message>seleniumVersion = 3.141.59</message>
  <nestedLevel>2</nestedLevel>
  <property name="seleniumVersion">3.141.59</property>
</record>
<record>
  <date>2019-12-11T12:49:46</date>
  <millis>1576068586491</millis>
  <sequence>37</sequence>
  <level>RUN_DATA</level>
  <class>com.kms.katalon.core.logging.XmlKeywordLogger</class>
  <method>logMessage</method>
  <thread>1</thread>
  <message>proxyInformation = ProxyInformation{proxyOption=NO_PROXY, proxyServerType=HTTP, password=, proxyServerAddress=, proxyServerPort=0, executionList=}</message>
  <nestedLevel>2</nestedLevel>
  <property name="proxyInformation">ProxyInformation{proxyOption=NO_PROXY, proxyServerType=HTTP, password=, proxyServerAddress=, proxyServerPort=0, executionList=}</property>
</record>
<record>
  <date>2019-12-11T12:49:48</date>
  <millis>1576068588782</millis>
  <sequence>39</sequence>
  <level>PASSED</level>
  <class>com.kms.katalon.core.logging.XmlKeywordLogger</class>
  <method>logMessage</method>
  <thread>1</thread>
  <message>Browser is opened with url: &amp;apos;https://preview-ma.checkatrade.com/&amp;apos;</message>
  <nestedLevel>2</nestedLevel>
</record>
<record>
  <date>2019-12-11T12:49:48</date>
  <millis>1576068588784</millis>
  <sequence>40</sequence>
  <level>END</level>
  <class>com.kms.katalon.core.logging.XmlKeywordLogger</class>
  <method>endKeyword</method>
  <thread>1</thread>
  <message>End action : openBrowser(MembersURL)</message>
  <nestedLevel>1</nestedLevel>
</record>
<record>
  <date>2019-12-11T12:49:48</date>
  <millis>1576068588784</millis>
  <sequence>41</sequence>
  <level>START</level>
  <class>com.kms.katalon.core.logging.XmlKeywordLogger</class>
  <method>startKeyword</method>
  <thread>1</thread>
  <message>Start action : waitForPageLoad(60)</message>
  <nestedLevel>1</nestedLevel>
  <property name="startLine">67</property>
  <property name="stepIndex">6</property>
  <property name="description">WAIT for browser to load - waits up to 60 seconds before timeout occurs </property>
</record>
<record>
  <date>2019-12-11T12:49:49</date>
  <millis>1576068589042</millis>
  <sequence>43</sequence>
  <level>PASSED</level>
  <class>com.kms.katalon.core.logging.XmlKeywordLogger</class>
  <method>logMessage</method>
  <thread>1</thread>
  <message>Wait for page load successfully</message>
  <nestedLevel>2</nestedLevel>
</record>
<record>
  <date>2019-12-11T12:49:49</date>
  <millis>1576068589043</millis>
  <sequence>44</sequence>
  <level>END</level>
  <class>com.kms.katalon.core.logging.XmlKeywordLogger</class>
  <method>endKeyword</method>
  <thread>1</thread>
  <message>End action : waitForPageLoad(60)</message>
  <nestedLevel>1</nestedLevel>
</record>
<record>
  <date>2019-12-11T12:49:49</date>
  <millis>1576068589043</millis>
  <sequence>45</sequence>
  <level>START</level>
  <class>com.kms.katalon.core.logging.XmlKeywordLogger</class>
  <method>startKeyword</method>
  <thread>1</thread>
  <message>Start action : maximizeWindow()</message>
  <nestedLevel>1</nestedLevel>
  <property name="startLine">71</property>
  <property name="stepIndex">7</property>
  <property name="description">MAXIMIZE BROWSER </property>
</record>
<record>
  <date>2019-12-11T12:49:49</date>
  <millis>1576068589346</millis>
  <sequence>47</sequence>
  <level>PASSED</level>
  <class>com.kms.katalon.core.logging.XmlKeywordLogger</class>
  <method>logMessage</method>
  <thread>1</thread>
  <message>Current window maximized</message>
  <nestedLevel>2</nestedLevel>
</record>
<record>
  <date>2019-12-11T12:49:49</date>
  <millis>1576068589349</millis>
  <sequence>48</sequence>
  <level>END</level>
  <class>com.kms.katalon.core.logging.XmlKeywordLogger</class>
  <method>endKeyword</method>
  <thread>1</thread>
  <message>End action : maximizeWindow()</message>
  <nestedLevel>1</nestedLevel>
</record>
<record>
  <date>2019-12-11T12:49:49</date>
  <millis>1576068589350</millis>
  <sequence>49</sequence>
  <level>START</level>
  <class>com.kms.katalon.core.logging.XmlKeywordLogger</class>
  <method>startKeyword</method>
  <thread>1</thread>
  <message>Start action : verifyTextPresent(\&amp;quot;EXCLUSIVE ACCESS FOR CHECKATRADE MEMBERS ONLY\&amp;quot;, false)</message>
  <nestedLevel>1</nestedLevel>
  <property name="startLine">83</property>
  <property name="stepIndex">8</property>
  <property name="description">Verify Header Text</property>
</record>
<record>
  <date>2019-12-11T12:49:49</date>
  <millis>1576068589496</millis>
  <sequence>52</sequence>
  <level>PASSED</level>
  <class>com.kms.katalon.core.logging.XmlKeywordLogger</class>
  <method>logMessage</method>
  <thread>1</thread>
  <message>Text &amp;apos;EXCLUSIVE ACCESS FOR CHECKATRADE MEMBERS ONLY&amp;apos; is present on page </message>
  <nestedLevel>2</nestedLevel>
</record>
<record>
  <date>2019-12-11T12:49:49</date>
  <millis>1576068589497</millis>
  <sequence>53</sequence>
  <level>END</level>
  <class>com.kms.katalon.core.logging.XmlKeywordLogger</class>
  <method>endKeyword</method>
  <thread>1</thread>
  <message>End action : verifyTextPresent(\&amp;quot;EXCLUSIVE ACCESS FOR CHECKATRADE MEMBERS ONLY\&amp;quot;, false)</message>
  <nestedLevel>1</nestedLevel>
</record>
<record>
  <date>2019-12-11T12:49:49</date>
  <millis>1576068589497</millis>
  <sequence>54</sequence>
  <level>START</level>
  <class>com.kms.katalon.core.logging.XmlKeywordLogger</class>
  <method>startKeyword</method>
  <thread>1</thread>
  <message>Start action : verifyTextPresent(\&amp;quot;Forgotten password?\&amp;quot;, false)</message>
  <nestedLevel>1</nestedLevel>
  <property name="startLine">89</property>
  <property name="stepIndex">9</property>
  <property name="description">Verify Forgotten Password Text - Link</property>
</record>
<record>
  <date>2019-12-11T12:49:49</date>
  <millis>1576068589587</millis>
  <sequence>57</sequence>
  <level>PASSED</level>
  <class>com.kms.katalon.core.logging.XmlKeywordLogger</class>
  <method>logMessage</method>
  <thread>1</thread>
  <message>Text &amp;apos;Forgotten password?&amp;apos; is present on page </message>
  <nestedLevel>2</nestedLevel>
</record>
<record>
  <date>2019-12-11T12:49:49</date>
  <millis>1576068589587</millis>
  <sequence>58</sequence>
  <level>END</level>
  <class>com.kms.katalon.core.logging.XmlKeywordLogger</class>
  <method>endKeyword</method>
  <thread>1</thread>
  <message>End action : verifyTextPresent(\&amp;quot;Forgotten password?\&amp;quot;, false)</message>
  <nestedLevel>1</nestedLevel>
</record>
<record>
  <date>2019-12-11T12:49:49</date>
  <millis>1576068589588</millis>
  <sequence>59</sequence>
  <level>START</level>
  <class>com.kms.katalon.core.logging.XmlKeywordLogger</class>
  <method>startKeyword</method>
  <thread>1</thread>
  <message>Start action : verifyTextPresent(\&amp;quot;Forgotten username?\&amp;quot;, false)</message>
  <nestedLevel>1</nestedLevel>
  <property name="startLine">95</property>
  <property name="stepIndex">10</property>
  <property name="description">Verify Forgotten Username Text - Link</property>
</record>
<record>
  <date>2019-12-11T12:49:49</date>
  <millis>1576068589676</millis>
  <sequence>62</sequence>
  <level>PASSED</level>
  <class>com.kms.katalon.core.logging.XmlKeywordLogger</class>
  <method>logMessage</method>
  <thread>1</thread>
  <message>Text &amp;apos;Forgotten username?&amp;apos; is present on page </message>
  <nestedLevel>2</nestedLevel>
</record>
<record>
  <date>2019-12-11T12:49:49</date>
  <millis>1576068589676</millis>
  <sequence>63</sequence>
  <level>END</level>
  <class>com.kms.katalon.core.logging.XmlKeywordLogger</class>
  <method>endKeyword</method>
  <thread>1</thread>
  <message>End action : verifyTextPresent(\&amp;quot;Forgotten username?\&amp;quot;, false)</message>
  <nestedLevel>1</nestedLevel>
</record>
<record>
  <date>2019-12-11T12:49:49</date>
  <millis>1576068589677</millis>
  <sequence>64</sequence>
  <level>START</level>
  <class>com.kms.katalon.core.logging.XmlKeywordLogger</class>
  <method>startKeyword</method>
  <thread>1</thread>
  <message>Start action : verifyTextPresent(\&amp;quot;Trouble logging in? No username and password? Contact Checkatrade Member Services by\&amp;quot;, false)</message>
  <nestedLevel>1</nestedLevel>
  <property name="startLine">101</property>
  <property name="stepIndex">11</property>
  <property name="description">Verify Trouble Logging In Text - Link</property>
</record>
<record>
  <date>2019-12-11T12:49:49</date>
  <millis>1576068589729</millis>
  <sequence>67</sequence>
  <level>PASSED</level>
  <class>com.kms.katalon.core.logging.XmlKeywordLogger</class>
  <method>logMessage</method>
  <thread>1</thread>
  <message>Text &amp;apos;Trouble logging in? No username and password? Contact Checkatrade Member Services by&amp;apos; is present on page </message>
  <nestedLevel>2</nestedLevel>
</record>
<record>
  <date>2019-12-11T12:49:49</date>
  <millis>1576068589729</millis>
  <sequence>68</sequence>
  <level>END</level>
  <class>com.kms.katalon.core.logging.XmlKeywordLogger</class>
  <method>endKeyword</method>
  <thread>1</thread>
  <message>End action : verifyTextPresent(\&amp;quot;Trouble logging in? No username and password? Contact Checkatrade Member Services by\&amp;quot;, false)</message>
  <nestedLevel>1</nestedLevel>
</record>
<record>
  <date>2019-12-11T12:49:49</date>
  <millis>1576068589730</millis>
  <sequence>69</sequence>
  <level>START</level>
  <class>com.kms.katalon.core.logging.XmlKeywordLogger</class>
  <method>startKeyword</method>
  <thread>1</thread>
  <message>Start action : verifyTextPresent(\&amp;quot;memberservices@checkatrade.com\&amp;quot;, false)</message>
  <nestedLevel>1</nestedLevel>
  <property name="startLine">108</property>
  <property name="stepIndex">12</property>
  <property name="description">Member Services - Link</property>
</record>
<record>
  <date>2019-12-11T12:49:49</date>
  <millis>1576068589791</millis>
  <sequence>72</sequence>
  <level>PASSED</level>
  <class>com.kms.katalon.core.logging.XmlKeywordLogger</class>
  <method>logMessage</method>
  <thread>1</thread>
  <message>Text &amp;apos;memberservices@checkatrade.com&amp;apos; is present on page </message>
  <nestedLevel>2</nestedLevel>
</record>
<record>
  <date>2019-12-11T12:49:49</date>
  <millis>1576068589791</millis>
  <sequence>73</sequence>
  <level>END</level>
  <class>com.kms.katalon.core.logging.XmlKeywordLogger</class>
  <method>endKeyword</method>
  <thread>1</thread>
  <message>End action : verifyTextPresent(\&amp;quot;memberservices@checkatrade.com\&amp;quot;, false)</message>
  <nestedLevel>1</nestedLevel>
</record>
<record>
  <date>2019-12-11T12:49:49</date>
  <millis>1576068589791</millis>
  <sequence>74</sequence>
  <level>PASSED</level>
  <class>com.kms.katalon.core.logging.XmlKeywordLogger</class>
  <method>logMessage</method>
  <thread>1</thread>
  <message>Test Cases/Reusable_Test_Sequences/Members_Area/Start_Up</message>
  <nestedLevel>2</nestedLevel>
</record>
<record>
  <date>2019-12-11T12:49:49</date>
  <millis>1576068589791</millis>
  <sequence>75</sequence>
  <level>END</level>
  <class>com.kms.katalon.core.logging.XmlKeywordLogger</class>
  <method>endTest</method>
  <thread>1</thread>
  <message>End Test Case : Test Cases/Reusable_Test_Sequences/Members_Area/Start_Up</message>
  <nestedLevel>1</nestedLevel>
</record>
<record>
  <date>2019-12-11T12:49:49</date>
  <millis>1576068589802</millis>
  <sequence>76</sequence>
  <level>PASSED</level>
  <class>com.kms.katalon.core.logging.XmlKeywordLogger</class>
  <method>logMessage</method>
  <thread>1</thread>
  <message>Call Test Case &amp;apos;Test Cases/Reusable_Test_Sequences/Members_Area/Start_Up&amp;apos; successfully</message>
  <nestedLevel>1</nestedLevel>
</record>
<record>
  <date>2019-12-11T12:49:49</date>
  <millis>1576068589803</millis>
  <sequence>77</sequence>
  <level>END</level>
  <class>com.kms.katalon.core.logging.XmlKeywordLogger</class>
  <method>endKeyword</method>
  <thread>1</thread>
  <message>End action : callTestCase(findTestCase(\&amp;quot;Reusable_Test_Sequences/Members_Area/Start_Up\&amp;quot;), [:], OPTIONAL)</message>
  <nestedLevel>2</nestedLevel>
</record>
<record>
  <date>2019-12-11T12:49:49</date>
  <millis>1576068589803</millis>
  <sequence>78</sequence>
  <level>START</level>
  <class>com.kms.katalon.core.logging.XmlKeywordLogger</class>
  <method>startKeyword</method>
  <thread>1</thread>
  <message>Start action : callTestCase(findTestCase(\&amp;quot;Reusable_Test_Sequences/Members_Area/log_On\&amp;quot;), [:], OPTIONAL)</message>
  <nestedLevel>2</nestedLevel>
  <property name="startLine">64</property>
  <property name="stepIndex">2</property>
</record>
<record>
  <date>2019-12-11T12:49:49</date>
  <millis>1576068589871</millis>
  <sequence>81</sequence>
  <level>START</level>
  <class>com.kms.katalon.core.logging.XmlKeywordLogger</class>
  <method>startTest</method>
  <thread>1</thread>
  <message>Start Test Case : Test Cases/Reusable_Test_Sequences/Members_Area/log_On</message>
  <nestedLevel>2</nestedLevel>
  <property name="name">Test Cases/Reusable_Test_Sequences/Members_Area/log_On</property>
  <property name="description">Log on dialog to enter you credentials</property>
  <property name="id">Test Cases/Reusable_Test_Sequences/Members_Area/log_On</property>
  <property name="source">C:\\Users\\davidho\\Katalon Studio\\Start\\Test Cases\\Reusable_Test_Sequences\\Members_Area\\log_On.tc</property>
  <property name="tag">Members</property>
  <property name="isOptional">true</property>
</record>
<record>
  <date>2019-12-11T12:49:50</date>
  <millis>1576068590225</millis>
  <sequence>83</sequence>
  <level>START</level>
  <class>com.kms.katalon.core.logging.XmlKeywordLogger</class>
  <method>startKeyword</method>
  <thread>1</thread>
  <message>Start action : waitForElementPresent(findTestObject(\&amp;quot;Object Repository/Members/Page_Members Area/button_Log in\&amp;quot;), 10)</message>
  <nestedLevel>1</nestedLevel>
  <property name="startLine">50</property>
  <property name="stepIndex">1</property>
</record>
<record>
  <date>2019-12-11T12:49:50</date>
  <millis>1576068590337</millis>
  <sequence>90</sequence>
  <level>PASSED</level>
  <class>com.kms.katalon.core.logging.XmlKeywordLogger</class>
  <method>logMessage</method>
  <thread>1</thread>
  <message>Object &amp;apos;Object Repository/Members/Page_Members Area/button_Log in&amp;apos; is present</message>
  <nestedLevel>2</nestedLevel>
</record>
<record>
  <date>2019-12-11T12:49:50</date>
  <millis>1576068590337</millis>
  <sequence>91</sequence>
  <level>END</level>
  <class>com.kms.katalon.core.logging.XmlKeywordLogger</class>
  <method>endKeyword</method>
  <thread>1</thread>
  <message>End action : waitForElementPresent(findTestObject(\&amp;quot;Object Repository/Members/Page_Members Area/button_Log in\&amp;quot;), 10)</message>
  <nestedLevel>1</nestedLevel>
</record>
<record>
  <date>2019-12-11T12:49:50</date>
  <millis>1576068590338</millis>
  <sequence>92</sequence>
  <level>START</level>
  <class>com.kms.katalon.core.logging.XmlKeywordLogger</class>
  <method>startKeyword</method>
  <thread>1</thread>
  <message>Start action : click(findTestObject(\&amp;quot;Object Repository/Members/Page_Members Area/input_Username_username\&amp;quot;))</message>
  <nestedLevel>1</nestedLevel>
  <property name="startLine">56</property>
  <property name="stepIndex">2</property>
</record>
<record>
  <date>2019-12-11T12:49:50</date>
  <millis>1576068590689</millis>
  <sequence>102</sequence>
  <level>PASSED</level>
  <class>com.kms.katalon.core.logging.XmlKeywordLogger</class>
  <method>logMessage</method>
  <thread>1</thread>
  <message>Object: &amp;apos;Object Repository/Members/Page_Members Area/input_Username_username&amp;apos; is clicked on</message>
  <nestedLevel>2</nestedLevel>
</record>
<record>
  <date>2019-12-11T12:49:50</date>
  <millis>1576068590690</millis>
  <sequence>103</sequence>
  <level>END</level>
  <class>com.kms.katalon.core.logging.XmlKeywordLogger</class>
  <method>endKeyword</method>
  <thread>1</thread>
  <message>End action : click(findTestObject(\&amp;quot;Object Repository/Members/Page_Members Area/input_Username_username\&amp;quot;))</message>
  <nestedLevel>1</nestedLevel>
</record>
<record>
  <date>2019-12-11T12:49:50</date>
  <millis>1576068590690</millis>
  <sequence>104</sequence>
  <level>START</level>
  <class>com.kms.katalon.core.logging.XmlKeywordLogger</class>
  <method>startKeyword</method>
  <thread>1</thread>
  <message>Start action : setText(findTestObject(\&amp;quot;Object Repository/Members/Page_Members Area/input_Username_username\&amp;quot;), Username)</message>
  <nestedLevel>1</nestedLevel>
  <property name="startLine">57</property>
  <property name="stepIndex">3</property>
</record>
<record>
  <date>2019-12-11T12:49:50</date>
  <millis>1576068590893</millis>
  <sequence>114</sequence>
  <level>PASSED</level>
  <class>com.kms.katalon.core.logging.XmlKeywordLogger</class>
  <method>logMessage</method>
  <thread>1</thread>
  <message>Text &amp;apos;check1234&amp;apos; is set on object &amp;apos;Object Repository/Members/Page_Members Area/input_Username_username&amp;apos;</message>
  <nestedLevel>2</nestedLevel>
</record>
<record>
  <date>2019-12-11T12:49:50</date>
  <millis>1576068590894</millis>
  <sequence>115</sequence>
  <level>END</level>
  <class>com.kms.katalon.core.logging.XmlKeywordLogger</class>
  <method>endKeyword</method>
  <thread>1</thread>
  <message>End action : setText(findTestObject(\&amp;quot;Object Repository/Members/Page_Members Area/input_Username_username\&amp;quot;), Username)</message>
  <nestedLevel>1</nestedLevel>
</record>
<record>
  <date>2019-12-11T12:49:50</date>
  <millis>1576068590894</millis>
  <sequence>116</sequence>
  <level>START</level>
  <class>com.kms.katalon.core.logging.XmlKeywordLogger</class>
  <method>startKeyword</method>
  <thread>1</thread>
  <message>Start action : click(findTestObject(\&amp;quot;Object Repository/Members/Page_Members Area/input_Password_password\&amp;quot;))</message>
  <nestedLevel>1</nestedLevel>
  <property name="startLine">63</property>
  <property name="stepIndex">4</property>
</record>
<record>
  <date>2019-12-11T12:49:51</date>
  <millis>1576068591215</millis>
  <sequence>126</sequence>
  <level>PASSED</level>
  <class>com.kms.katalon.core.logging.XmlKeywordLogger</class>
  <method>logMessage</method>
  <thread>1</thread>
  <message>Object: &amp;apos;Object Repository/Members/Page_Members Area/input_Password_password&amp;apos; is clicked on</message>
  <nestedLevel>2</nestedLevel>
</record>
<record>
  <date>2019-12-11T12:49:51</date>
  <millis>1576068591217</millis>
  <sequence>127</sequence>
  <level>END</level>
  <class>com.kms.katalon.core.logging.XmlKeywordLogger</class>
  <method>endKeyword</method>
  <thread>1</thread>
  <message>End action : click(findTestObject(\&amp;quot;Object Repository/Members/Page_Members Area/input_Password_password\&amp;quot;))</message>
  <nestedLevel>1</nestedLevel>
</record>
<record>
  <date>2019-12-11T12:49:51</date>
  <millis>1576068591219</millis>
  <sequence>128</sequence>
  <level>START</level>
  <class>com.kms.katalon.core.logging.XmlKeywordLogger</class>
  <method>startKeyword</method>
  <thread>1</thread>
  <message>Start action : setText(findTestObject(\&amp;quot;Object Repository/Members/Page_Members Area/input_Password_password\&amp;quot;), Password)</message>
  <nestedLevel>1</nestedLevel>
  <property name="startLine">64</property>
  <property name="stepIndex">5</property>
</record>
<record>
  <date>2019-12-11T12:49:51</date>
  <millis>1576068591581</millis>
  <sequence>138</sequence>
  <level>PASSED</level>
  <class>com.kms.katalon.core.logging.XmlKeywordLogger</class>
  <method>logMessage</method>
  <thread>1</thread>
  <message>Text &amp;apos;testing123&amp;apos; is set on object &amp;apos;Object Repository/Members/Page_Members Area/input_Password_password&amp;apos;</message>
  <nestedLevel>2</nestedLevel>
</record>
<record>
  <date>2019-12-11T12:49:51</date>
  <millis>1576068591582</millis>
  <sequence>139</sequence>
  <level>END</level>
  <class>com.kms.katalon.core.logging.XmlKeywordLogger</class>
  <method>endKeyword</method>
  <thread>1</thread>
  <message>End action : setText(findTestObject(\&amp;quot;Object Repository/Members/Page_Members Area/input_Password_password\&amp;quot;), Password)</message>
  <nestedLevel>1</nestedLevel>
</record>
<record>
  <date>2019-12-11T12:49:51</date>
  <millis>1576068591583</millis>
  <sequence>140</sequence>
  <level>START</level>
  <class>com.kms.katalon.core.logging.XmlKeywordLogger</class>
  <method>startKeyword</method>
  <thread>1</thread>
  <message>Start action : click(findTestObject(\&amp;quot;Object Repository/Members/Page_Members Area/button_Log in\&amp;quot;))</message>
  <nestedLevel>1</nestedLevel>
  <property name="startLine">70</property>
  <property name="stepIndex">6</property>
</record>
<record>
  <date>2019-12-11T12:49:52</date>
  <millis>1576068592663</millis>
  <sequence>150</sequence>
  <level>PASSED</level>
  <class>com.kms.katalon.core.logging.XmlKeywordLogger</class>
  <method>logMessage</method>
  <thread>1</thread>
  <message>Object: &amp;apos;Object Repository/Members/Page_Members Area/button_Log in&amp;apos; is clicked on</message>
  <nestedLevel>2</nestedLevel>
</record>
<record>
  <date>2019-12-11T12:49:52</date>
  <millis>1576068592663</millis>
  <sequence>151</sequence>
  <level>END</level>
  <class>com.kms.katalon.core.logging.XmlKeywordLogger</class>
  <method>endKeyword</method>
  <thread>1</thread>
  <message>End action : click(findTestObject(\&amp;quot;Object Repository/Members/Page_Members Area/button_Log in\&amp;quot;))</message>
  <nestedLevel>1</nestedLevel>
</record>
<record>
  <date>2019-12-11T12:49:52</date>
  <millis>1576068592664</millis>
  <sequence>152</sequence>
  <level>START</level>
  <class>com.kms.katalon.core.logging.XmlKeywordLogger</class>
  <method>startKeyword</method>
  <thread>1</thread>
  <message>Start action : waitForElementNotPresent(findTestObject(\&amp;quot;Object Repository/Members/Page_Members Area/button_Log in\&amp;quot;), 25)</message>
  <nestedLevel>1</nestedLevel>
  <property name="startLine">71</property>
  <property name="stepIndex">7</property>
</record>
<record>
  <date>2019-12-11T12:49:52</date>
  <millis>1576068592935</millis>
  <sequence>157</sequence>
  <level>PASSED</level>
  <class>com.kms.katalon.core.logging.XmlKeywordLogger</class>
  <method>logMessage</method>
  <thread>1</thread>
  <message>Web element with id: &amp;apos;Object Repository/Members/Page_Members Area/button_Log in&amp;apos; located by &amp;apos;By.xpath: //button[@type = &amp;apos;submit&amp;apos; and (text() = &amp;apos; Log in &amp;apos; or . = &amp;apos; Log in &amp;apos;)]&amp;apos; is not present after &amp;apos;25&amp;apos; second(s)</message>
  <nestedLevel>2</nestedLevel>
</record>
<record>
  <date>2019-12-11T12:49:52</date>
  <millis>1576068592937</millis>
  <sequence>158</sequence>
  <level>END</level>
  <class>com.kms.katalon.core.logging.XmlKeywordLogger</class>
  <method>endKeyword</method>
  <thread>1</thread>
  <message>End action : waitForElementNotPresent(findTestObject(\&amp;quot;Object Repository/Members/Page_Members Area/button_Log in\&amp;quot;), 25)</message>
  <nestedLevel>1</nestedLevel>
</record>
<record>
  <date>2019-12-11T12:49:52</date>
  <millis>1576068592937</millis>
  <sequence>159</sequence>
  <level>START</level>
  <class>com.kms.katalon.core.logging.XmlKeywordLogger</class>
  <method>startKeyword</method>
  <thread>1</thread>
  <message>Start action : waitForPageLoad(60)</message>
  <nestedLevel>1</nestedLevel>
  <property name="startLine">76</property>
  <property name="stepIndex">8</property>
</record>
<record>
  <date>2019-12-11T12:49:52</date>
  <millis>1576068592958</millis>
  <sequence>161</sequence>
  <level>PASSED</level>
  <class>com.kms.katalon.core.logging.XmlKeywordLogger</class>
  <method>logMessage</method>
  <thread>1</thread>
  <message>Wait for page load successfully</message>
  <nestedLevel>2</nestedLevel>
</record>
<record>
  <date>2019-12-11T12:49:52</date>
  <millis>1576068592959</millis>
  <sequence>162</sequence>
  <level>END</level>
  <class>com.kms.katalon.core.logging.XmlKeywordLogger</class>
  <method>endKeyword</method>
  <thread>1</thread>
  <message>End action : waitForPageLoad(60)</message>
  <nestedLevel>1</nestedLevel>
</record>
<record>
  <date>2019-12-11T12:49:52</date>
  <millis>1576068592959</millis>
  <sequence>163</sequence>
  <level>START</level>
  <class>com.kms.katalon.core.logging.XmlKeywordLogger</class>
  <method>startKeyword</method>
  <thread>1</thread>
  <message>Start action : if (\&amp;quot;Object Repository/Page_Members Area/Header_Attention_Text\&amp;quot;)</message>
  <nestedLevel>1</nestedLevel>
  <property name="startLine">77</property>
  <property name="stepIndex">9</property>
</record>
<record>
  <date>2019-12-11T12:49:52</date>
  <millis>1576068592960</millis>
  <sequence>164</sequence>
  <level>START</level>
  <class>com.kms.katalon.core.logging.XmlKeywordLogger</class>
  <method>startKeyword</method>
  <thread>1</thread>
  <message>Start action : waitForElementPresent(findTestObject(\&amp;quot;Object Repository/Page_Members Area/Header_Attention_Text\&amp;quot;), 60)</message>
  <nestedLevel>2</nestedLevel>
  <property name="startLine">78</property>
  <property name="stepIndex">1</property>
</record>
<record>
  <date>2019-12-11T12:49:53</date>
  <millis>1576068593066</millis>
  <sequence>171</sequence>
  <level>PASSED</level>
  <class>com.kms.katalon.core.logging.XmlKeywordLogger</class>
  <method>logMessage</method>
  <thread>1</thread>
  <message>Object &amp;apos;Object Repository/Page_Members Area/Header_Attention_Text&amp;apos; is present</message>
  <nestedLevel>2</nestedLevel>
</record>
<record>
  <date>2019-12-11T12:49:53</date>
  <millis>1576068593068</millis>
  <sequence>172</sequence>
  <level>END</level>
  <class>com.kms.katalon.core.logging.XmlKeywordLogger</class>
  <method>endKeyword</method>
  <thread>1</thread>
  <message>End action : waitForElementPresent(findTestObject(\&amp;quot;Object Repository/Page_Members Area/Header_Attention_Text\&amp;quot;), 60)</message>
  <nestedLevel>2</nestedLevel>
</record>
<record>
  <date>2019-12-11T12:49:53</date>
  <millis>1576068593068</millis>
  <sequence>173</sequence>
  <level>START</level>
  <class>com.kms.katalon.core.logging.XmlKeywordLogger</class>
  <method>startKeyword</method>
  <thread>1</thread>
  <message>Start action : callTestCase(findTestCase(\&amp;quot;Reusable_Test_Sequences/Utils/Popout_Handler\&amp;quot;), [:], CONTINUE_ON_FAILURE)</message>
  <nestedLevel>2</nestedLevel>
  <property name="startLine">79</property>
  <property name="stepIndex">2</property>
</record>
<record>
  <date>2019-12-11T12:49:53</date>
  <millis>1576068593157</millis>
  <sequence>176</sequence>
  <level>START</level>
  <class>com.kms.katalon.core.logging.XmlKeywordLogger</class>
  <method>startTest</method>
  <thread>1</thread>
  <message>Start Test Case : Test Cases/Reusable_Test_Sequences/Utils/Popout_Handler</message>
  <nestedLevel>3</nestedLevel>
  <property name="name">Test Cases/Reusable_Test_Sequences/Utils/Popout_Handler</property>
  <property name="description">15/11/1019 - New popout Windon Suggesting a Visit to the New Website Design</property>
  <property name="id">Test Cases/Reusable_Test_Sequences/Utils/Popout_Handler</property>
  <property name="source">C:\\Users\\davidho\\Katalon Studio\\Start\\Test Cases\\Reusable_Test_Sequences\\Utils\\Popout_Handler.tc</property>
  <property name="tag">Popout</property>
  <property name="isOptional">false</property>
</record>
<record>
  <date>2019-12-11T12:49:53</date>
  <millis>1576068593746</millis>
  <sequence>178</sequence>
  <level>START</level>
  <class>com.kms.katalon.core.logging.XmlKeywordLogger</class>
  <method>startKeyword</method>
  <thread>1</thread>
  <message>Start action : delay(2)</message>
  <nestedLevel>1</nestedLevel>
  <property name="startLine">20</property>
  <property name="stepIndex">1</property>
</record>
<record>
  <date>2019-12-11T12:49:55</date>
  <millis>1576068595761</millis>
  <sequence>180</sequence>
  <level>PASSED</level>
  <class>com.kms.katalon.core.logging.XmlKeywordLogger</class>
  <method>logMessage</method>
  <thread>1</thread>
  <message>Delayed 2 second(s)</message>
  <nestedLevel>3</nestedLevel>
</record>
<record>
  <date>2019-12-11T12:49:55</date>
  <millis>1576068595761</millis>
  <sequence>181</sequence>
  <level>END</level>
  <class>com.kms.katalon.core.logging.XmlKeywordLogger</class>
  <method>endKeyword</method>
  <thread>1</thread>
  <message>End action : delay(2)</message>
  <nestedLevel>1</nestedLevel>
</record>
<record>
  <date>2019-12-11T12:49:55</date>
  <millis>1576068595762</millis>
  <sequence>182</sequence>
  <level>START</level>
  <class>com.kms.katalon.core.logging.XmlKeywordLogger</class>
  <method>startKeyword</method>
  <thread>1</thread>
  <message>Start action : waitForPageLoad(60)</message>
  <nestedLevel>1</nestedLevel>
  <property name="startLine">21</property>
  <property name="stepIndex">2</property>
</record>
<record>
  <date>2019-12-11T12:49:55</date>
  <millis>1576068595788</millis>
  <sequence>184</sequence>
  <level>PASSED</level>
  <class>com.kms.katalon.core.logging.XmlKeywordLogger</class>
  <method>logMessage</method>
  <thread>1</thread>
  <message>Wait for page load successfully</message>
  <nestedLevel>3</nestedLevel>
</record>
<record>
  <date>2019-12-11T12:49:55</date>
  <millis>1576068595788</millis>
  <sequence>185</sequence>
  <level>END</level>
  <class>com.kms.katalon.core.logging.XmlKeywordLogger</class>
  <method>endKeyword</method>
  <thread>1</thread>
  <message>End action : waitForPageLoad(60)</message>
  <nestedLevel>1</nestedLevel>
</record>
<record>
  <date>2019-12-11T12:49:55</date>
  <millis>1576068595789</millis>
  <sequence>186</sequence>
  <level>START</level>
  <class>com.kms.katalon.core.logging.XmlKeywordLogger</class>
  <method>startKeyword</method>
  <thread>1</thread>
  <message>Start action : try</message>
  <nestedLevel>1</nestedLevel>
  <property name="startLine">22</property>
  <property name="stepIndex">3</property>
</record>
<record>
  <date>2019-12-11T12:49:55</date>
  <millis>1576068595789</millis>
  <sequence>187</sequence>
  <level>START</level>
  <class>com.kms.katalon.core.logging.XmlKeywordLogger</class>
  <method>startKeyword</method>
  <thread>1</thread>
  <message>Start action : if (\&amp;quot;Object Repository/Popout/go_Away\&amp;quot;)</message>
  <nestedLevel>2</nestedLevel>
  <property name="startLine">24</property>
  <property name="stepIndex">1</property>
</record>
<record>
  <date>2019-12-11T12:49:55</date>
  <millis>1576068595790</millis>
  <sequence>188</sequence>
  <level>START</level>
  <class>com.kms.katalon.core.logging.XmlKeywordLogger</class>
  <method>startKeyword</method>
  <thread>1</thread>
  <message>Start action : click(findTestObject(\&amp;quot;Object Repository/Popout/go_Away\&amp;quot;))</message>
  <nestedLevel>3</nestedLevel>
  <property name="startLine">25</property>
  <property name="stepIndex">1</property>
</record>
<record>
  <date>2019-12-11T12:49:56</date>
  <millis>1576068596189</millis>
  <sequence>198</sequence>
  <level>PASSED</level>
  <class>com.kms.katalon.core.logging.XmlKeywordLogger</class>
  <method>logMessage</method>
  <thread>1</thread>
  <message>Object: &amp;apos;Object Repository/Popout/go_Away&amp;apos; is clicked on</message>
  <nestedLevel>3</nestedLevel>
</record>
<record>
  <date>2019-12-11T12:49:56</date>
  <millis>1576068596189</millis>
  <sequence>199</sequence>
  <level>END</level>
  <class>com.kms.katalon.core.logging.XmlKeywordLogger</class>
  <method>endKeyword</method>
  <thread>1</thread>
  <message>End action : click(findTestObject(\&amp;quot;Object Repository/Popout/go_Away\&amp;quot;))</message>
  <nestedLevel>3</nestedLevel>
</record>
<record>
  <date>2019-12-11T12:49:56</date>
  <millis>1576068596190</millis>
  <sequence>200</sequence>
  <level>START</level>
  <class>com.kms.katalon.core.logging.XmlKeywordLogger</class>
  <method>startKeyword</method>
  <thread>1</thread>
  <message>Start action : markPassed(\&amp;quot; View Our New Website POPOUT Displayed\&amp;quot;)</message>
  <nestedLevel>3</nestedLevel>
  <property name="startLine">26</property>
  <property name="stepIndex">2</property>
</record>
<record>
  <date>2019-12-11T12:49:56</date>
  <millis>1576068596196</millis>
  <sequence>201</sequence>
  <level>PASSED</level>
  <class>com.kms.katalon.core.logging.XmlKeywordLogger</class>
  <method>logMessage</method>
  <thread>1</thread>
  <message> View Our New Website POPOUT Displayed</message>
  <nestedLevel>3</nestedLevel>
</record>
<record>
  <date>2019-12-11T12:49:56</date>
  <millis>1576068596197</millis>
  <sequence>202</sequence>
  <level>END</level>
  <class>com.kms.katalon.core.logging.XmlKeywordLogger</class>
  <method>endKeyword</method>
  <thread>1</thread>
  <message>End action : markPassed(\&amp;quot; View Our New Website POPOUT Displayed\&amp;quot;)</message>
  <nestedLevel>3</nestedLevel>
</record>
<record>
  <date>2019-12-11T12:49:56</date>
  <millis>1576068596197</millis>
  <sequence>203</sequence>
  <level>END</level>
  <class>com.kms.katalon.core.logging.XmlKeywordLogger</class>
  <method>endKeyword</method>
  <thread>1</thread>
  <message>End action : if (\&amp;quot;Object Repository/Popout/go_Away\&amp;quot;)</message>
  <nestedLevel>2</nestedLevel>
</record>
<record>
  <date>2019-12-11T12:49:56</date>
  <millis>1576068596197</millis>
  <sequence>204</sequence>
  <level>END</level>
  <class>com.kms.katalon.core.logging.XmlKeywordLogger</class>
  <method>endKeyword</method>
  <thread>1</thread>
  <message>End action : try</message>
  <nestedLevel>1</nestedLevel>
</record>
<record>
  <date>2019-12-11T12:49:56</date>
  <millis>1576068596198</millis>
  <sequence>205</sequence>
  <level>PASSED</level>
  <class>com.kms.katalon.core.logging.XmlKeywordLogger</class>
  <method>logMessage</method>
  <thread>1</thread>
  <message>Test Cases/Reusable_Test_Sequences/Utils/Popout_Handler</message>
  <nestedLevel>3</nestedLevel>
</record>
<record>
  <date>2019-12-11T12:49:56</date>
  <millis>1576068596198</millis>
  <sequence>206</sequence>
  <level>END</level>
  <class>com.kms.katalon.core.logging.XmlKeywordLogger</class>
  <method>endTest</method>
  <thread>1</thread>
  <message>End Test Case : Test Cases/Reusable_Test_Sequences/Utils/Popout_Handler</message>
  <nestedLevel>2</nestedLevel>
</record>
<record>
  <date>2019-12-11T12:49:56</date>
  <millis>1576068596198</millis>
  <sequence>207</sequence>
  <level>PASSED</level>
  <class>com.kms.katalon.core.logging.XmlKeywordLogger</class>
  <method>logMessage</method>
  <thread>1</thread>
  <message>Call Test Case &amp;apos;Test Cases/Reusable_Test_Sequences/Utils/Popout_Handler&amp;apos; successfully</message>
  <nestedLevel>2</nestedLevel>
</record>
<record>
  <date>2019-12-11T12:49:56</date>
  <millis>1576068596199</millis>
  <sequence>208</sequence>
  <level>END</level>
  <class>com.kms.katalon.core.logging.XmlKeywordLogger</class>
  <method>endKeyword</method>
  <thread>1</thread>
  <message>End action : callTestCase(findTestCase(\&amp;quot;Reusable_Test_Sequences/Utils/Popout_Handler\&amp;quot;), [:], CONTINUE_ON_FAILURE)</message>
  <nestedLevel>2</nestedLevel>
</record>
<record>
  <date>2019-12-11T12:49:56</date>
  <millis>1576068596199</millis>
  <sequence>209</sequence>
  <level>END</level>
  <class>com.kms.katalon.core.logging.XmlKeywordLogger</class>
  <method>endKeyword</method>
  <thread>1</thread>
  <message>End action : if (\&amp;quot;Object Repository/Page_Members Area/Header_Attention_Text\&amp;quot;)</message>
  <nestedLevel>1</nestedLevel>
</record>
<record>
  <date>2019-12-11T12:49:56</date>
  <millis>1576068596199</millis>
  <sequence>210</sequence>
  <level>PASSED</level>
  <class>com.kms.katalon.core.logging.XmlKeywordLogger</class>
  <method>logMessage</method>
  <thread>1</thread>
  <message>Test Cases/Reusable_Test_Sequences/Members_Area/log_On</message>
  <nestedLevel>2</nestedLevel>
</record>
<record>
  <date>2019-12-11T12:49:56</date>
  <millis>1576068596200</millis>
  <sequence>211</sequence>
  <level>END</level>
  <class>com.kms.katalon.core.logging.XmlKeywordLogger</class>
  <method>endTest</method>
  <thread>1</thread>
  <message>End Test Case : Test Cases/Reusable_Test_Sequences/Members_Area/log_On</message>
  <nestedLevel>1</nestedLevel>
</record>
<record>
  <date>2019-12-11T12:49:56</date>
  <millis>1576068596200</millis>
  <sequence>212</sequence>
  <level>PASSED</level>
  <class>com.kms.katalon.core.logging.XmlKeywordLogger</class>
  <method>logMessage</method>
  <thread>1</thread>
  <message>Call Test Case &amp;apos;Test Cases/Reusable_Test_Sequences/Members_Area/log_On&amp;apos; successfully</message>
  <nestedLevel>1</nestedLevel>
</record>
<record>
  <date>2019-12-11T12:49:56</date>
  <millis>1576068596201</millis>
  <sequence>213</sequence>
  <level>END</level>
  <class>com.kms.katalon.core.logging.XmlKeywordLogger</class>
  <method>endKeyword</method>
  <thread>1</thread>
  <message>End action : callTestCase(findTestCase(\&amp;quot;Reusable_Test_Sequences/Members_Area/log_On\&amp;quot;), [:], OPTIONAL)</message>
  <nestedLevel>2</nestedLevel>
</record>
<record>
  <date>2019-12-11T12:49:56</date>
  <millis>1576068596202</millis>
  <sequence>214</sequence>
  <level>START</level>
  <class>com.kms.katalon.core.logging.XmlKeywordLogger</class>
  <method>startKeyword</method>
  <thread>1</thread>
  <message>Start action : callTestCase(findTestCase(\&amp;quot;Reusable_Test_Sequences/Members_Area/Area_Menu/Grow_You_Business/My_Photos\&amp;quot;), [:], CONTINUE_ON_FAILURE)</message>
  <nestedLevel>2</nestedLevel>
  <property name="startLine">70</property>
  <property name="stepIndex">3</property>
</record>
<record>
  <date>2019-12-11T12:49:56</date>
  <millis>1576068596263</millis>
  <sequence>217</sequence>
  <level>START</level>
  <class>com.kms.katalon.core.logging.XmlKeywordLogger</class>
  <method>startTest</method>
  <thread>1</thread>
  <message>Start Test Case : Test Cases/Reusable_Test_Sequences/Members_Area/Area_Menu/Grow_You_Business/My_Photos</message>
  <nestedLevel>2</nestedLevel>
  <property name="name">Test Cases/Reusable_Test_Sequences/Members_Area/Area_Menu/Grow_You_Business/My_Photos</property>
  <property name="description">Image and Navigation to My Photos Page</property>
  <property name="id">Test Cases/Reusable_Test_Sequences/Members_Area/Area_Menu/Grow_You_Business/My_Photos</property>
  <property name="source">C:\\Users\\davidho\\Katalon Studio\\Start\\Test Cases\\Reusable_Test_Sequences\\Members_Area\\Area_Menu\\Grow_You_Business\\My_Photos.tc</property>
  <property name="tag">Members</property>
  <property name="isOptional">false</property>
</record>
<record>
  <date>2019-12-11T12:49:56</date>
  <millis>1576068596694</millis>
  <sequence>219</sequence>
  <level>START</level>
  <class>com.kms.katalon.core.logging.XmlKeywordLogger</class>
  <method>startKeyword</method>
  <thread>1</thread>
  <message>Start action : waitForElementPresent(findTestObject(\&amp;quot;Object Repository/Page_Members Area/div_My Photos\&amp;quot;), 60)</message>
  <nestedLevel>1</nestedLevel>
  <property name="startLine">48</property>
  <property name="stepIndex">1</property>
</record>
<record>
  <date>2019-12-11T12:49:56</date>
  <millis>1576068596809</millis>
  <sequence>226</sequence>
  <level>PASSED</level>
  <class>com.kms.katalon.core.logging.XmlKeywordLogger</class>
  <method>logMessage</method>
  <thread>1</thread>
  <message>Object &amp;apos;Object Repository/Page_Members Area/div_My Photos&amp;apos; is present</message>
  <nestedLevel>2</nestedLevel>
</record>
<record>
  <date>2019-12-11T12:49:56</date>
  <millis>1576068596809</millis>
  <sequence>227</sequence>
  <level>END</level>
  <class>com.kms.katalon.core.logging.XmlKeywordLogger</class>
  <method>endKeyword</method>
  <thread>1</thread>
  <message>End action : waitForElementPresent(findTestObject(\&amp;quot;Object Repository/Page_Members Area/div_My Photos\&amp;quot;), 60)</message>
  <nestedLevel>1</nestedLevel>
</record>
<record>
  <date>2019-12-11T12:49:56</date>
  <millis>1576068596809</millis>
  <sequence>228</sequence>
  <level>START</level>
  <class>com.kms.katalon.core.logging.XmlKeywordLogger</class>
  <method>startKeyword</method>
  <thread>1</thread>
  <message>Start action : scrollToElement(findTestObject(\&amp;quot;Object Repository/Page_Members Area/div_My Photos\&amp;quot;), 5)</message>
  <nestedLevel>1</nestedLevel>
  <property name="startLine">55</property>
  <property name="stepIndex">2</property>
</record>
<record>
  <date>2019-12-11T12:49:56</date>
  <millis>1576068596927</millis>
  <sequence>237</sequence>
  <level>PASSED</level>
  <class>com.kms.katalon.core.logging.XmlKeywordLogger</class>
  <method>logMessage</method>
  <thread>1</thread>
  <message>Scroll to object &amp;apos;Object Repository/Page_Members Area/div_My Photos&amp;apos; successfully</message>
  <nestedLevel>2</nestedLevel>
</record>
<record>
  <date>2019-12-11T12:49:56</date>
  <millis>1576068596927</millis>
  <sequence>238</sequence>
  <level>END</level>
  <class>com.kms.katalon.core.logging.XmlKeywordLogger</class>
  <method>endKeyword</method>
  <thread>1</thread>
  <message>End action : scrollToElement(findTestObject(\&amp;quot;Object Repository/Page_Members Area/div_My Photos\&amp;quot;), 5)</message>
  <nestedLevel>1</nestedLevel>
</record>
<record>
  <date>2019-12-11T12:49:56</date>
  <millis>1576068596928</millis>
  <sequence>239</sequence>
  <level>START</level>
  <class>com.kms.katalon.core.logging.XmlKeywordLogger</class>
  <method>startKeyword</method>
  <thread>1</thread>
  <message>Start action : click(findTestObject(\&amp;quot;Object Repository/Page_Members Area/div_My Photos\&amp;quot;))</message>
  <nestedLevel>1</nestedLevel>
  <property name="startLine">56</property>
  <property name="stepIndex">3</property>
</record>
<record>
  <date>2019-12-11T12:49:57</date>
  <millis>1576068597411</millis>
  <sequence>249</sequence>
  <level>PASSED</level>
  <class>com.kms.katalon.core.logging.XmlKeywordLogger</class>
  <method>logMessage</method>
  <thread>1</thread>
  <message>Object: &amp;apos;Object Repository/Page_Members Area/div_My Photos&amp;apos; is clicked on</message>
  <nestedLevel>2</nestedLevel>
</record>
<record>
  <date>2019-12-11T12:49:57</date>
  <millis>1576068597412</millis>
  <sequence>250</sequence>
  <level>END</level>
  <class>com.kms.katalon.core.logging.XmlKeywordLogger</class>
  <method>endKeyword</method>
  <thread>1</thread>
  <message>End action : click(findTestObject(\&amp;quot;Object Repository/Page_Members Area/div_My Photos\&amp;quot;))</message>
  <nestedLevel>1</nestedLevel>
</record>
<record>
  <date>2019-12-11T12:49:57</date>
  <millis>1576068597412</millis>
  <sequence>251</sequence>
  <level>PASSED</level>
  <class>com.kms.katalon.core.logging.XmlKeywordLogger</class>
  <method>logMessage</method>
  <thread>1</thread>
  <message>Test Cases/Reusable_Test_Sequences/Members_Area/Area_Menu/Grow_You_Business/My_Photos</message>
  <nestedLevel>2</nestedLevel>
</record>
<record>
  <date>2019-12-11T12:49:57</date>
  <millis>1576068597412</millis>
  <sequence>252</sequence>
  <level>END</level>
  <class>com.kms.katalon.core.logging.XmlKeywordLogger</class>
  <method>endTest</method>
  <thread>1</thread>
  <message>End Test Case : Test Cases/Reusable_Test_Sequences/Members_Area/Area_Menu/Grow_You_Business/My_Photos</message>
  <nestedLevel>1</nestedLevel>
</record>
<record>
  <date>2019-12-11T12:49:57</date>
  <millis>1576068597413</millis>
  <sequence>253</sequence>
  <level>PASSED</level>
  <class>com.kms.katalon.core.logging.XmlKeywordLogger</class>
  <method>logMessage</method>
  <thread>1</thread>
  <message>Call Test Case &amp;apos;Test Cases/Reusable_Test_Sequences/Members_Area/Area_Menu/Grow_You_Business/My_Photos&amp;apos; successfully</message>
  <nestedLevel>1</nestedLevel>
</record>
<record>
  <date>2019-12-11T12:49:57</date>
  <millis>1576068597413</millis>
  <sequence>254</sequence>
  <level>END</level>
  <class>com.kms.katalon.core.logging.XmlKeywordLogger</class>
  <method>endKeyword</method>
  <thread>1</thread>
  <message>End action : callTestCase(findTestCase(\&amp;quot;Reusable_Test_Sequences/Members_Area/Area_Menu/Grow_You_Business/My_Photos\&amp;quot;), [:], CONTINUE_ON_FAILURE)</message>
  <nestedLevel>2</nestedLevel>
</record>
<record>
  <date>2019-12-11T12:49:57</date>
  <millis>1576068597413</millis>
  <sequence>255</sequence>
  <level>START</level>
  <class>com.kms.katalon.core.logging.XmlKeywordLogger</class>
  <method>startKeyword</method>
  <thread>1</thread>
  <message>Start action : callTestCase(findTestCase(\&amp;quot;Reusable_Test_Sequences/Members_Area/Validation/My_Photos\&amp;quot;), [:], CONTINUE_ON_FAILURE)</message>
  <nestedLevel>2</nestedLevel>
  <property name="startLine">75</property>
  <property name="stepIndex">4</property>
</record>
<record>
  <date>2019-12-11T12:49:57</date>
  <millis>1576068597490</millis>
  <sequence>258</sequence>
  <level>START</level>
  <class>com.kms.katalon.core.logging.XmlKeywordLogger</class>
  <method>startTest</method>
  <thread>1</thread>
  <message>Start Test Case : Test Cases/Reusable_Test_Sequences/Members_Area/Validation/My_Photos</message>
  <nestedLevel>2</nestedLevel>
  <property name="name">Test Cases/Reusable_Test_Sequences/Members_Area/Validation/My_Photos</property>
  <property name="description">Confirm My Photos Page is Returned</property>
  <property name="id">Test Cases/Reusable_Test_Sequences/Members_Area/Validation/My_Photos</property>
  <property name="source">C:\\Users\\davidho\\Katalon Studio\\Start\\Test Cases\\Reusable_Test_Sequences\\Members_Area\\Validation\\My_Photos.tc</property>
  <property name="tag">Members</property>
  <property name="isOptional">false</property>
</record>
<record>
  <date>2019-12-11T12:49:57</date>
  <millis>1576068597869</millis>
  <sequence>260</sequence>
  <level>START</level>
  <class>com.kms.katalon.core.logging.XmlKeywordLogger</class>
  <method>startKeyword</method>
  <thread>1</thread>
  <message>Start action : waitForPageLoad(60)</message>
  <nestedLevel>1</nestedLevel>
  <property name="startLine">54</property>
  <property name="stepIndex">1</property>
</record>
<record>
  <date>2019-12-11T12:49:57</date>
  <millis>1576068597883</millis>
  <sequence>262</sequence>
  <level>PASSED</level>
  <class>com.kms.katalon.core.logging.XmlKeywordLogger</class>
  <method>logMessage</method>
  <thread>1</thread>
  <message>Wait for page load successfully</message>
  <nestedLevel>2</nestedLevel>
</record>
<record>
  <date>2019-12-11T12:49:57</date>
  <millis>1576068597884</millis>
  <sequence>263</sequence>
  <level>END</level>
  <class>com.kms.katalon.core.logging.XmlKeywordLogger</class>
  <method>endKeyword</method>
  <thread>1</thread>
  <message>End action : waitForPageLoad(60)</message>
  <nestedLevel>1</nestedLevel>
</record>
<record>
  <date>2019-12-11T12:49:57</date>
  <millis>1576068597884</millis>
  <sequence>264</sequence>
  <level>START</level>
  <class>com.kms.katalon.core.logging.XmlKeywordLogger</class>
  <method>startKeyword</method>
  <thread>1</thread>
  <message>Start action : callTestCase(findTestCase(\&amp;quot;Reusable_Test_Sequences/Utils/Check_URL\&amp;quot;), [:], CONTINUE_ON_FAILURE)</message>
  <nestedLevel>1</nestedLevel>
  <property name="startLine">65</property>
  <property name="stepIndex">2</property>
  <property name="description">Check URL Is The Correct One :-)</property>
</record>
<record>
  <date>2019-12-11T12:49:57</date>
  <millis>1576068597942</millis>
  <sequence>267</sequence>
  <level>START</level>
  <class>com.kms.katalon.core.logging.XmlKeywordLogger</class>
  <method>startTest</method>
  <thread>1</thread>
  <message>Start Test Case : Test Cases/Reusable_Test_Sequences/Utils/Check_URL</message>
  <nestedLevel>3</nestedLevel>
  <property name="name">Test Cases/Reusable_Test_Sequences/Utils/Check_URL</property>
  <property name="description">Checks that the expected URL is the one we are on :-)</property>
  <property name="id">Test Cases/Reusable_Test_Sequences/Utils/Check_URL</property>
  <property name="source">C:\\Users\\davidho\\Katalon Studio\\Start\\Test Cases\\Reusable_Test_Sequences\\Utils\\Check_URL.tc</property>
  <property name="tag">URL Check</property>
  <property name="isOptional">false</property>
</record>
<record>
  <date>2019-12-11T12:49:58</date>
  <millis>1576068598218</millis>
  <sequence>269</sequence>
  <level>START</level>
  <class>com.kms.katalon.core.logging.XmlKeywordLogger</class>
  <method>startKeyword</method>
  <thread>1</thread>
  <message>Start action : waitForPageLoad(10)</message>
  <nestedLevel>1</nestedLevel>
  <property name="startLine">52</property>
  <property name="stepIndex">1</property>
</record>
<record>
  <date>2019-12-11T12:49:58</date>
  <millis>1576068598235</millis>
  <sequence>271</sequence>
  <level>PASSED</level>
  <class>com.kms.katalon.core.logging.XmlKeywordLogger</class>
  <method>logMessage</method>
  <thread>1</thread>
  <message>Wait for page load successfully</message>
  <nestedLevel>3</nestedLevel>
</record>
<record>
  <date>2019-12-11T12:49:58</date>
  <millis>1576068598235</millis>
  <sequence>272</sequence>
  <level>END</level>
  <class>com.kms.katalon.core.logging.XmlKeywordLogger</class>
  <method>endKeyword</method>
  <thread>1</thread>
  <message>End action : waitForPageLoad(10)</message>
  <nestedLevel>1</nestedLevel>
</record>
<record>
  <date>2019-12-11T12:49:58</date>
  <millis>1576068598235</millis>
  <sequence>273</sequence>
  <level>START</level>
  <class>com.kms.katalon.core.logging.XmlKeywordLogger</class>
  <method>startKeyword</method>
  <thread>1</thread>
  <message>Start action : CurrentUrl = getUrl()</message>
  <nestedLevel>1</nestedLevel>
  <property name="startLine">58</property>
  <property name="stepIndex">2</property>
</record>
<record>
  <date>2019-12-11T12:49:58</date>
  <millis>1576068598251</millis>
  <sequence>275</sequence>
  <level>PASSED</level>
  <class>com.kms.katalon.core.logging.XmlKeywordLogger</class>
  <method>logMessage</method>
  <thread>1</thread>
  <message>Current window&amp;apos;s url is: &amp;apos;https://preview-ma.checkatrade.com/manage-albums&amp;apos;</message>
  <nestedLevel>3</nestedLevel>
</record>
<record>
  <date>2019-12-11T12:49:58</date>
  <millis>1576068598252</millis>
  <sequence>276</sequence>
  <level>END</level>
  <class>com.kms.katalon.core.logging.XmlKeywordLogger</class>
  <method>endKeyword</method>
  <thread>1</thread>
  <message>End action : CurrentUrl = getUrl()</message>
  <nestedLevel>1</nestedLevel>
</record>
<record>
  <date>2019-12-11T12:49:58</date>
  <millis>1576068598252</millis>
  <sequence>277</sequence>
  <level>START</level>
  <class>com.kms.katalon.core.logging.XmlKeywordLogger</class>
  <method>startKeyword</method>
  <thread>1</thread>
  <message>Start action : step_Passed = \&amp;quot;We have been redirected, correctly to the EXPECTED &amp;lt;MEMBERS&amp;gt; URL Page\&amp;quot;+GlobalVariable.CurrentUrl\&amp;quot;</message>
  <nestedLevel>1</nestedLevel>
  <property name="startLine">59</property>
  <property name="stepIndex">3</property>
</record>
<record>
  <date>2019-12-11T12:49:58</date>
  <millis>1576068598253</millis>
  <sequence>278</sequence>
  <level>END</level>
  <class>com.kms.katalon.core.logging.XmlKeywordLogger</class>
  <method>endKeyword</method>
  <thread>1</thread>
  <message>End action : step_Passed = \&amp;quot;We have been redirected, correctly to the EXPECTED &amp;lt;MEMBERS&amp;gt; URL Page\&amp;quot;+GlobalVariable.CurrentUrl\&amp;quot;</message>
  <nestedLevel>1</nestedLevel>
</record>
<record>
  <date>2019-12-11T12:49:58</date>
  <millis>1576068598253</millis>
  <sequence>279</sequence>
  <level>START</level>
  <class>com.kms.katalon.core.logging.XmlKeywordLogger</class>
  <method>startKeyword</method>
  <thread>1</thread>
  <message>Start action : step_Failed = \&amp;quot;We have been redirected, incorrectly to this page \&amp;quot;+GlobalVariable.CurrentUrl+\&amp;quot; We should be on \&amp;quot;+GlobalVariable.MembersURL+GlobalVariable.PAGE\&amp;quot;</message>
  <nestedLevel>1</nestedLevel>
  <property name="startLine">60</property>
  <property name="stepIndex">4</property>
</record>
<record>
  <date>2019-12-11T12:49:58</date>
  <millis>1576068598254</millis>
  <sequence>280</sequence>
  <level>END</level>
  <class>com.kms.katalon.core.logging.XmlKeywordLogger</class>
  <method>endKeyword</method>
  <thread>1</thread>
  <message>End action : step_Failed = \&amp;quot;We have been redirected, incorrectly to this page \&amp;quot;+GlobalVariable.CurrentUrl+\&amp;quot; We should be on \&amp;quot;+GlobalVariable.MembersURL+GlobalVariable.PAGE\&amp;quot;</message>
  <nestedLevel>1</nestedLevel>
</record>
<record>
  <date>2019-12-11T12:49:58</date>
  <millis>1576068598254</millis>
  <sequence>281</sequence>
  <level>START</level>
  <class>com.kms.katalon.core.logging.XmlKeywordLogger</class>
  <method>startKeyword</method>
  <thread>1</thread>
  <message>Start action : if (CurrentUrl == MembersURL + PAGE)</message>
  <nestedLevel>1</nestedLevel>
  <property name="startLine">63</property>
  <property name="stepIndex">5</property>
</record>
<record>
  <date>2019-12-11T12:49:58</date>
  <millis>1576068598255</millis>
  <sequence>282</sequence>
  <level>START</level>
  <class>com.kms.katalon.core.logging.XmlKeywordLogger</class>
  <method>startKeyword</method>
  <thread>1</thread>
  <message>Start action : out.println(step_Passed)</message>
  <nestedLevel>2</nestedLevel>
  <property name="startLine">64</property>
  <property name="stepIndex">1</property>
</record>
<record>
  <date>2019-12-11T12:49:58</date>
  <millis>1576068598270</millis>
  <sequence>283</sequence>
  <level>END</level>
  <class>com.kms.katalon.core.logging.XmlKeywordLogger</class>
  <method>endKeyword</method>
  <thread>1</thread>
  <message>End action : out.println(step_Passed)</message>
  <nestedLevel>2</nestedLevel>
</record>
<record>
  <date>2019-12-11T12:49:58</date>
  <millis>1576068598270</millis>
  <sequence>284</sequence>
  <level>START</level>
  <class>com.kms.katalon.core.logging.XmlKeywordLogger</class>
  <method>startKeyword</method>
  <thread>1</thread>
  <message>Start action : markPassed(step_Passed)</message>
  <nestedLevel>2</nestedLevel>
  <property name="startLine">65</property>
  <property name="stepIndex">2</property>
</record>
<record>
  <date>2019-12-11T12:49:58</date>
  <millis>1576068598271</millis>
  <sequence>285</sequence>
  <level>PASSED</level>
  <class>com.kms.katalon.core.logging.XmlKeywordLogger</class>
  <method>logMessage</method>
  <thread>1</thread>
  <message>We have been redirected, correctly to the EXPECTED &amp;lt;MEMBERS&amp;gt; URL Page\&amp;quot;+GlobalVariable.CurrentUrl</message>
  <nestedLevel>3</nestedLevel>
</record>
<record>
  <date>2019-12-11T12:49:58</date>
  <millis>1576068598271</millis>
  <sequence>286</sequence>
  <level>END</level>
  <class>com.kms.katalon.core.logging.XmlKeywordLogger</class>
  <method>endKeyword</method>
  <thread>1</thread>
  <message>End action : markPassed(step_Passed)</message>
  <nestedLevel>2</nestedLevel>
</record>
<record>
  <date>2019-12-11T12:49:58</date>
  <millis>1576068598271</millis>
  <sequence>287</sequence>
  <level>END</level>
  <class>com.kms.katalon.core.logging.XmlKeywordLogger</class>
  <method>endKeyword</method>
  <thread>1</thread>
  <message>End action : if (CurrentUrl == MembersURL + PAGE)</message>
  <nestedLevel>1</nestedLevel>
</record>
<record>
  <date>2019-12-11T12:49:58</date>
  <millis>1576068598272</millis>
  <sequence>288</sequence>
  <level>PASSED</level>
  <class>com.kms.katalon.core.logging.XmlKeywordLogger</class>
  <method>logMessage</method>
  <thread>1</thread>
  <message>Test Cases/Reusable_Test_Sequences/Utils/Check_URL</message>
  <nestedLevel>3</nestedLevel>
</record>
<record>
  <date>2019-12-11T12:49:58</date>
  <millis>1576068598272</millis>
  <sequence>289</sequence>
  <level>END</level>
  <class>com.kms.katalon.core.logging.XmlKeywordLogger</class>
  <method>endTest</method>
  <thread>1</thread>
  <message>End Test Case : Test Cases/Reusable_Test_Sequences/Utils/Check_URL</message>
  <nestedLevel>2</nestedLevel>
</record>
<record>
  <date>2019-12-11T12:49:58</date>
  <millis>1576068598273</millis>
  <sequence>290</sequence>
  <level>PASSED</level>
  <class>com.kms.katalon.core.logging.XmlKeywordLogger</class>
  <method>logMessage</method>
  <thread>1</thread>
  <message>Call Test Case &amp;apos;Test Cases/Reusable_Test_Sequences/Utils/Check_URL&amp;apos; successfully</message>
  <nestedLevel>2</nestedLevel>
</record>
<record>
  <date>2019-12-11T12:49:58</date>
  <millis>1576068598273</millis>
  <sequence>291</sequence>
  <level>END</level>
  <class>com.kms.katalon.core.logging.XmlKeywordLogger</class>
  <method>endKeyword</method>
  <thread>1</thread>
  <message>End action : callTestCase(findTestCase(\&amp;quot;Reusable_Test_Sequences/Utils/Check_URL\&amp;quot;), [:], CONTINUE_ON_FAILURE)</message>
  <nestedLevel>1</nestedLevel>
</record>
<record>
  <date>2019-12-11T12:49:58</date>
  <millis>1576068598273</millis>
  <sequence>292</sequence>
  <level>START</level>
  <class>com.kms.katalon.core.logging.XmlKeywordLogger</class>
  <method>startKeyword</method>
  <thread>1</thread>
  <message>Start action : \&amp;quot;---------------------------------\&amp;quot;</message>
  <nestedLevel>1</nestedLevel>
  <property name="startLine">70</property>
  <property name="stepIndex">3</property>
</record>
<record>
  <date>2019-12-11T12:49:58</date>
  <millis>1576068598274</millis>
  <sequence>293</sequence>
  <level>END</level>
  <class>com.kms.katalon.core.logging.XmlKeywordLogger</class>
  <method>endKeyword</method>
  <thread>1</thread>
  <message>End action : \&amp;quot;---------------------------------\&amp;quot;</message>
  <nestedLevel>1</nestedLevel>
</record>
<record>
  <date>2019-12-11T12:49:58</date>
  <millis>1576068598274</millis>
  <sequence>294</sequence>
  <level>START</level>
  <class>com.kms.katalon.core.logging.XmlKeywordLogger</class>
  <method>startKeyword</method>
  <thread>1</thread>
  <message>Start action : \&amp;quot;DEFAULT TAB - My Photos          \&amp;quot;</message>
  <nestedLevel>1</nestedLevel>
  <property name="startLine">71</property>
  <property name="stepIndex">4</property>
</record>
<record>
  <date>2019-12-11T12:49:58</date>
  <millis>1576068598275</millis>
  <sequence>295</sequence>
  <level>END</level>
  <class>com.kms.katalon.core.logging.XmlKeywordLogger</class>
  <method>endKeyword</method>
  <thread>1</thread>
  <message>End action : \&amp;quot;DEFAULT TAB - My Photos          \&amp;quot;</message>
  <nestedLevel>1</nestedLevel>
</record>
<record>
  <date>2019-12-11T12:49:58</date>
  <millis>1576068598275</millis>
  <sequence>296</sequence>
  <level>START</level>
  <class>com.kms.katalon.core.logging.XmlKeywordLogger</class>
  <method>startKeyword</method>
  <thread>1</thread>
  <message>Start action : verifyTextPresent(findTestData(\&amp;quot;Members_Test_Data\&amp;quot;).getValue(\&amp;quot;MEMBER_ID\&amp;quot;, 1), false)</message>
  <nestedLevel>1</nestedLevel>
  <property name="startLine">74</property>
  <property name="stepIndex">5</property>
  <property name="description">----------------------------------------------</property>
</record>
<record>
  <date>2019-12-11T12:49:58</date>
  <millis>1576068598652</millis>
  <sequence>303</sequence>
  <level>PASSED</level>
  <class>com.kms.katalon.core.logging.XmlKeywordLogger</class>
  <method>logMessage</method>
  <thread>1</thread>
  <message>Text &amp;apos;218630&amp;apos; is present on page </message>
  <nestedLevel>2</nestedLevel>
</record>
<record>
  <date>2019-12-11T12:49:58</date>
  <millis>1576068598652</millis>
  <sequence>304</sequence>
  <level>END</level>
  <class>com.kms.katalon.core.logging.XmlKeywordLogger</class>
  <method>endKeyword</method>
  <thread>1</thread>
  <message>End action : verifyTextPresent(findTestData(\&amp;quot;Members_Test_Data\&amp;quot;).getValue(\&amp;quot;MEMBER_ID\&amp;quot;, 1), false)</message>
  <nestedLevel>1</nestedLevel>
</record>
<record>
  <date>2019-12-11T12:49:58</date>
  <millis>1576068598653</millis>
  <sequence>305</sequence>
  <level>START</level>
  <class>com.kms.katalon.core.logging.XmlKeywordLogger</class>
  <method>startKeyword</method>
  <thread>1</thread>
  <message>Start action : verifyTextPresent(\&amp;quot;MEMBER ID\&amp;quot;, false)</message>
  <nestedLevel>1</nestedLevel>
  <property name="startLine">76</property>
  <property name="stepIndex">6</property>
  <property name="description">----------------------------------------------</property>
</record>
<record>
  <date>2019-12-11T12:49:59</date>
  <millis>1576068599020</millis>
  <sequence>308</sequence>
  <level>PASSED</level>
  <class>com.kms.katalon.core.logging.XmlKeywordLogger</class>
  <method>logMessage</method>
  <thread>1</thread>
  <message>Text &amp;apos;MEMBER ID&amp;apos; is present on page </message>
  <nestedLevel>2</nestedLevel>
</record>
<record>
  <date>2019-12-11T12:49:59</date>
  <millis>1576068599020</millis>
  <sequence>309</sequence>
  <level>END</level>
  <class>com.kms.katalon.core.logging.XmlKeywordLogger</class>
  <method>endKeyword</method>
  <thread>1</thread>
  <message>End action : verifyTextPresent(\&amp;quot;MEMBER ID\&amp;quot;, false)</message>
  <nestedLevel>1</nestedLevel>
</record>
<record>
  <date>2019-12-11T12:49:59</date>
  <millis>1576068599021</millis>
  <sequence>310</sequence>
  <level>START</level>
  <class>com.kms.katalon.core.logging.XmlKeywordLogger</class>
  <method>startKeyword</method>
  <thread>1</thread>
  <message>Start action : verifyTextPresent(\&amp;quot;Manage Your Albums\&amp;quot;, false)</message>
  <nestedLevel>1</nestedLevel>
  <property name="startLine">78</property>
  <property name="stepIndex">7</property>
  <property name="description">----------------------------------------------</property>
</record>
<record>
  <date>2019-12-11T12:50:00</date>
  <millis>1576068600268</millis>
  <sequence>313</sequence>
  <level>PASSED</level>
  <class>com.kms.katalon.core.logging.XmlKeywordLogger</class>
  <method>logMessage</method>
  <thread>1</thread>
  <message>Text &amp;apos;Manage Your Albums&amp;apos; is present on page </message>
  <nestedLevel>2</nestedLevel>
</record>
<record>
  <date>2019-12-11T12:50:00</date>
  <millis>1576068600270</millis>
  <sequence>314</sequence>
  <level>END</level>
  <class>com.kms.katalon.core.logging.XmlKeywordLogger</class>
  <method>endKeyword</method>
  <thread>1</thread>
  <message>End action : verifyTextPresent(\&amp;quot;Manage Your Albums\&amp;quot;, false)</message>
  <nestedLevel>1</nestedLevel>
</record>
<record>
  <date>2019-12-11T12:50:00</date>
  <millis>1576068600270</millis>
  <sequence>315</sequence>
  <level>START</level>
  <class>com.kms.katalon.core.logging.XmlKeywordLogger</class>
  <method>startKeyword</method>
  <thread>1</thread>
  <message>Start action : verifyTextPresent(\&amp;quot;These albums are displayed in your public Gallery and are a great way to show the variety and quality of your work\&amp;quot;, false)</message>
  <nestedLevel>1</nestedLevel>
  <property name="startLine">80</property>
  <property name="stepIndex">8</property>
  <property name="description">----------------------------------------------</property>
</record>
<record>
  <date>2019-12-11T12:50:01</date>
  <millis>1576068601045</millis>
  <sequence>318</sequence>
  <level>PASSED</level>
  <class>com.kms.katalon.core.logging.XmlKeywordLogger</class>
  <method>logMessage</method>
  <thread>1</thread>
  <message>Text &amp;apos;These albums are displayed in your public Gallery and are a great way to show the variety and quality of your work&amp;apos; is present on page </message>
  <nestedLevel>2</nestedLevel>
</record>
<record>
  <date>2019-12-11T12:50:01</date>
  <millis>1576068601046</millis>
  <sequence>319</sequence>
  <level>END</level>
  <class>com.kms.katalon.core.logging.XmlKeywordLogger</class>
  <method>endKeyword</method>
  <thread>1</thread>
  <message>End action : verifyTextPresent(\&amp;quot;These albums are displayed in your public Gallery and are a great way to show the variety and quality of your work\&amp;quot;, false)</message>
  <nestedLevel>1</nestedLevel>
</record>
<record>
  <date>2019-12-11T12:50:01</date>
  <millis>1576068601047</millis>
  <sequence>320</sequence>
  <level>START</level>
  <class>com.kms.katalon.core.logging.XmlKeywordLogger</class>
  <method>startKeyword</method>
  <thread>1</thread>
  <message>Start action : verifyTextPresent(\&amp;quot;Click/tap on an album to open it and edit its photos and videos\&amp;quot;, false)</message>
  <nestedLevel>1</nestedLevel>
  <property name="startLine">82</property>
  <property name="stepIndex">9</property>
  <property name="description">----------------------------------------------</property>
</record>
<record>
  <date>2019-12-11T12:50:01</date>
  <millis>1576068601592</millis>
  <sequence>323</sequence>
  <level>PASSED</level>
  <class>com.kms.katalon.core.logging.XmlKeywordLogger</class>
  <method>logMessage</method>
  <thread>1</thread>
  <message>Text &amp;apos;Click/tap on an album to open it and edit its photos and videos&amp;apos; is present on page </message>
  <nestedLevel>2</nestedLevel>
</record>
<record>
  <date>2019-12-11T12:50:01</date>
  <millis>1576068601593</millis>
  <sequence>324</sequence>
  <level>END</level>
  <class>com.kms.katalon.core.logging.XmlKeywordLogger</class>
  <method>endKeyword</method>
  <thread>1</thread>
  <message>End action : verifyTextPresent(\&amp;quot;Click/tap on an album to open it and edit its photos and videos\&amp;quot;, false)</message>
  <nestedLevel>1</nestedLevel>
</record>
<record>
  <date>2019-12-11T12:50:01</date>
  <millis>1576068601593</millis>
  <sequence>325</sequence>
  <level>START</level>
  <class>com.kms.katalon.core.logging.XmlKeywordLogger</class>
  <method>startKeyword</method>
  <thread>1</thread>
  <message>Start action : verifyTextPresent(\&amp;quot;Add New Album\&amp;quot;, false)</message>
  <nestedLevel>1</nestedLevel>
  <property name="startLine">84</property>
  <property name="stepIndex">10</property>
  <property name="description">----------------------------------------------</property>
</record>
<record>
  <date>2019-12-11T12:50:02</date>
  <millis>1576068602023</millis>
  <sequence>328</sequence>
  <level>PASSED</level>
  <class>com.kms.katalon.core.logging.XmlKeywordLogger</class>
  <method>logMessage</method>
  <thread>1</thread>
  <message>Text &amp;apos;Add New Album&amp;apos; is present on page </message>
  <nestedLevel>2</nestedLevel>
</record>
<record>
  <date>2019-12-11T12:50:02</date>
  <millis>1576068602023</millis>
  <sequence>329</sequence>
  <level>END</level>
  <class>com.kms.katalon.core.logging.XmlKeywordLogger</class>
  <method>endKeyword</method>
  <thread>1</thread>
  <message>End action : verifyTextPresent(\&amp;quot;Add New Album\&amp;quot;, false)</message>
  <nestedLevel>1</nestedLevel>
</record>
<record>
  <date>2019-12-11T12:50:02</date>
  <millis>1576068602024</millis>
  <sequence>330</sequence>
  <level>START</level>
  <class>com.kms.katalon.core.logging.XmlKeywordLogger</class>
  <method>startKeyword</method>
  <thread>1</thread>
  <message>Start action : verifyTextPresent(\&amp;quot;Checkatrade\&amp;quot;, false)</message>
  <nestedLevel>1</nestedLevel>
  <property name="startLine">86</property>
  <property name="stepIndex">11</property>
</record>
<record>
  <date>2019-12-11T12:50:02</date>
  <millis>1576068602413</millis>
  <sequence>333</sequence>
  <level>PASSED</level>
  <class>com.kms.katalon.core.logging.XmlKeywordLogger</class>
  <method>logMessage</method>
  <thread>1</thread>
  <message>Text &amp;apos;Checkatrade&amp;apos; is present on page </message>
  <nestedLevel>2</nestedLevel>
</record>
<record>
  <date>2019-12-11T12:50:02</date>
  <millis>1576068602414</millis>
  <sequence>334</sequence>
  <level>END</level>
  <class>com.kms.katalon.core.logging.XmlKeywordLogger</class>
  <method>endKeyword</method>
  <thread>1</thread>
  <message>End action : verifyTextPresent(\&amp;quot;Checkatrade\&amp;quot;, false)</message>
  <nestedLevel>1</nestedLevel>
</record>
<record>
  <date>2019-12-11T12:50:02</date>
  <millis>1576068602414</millis>
  <sequence>335</sequence>
  <level>PASSED</level>
  <class>com.kms.katalon.core.logging.XmlKeywordLogger</class>
  <method>logMessage</method>
  <thread>1</thread>
  <message>Test Cases/Reusable_Test_Sequences/Members_Area/Validation/My_Photos</message>
  <nestedLevel>2</nestedLevel>
</record>
<record>
  <date>2019-12-11T12:50:02</date>
  <millis>1576068602415</millis>
  <sequence>336</sequence>
  <level>END</level>
  <class>com.kms.katalon.core.logging.XmlKeywordLogger</class>
  <method>endTest</method>
  <thread>1</thread>
  <message>End Test Case : Test Cases/Reusable_Test_Sequences/Members_Area/Validation/My_Photos</message>
  <nestedLevel>1</nestedLevel>
</record>
<record>
  <date>2019-12-11T12:50:02</date>
  <millis>1576068602415</millis>
  <sequence>337</sequence>
  <level>PASSED</level>
  <class>com.kms.katalon.core.logging.XmlKeywordLogger</class>
  <method>logMessage</method>
  <thread>1</thread>
  <message>Call Test Case &amp;apos;Test Cases/Reusable_Test_Sequences/Members_Area/Validation/My_Photos&amp;apos; successfully</message>
  <nestedLevel>1</nestedLevel>
</record>
<record>
  <date>2019-12-11T12:50:02</date>
  <millis>1576068602415</millis>
  <sequence>338</sequence>
  <level>END</level>
  <class>com.kms.katalon.core.logging.XmlKeywordLogger</class>
  <method>endKeyword</method>
  <thread>1</thread>
  <message>End action : callTestCase(findTestCase(\&amp;quot;Reusable_Test_Sequences/Members_Area/Validation/My_Photos\&amp;quot;), [:], CONTINUE_ON_FAILURE)</message>
  <nestedLevel>2</nestedLevel>
</record>
<record>
  <date>2019-12-11T12:50:02</date>
  <millis>1576068602416</millis>
  <sequence>339</sequence>
  <level>START</level>
  <class>com.kms.katalon.core.logging.XmlKeywordLogger</class>
  <method>startKeyword</method>
  <thread>1</thread>
  <message>Start action : callTestCase(findTestCase(\&amp;quot;Reusable_Test_Sequences/Members_Area/Banner_Menu/log_Off\&amp;quot;), [:], OPTIONAL)</message>
  <nestedLevel>2</nestedLevel>
  <property name="startLine">80</property>
  <property name="stepIndex">5</property>
</record>
<record>
  <date>2019-12-11T12:50:02</date>
  <millis>1576068602477</millis>
  <sequence>342</sequence>
  <level>START</level>
  <class>com.kms.katalon.core.logging.XmlKeywordLogger</class>
  <method>startTest</method>
  <thread>1</thread>
  <message>Start Test Case : Test Cases/Reusable_Test_Sequences/Members_Area/Banner_Menu/log_Off</message>
  <nestedLevel>2</nestedLevel>
  <property name="name">Test Cases/Reusable_Test_Sequences/Members_Area/Banner_Menu/log_Off</property>
  <property name="description">Log Off the Members Area</property>
  <property name="id">Test Cases/Reusable_Test_Sequences/Members_Area/Banner_Menu/log_Off</property>
  <property name="source">C:\\Users\\davidho\\Katalon Studio\\Start\\Test Cases\\Reusable_Test_Sequences\\Members_Area\\Banner_Menu\\log_Off.tc</property>
  <property name="tag">Members</property>
  <property name="isOptional">true</property>
</record>
<record>
  <date>2019-12-11T12:50:02</date>
  <millis>1576068602821</millis>
  <sequence>344</sequence>
  <level>START</level>
  <class>com.kms.katalon.core.logging.XmlKeywordLogger</class>
  <method>startKeyword</method>
  <thread>1</thread>
  <message>Start action : delay(1)</message>
  <nestedLevel>1</nestedLevel>
  <property name="startLine">50</property>
  <property name="stepIndex">1</property>
</record>
<record>
  <date>2019-12-11T12:50:03</date>
  <millis>1576068603827</millis>
  <sequence>346</sequence>
  <level>PASSED</level>
  <class>com.kms.katalon.core.logging.XmlKeywordLogger</class>
  <method>logMessage</method>
  <thread>1</thread>
  <message>Delayed 1 second(s)</message>
  <nestedLevel>2</nestedLevel>
</record>
<record>
  <date>2019-12-11T12:50:03</date>
  <millis>1576068603827</millis>
  <sequence>347</sequence>
  <level>END</level>
  <class>com.kms.katalon.core.logging.XmlKeywordLogger</class>
  <method>endKeyword</method>
  <thread>1</thread>
  <message>End action : delay(1)</message>
  <nestedLevel>1</nestedLevel>
</record>
<record>
  <date>2019-12-11T12:50:03</date>
  <millis>1576068603827</millis>
  <sequence>348</sequence>
  <level>START</level>
  <class>com.kms.katalon.core.logging.XmlKeywordLogger</class>
  <method>startKeyword</method>
  <thread>1</thread>
  <message>Start action : waitForElementClickable(findTestObject(\&amp;quot;Object Repository/Page_Members Area/a_Log off\&amp;quot;), 60)</message>
  <nestedLevel>1</nestedLevel>
  <property name="startLine">51</property>
  <property name="stepIndex">2</property>
</record>
<record>
  <date>2019-12-11T12:50:03</date>
  <millis>1576068603988</millis>
  <sequence>356</sequence>
  <level>PASSED</level>
  <class>com.kms.katalon.core.logging.XmlKeywordLogger</class>
  <method>logMessage</method>
  <thread>1</thread>
  <message>Object &amp;apos;Object Repository/Page_Members Area/a_Log off&amp;apos; is clickable</message>
  <nestedLevel>2</nestedLevel>
</record>
<record>
  <date>2019-12-11T12:50:03</date>
  <millis>1576068603989</millis>
  <sequence>357</sequence>
  <level>END</level>
  <class>com.kms.katalon.core.logging.XmlKeywordLogger</class>
  <method>endKeyword</method>
  <thread>1</thread>
  <message>End action : waitForElementClickable(findTestObject(\&amp;quot;Object Repository/Page_Members Area/a_Log off\&amp;quot;), 60)</message>
  <nestedLevel>1</nestedLevel>
</record>
<record>
  <date>2019-12-11T12:50:03</date>
  <millis>1576068603989</millis>
  <sequence>358</sequence>
  <level>START</level>
  <class>com.kms.katalon.core.logging.XmlKeywordLogger</class>
  <method>startKeyword</method>
  <thread>1</thread>
  <message>Start action : scrollToElement(findTestObject(\&amp;quot;Object Repository/Page_Members Area/a_Log off\&amp;quot;), 2)</message>
  <nestedLevel>1</nestedLevel>
  <property name="startLine">52</property>
  <property name="stepIndex">3</property>
</record>
<record>
  <date>2019-12-11T12:50:04</date>
  <millis>1576068604074</millis>
  <sequence>367</sequence>
  <level>PASSED</level>
  <class>com.kms.katalon.core.logging.XmlKeywordLogger</class>
  <method>logMessage</method>
  <thread>1</thread>
  <message>Scroll to object &amp;apos;Object Repository/Page_Members Area/a_Log off&amp;apos; successfully</message>
  <nestedLevel>2</nestedLevel>
</record>
<record>
  <date>2019-12-11T12:50:04</date>
  <millis>1576068604075</millis>
  <sequence>368</sequence>
  <level>END</level>
  <class>com.kms.katalon.core.logging.XmlKeywordLogger</class>
  <method>endKeyword</method>
  <thread>1</thread>
  <message>End action : scrollToElement(findTestObject(\&amp;quot;Object Repository/Page_Members Area/a_Log off\&amp;quot;), 2)</message>
  <nestedLevel>1</nestedLevel>
</record>
<record>
  <date>2019-12-11T12:50:04</date>
  <millis>1576068604075</millis>
  <sequence>369</sequence>
  <level>START</level>
  <class>com.kms.katalon.core.logging.XmlKeywordLogger</class>
  <method>startKeyword</method>
  <thread>1</thread>
  <message>Start action : click(findTestObject(\&amp;quot;Object Repository/Page_Members Area/a_Log off\&amp;quot;))</message>
  <nestedLevel>1</nestedLevel>
  <property name="startLine">57</property>
  <property name="stepIndex">4</property>
</record>
<record>
  <date>2019-12-11T12:50:04</date>
  <millis>1576068604527</millis>
  <sequence>379</sequence>
  <level>PASSED</level>
  <class>com.kms.katalon.core.logging.XmlKeywordLogger</class>
  <method>logMessage</method>
  <thread>1</thread>
  <message>Object: &amp;apos;Object Repository/Page_Members Area/a_Log off&amp;apos; is clicked on</message>
  <nestedLevel>2</nestedLevel>
</record>
<record>
  <date>2019-12-11T12:50:04</date>
  <millis>1576068604527</millis>
  <sequence>380</sequence>
  <level>END</level>
  <class>com.kms.katalon.core.logging.XmlKeywordLogger</class>
  <method>endKeyword</method>
  <thread>1</thread>
  <message>End action : click(findTestObject(\&amp;quot;Object Repository/Page_Members Area/a_Log off\&amp;quot;))</message>
  <nestedLevel>1</nestedLevel>
</record>
<record>
  <date>2019-12-11T12:50:04</date>
  <millis>1576068604527</millis>
  <sequence>381</sequence>
  <level>PASSED</level>
  <class>com.kms.katalon.core.logging.XmlKeywordLogger</class>
  <method>logMessage</method>
  <thread>1</thread>
  <message>Test Cases/Reusable_Test_Sequences/Members_Area/Banner_Menu/log_Off</message>
  <nestedLevel>2</nestedLevel>
</record>
<record>
  <date>2019-12-11T12:50:04</date>
  <millis>1576068604528</millis>
  <sequence>382</sequence>
  <level>END</level>
  <class>com.kms.katalon.core.logging.XmlKeywordLogger</class>
  <method>endTest</method>
  <thread>1</thread>
  <message>End Test Case : Test Cases/Reusable_Test_Sequences/Members_Area/Banner_Menu/log_Off</message>
  <nestedLevel>1</nestedLevel>
</record>
<record>
  <date>2019-12-11T12:50:04</date>
  <millis>1576068604528</millis>
  <sequence>383</sequence>
  <level>PASSED</level>
  <class>com.kms.katalon.core.logging.XmlKeywordLogger</class>
  <method>logMessage</method>
  <thread>1</thread>
  <message>Call Test Case &amp;apos;Test Cases/Reusable_Test_Sequences/Members_Area/Banner_Menu/log_Off&amp;apos; successfully</message>
  <nestedLevel>1</nestedLevel>
</record>
<record>
  <date>2019-12-11T12:50:04</date>
  <millis>1576068604583</millis>
  <sequence>388</sequence>
  <level>END</level>
  <class>com.kms.katalon.core.logging.XmlKeywordLogger</class>
  <method>endKeyword</method>
  <thread>1</thread>
  <message>End action : callTestCase(findTestCase(\&amp;quot;Reusable_Test_Sequences/Members_Area/Banner_Menu/log_Off\&amp;quot;), [:], OPTIONAL)</message>
  <nestedLevel>2</nestedLevel>
</record>
<record>
  <date>2019-12-11T12:50:04</date>
  <millis>1576068604583</millis>
  <sequence>389</sequence>
  <level>END</level>
  <class>com.kms.katalon.core.logging.XmlKeywordLogger</class>
  <method>endKeyword</method>
  <thread>1</thread>
  <message>End action : for ([row = 1, row &amp;lt;= findTestData(\&amp;quot;Members_Test_Data\&amp;quot;).getRowNumbers(), (internal.GlobalVariable.row++)])</message>
  <nestedLevel>1</nestedLevel>
</record>
<record>
  <date>2019-12-11T12:50:04</date>
  <millis>1576068604583</millis>
  <sequence>390</sequence>
  <level>PASSED</level>
  <class>com.kms.katalon.core.logging.XmlKeywordLogger</class>
  <method>logMessage</method>
  <thread>1</thread>
  <message>Test Cases/Members_Area/My_Photos</message>
  <nestedLevel>1</nestedLevel>
</record>
<record>
  <date>2019-12-11T12:50:04</date>
  <millis>1576068604584</millis>
  <sequence>391</sequence>
  <level>END</level>
  <class>com.kms.katalon.core.logging.XmlKeywordLogger</class>
  <method>endTest</method>
  <thread>1</thread>
  <message>End Test Case : Test Cases/Members_Area/My_Photos</message>
  <nestedLevel>0</nestedLevel>
</record>
<record>
  <date>2019-12-11T12:50:07</date>
  <millis>1576068607506</millis>
  <sequence>392</sequence>
  <level>END</level>
  <class>com.kms.katalon.core.logging.XmlKeywordLogger</class>
  <method>endSuite</method>
  <thread>1</thread>
  <message>End Test Suite : Test Suites/Members_My_Photos</message>
  <nestedLevel>0</nestedLevel>
</record>
</log>
