<?xml version="1.0" encoding="UTF-8" standalone="no"?>
<!DOCTYPE log SYSTEM "logger.dtd">
<log>
<record>
  <date>2019-11-25T14:18:58</date>
  <millis>1574691538750</millis>
  <sequence>0</sequence>
  <level>START</level>
  <class>com.kms.katalon.core.logging.XmlKeywordLogger</class>
  <method>startSuite</method>
  <thread>1</thread>
  <message>Start Test Suite : Test Suites/Members_Received_Negative_Feedback</message>
  <nestedLevel>0</nestedLevel>
  <property name="name">Members_Received_Negative_Feedback</property>
  <property name="description">Negative feedback from customers, The Tradesman is supplied with a number of helpful documents to help remedy the situation</property>
  <property name="id">Test Suites/Members_Received_Negative_Feedback</property>
</record>
<record>
  <date>2019-11-25T14:18:58</date>
  <millis>1574691538791</millis>
  <sequence>1</sequence>
  <level>RUN_DATA</level>
  <class>com.kms.katalon.core.logging.XmlKeywordLogger</class>
  <method>logMessage</method>
  <thread>1</thread>
  <message>hostName = DavidHo - VETTEDSP36RF.check.local</message>
  <nestedLevel>0</nestedLevel>
  <property name="hostName">DavidHo - VETTEDSP36RF.check.local</property>
</record>
<record>
  <date>2019-11-25T14:18:58</date>
  <millis>1574691538792</millis>
  <sequence>2</sequence>
  <level>RUN_DATA</level>
  <class>com.kms.katalon.core.logging.XmlKeywordLogger</class>
  <method>logMessage</method>
  <thread>1</thread>
  <message>os = Windows 10 32bit</message>
  <nestedLevel>0</nestedLevel>
  <property name="os">Windows 10 32bit</property>
</record>
<record>
  <date>2019-11-25T14:18:58</date>
  <millis>1574691538793</millis>
  <sequence>3</sequence>
  <level>RUN_DATA</level>
  <class>com.kms.katalon.core.logging.XmlKeywordLogger</class>
  <method>logMessage</method>
  <thread>1</thread>
  <message>hostAddress = 10.0.11.243</message>
  <nestedLevel>0</nestedLevel>
  <property name="hostAddress">10.0.11.243</property>
</record>
<record>
  <date>2019-11-25T14:18:58</date>
  <millis>1574691538797</millis>
  <sequence>4</sequence>
  <level>RUN_DATA</level>
  <class>com.kms.katalon.core.logging.XmlKeywordLogger</class>
  <method>logMessage</method>
  <thread>1</thread>
  <message>katalonVersion = 7.1.0.1</message>
  <nestedLevel>0</nestedLevel>
  <property name="katalonVersion">7.1.0.1</property>
</record>
<record>
  <date>2019-11-25T14:18:59</date>
  <millis>1574691539241</millis>
  <sequence>5</sequence>
  <level>START</level>
  <class>com.kms.katalon.core.logging.XmlKeywordLogger</class>
  <method>startTest</method>
  <thread>1</thread>
  <message>Start Test Case : Test Cases/Members_Area/Received_Negative_Review</message>
  <nestedLevel>1</nestedLevel>
  <property name="name">Test Cases/Members_Area/Received_Negative_Review</property>
  <property name="description">Testing of the Received Negative Feedback function from &lt;Your Customers&gt; on the Members Portal</property>
  <property name="id">Test Cases/Members_Area/Received_Negative_Review</property>
  <property name="source">C:\\Users\\davidho\\Katalon Studio\\Start\\Test Cases\\Members_Area\\Received_Negative_Review.tc</property>
  <property name="tag">Members Customers Negative</property>
  <property name="isOptional">false</property>
</record>
<record>
  <date>2019-11-25T14:18:59</date>
  <millis>1574691539834</millis>
  <sequence>7</sequence>
  <level>START</level>
  <class>com.kms.katalon.core.logging.XmlKeywordLogger</class>
  <method>startKeyword</method>
  <thread>1</thread>
  <message>Start action : PAGE = \&amp;quot;/assets/Resources/Documents/Membership%20Support%20Pack.pdf\&amp;quot;</message>
  <nestedLevel>1</nestedLevel>
  <property name="startLine">56</property>
  <property name="stepIndex">1</property>
  <property name="description">WARNING - Be AWARE that, for example, That the Members Area Link on Preview doesnt take you to Preview, but takes you to LIVE Members Area</property>
</record>
<record>
  <date>2019-11-25T14:19:00</date>
  <millis>1574691540909</millis>
  <sequence>8</sequence>
  <level>END</level>
  <class>com.kms.katalon.core.logging.XmlKeywordLogger</class>
  <method>endKeyword</method>
  <thread>1</thread>
  <message>End action : PAGE = \&amp;quot;/assets/Resources/Documents/Membership%20Support%20Pack.pdf\&amp;quot;</message>
  <nestedLevel>1</nestedLevel>
</record>
<record>
  <date>2019-11-25T14:19:00</date>
  <millis>1574691540909</millis>
  <sequence>9</sequence>
  <level>START</level>
  <class>com.kms.katalon.core.logging.XmlKeywordLogger</class>
  <method>startKeyword</method>
  <thread>1</thread>
  <message>Start action : for ([row = 1, row &amp;lt;= findTestData(\&amp;quot;Members_Test_Data\&amp;quot;).getRowNumbers(), (internal.GlobalVariable.row++)])</message>
  <nestedLevel>1</nestedLevel>
  <property name="startLine">59</property>
  <property name="stepIndex">2</property>
  <property name="description">For Loop to Iterate over the test data provided by the Excel spreadsheet, \r\nassociated with this test\r\n</property>
</record>
<record>
  <date>2019-11-25T14:19:02</date>
  <millis>1574691542233</millis>
  <sequence>14</sequence>
  <level>START</level>
  <class>com.kms.katalon.core.logging.XmlKeywordLogger</class>
  <method>startKeyword</method>
  <thread>1</thread>
  <message>Start action : callTestCase(findTestCase(\&amp;quot;Reusable_Test_Sequences/Members_Area/Start_Up\&amp;quot;), [:], OPTIONAL)</message>
  <nestedLevel>2</nestedLevel>
  <property name="startLine">64</property>
  <property name="stepIndex">1</property>
</record>
<record>
  <date>2019-11-25T14:19:02</date>
  <millis>1574691542411</millis>
  <sequence>17</sequence>
  <level>START</level>
  <class>com.kms.katalon.core.logging.XmlKeywordLogger</class>
  <method>startTest</method>
  <thread>1</thread>
  <message>Start Test Case : Test Cases/Reusable_Test_Sequences/Members_Area/Start_Up</message>
  <nestedLevel>2</nestedLevel>
  <property name="name">Test Cases/Reusable_Test_Sequences/Members_Area/Start_Up</property>
  <property name="description">Open the Browser (No Standard Link From CAT)</property>
  <property name="id">Test Cases/Reusable_Test_Sequences/Members_Area/Start_Up</property>
  <property name="source">C:\\Users\\davidho\\Katalon Studio\\Start\\Test Cases\\Reusable_Test_Sequences\\Members_Area\\Start_Up.tc</property>
  <property name="tag">Members</property>
  <property name="isOptional">true</property>
</record>
<record>
  <date>2019-11-25T14:19:02</date>
  <millis>1574691542914</millis>
  <sequence>19</sequence>
  <level>START</level>
  <class>com.kms.katalon.core.logging.XmlKeywordLogger</class>
  <method>startKeyword</method>
  <thread>1</thread>
  <message>Start action : \&amp;quot;----------------------------------------------------\&amp;quot;</message>
  <nestedLevel>1</nestedLevel>
  <property name="startLine">54</property>
  <property name="stepIndex">1</property>
</record>
<record>
  <date>2019-11-25T14:19:02</date>
  <millis>1574691542915</millis>
  <sequence>20</sequence>
  <level>END</level>
  <class>com.kms.katalon.core.logging.XmlKeywordLogger</class>
  <method>endKeyword</method>
  <thread>1</thread>
  <message>End action : \&amp;quot;----------------------------------------------------\&amp;quot;</message>
  <nestedLevel>1</nestedLevel>
</record>
<record>
  <date>2019-11-25T14:19:02</date>
  <millis>1574691542916</millis>
  <sequence>21</sequence>
  <level>START</level>
  <class>com.kms.katalon.core.logging.XmlKeywordLogger</class>
  <method>startKeyword</method>
  <thread>1</thread>
  <message>Start action : FUNCTION_AREA = \&amp;quot;Members_Area\&amp;quot;</message>
  <nestedLevel>1</nestedLevel>
  <property name="startLine">56</property>
  <property name="stepIndex">2</property>
  <property name="description">Set Function Area for \&quot;URL_Handler\&quot;, URL Resolution</property>
</record>
<record>
  <date>2019-11-25T14:19:02</date>
  <millis>1574691542917</millis>
  <sequence>22</sequence>
  <level>END</level>
  <class>com.kms.katalon.core.logging.XmlKeywordLogger</class>
  <method>endKeyword</method>
  <thread>1</thread>
  <message>End action : FUNCTION_AREA = \&amp;quot;Members_Area\&amp;quot;</message>
  <nestedLevel>1</nestedLevel>
</record>
<record>
  <date>2019-11-25T14:19:02</date>
  <millis>1574691542918</millis>
  <sequence>23</sequence>
  <level>START</level>
  <class>com.kms.katalon.core.logging.XmlKeywordLogger</class>
  <method>startKeyword</method>
  <thread>1</thread>
  <message>Start action : \&amp;quot;Do Some Magic with URL(s) See the comments within URL Handler \&amp;quot;</message>
  <nestedLevel>1</nestedLevel>
  <property name="startLine">58</property>
  <property name="stepIndex">3</property>
</record>
<record>
  <date>2019-11-25T14:19:02</date>
  <millis>1574691542919</millis>
  <sequence>24</sequence>
  <level>END</level>
  <class>com.kms.katalon.core.logging.XmlKeywordLogger</class>
  <method>endKeyword</method>
  <thread>1</thread>
  <message>End action : \&amp;quot;Do Some Magic with URL(s) See the comments within URL Handler \&amp;quot;</message>
  <nestedLevel>1</nestedLevel>
</record>
<record>
  <date>2019-11-25T14:19:02</date>
  <millis>1574691542919</millis>
  <sequence>25</sequence>
  <level>START</level>
  <class>com.kms.katalon.core.logging.XmlKeywordLogger</class>
  <method>startKeyword</method>
  <thread>1</thread>
  <message>Start action : \&amp;quot;URL - Set from the ENVIRONMENT PROFILE - Specific Page Address Provided By +GlobalVariable.MembersURL  \&amp;quot;</message>
  <nestedLevel>1</nestedLevel>
  <property name="startLine">61</property>
  <property name="stepIndex">4</property>
</record>
<record>
  <date>2019-11-25T14:19:02</date>
  <millis>1574691542920</millis>
  <sequence>26</sequence>
  <level>END</level>
  <class>com.kms.katalon.core.logging.XmlKeywordLogger</class>
  <method>endKeyword</method>
  <thread>1</thread>
  <message>End action : \&amp;quot;URL - Set from the ENVIRONMENT PROFILE - Specific Page Address Provided By +GlobalVariable.MembersURL  \&amp;quot;</message>
  <nestedLevel>1</nestedLevel>
</record>
<record>
  <date>2019-11-25T14:19:02</date>
  <millis>1574691542920</millis>
  <sequence>27</sequence>
  <level>START</level>
  <class>com.kms.katalon.core.logging.XmlKeywordLogger</class>
  <method>startKeyword</method>
  <thread>1</thread>
  <message>Start action : openBrowser(MembersURL)</message>
  <nestedLevel>1</nestedLevel>
  <property name="startLine">63</property>
  <property name="stepIndex">5</property>
  <property name="description">OPEN BROWSER</property>
</record>
<record>
  <date>2019-11-25T14:19:03</date>
  <millis>1574691543371</millis>
  <sequence>29</sequence>
  <level>INFO</level>
  <class>com.kms.katalon.core.logging.XmlKeywordLogger</class>
  <method>logMessage</method>
  <thread>1</thread>
  <message>Starting &amp;apos;Chrome&amp;apos; driver</message>
  <nestedLevel>2</nestedLevel>
</record>
<record>
  <date>2019-11-25T14:19:03</date>
  <millis>1574691543435</millis>
  <sequence>31</sequence>
  <level>INFO</level>
  <class>com.kms.katalon.core.logging.XmlKeywordLogger</class>
  <method>logMessage</method>
  <thread>1</thread>
  <message>Action delay is set to 0 seconds</message>
  <nestedLevel>2</nestedLevel>
</record>
<record>
  <date>2019-11-25T14:19:12</date>
  <millis>1574691552700</millis>
  <sequence>33</sequence>
  <level>RUN_DATA</level>
  <class>com.kms.katalon.core.logging.XmlKeywordLogger</class>
  <method>logMessage</method>
  <thread>1</thread>
  <message>sessionId = bb0061d91cd940f6393d36bcbd2a84c0</message>
  <nestedLevel>2</nestedLevel>
  <property name="sessionId">bb0061d91cd940f6393d36bcbd2a84c0</property>
</record>
<record>
  <date>2019-11-25T14:19:12</date>
  <millis>1574691552722</millis>
  <sequence>34</sequence>
  <level>RUN_DATA</level>
  <class>com.kms.katalon.core.logging.XmlKeywordLogger</class>
  <method>logMessage</method>
  <thread>1</thread>
  <message>browser = Chrome 78.0.3904.108</message>
  <nestedLevel>2</nestedLevel>
  <property name="browser">Chrome 78.0.3904.108</property>
</record>
<record>
  <date>2019-11-25T14:19:12</date>
  <millis>1574691552722</millis>
  <sequence>35</sequence>
  <level>RUN_DATA</level>
  <class>com.kms.katalon.core.logging.XmlKeywordLogger</class>
  <method>logMessage</method>
  <thread>1</thread>
  <message>platform = Windows 10</message>
  <nestedLevel>2</nestedLevel>
  <property name="platform">Windows 10</property>
</record>
<record>
  <date>2019-11-25T14:19:12</date>
  <millis>1574691552723</millis>
  <sequence>36</sequence>
  <level>RUN_DATA</level>
  <class>com.kms.katalon.core.logging.XmlKeywordLogger</class>
  <method>logMessage</method>
  <thread>1</thread>
  <message>seleniumVersion = 3.141.59</message>
  <nestedLevel>2</nestedLevel>
  <property name="seleniumVersion">3.141.59</property>
</record>
<record>
  <date>2019-11-25T14:19:12</date>
  <millis>1574691552724</millis>
  <sequence>37</sequence>
  <level>RUN_DATA</level>
  <class>com.kms.katalon.core.logging.XmlKeywordLogger</class>
  <method>logMessage</method>
  <thread>1</thread>
  <message>proxyInformation = ProxyInformation{proxyOption=NO_PROXY, proxyServerType=HTTP, password=, proxyServerAddress=, proxyServerPort=0}</message>
  <nestedLevel>2</nestedLevel>
  <property name="proxyInformation">ProxyInformation{proxyOption=NO_PROXY, proxyServerType=HTTP, password=, proxyServerAddress=, proxyServerPort=0}</property>
</record>
<record>
  <date>2019-11-25T14:19:26</date>
  <millis>1574691566055</millis>
  <sequence>39</sequence>
  <level>PASSED</level>
  <class>com.kms.katalon.core.logging.XmlKeywordLogger</class>
  <method>logMessage</method>
  <thread>1</thread>
  <message>Browser is opened with url: &amp;apos;https://preview-ma.checkatrade.com/&amp;apos;</message>
  <nestedLevel>2</nestedLevel>
</record>
<record>
  <date>2019-11-25T14:19:26</date>
  <millis>1574691566056</millis>
  <sequence>40</sequence>
  <level>END</level>
  <class>com.kms.katalon.core.logging.XmlKeywordLogger</class>
  <method>endKeyword</method>
  <thread>1</thread>
  <message>End action : openBrowser(MembersURL)</message>
  <nestedLevel>1</nestedLevel>
</record>
<record>
  <date>2019-11-25T14:19:26</date>
  <millis>1574691566056</millis>
  <sequence>41</sequence>
  <level>START</level>
  <class>com.kms.katalon.core.logging.XmlKeywordLogger</class>
  <method>startKeyword</method>
  <thread>1</thread>
  <message>Start action : waitForPageLoad(60)</message>
  <nestedLevel>1</nestedLevel>
  <property name="startLine">67</property>
  <property name="stepIndex">6</property>
  <property name="description">WAIT for browser to load - waits up to 60 seconds before timeout occurs </property>
</record>
<record>
  <date>2019-11-25T14:19:26</date>
  <millis>1574691566213</millis>
  <sequence>43</sequence>
  <level>PASSED</level>
  <class>com.kms.katalon.core.logging.XmlKeywordLogger</class>
  <method>logMessage</method>
  <thread>1</thread>
  <message>Wait for page load successfully</message>
  <nestedLevel>2</nestedLevel>
</record>
<record>
  <date>2019-11-25T14:19:26</date>
  <millis>1574691566214</millis>
  <sequence>44</sequence>
  <level>END</level>
  <class>com.kms.katalon.core.logging.XmlKeywordLogger</class>
  <method>endKeyword</method>
  <thread>1</thread>
  <message>End action : waitForPageLoad(60)</message>
  <nestedLevel>1</nestedLevel>
</record>
<record>
  <date>2019-11-25T14:19:26</date>
  <millis>1574691566214</millis>
  <sequence>45</sequence>
  <level>START</level>
  <class>com.kms.katalon.core.logging.XmlKeywordLogger</class>
  <method>startKeyword</method>
  <thread>1</thread>
  <message>Start action : maximizeWindow()</message>
  <nestedLevel>1</nestedLevel>
  <property name="startLine">71</property>
  <property name="stepIndex">7</property>
  <property name="description">MAXIMIZE BROWSER </property>
</record>
<record>
  <date>2019-11-25T14:19:30</date>
  <millis>1574691570472</millis>
  <sequence>47</sequence>
  <level>PASSED</level>
  <class>com.kms.katalon.core.logging.XmlKeywordLogger</class>
  <method>logMessage</method>
  <thread>1</thread>
  <message>Current window maximized</message>
  <nestedLevel>2</nestedLevel>
</record>
<record>
  <date>2019-11-25T14:19:30</date>
  <millis>1574691570473</millis>
  <sequence>48</sequence>
  <level>END</level>
  <class>com.kms.katalon.core.logging.XmlKeywordLogger</class>
  <method>endKeyword</method>
  <thread>1</thread>
  <message>End action : maximizeWindow()</message>
  <nestedLevel>1</nestedLevel>
</record>
<record>
  <date>2019-11-25T14:19:30</date>
  <millis>1574691570473</millis>
  <sequence>49</sequence>
  <level>START</level>
  <class>com.kms.katalon.core.logging.XmlKeywordLogger</class>
  <method>startKeyword</method>
  <thread>1</thread>
  <message>Start action : verifyTextPresent(\&amp;quot;EXCLUSIVE ACCESS FOR CHECKATRADE MEMBERS ONLY\&amp;quot;, false)</message>
  <nestedLevel>1</nestedLevel>
  <property name="startLine">82</property>
  <property name="stepIndex">8</property>
  <property name="description">Verify Header Text</property>
</record>
<record>
  <date>2019-11-25T14:19:30</date>
  <millis>1574691570750</millis>
  <sequence>52</sequence>
  <level>PASSED</level>
  <class>com.kms.katalon.core.logging.XmlKeywordLogger</class>
  <method>logMessage</method>
  <thread>1</thread>
  <message>Text &amp;apos;EXCLUSIVE ACCESS FOR CHECKATRADE MEMBERS ONLY&amp;apos; is present on page </message>
  <nestedLevel>2</nestedLevel>
</record>
<record>
  <date>2019-11-25T14:19:30</date>
  <millis>1574691570751</millis>
  <sequence>53</sequence>
  <level>END</level>
  <class>com.kms.katalon.core.logging.XmlKeywordLogger</class>
  <method>endKeyword</method>
  <thread>1</thread>
  <message>End action : verifyTextPresent(\&amp;quot;EXCLUSIVE ACCESS FOR CHECKATRADE MEMBERS ONLY\&amp;quot;, false)</message>
  <nestedLevel>1</nestedLevel>
</record>
<record>
  <date>2019-11-25T14:19:30</date>
  <millis>1574691570751</millis>
  <sequence>54</sequence>
  <level>START</level>
  <class>com.kms.katalon.core.logging.XmlKeywordLogger</class>
  <method>startKeyword</method>
  <thread>1</thread>
  <message>Start action : verifyTextPresent(\&amp;quot;Forgotten password?\&amp;quot;, false)</message>
  <nestedLevel>1</nestedLevel>
  <property name="startLine">88</property>
  <property name="stepIndex">9</property>
  <property name="description">Verify Forgotten Password Text - Link</property>
</record>
<record>
  <date>2019-11-25T14:19:30</date>
  <millis>1574691570872</millis>
  <sequence>57</sequence>
  <level>PASSED</level>
  <class>com.kms.katalon.core.logging.XmlKeywordLogger</class>
  <method>logMessage</method>
  <thread>1</thread>
  <message>Text &amp;apos;Forgotten password?&amp;apos; is present on page </message>
  <nestedLevel>2</nestedLevel>
</record>
<record>
  <date>2019-11-25T14:19:30</date>
  <millis>1574691570872</millis>
  <sequence>58</sequence>
  <level>END</level>
  <class>com.kms.katalon.core.logging.XmlKeywordLogger</class>
  <method>endKeyword</method>
  <thread>1</thread>
  <message>End action : verifyTextPresent(\&amp;quot;Forgotten password?\&amp;quot;, false)</message>
  <nestedLevel>1</nestedLevel>
</record>
<record>
  <date>2019-11-25T14:19:30</date>
  <millis>1574691570873</millis>
  <sequence>59</sequence>
  <level>START</level>
  <class>com.kms.katalon.core.logging.XmlKeywordLogger</class>
  <method>startKeyword</method>
  <thread>1</thread>
  <message>Start action : verifyTextPresent(\&amp;quot;Forgotten username?\&amp;quot;, false)</message>
  <nestedLevel>1</nestedLevel>
  <property name="startLine">94</property>
  <property name="stepIndex">10</property>
  <property name="description">Verify Forgotten Username Text - Link</property>
</record>
<record>
  <date>2019-11-25T14:19:31</date>
  <millis>1574691571102</millis>
  <sequence>62</sequence>
  <level>PASSED</level>
  <class>com.kms.katalon.core.logging.XmlKeywordLogger</class>
  <method>logMessage</method>
  <thread>1</thread>
  <message>Text &amp;apos;Forgotten username?&amp;apos; is present on page </message>
  <nestedLevel>2</nestedLevel>
</record>
<record>
  <date>2019-11-25T14:19:31</date>
  <millis>1574691571103</millis>
  <sequence>63</sequence>
  <level>END</level>
  <class>com.kms.katalon.core.logging.XmlKeywordLogger</class>
  <method>endKeyword</method>
  <thread>1</thread>
  <message>End action : verifyTextPresent(\&amp;quot;Forgotten username?\&amp;quot;, false)</message>
  <nestedLevel>1</nestedLevel>
</record>
<record>
  <date>2019-11-25T14:19:31</date>
  <millis>1574691571103</millis>
  <sequence>64</sequence>
  <level>START</level>
  <class>com.kms.katalon.core.logging.XmlKeywordLogger</class>
  <method>startKeyword</method>
  <thread>1</thread>
  <message>Start action : verifyTextPresent(\&amp;quot;Trouble logging in? No username and password? Contact Checkatrade Member Services by\&amp;quot;, false)</message>
  <nestedLevel>1</nestedLevel>
  <property name="startLine">100</property>
  <property name="stepIndex">11</property>
  <property name="description">Verify Trouble Logging In Text - Link</property>
</record>
<record>
  <date>2019-11-25T14:19:31</date>
  <millis>1574691571351</millis>
  <sequence>67</sequence>
  <level>PASSED</level>
  <class>com.kms.katalon.core.logging.XmlKeywordLogger</class>
  <method>logMessage</method>
  <thread>1</thread>
  <message>Text &amp;apos;Trouble logging in? No username and password? Contact Checkatrade Member Services by&amp;apos; is present on page </message>
  <nestedLevel>2</nestedLevel>
</record>
<record>
  <date>2019-11-25T14:19:31</date>
  <millis>1574691571352</millis>
  <sequence>68</sequence>
  <level>END</level>
  <class>com.kms.katalon.core.logging.XmlKeywordLogger</class>
  <method>endKeyword</method>
  <thread>1</thread>
  <message>End action : verifyTextPresent(\&amp;quot;Trouble logging in? No username and password? Contact Checkatrade Member Services by\&amp;quot;, false)</message>
  <nestedLevel>1</nestedLevel>
</record>
<record>
  <date>2019-11-25T14:19:31</date>
  <millis>1574691571352</millis>
  <sequence>69</sequence>
  <level>START</level>
  <class>com.kms.katalon.core.logging.XmlKeywordLogger</class>
  <method>startKeyword</method>
  <thread>1</thread>
  <message>Start action : verifyTextPresent(\&amp;quot;memberservices@checkatrade.com\&amp;quot;, false)</message>
  <nestedLevel>1</nestedLevel>
  <property name="startLine">107</property>
  <property name="stepIndex">12</property>
  <property name="description">Member Services - Link</property>
</record>
<record>
  <date>2019-11-25T14:19:31</date>
  <millis>1574691571550</millis>
  <sequence>72</sequence>
  <level>PASSED</level>
  <class>com.kms.katalon.core.logging.XmlKeywordLogger</class>
  <method>logMessage</method>
  <thread>1</thread>
  <message>Text &amp;apos;memberservices@checkatrade.com&amp;apos; is present on page </message>
  <nestedLevel>2</nestedLevel>
</record>
<record>
  <date>2019-11-25T14:19:31</date>
  <millis>1574691571551</millis>
  <sequence>73</sequence>
  <level>END</level>
  <class>com.kms.katalon.core.logging.XmlKeywordLogger</class>
  <method>endKeyword</method>
  <thread>1</thread>
  <message>End action : verifyTextPresent(\&amp;quot;memberservices@checkatrade.com\&amp;quot;, false)</message>
  <nestedLevel>1</nestedLevel>
</record>
<record>
  <date>2019-11-25T14:19:31</date>
  <millis>1574691571551</millis>
  <sequence>74</sequence>
  <level>PASSED</level>
  <class>com.kms.katalon.core.logging.XmlKeywordLogger</class>
  <method>logMessage</method>
  <thread>1</thread>
  <message>Test Cases/Reusable_Test_Sequences/Members_Area/Start_Up</message>
  <nestedLevel>2</nestedLevel>
</record>
<record>
  <date>2019-11-25T14:19:31</date>
  <millis>1574691571551</millis>
  <sequence>75</sequence>
  <level>END</level>
  <class>com.kms.katalon.core.logging.XmlKeywordLogger</class>
  <method>endTest</method>
  <thread>1</thread>
  <message>End Test Case : Test Cases/Reusable_Test_Sequences/Members_Area/Start_Up</message>
  <nestedLevel>1</nestedLevel>
</record>
<record>
  <date>2019-11-25T14:19:31</date>
  <millis>1574691571556</millis>
  <sequence>76</sequence>
  <level>INFO</level>
  <class>com.kms.katalon.core.logging.XmlKeywordLogger</class>
  <method>logMessage</method>
  <thread>1</thread>
  <message>=================== Smart XPath Report =======================</message>
  <nestedLevel>1</nestedLevel>
</record>
<record>
  <date>2019-11-25T14:19:31</date>
  <millis>1574691571556</millis>
  <sequence>77</sequence>
  <level>INFO</level>
  <class>com.kms.katalon.core.logging.XmlKeywordLogger</class>
  <method>logMessage</method>
  <thread>1</thread>
  <message>Refer to the link below to preview and approve auto healing on broken test objects.</message>
  <nestedLevel>1</nestedLevel>
</record>
<record>
  <date>2019-11-25T14:19:31</date>
  <millis>1574691571556</millis>
  <sequence>78</sequence>
  <level>INFO</level>
  <class>com.kms.katalon.core.logging.XmlKeywordLogger</class>
  <method>logMessage</method>
  <thread>1</thread>
  <message>https://docs.katalon.com/katalon-studio/docs/auto-healing-smart-xpath.html</message>
  <nestedLevel>1</nestedLevel>
</record>
<record>
  <date>2019-11-25T14:19:31</date>
  <millis>1574691571557</millis>
  <sequence>79</sequence>
  <level>INFO</level>
  <class>com.kms.katalon.core.logging.XmlKeywordLogger</class>
  <method>logMessage</method>
  <thread>1</thread>
  <message>===============================================================</message>
  <nestedLevel>1</nestedLevel>
</record>
<record>
  <date>2019-11-25T14:19:31</date>
  <millis>1574691571564</millis>
  <sequence>80</sequence>
  <level>PASSED</level>
  <class>com.kms.katalon.core.logging.XmlKeywordLogger</class>
  <method>logMessage</method>
  <thread>1</thread>
  <message>Call Test Case &amp;apos;Test Cases/Reusable_Test_Sequences/Members_Area/Start_Up&amp;apos; successfully</message>
  <nestedLevel>1</nestedLevel>
</record>
<record>
  <date>2019-11-25T14:19:31</date>
  <millis>1574691571565</millis>
  <sequence>81</sequence>
  <level>END</level>
  <class>com.kms.katalon.core.logging.XmlKeywordLogger</class>
  <method>endKeyword</method>
  <thread>1</thread>
  <message>End action : callTestCase(findTestCase(\&amp;quot;Reusable_Test_Sequences/Members_Area/Start_Up\&amp;quot;), [:], OPTIONAL)</message>
  <nestedLevel>2</nestedLevel>
</record>
<record>
  <date>2019-11-25T14:19:31</date>
  <millis>1574691571565</millis>
  <sequence>82</sequence>
  <level>START</level>
  <class>com.kms.katalon.core.logging.XmlKeywordLogger</class>
  <method>startKeyword</method>
  <thread>1</thread>
  <message>Start action : callTestCase(findTestCase(\&amp;quot;Reusable_Test_Sequences/Members_Area/log_On\&amp;quot;), [:], OPTIONAL)</message>
  <nestedLevel>2</nestedLevel>
  <property name="startLine">70</property>
  <property name="stepIndex">2</property>
</record>
<record>
  <date>2019-11-25T14:19:31</date>
  <millis>1574691571687</millis>
  <sequence>85</sequence>
  <level>START</level>
  <class>com.kms.katalon.core.logging.XmlKeywordLogger</class>
  <method>startTest</method>
  <thread>1</thread>
  <message>Start Test Case : Test Cases/Reusable_Test_Sequences/Members_Area/log_On</message>
  <nestedLevel>2</nestedLevel>
  <property name="name">Test Cases/Reusable_Test_Sequences/Members_Area/log_On</property>
  <property name="description">Log on dialog to enter you credentials</property>
  <property name="id">Test Cases/Reusable_Test_Sequences/Members_Area/log_On</property>
  <property name="source">C:\\Users\\davidho\\Katalon Studio\\Start\\Test Cases\\Reusable_Test_Sequences\\Members_Area\\log_On.tc</property>
  <property name="tag">Members</property>
  <property name="isOptional">true</property>
</record>
<record>
  <date>2019-11-25T14:19:32</date>
  <millis>1574691572532</millis>
  <sequence>87</sequence>
  <level>START</level>
  <class>com.kms.katalon.core.logging.XmlKeywordLogger</class>
  <method>startKeyword</method>
  <thread>1</thread>
  <message>Start action : waitForElementPresent(findTestObject(\&amp;quot;Object Repository/Members/Page_Members Area/button_Log in\&amp;quot;), 10)</message>
  <nestedLevel>1</nestedLevel>
  <property name="startLine">50</property>
  <property name="stepIndex">1</property>
</record>
<record>
  <date>2019-11-25T14:19:32</date>
  <millis>1574691572871</millis>
  <sequence>94</sequence>
  <level>PASSED</level>
  <class>com.kms.katalon.core.logging.XmlKeywordLogger</class>
  <method>logMessage</method>
  <thread>1</thread>
  <message>Object &amp;apos;Object Repository/Members/Page_Members Area/button_Log in&amp;apos; is present</message>
  <nestedLevel>2</nestedLevel>
</record>
<record>
  <date>2019-11-25T14:19:32</date>
  <millis>1574691572872</millis>
  <sequence>95</sequence>
  <level>END</level>
  <class>com.kms.katalon.core.logging.XmlKeywordLogger</class>
  <method>endKeyword</method>
  <thread>1</thread>
  <message>End action : waitForElementPresent(findTestObject(\&amp;quot;Object Repository/Members/Page_Members Area/button_Log in\&amp;quot;), 10)</message>
  <nestedLevel>1</nestedLevel>
</record>
<record>
  <date>2019-11-25T14:19:32</date>
  <millis>1574691572872</millis>
  <sequence>96</sequence>
  <level>START</level>
  <class>com.kms.katalon.core.logging.XmlKeywordLogger</class>
  <method>startKeyword</method>
  <thread>1</thread>
  <message>Start action : click(findTestObject(\&amp;quot;Object Repository/Members/Page_Members Area/input_Username_username\&amp;quot;))</message>
  <nestedLevel>1</nestedLevel>
  <property name="startLine">56</property>
  <property name="stepIndex">2</property>
</record>
<record>
  <date>2019-11-25T14:19:33</date>
  <millis>1574691573693</millis>
  <sequence>106</sequence>
  <level>PASSED</level>
  <class>com.kms.katalon.core.logging.XmlKeywordLogger</class>
  <method>logMessage</method>
  <thread>1</thread>
  <message>Object: &amp;apos;Object Repository/Members/Page_Members Area/input_Username_username&amp;apos; is clicked on</message>
  <nestedLevel>2</nestedLevel>
</record>
<record>
  <date>2019-11-25T14:19:33</date>
  <millis>1574691573694</millis>
  <sequence>107</sequence>
  <level>END</level>
  <class>com.kms.katalon.core.logging.XmlKeywordLogger</class>
  <method>endKeyword</method>
  <thread>1</thread>
  <message>End action : click(findTestObject(\&amp;quot;Object Repository/Members/Page_Members Area/input_Username_username\&amp;quot;))</message>
  <nestedLevel>1</nestedLevel>
</record>
<record>
  <date>2019-11-25T14:19:33</date>
  <millis>1574691573694</millis>
  <sequence>108</sequence>
  <level>START</level>
  <class>com.kms.katalon.core.logging.XmlKeywordLogger</class>
  <method>startKeyword</method>
  <thread>1</thread>
  <message>Start action : setText(findTestObject(\&amp;quot;Object Repository/Members/Page_Members Area/input_Username_username\&amp;quot;), Username)</message>
  <nestedLevel>1</nestedLevel>
  <property name="startLine">57</property>
  <property name="stepIndex">3</property>
</record>
<record>
  <date>2019-11-25T14:19:34</date>
  <millis>1574691574938</millis>
  <sequence>118</sequence>
  <level>PASSED</level>
  <class>com.kms.katalon.core.logging.XmlKeywordLogger</class>
  <method>logMessage</method>
  <thread>1</thread>
  <message>Text &amp;apos;check1234&amp;apos; is set on object &amp;apos;Object Repository/Members/Page_Members Area/input_Username_username&amp;apos;</message>
  <nestedLevel>2</nestedLevel>
</record>
<record>
  <date>2019-11-25T14:19:34</date>
  <millis>1574691574939</millis>
  <sequence>119</sequence>
  <level>END</level>
  <class>com.kms.katalon.core.logging.XmlKeywordLogger</class>
  <method>endKeyword</method>
  <thread>1</thread>
  <message>End action : setText(findTestObject(\&amp;quot;Object Repository/Members/Page_Members Area/input_Username_username\&amp;quot;), Username)</message>
  <nestedLevel>1</nestedLevel>
</record>
<record>
  <date>2019-11-25T14:19:34</date>
  <millis>1574691574940</millis>
  <sequence>120</sequence>
  <level>START</level>
  <class>com.kms.katalon.core.logging.XmlKeywordLogger</class>
  <method>startKeyword</method>
  <thread>1</thread>
  <message>Start action : click(findTestObject(\&amp;quot;Object Repository/Members/Page_Members Area/input_Password_password\&amp;quot;))</message>
  <nestedLevel>1</nestedLevel>
  <property name="startLine">63</property>
  <property name="stepIndex">4</property>
</record>
<record>
  <date>2019-11-25T14:19:35</date>
  <millis>1574691575127</millis>
  <sequence>130</sequence>
  <level>PASSED</level>
  <class>com.kms.katalon.core.logging.XmlKeywordLogger</class>
  <method>logMessage</method>
  <thread>1</thread>
  <message>Object: &amp;apos;Object Repository/Members/Page_Members Area/input_Password_password&amp;apos; is clicked on</message>
  <nestedLevel>2</nestedLevel>
</record>
<record>
  <date>2019-11-25T14:19:35</date>
  <millis>1574691575128</millis>
  <sequence>131</sequence>
  <level>END</level>
  <class>com.kms.katalon.core.logging.XmlKeywordLogger</class>
  <method>endKeyword</method>
  <thread>1</thread>
  <message>End action : click(findTestObject(\&amp;quot;Object Repository/Members/Page_Members Area/input_Password_password\&amp;quot;))</message>
  <nestedLevel>1</nestedLevel>
</record>
<record>
  <date>2019-11-25T14:19:35</date>
  <millis>1574691575129</millis>
  <sequence>132</sequence>
  <level>START</level>
  <class>com.kms.katalon.core.logging.XmlKeywordLogger</class>
  <method>startKeyword</method>
  <thread>1</thread>
  <message>Start action : setText(findTestObject(\&amp;quot;Object Repository/Members/Page_Members Area/input_Password_password\&amp;quot;), Password)</message>
  <nestedLevel>1</nestedLevel>
  <property name="startLine">64</property>
  <property name="stepIndex">5</property>
</record>
<record>
  <date>2019-11-25T14:19:35</date>
  <millis>1574691575380</millis>
  <sequence>142</sequence>
  <level>PASSED</level>
  <class>com.kms.katalon.core.logging.XmlKeywordLogger</class>
  <method>logMessage</method>
  <thread>1</thread>
  <message>Text &amp;apos;testing123&amp;apos; is set on object &amp;apos;Object Repository/Members/Page_Members Area/input_Password_password&amp;apos;</message>
  <nestedLevel>2</nestedLevel>
</record>
<record>
  <date>2019-11-25T14:19:35</date>
  <millis>1574691575381</millis>
  <sequence>143</sequence>
  <level>END</level>
  <class>com.kms.katalon.core.logging.XmlKeywordLogger</class>
  <method>endKeyword</method>
  <thread>1</thread>
  <message>End action : setText(findTestObject(\&amp;quot;Object Repository/Members/Page_Members Area/input_Password_password\&amp;quot;), Password)</message>
  <nestedLevel>1</nestedLevel>
</record>
<record>
  <date>2019-11-25T14:19:35</date>
  <millis>1574691575382</millis>
  <sequence>144</sequence>
  <level>START</level>
  <class>com.kms.katalon.core.logging.XmlKeywordLogger</class>
  <method>startKeyword</method>
  <thread>1</thread>
  <message>Start action : click(findTestObject(\&amp;quot;Object Repository/Members/Page_Members Area/button_Log in\&amp;quot;))</message>
  <nestedLevel>1</nestedLevel>
  <property name="startLine">70</property>
  <property name="stepIndex">6</property>
</record>
<record>
  <date>2019-11-25T14:19:35</date>
  <millis>1574691575632</millis>
  <sequence>154</sequence>
  <level>PASSED</level>
  <class>com.kms.katalon.core.logging.XmlKeywordLogger</class>
  <method>logMessage</method>
  <thread>1</thread>
  <message>Object: &amp;apos;Object Repository/Members/Page_Members Area/button_Log in&amp;apos; is clicked on</message>
  <nestedLevel>2</nestedLevel>
</record>
<record>
  <date>2019-11-25T14:19:35</date>
  <millis>1574691575633</millis>
  <sequence>155</sequence>
  <level>END</level>
  <class>com.kms.katalon.core.logging.XmlKeywordLogger</class>
  <method>endKeyword</method>
  <thread>1</thread>
  <message>End action : click(findTestObject(\&amp;quot;Object Repository/Members/Page_Members Area/button_Log in\&amp;quot;))</message>
  <nestedLevel>1</nestedLevel>
</record>
<record>
  <date>2019-11-25T14:19:35</date>
  <millis>1574691575633</millis>
  <sequence>156</sequence>
  <level>START</level>
  <class>com.kms.katalon.core.logging.XmlKeywordLogger</class>
  <method>startKeyword</method>
  <thread>1</thread>
  <message>Start action : waitForElementNotPresent(findTestObject(\&amp;quot;Object Repository/Members/Page_Members Area/button_Log in\&amp;quot;), 25)</message>
  <nestedLevel>1</nestedLevel>
  <property name="startLine">71</property>
  <property name="stepIndex">7</property>
</record>
<record>
  <date>2019-11-25T14:19:44</date>
  <millis>1574691584789</millis>
  <sequence>161</sequence>
  <level>PASSED</level>
  <class>com.kms.katalon.core.logging.XmlKeywordLogger</class>
  <method>logMessage</method>
  <thread>1</thread>
  <message>Web element with id: &amp;apos;Object Repository/Members/Page_Members Area/button_Log in&amp;apos; located by &amp;apos;By.xpath: //button[@type = &amp;apos;submit&amp;apos; and (text() = &amp;apos; Log in &amp;apos; or . = &amp;apos; Log in &amp;apos;)]&amp;apos; is not present after &amp;apos;25&amp;apos; second(s)</message>
  <nestedLevel>2</nestedLevel>
</record>
<record>
  <date>2019-11-25T14:19:44</date>
  <millis>1574691584790</millis>
  <sequence>162</sequence>
  <level>END</level>
  <class>com.kms.katalon.core.logging.XmlKeywordLogger</class>
  <method>endKeyword</method>
  <thread>1</thread>
  <message>End action : waitForElementNotPresent(findTestObject(\&amp;quot;Object Repository/Members/Page_Members Area/button_Log in\&amp;quot;), 25)</message>
  <nestedLevel>1</nestedLevel>
</record>
<record>
  <date>2019-11-25T14:19:44</date>
  <millis>1574691584791</millis>
  <sequence>163</sequence>
  <level>START</level>
  <class>com.kms.katalon.core.logging.XmlKeywordLogger</class>
  <method>startKeyword</method>
  <thread>1</thread>
  <message>Start action : waitForPageLoad(60)</message>
  <nestedLevel>1</nestedLevel>
  <property name="startLine">76</property>
  <property name="stepIndex">8</property>
</record>
<record>
  <date>2019-11-25T14:19:44</date>
  <millis>1574691584859</millis>
  <sequence>165</sequence>
  <level>PASSED</level>
  <class>com.kms.katalon.core.logging.XmlKeywordLogger</class>
  <method>logMessage</method>
  <thread>1</thread>
  <message>Wait for page load successfully</message>
  <nestedLevel>2</nestedLevel>
</record>
<record>
  <date>2019-11-25T14:19:44</date>
  <millis>1574691584860</millis>
  <sequence>166</sequence>
  <level>END</level>
  <class>com.kms.katalon.core.logging.XmlKeywordLogger</class>
  <method>endKeyword</method>
  <thread>1</thread>
  <message>End action : waitForPageLoad(60)</message>
  <nestedLevel>1</nestedLevel>
</record>
<record>
  <date>2019-11-25T14:19:44</date>
  <millis>1574691584860</millis>
  <sequence>167</sequence>
  <level>PASSED</level>
  <class>com.kms.katalon.core.logging.XmlKeywordLogger</class>
  <method>logMessage</method>
  <thread>1</thread>
  <message>Test Cases/Reusable_Test_Sequences/Members_Area/log_On</message>
  <nestedLevel>2</nestedLevel>
</record>
<record>
  <date>2019-11-25T14:19:44</date>
  <millis>1574691584860</millis>
  <sequence>168</sequence>
  <level>END</level>
  <class>com.kms.katalon.core.logging.XmlKeywordLogger</class>
  <method>endTest</method>
  <thread>1</thread>
  <message>End Test Case : Test Cases/Reusable_Test_Sequences/Members_Area/log_On</message>
  <nestedLevel>1</nestedLevel>
</record>
<record>
  <date>2019-11-25T14:19:44</date>
  <millis>1574691584861</millis>
  <sequence>169</sequence>
  <level>INFO</level>
  <class>com.kms.katalon.core.logging.XmlKeywordLogger</class>
  <method>logMessage</method>
  <thread>1</thread>
  <message>=================== Smart XPath Report =======================</message>
  <nestedLevel>1</nestedLevel>
</record>
<record>
  <date>2019-11-25T14:19:44</date>
  <millis>1574691584862</millis>
  <sequence>170</sequence>
  <level>INFO</level>
  <class>com.kms.katalon.core.logging.XmlKeywordLogger</class>
  <method>logMessage</method>
  <thread>1</thread>
  <message>Refer to the link below to preview and approve auto healing on broken test objects.</message>
  <nestedLevel>1</nestedLevel>
</record>
<record>
  <date>2019-11-25T14:19:44</date>
  <millis>1574691584862</millis>
  <sequence>171</sequence>
  <level>INFO</level>
  <class>com.kms.katalon.core.logging.XmlKeywordLogger</class>
  <method>logMessage</method>
  <thread>1</thread>
  <message>https://docs.katalon.com/katalon-studio/docs/auto-healing-smart-xpath.html</message>
  <nestedLevel>1</nestedLevel>
</record>
<record>
  <date>2019-11-25T14:19:44</date>
  <millis>1574691584863</millis>
  <sequence>172</sequence>
  <level>INFO</level>
  <class>com.kms.katalon.core.logging.XmlKeywordLogger</class>
  <method>logMessage</method>
  <thread>1</thread>
  <message>===============================================================</message>
  <nestedLevel>1</nestedLevel>
</record>
<record>
  <date>2019-11-25T14:19:44</date>
  <millis>1574691584863</millis>
  <sequence>173</sequence>
  <level>PASSED</level>
  <class>com.kms.katalon.core.logging.XmlKeywordLogger</class>
  <method>logMessage</method>
  <thread>1</thread>
  <message>Call Test Case &amp;apos;Test Cases/Reusable_Test_Sequences/Members_Area/log_On&amp;apos; successfully</message>
  <nestedLevel>1</nestedLevel>
</record>
<record>
  <date>2019-11-25T14:19:44</date>
  <millis>1574691584864</millis>
  <sequence>174</sequence>
  <level>END</level>
  <class>com.kms.katalon.core.logging.XmlKeywordLogger</class>
  <method>endKeyword</method>
  <thread>1</thread>
  <message>End action : callTestCase(findTestCase(\&amp;quot;Reusable_Test_Sequences/Members_Area/log_On\&amp;quot;), [:], OPTIONAL)</message>
  <nestedLevel>2</nestedLevel>
</record>
<record>
  <date>2019-11-25T14:19:44</date>
  <millis>1574691584864</millis>
  <sequence>175</sequence>
  <level>START</level>
  <class>com.kms.katalon.core.logging.XmlKeywordLogger</class>
  <method>startKeyword</method>
  <thread>1</thread>
  <message>Start action : callTestCase(findTestCase(\&amp;quot;Reusable_Test_Sequences/Members_Area/Area_Menu/Your_Customers/Received_Negative_Review\&amp;quot;), [:], CONTINUE_ON_FAILURE)</message>
  <nestedLevel>2</nestedLevel>
  <property name="startLine">76</property>
  <property name="stepIndex">3</property>
</record>
<record>
  <date>2019-11-25T14:19:44</date>
  <millis>1574691584925</millis>
  <sequence>178</sequence>
  <level>START</level>
  <class>com.kms.katalon.core.logging.XmlKeywordLogger</class>
  <method>startTest</method>
  <thread>1</thread>
  <message>Start Test Case : Test Cases/Reusable_Test_Sequences/Members_Area/Area_Menu/Your_Customers/Received_Negative_Review</message>
  <nestedLevel>2</nestedLevel>
  <property name="name">Test Cases/Reusable_Test_Sequences/Members_Area/Area_Menu/Your_Customers/Received_Negative_Review</property>
  <property name="description">Image and Navigation to Received Negative Review</property>
  <property name="id">Test Cases/Reusable_Test_Sequences/Members_Area/Area_Menu/Your_Customers/Received_Negative_Review</property>
  <property name="source">C:\\Users\\davidho\\Katalon Studio\\Start\\Test Cases\\Reusable_Test_Sequences\\Members_Area\\Area_Menu\\Your_Customers\\Received_Negative_Review.tc</property>
  <property name="tag">Members</property>
  <property name="isOptional">false</property>
</record>
<record>
  <date>2019-11-25T14:19:45</date>
  <millis>1574691585433</millis>
  <sequence>180</sequence>
  <level>START</level>
  <class>com.kms.katalon.core.logging.XmlKeywordLogger</class>
  <method>startKeyword</method>
  <thread>1</thread>
  <message>Start action : waitForElementPresent(findTestObject(\&amp;quot;Object Repository/Page_Members Area/div_Received a Negative Review\&amp;quot;), 60)</message>
  <nestedLevel>1</nestedLevel>
  <property name="startLine">50</property>
  <property name="stepIndex">1</property>
</record>
<record>
  <date>2019-11-25T14:19:45</date>
  <millis>1574691585604</millis>
  <sequence>187</sequence>
  <level>PASSED</level>
  <class>com.kms.katalon.core.logging.XmlKeywordLogger</class>
  <method>logMessage</method>
  <thread>1</thread>
  <message>Object &amp;apos;Object Repository/Page_Members Area/div_Received a Negative Review&amp;apos; is present</message>
  <nestedLevel>2</nestedLevel>
</record>
<record>
  <date>2019-11-25T14:19:45</date>
  <millis>1574691585605</millis>
  <sequence>188</sequence>
  <level>END</level>
  <class>com.kms.katalon.core.logging.XmlKeywordLogger</class>
  <method>endKeyword</method>
  <thread>1</thread>
  <message>End action : waitForElementPresent(findTestObject(\&amp;quot;Object Repository/Page_Members Area/div_Received a Negative Review\&amp;quot;), 60)</message>
  <nestedLevel>1</nestedLevel>
</record>
<record>
  <date>2019-11-25T14:19:45</date>
  <millis>1574691585605</millis>
  <sequence>189</sequence>
  <level>START</level>
  <class>com.kms.katalon.core.logging.XmlKeywordLogger</class>
  <method>startKeyword</method>
  <thread>1</thread>
  <message>Start action : click(findTestObject(\&amp;quot;Object Repository/Page_Members Area/div_Received a Negative Review\&amp;quot;))</message>
  <nestedLevel>1</nestedLevel>
  <property name="startLine">55</property>
  <property name="stepIndex">2</property>
</record>
<record>
  <date>2019-11-25T14:19:45</date>
  <millis>1574691585831</millis>
  <sequence>199</sequence>
  <level>PASSED</level>
  <class>com.kms.katalon.core.logging.XmlKeywordLogger</class>
  <method>logMessage</method>
  <thread>1</thread>
  <message>Object: &amp;apos;Object Repository/Page_Members Area/div_Received a Negative Review&amp;apos; is clicked on</message>
  <nestedLevel>2</nestedLevel>
</record>
<record>
  <date>2019-11-25T14:19:45</date>
  <millis>1574691585831</millis>
  <sequence>200</sequence>
  <level>END</level>
  <class>com.kms.katalon.core.logging.XmlKeywordLogger</class>
  <method>endKeyword</method>
  <thread>1</thread>
  <message>End action : click(findTestObject(\&amp;quot;Object Repository/Page_Members Area/div_Received a Negative Review\&amp;quot;))</message>
  <nestedLevel>1</nestedLevel>
</record>
<record>
  <date>2019-11-25T14:19:45</date>
  <millis>1574691585831</millis>
  <sequence>201</sequence>
  <level>PASSED</level>
  <class>com.kms.katalon.core.logging.XmlKeywordLogger</class>
  <method>logMessage</method>
  <thread>1</thread>
  <message>Test Cases/Reusable_Test_Sequences/Members_Area/Area_Menu/Your_Customers/Received_Negative_Review</message>
  <nestedLevel>2</nestedLevel>
</record>
<record>
  <date>2019-11-25T14:19:45</date>
  <millis>1574691585832</millis>
  <sequence>202</sequence>
  <level>END</level>
  <class>com.kms.katalon.core.logging.XmlKeywordLogger</class>
  <method>endTest</method>
  <thread>1</thread>
  <message>End Test Case : Test Cases/Reusable_Test_Sequences/Members_Area/Area_Menu/Your_Customers/Received_Negative_Review</message>
  <nestedLevel>1</nestedLevel>
</record>
<record>
  <date>2019-11-25T14:19:45</date>
  <millis>1574691585832</millis>
  <sequence>203</sequence>
  <level>INFO</level>
  <class>com.kms.katalon.core.logging.XmlKeywordLogger</class>
  <method>logMessage</method>
  <thread>1</thread>
  <message>=================== Smart XPath Report =======================</message>
  <nestedLevel>1</nestedLevel>
</record>
<record>
  <date>2019-11-25T14:19:45</date>
  <millis>1574691585833</millis>
  <sequence>204</sequence>
  <level>INFO</level>
  <class>com.kms.katalon.core.logging.XmlKeywordLogger</class>
  <method>logMessage</method>
  <thread>1</thread>
  <message>Refer to the link below to preview and approve auto healing on broken test objects.</message>
  <nestedLevel>1</nestedLevel>
</record>
<record>
  <date>2019-11-25T14:19:45</date>
  <millis>1574691585833</millis>
  <sequence>205</sequence>
  <level>INFO</level>
  <class>com.kms.katalon.core.logging.XmlKeywordLogger</class>
  <method>logMessage</method>
  <thread>1</thread>
  <message>https://docs.katalon.com/katalon-studio/docs/auto-healing-smart-xpath.html</message>
  <nestedLevel>1</nestedLevel>
</record>
<record>
  <date>2019-11-25T14:19:45</date>
  <millis>1574691585833</millis>
  <sequence>206</sequence>
  <level>INFO</level>
  <class>com.kms.katalon.core.logging.XmlKeywordLogger</class>
  <method>logMessage</method>
  <thread>1</thread>
  <message>===============================================================</message>
  <nestedLevel>1</nestedLevel>
</record>
<record>
  <date>2019-11-25T14:19:45</date>
  <millis>1574691585833</millis>
  <sequence>207</sequence>
  <level>PASSED</level>
  <class>com.kms.katalon.core.logging.XmlKeywordLogger</class>
  <method>logMessage</method>
  <thread>1</thread>
  <message>Call Test Case &amp;apos;Test Cases/Reusable_Test_Sequences/Members_Area/Area_Menu/Your_Customers/Received_Negative_Review&amp;apos; successfully</message>
  <nestedLevel>1</nestedLevel>
</record>
<record>
  <date>2019-11-25T14:19:45</date>
  <millis>1574691585834</millis>
  <sequence>208</sequence>
  <level>END</level>
  <class>com.kms.katalon.core.logging.XmlKeywordLogger</class>
  <method>endKeyword</method>
  <thread>1</thread>
  <message>End action : callTestCase(findTestCase(\&amp;quot;Reusable_Test_Sequences/Members_Area/Area_Menu/Your_Customers/Received_Negative_Review\&amp;quot;), [:], CONTINUE_ON_FAILURE)</message>
  <nestedLevel>2</nestedLevel>
</record>
<record>
  <date>2019-11-25T14:19:45</date>
  <millis>1574691585834</millis>
  <sequence>209</sequence>
  <level>START</level>
  <class>com.kms.katalon.core.logging.XmlKeywordLogger</class>
  <method>startKeyword</method>
  <thread>1</thread>
  <message>Start action : callTestCase(findTestCase(\&amp;quot;Reusable_Test_Sequences/Members_Area/Validation/Received_Negative_Review\&amp;quot;), [:], CONTINUE_ON_FAILURE)</message>
  <nestedLevel>2</nestedLevel>
  <property name="startLine">81</property>
  <property name="stepIndex">4</property>
</record>
<record>
  <date>2019-11-25T14:19:45</date>
  <millis>1574691585895</millis>
  <sequence>212</sequence>
  <level>START</level>
  <class>com.kms.katalon.core.logging.XmlKeywordLogger</class>
  <method>startTest</method>
  <thread>1</thread>
  <message>Start Test Case : Test Cases/Reusable_Test_Sequences/Members_Area/Validation/Received_Negative_Review</message>
  <nestedLevel>2</nestedLevel>
  <property name="name">Test Cases/Reusable_Test_Sequences/Members_Area/Validation/Received_Negative_Review</property>
  <property name="description">Confirm Received_Negative_Review Page is Returned</property>
  <property name="id">Test Cases/Reusable_Test_Sequences/Members_Area/Validation/Received_Negative_Review</property>
  <property name="source">C:\\Users\\davidho\\Katalon Studio\\Start\\Test Cases\\Reusable_Test_Sequences\\Members_Area\\Validation\\Received_Negative_Review.tc</property>
  <property name="tag">Members</property>
  <property name="isOptional">false</property>
</record>
<record>
  <date>2019-11-25T14:19:46</date>
  <millis>1574691586237</millis>
  <sequence>214</sequence>
  <level>START</level>
  <class>com.kms.katalon.core.logging.XmlKeywordLogger</class>
  <method>startKeyword</method>
  <thread>1</thread>
  <message>Start action : \&amp;quot;New PAGE Opened - Displaying the front page of the membershipt Support Pack\&amp;quot;</message>
  <nestedLevel>1</nestedLevel>
  <property name="startLine">54</property>
  <property name="stepIndex">1</property>
</record>
<record>
  <date>2019-11-25T14:19:46</date>
  <millis>1574691586238</millis>
  <sequence>215</sequence>
  <level>END</level>
  <class>com.kms.katalon.core.logging.XmlKeywordLogger</class>
  <method>endKeyword</method>
  <thread>1</thread>
  <message>End action : \&amp;quot;New PAGE Opened - Displaying the front page of the membershipt Support Pack\&amp;quot;</message>
  <nestedLevel>1</nestedLevel>
</record>
<record>
  <date>2019-11-25T14:19:46</date>
  <millis>1574691586238</millis>
  <sequence>216</sequence>
  <level>START</level>
  <class>com.kms.katalon.core.logging.XmlKeywordLogger</class>
  <method>startKeyword</method>
  <thread>1</thread>
  <message>Start action : \&amp;quot;------------------------------------------------\&amp;quot;</message>
  <nestedLevel>1</nestedLevel>
  <property name="startLine">70</property>
  <property name="stepIndex">2</property>
</record>
<record>
  <date>2019-11-25T14:19:46</date>
  <millis>1574691586239</millis>
  <sequence>217</sequence>
  <level>END</level>
  <class>com.kms.katalon.core.logging.XmlKeywordLogger</class>
  <method>endKeyword</method>
  <thread>1</thread>
  <message>End action : \&amp;quot;------------------------------------------------\&amp;quot;</message>
  <nestedLevel>1</nestedLevel>
</record>
<record>
  <date>2019-11-25T14:19:46</date>
  <millis>1574691586239</millis>
  <sequence>218</sequence>
  <level>START</level>
  <class>com.kms.katalon.core.logging.XmlKeywordLogger</class>
  <method>startKeyword</method>
  <thread>1</thread>
  <message>Start action : verifyTextPresent(\&amp;quot;Membership\&amp;quot;, false)</message>
  <nestedLevel>1</nestedLevel>
  <property name="startLine">78</property>
  <property name="stepIndex">3</property>
  <property name="description">------------------------------------------------</property>
</record>
<record>
  <date>2019-11-25T14:19:46</date>
  <millis>1574691586389</millis>
  <sequence>221</sequence>
  <level>PASSED</level>
  <class>com.kms.katalon.core.logging.XmlKeywordLogger</class>
  <method>logMessage</method>
  <thread>1</thread>
  <message>Text &amp;apos;Membership&amp;apos; is present on page </message>
  <nestedLevel>2</nestedLevel>
</record>
<record>
  <date>2019-11-25T14:19:46</date>
  <millis>1574691586390</millis>
  <sequence>222</sequence>
  <level>END</level>
  <class>com.kms.katalon.core.logging.XmlKeywordLogger</class>
  <method>endKeyword</method>
  <thread>1</thread>
  <message>End action : verifyTextPresent(\&amp;quot;Membership\&amp;quot;, false)</message>
  <nestedLevel>1</nestedLevel>
</record>
<record>
  <date>2019-11-25T14:19:46</date>
  <millis>1574691586390</millis>
  <sequence>223</sequence>
  <level>START</level>
  <class>com.kms.katalon.core.logging.XmlKeywordLogger</class>
  <method>startKeyword</method>
  <thread>1</thread>
  <message>Start action : \&amp;quot;------------------------------------------------\&amp;quot;</message>
  <nestedLevel>1</nestedLevel>
  <property name="startLine">83</property>
  <property name="stepIndex">4</property>
</record>
<record>
  <date>2019-11-25T14:19:46</date>
  <millis>1574691586391</millis>
  <sequence>224</sequence>
  <level>END</level>
  <class>com.kms.katalon.core.logging.XmlKeywordLogger</class>
  <method>endKeyword</method>
  <thread>1</thread>
  <message>End action : \&amp;quot;------------------------------------------------\&amp;quot;</message>
  <nestedLevel>1</nestedLevel>
</record>
<record>
  <date>2019-11-25T14:19:46</date>
  <millis>1574691586391</millis>
  <sequence>225</sequence>
  <level>START</level>
  <class>com.kms.katalon.core.logging.XmlKeywordLogger</class>
  <method>startKeyword</method>
  <thread>1</thread>
  <message>Start action : delay(1)</message>
  <nestedLevel>1</nestedLevel>
  <property name="startLine">86</property>
  <property name="stepIndex">5</property>
  <property name="description">------------------------------------------------</property>
</record>
<record>
  <date>2019-11-25T14:19:47</date>
  <millis>1574691587400</millis>
  <sequence>227</sequence>
  <level>PASSED</level>
  <class>com.kms.katalon.core.logging.XmlKeywordLogger</class>
  <method>logMessage</method>
  <thread>1</thread>
  <message>Delayed 1 second(s)</message>
  <nestedLevel>2</nestedLevel>
</record>
<record>
  <date>2019-11-25T14:19:47</date>
  <millis>1574691587400</millis>
  <sequence>228</sequence>
  <level>END</level>
  <class>com.kms.katalon.core.logging.XmlKeywordLogger</class>
  <method>endKeyword</method>
  <thread>1</thread>
  <message>End action : delay(1)</message>
  <nestedLevel>1</nestedLevel>
</record>
<record>
  <date>2019-11-25T14:19:47</date>
  <millis>1574691587401</millis>
  <sequence>229</sequence>
  <level>START</level>
  <class>com.kms.katalon.core.logging.XmlKeywordLogger</class>
  <method>startKeyword</method>
  <thread>1</thread>
  <message>Start action : robot = new java.awt.Robot()</message>
  <nestedLevel>1</nestedLevel>
  <property name="startLine">89</property>
  <property name="stepIndex">6</property>
</record>
<record>
  <date>2019-11-25T14:19:47</date>
  <millis>1574691587551</millis>
  <sequence>230</sequence>
  <level>END</level>
  <class>com.kms.katalon.core.logging.XmlKeywordLogger</class>
  <method>endKeyword</method>
  <thread>1</thread>
  <message>End action : robot = new java.awt.Robot()</message>
  <nestedLevel>1</nestedLevel>
</record>
<record>
  <date>2019-11-25T14:19:47</date>
  <millis>1574691587551</millis>
  <sequence>231</sequence>
  <level>START</level>
  <class>com.kms.katalon.core.logging.XmlKeywordLogger</class>
  <method>startKeyword</method>
  <thread>1</thread>
  <message>Start action : robot.keyPress(VK_END)</message>
  <nestedLevel>1</nestedLevel>
  <property name="startLine">90</property>
  <property name="stepIndex">7</property>
</record>
<record>
  <date>2019-11-25T14:19:47</date>
  <millis>1574691587574</millis>
  <sequence>232</sequence>
  <level>END</level>
  <class>com.kms.katalon.core.logging.XmlKeywordLogger</class>
  <method>endKeyword</method>
  <thread>1</thread>
  <message>End action : robot.keyPress(VK_END)</message>
  <nestedLevel>1</nestedLevel>
</record>
<record>
  <date>2019-11-25T14:19:47</date>
  <millis>1574691587578</millis>
  <sequence>233</sequence>
  <level>START</level>
  <class>com.kms.katalon.core.logging.XmlKeywordLogger</class>
  <method>startKeyword</method>
  <thread>1</thread>
  <message>Start action : robot.keyRelease(VK_END)</message>
  <nestedLevel>1</nestedLevel>
  <property name="startLine">91</property>
  <property name="stepIndex">8</property>
</record>
<record>
  <date>2019-11-25T14:19:47</date>
  <millis>1574691587580</millis>
  <sequence>234</sequence>
  <level>END</level>
  <class>com.kms.katalon.core.logging.XmlKeywordLogger</class>
  <method>endKeyword</method>
  <thread>1</thread>
  <message>End action : robot.keyRelease(VK_END)</message>
  <nestedLevel>1</nestedLevel>
</record>
<record>
  <date>2019-11-25T14:19:47</date>
  <millis>1574691587580</millis>
  <sequence>235</sequence>
  <level>PASSED</level>
  <class>com.kms.katalon.core.logging.XmlKeywordLogger</class>
  <method>logMessage</method>
  <thread>1</thread>
  <message>Test Cases/Reusable_Test_Sequences/Members_Area/Validation/Received_Negative_Review</message>
  <nestedLevel>2</nestedLevel>
</record>
<record>
  <date>2019-11-25T14:19:47</date>
  <millis>1574691587581</millis>
  <sequence>236</sequence>
  <level>END</level>
  <class>com.kms.katalon.core.logging.XmlKeywordLogger</class>
  <method>endTest</method>
  <thread>1</thread>
  <message>End Test Case : Test Cases/Reusable_Test_Sequences/Members_Area/Validation/Received_Negative_Review</message>
  <nestedLevel>1</nestedLevel>
</record>
<record>
  <date>2019-11-25T14:19:47</date>
  <millis>1574691587582</millis>
  <sequence>237</sequence>
  <level>INFO</level>
  <class>com.kms.katalon.core.logging.XmlKeywordLogger</class>
  <method>logMessage</method>
  <thread>1</thread>
  <message>=================== Smart XPath Report =======================</message>
  <nestedLevel>1</nestedLevel>
</record>
<record>
  <date>2019-11-25T14:19:47</date>
  <millis>1574691587582</millis>
  <sequence>238</sequence>
  <level>INFO</level>
  <class>com.kms.katalon.core.logging.XmlKeywordLogger</class>
  <method>logMessage</method>
  <thread>1</thread>
  <message>Refer to the link below to preview and approve auto healing on broken test objects.</message>
  <nestedLevel>1</nestedLevel>
</record>
<record>
  <date>2019-11-25T14:19:47</date>
  <millis>1574691587582</millis>
  <sequence>239</sequence>
  <level>INFO</level>
  <class>com.kms.katalon.core.logging.XmlKeywordLogger</class>
  <method>logMessage</method>
  <thread>1</thread>
  <message>https://docs.katalon.com/katalon-studio/docs/auto-healing-smart-xpath.html</message>
  <nestedLevel>1</nestedLevel>
</record>
<record>
  <date>2019-11-25T14:19:47</date>
  <millis>1574691587583</millis>
  <sequence>240</sequence>
  <level>INFO</level>
  <class>com.kms.katalon.core.logging.XmlKeywordLogger</class>
  <method>logMessage</method>
  <thread>1</thread>
  <message>===============================================================</message>
  <nestedLevel>1</nestedLevel>
</record>
<record>
  <date>2019-11-25T14:19:47</date>
  <millis>1574691587583</millis>
  <sequence>241</sequence>
  <level>PASSED</level>
  <class>com.kms.katalon.core.logging.XmlKeywordLogger</class>
  <method>logMessage</method>
  <thread>1</thread>
  <message>Call Test Case &amp;apos;Test Cases/Reusable_Test_Sequences/Members_Area/Validation/Received_Negative_Review&amp;apos; successfully</message>
  <nestedLevel>1</nestedLevel>
</record>
<record>
  <date>2019-11-25T14:19:47</date>
  <millis>1574691587584</millis>
  <sequence>242</sequence>
  <level>END</level>
  <class>com.kms.katalon.core.logging.XmlKeywordLogger</class>
  <method>endKeyword</method>
  <thread>1</thread>
  <message>End action : callTestCase(findTestCase(\&amp;quot;Reusable_Test_Sequences/Members_Area/Validation/Received_Negative_Review\&amp;quot;), [:], CONTINUE_ON_FAILURE)</message>
  <nestedLevel>2</nestedLevel>
</record>
<record>
  <date>2019-11-25T14:19:47</date>
  <millis>1574691587584</millis>
  <sequence>243</sequence>
  <level>START</level>
  <class>com.kms.katalon.core.logging.XmlKeywordLogger</class>
  <method>startKeyword</method>
  <thread>1</thread>
  <message>Start action : callTestCase(findTestCase(\&amp;quot;Reusable_Test_Sequences/Members_Area/Banner_Menu/log_Off\&amp;quot;), [:], OPTIONAL)</message>
  <nestedLevel>2</nestedLevel>
  <property name="startLine">86</property>
  <property name="stepIndex">5</property>
</record>
<record>
  <date>2019-11-25T14:19:47</date>
  <millis>1574691587654</millis>
  <sequence>246</sequence>
  <level>START</level>
  <class>com.kms.katalon.core.logging.XmlKeywordLogger</class>
  <method>startTest</method>
  <thread>1</thread>
  <message>Start Test Case : Test Cases/Reusable_Test_Sequences/Members_Area/Banner_Menu/log_Off</message>
  <nestedLevel>2</nestedLevel>
  <property name="name">Test Cases/Reusable_Test_Sequences/Members_Area/Banner_Menu/log_Off</property>
  <property name="description">Log Off the Members Area</property>
  <property name="id">Test Cases/Reusable_Test_Sequences/Members_Area/Banner_Menu/log_Off</property>
  <property name="source">C:\\Users\\davidho\\Katalon Studio\\Start\\Test Cases\\Reusable_Test_Sequences\\Members_Area\\Banner_Menu\\log_Off.tc</property>
  <property name="tag">Members</property>
  <property name="isOptional">true</property>
</record>
<record>
  <date>2019-11-25T14:19:48</date>
  <millis>1574691588238</millis>
  <sequence>248</sequence>
  <level>START</level>
  <class>com.kms.katalon.core.logging.XmlKeywordLogger</class>
  <method>startKeyword</method>
  <thread>1</thread>
  <message>Start action : waitForElementClickable(findTestObject(\&amp;quot;Object Repository/Page_Members Area/a_Log off\&amp;quot;), 60)</message>
  <nestedLevel>1</nestedLevel>
  <property name="startLine">52</property>
  <property name="stepIndex">1</property>
</record>
<record>
  <date>2019-11-25T14:19:48</date>
  <millis>1574691588989</millis>
  <sequence>256</sequence>
  <level>PASSED</level>
  <class>com.kms.katalon.core.logging.XmlKeywordLogger</class>
  <method>logMessage</method>
  <thread>1</thread>
  <message>Object &amp;apos;Object Repository/Page_Members Area/a_Log off&amp;apos; is clickable</message>
  <nestedLevel>2</nestedLevel>
</record>
<record>
  <date>2019-11-25T14:19:48</date>
  <millis>1574691588990</millis>
  <sequence>257</sequence>
  <level>END</level>
  <class>com.kms.katalon.core.logging.XmlKeywordLogger</class>
  <method>endKeyword</method>
  <thread>1</thread>
  <message>End action : waitForElementClickable(findTestObject(\&amp;quot;Object Repository/Page_Members Area/a_Log off\&amp;quot;), 60)</message>
  <nestedLevel>1</nestedLevel>
</record>
<record>
  <date>2019-11-25T14:19:48</date>
  <millis>1574691588990</millis>
  <sequence>258</sequence>
  <level>START</level>
  <class>com.kms.katalon.core.logging.XmlKeywordLogger</class>
  <method>startKeyword</method>
  <thread>1</thread>
  <message>Start action : scrollToElement(findTestObject(\&amp;quot;Object Repository/Page_Members Area/a_Log off\&amp;quot;), 2)</message>
  <nestedLevel>1</nestedLevel>
  <property name="startLine">53</property>
  <property name="stepIndex">2</property>
</record>
<record>
  <date>2019-11-25T14:19:49</date>
  <millis>1574691589188</millis>
  <sequence>267</sequence>
  <level>PASSED</level>
  <class>com.kms.katalon.core.logging.XmlKeywordLogger</class>
  <method>logMessage</method>
  <thread>1</thread>
  <message>Scroll to object &amp;apos;Object Repository/Page_Members Area/a_Log off&amp;apos; successfully</message>
  <nestedLevel>2</nestedLevel>
</record>
<record>
  <date>2019-11-25T14:19:49</date>
  <millis>1574691589189</millis>
  <sequence>268</sequence>
  <level>END</level>
  <class>com.kms.katalon.core.logging.XmlKeywordLogger</class>
  <method>endKeyword</method>
  <thread>1</thread>
  <message>End action : scrollToElement(findTestObject(\&amp;quot;Object Repository/Page_Members Area/a_Log off\&amp;quot;), 2)</message>
  <nestedLevel>1</nestedLevel>
</record>
<record>
  <date>2019-11-25T14:19:49</date>
  <millis>1574691589189</millis>
  <sequence>269</sequence>
  <level>START</level>
  <class>com.kms.katalon.core.logging.XmlKeywordLogger</class>
  <method>startKeyword</method>
  <thread>1</thread>
  <message>Start action : click(findTestObject(\&amp;quot;Object Repository/Page_Members Area/a_Log off\&amp;quot;))</message>
  <nestedLevel>1</nestedLevel>
  <property name="startLine">58</property>
  <property name="stepIndex">3</property>
</record>
<record>
  <date>2019-11-25T14:19:54</date>
  <millis>1574691594812</millis>
  <sequence>279</sequence>
  <level>PASSED</level>
  <class>com.kms.katalon.core.logging.XmlKeywordLogger</class>
  <method>logMessage</method>
  <thread>1</thread>
  <message>Object: &amp;apos;Object Repository/Page_Members Area/a_Log off&amp;apos; is clicked on</message>
  <nestedLevel>2</nestedLevel>
</record>
<record>
  <date>2019-11-25T14:19:54</date>
  <millis>1574691594812</millis>
  <sequence>280</sequence>
  <level>END</level>
  <class>com.kms.katalon.core.logging.XmlKeywordLogger</class>
  <method>endKeyword</method>
  <thread>1</thread>
  <message>End action : click(findTestObject(\&amp;quot;Object Repository/Page_Members Area/a_Log off\&amp;quot;))</message>
  <nestedLevel>1</nestedLevel>
</record>
<record>
  <date>2019-11-25T14:19:54</date>
  <millis>1574691594813</millis>
  <sequence>281</sequence>
  <level>PASSED</level>
  <class>com.kms.katalon.core.logging.XmlKeywordLogger</class>
  <method>logMessage</method>
  <thread>1</thread>
  <message>Test Cases/Reusable_Test_Sequences/Members_Area/Banner_Menu/log_Off</message>
  <nestedLevel>2</nestedLevel>
</record>
<record>
  <date>2019-11-25T14:19:54</date>
  <millis>1574691594813</millis>
  <sequence>282</sequence>
  <level>END</level>
  <class>com.kms.katalon.core.logging.XmlKeywordLogger</class>
  <method>endTest</method>
  <thread>1</thread>
  <message>End Test Case : Test Cases/Reusable_Test_Sequences/Members_Area/Banner_Menu/log_Off</message>
  <nestedLevel>1</nestedLevel>
</record>
<record>
  <date>2019-11-25T14:19:54</date>
  <millis>1574691594814</millis>
  <sequence>283</sequence>
  <level>INFO</level>
  <class>com.kms.katalon.core.logging.XmlKeywordLogger</class>
  <method>logMessage</method>
  <thread>1</thread>
  <message>=================== Smart XPath Report =======================</message>
  <nestedLevel>1</nestedLevel>
</record>
<record>
  <date>2019-11-25T14:19:54</date>
  <millis>1574691594814</millis>
  <sequence>284</sequence>
  <level>INFO</level>
  <class>com.kms.katalon.core.logging.XmlKeywordLogger</class>
  <method>logMessage</method>
  <thread>1</thread>
  <message>Refer to the link below to preview and approve auto healing on broken test objects.</message>
  <nestedLevel>1</nestedLevel>
</record>
<record>
  <date>2019-11-25T14:19:54</date>
  <millis>1574691594814</millis>
  <sequence>285</sequence>
  <level>INFO</level>
  <class>com.kms.katalon.core.logging.XmlKeywordLogger</class>
  <method>logMessage</method>
  <thread>1</thread>
  <message>https://docs.katalon.com/katalon-studio/docs/auto-healing-smart-xpath.html</message>
  <nestedLevel>1</nestedLevel>
</record>
<record>
  <date>2019-11-25T14:19:54</date>
  <millis>1574691594814</millis>
  <sequence>286</sequence>
  <level>INFO</level>
  <class>com.kms.katalon.core.logging.XmlKeywordLogger</class>
  <method>logMessage</method>
  <thread>1</thread>
  <message>===============================================================</message>
  <nestedLevel>1</nestedLevel>
</record>
<record>
  <date>2019-11-25T14:19:54</date>
  <millis>1574691594814</millis>
  <sequence>287</sequence>
  <level>PASSED</level>
  <class>com.kms.katalon.core.logging.XmlKeywordLogger</class>
  <method>logMessage</method>
  <thread>1</thread>
  <message>Call Test Case &amp;apos;Test Cases/Reusable_Test_Sequences/Members_Area/Banner_Menu/log_Off&amp;apos; successfully</message>
  <nestedLevel>1</nestedLevel>
</record>
<record>
  <date>2019-11-25T14:19:54</date>
  <millis>1574691594884</millis>
  <sequence>292</sequence>
  <level>END</level>
  <class>com.kms.katalon.core.logging.XmlKeywordLogger</class>
  <method>endKeyword</method>
  <thread>1</thread>
  <message>End action : callTestCase(findTestCase(\&amp;quot;Reusable_Test_Sequences/Members_Area/Banner_Menu/log_Off\&amp;quot;), [:], OPTIONAL)</message>
  <nestedLevel>2</nestedLevel>
</record>
<record>
  <date>2019-11-25T14:19:54</date>
  <millis>1574691594885</millis>
  <sequence>293</sequence>
  <level>END</level>
  <class>com.kms.katalon.core.logging.XmlKeywordLogger</class>
  <method>endKeyword</method>
  <thread>1</thread>
  <message>End action : for ([row = 1, row &amp;lt;= findTestData(\&amp;quot;Members_Test_Data\&amp;quot;).getRowNumbers(), (internal.GlobalVariable.row++)])</message>
  <nestedLevel>1</nestedLevel>
</record>
<record>
  <date>2019-11-25T14:19:54</date>
  <millis>1574691594885</millis>
  <sequence>294</sequence>
  <level>PASSED</level>
  <class>com.kms.katalon.core.logging.XmlKeywordLogger</class>
  <method>logMessage</method>
  <thread>1</thread>
  <message>Test Cases/Members_Area/Received_Negative_Review</message>
  <nestedLevel>1</nestedLevel>
</record>
<record>
  <date>2019-11-25T14:19:54</date>
  <millis>1574691594886</millis>
  <sequence>295</sequence>
  <level>END</level>
  <class>com.kms.katalon.core.logging.XmlKeywordLogger</class>
  <method>endTest</method>
  <thread>1</thread>
  <message>End Test Case : Test Cases/Members_Area/Received_Negative_Review</message>
  <nestedLevel>0</nestedLevel>
</record>
<record>
  <date>2019-11-25T14:19:54</date>
  <millis>1574691594887</millis>
  <sequence>296</sequence>
  <level>INFO</level>
  <class>com.kms.katalon.core.logging.XmlKeywordLogger</class>
  <method>logMessage</method>
  <thread>1</thread>
  <message>=================== Smart XPath Report =======================</message>
  <nestedLevel>0</nestedLevel>
</record>
<record>
  <date>2019-11-25T14:19:54</date>
  <millis>1574691594888</millis>
  <sequence>297</sequence>
  <level>INFO</level>
  <class>com.kms.katalon.core.logging.XmlKeywordLogger</class>
  <method>logMessage</method>
  <thread>1</thread>
  <message>Refer to the link below to preview and approve auto healing on broken test objects.</message>
  <nestedLevel>0</nestedLevel>
</record>
<record>
  <date>2019-11-25T14:19:54</date>
  <millis>1574691594893</millis>
  <sequence>298</sequence>
  <level>INFO</level>
  <class>com.kms.katalon.core.logging.XmlKeywordLogger</class>
  <method>logMessage</method>
  <thread>1</thread>
  <message>https://docs.katalon.com/katalon-studio/docs/auto-healing-smart-xpath.html</message>
  <nestedLevel>0</nestedLevel>
</record>
<record>
  <date>2019-11-25T14:19:54</date>
  <millis>1574691594895</millis>
  <sequence>299</sequence>
  <level>INFO</level>
  <class>com.kms.katalon.core.logging.XmlKeywordLogger</class>
  <method>logMessage</method>
  <thread>1</thread>
  <message>===============================================================</message>
  <nestedLevel>0</nestedLevel>
</record>
<record>
  <date>2019-11-25T14:19:56</date>
  <millis>1574691596104</millis>
  <sequence>300</sequence>
  <level>END</level>
  <class>com.kms.katalon.core.logging.XmlKeywordLogger</class>
  <method>endSuite</method>
  <thread>1</thread>
  <message>End Test Suite : Test Suites/Members_Received_Negative_Feedback</message>
  <nestedLevel>0</nestedLevel>
</record>
</log>
