I 2019-07-19 09:49:43:380 server.cc(86) Starting WebDriver server on port: '4979' on host: ''
T 2019-07-19 09:49:43:380 server.cc(634) Entering Server::PopulateCommandRepository
T 2019-07-19 09:49:43:380 IEServer.cpp(32) Entering IEServer::IEServer
I 2019-07-19 09:49:43:380 IEServer.cpp(33) Driver version: 3.6.0.0 (32-bit)
T 2019-07-19 09:49:43:380 server.cc(121) Entering Server::Start
D 2019-07-19 09:49:43:380 server.cc(148) Civetweb ACL is -0.0.0.0/0,+127.0.0.1
T 2019-07-19 09:49:43:714 server.cc(174) Entering Server::ProcessRequest
T 2019-07-19 09:49:43:714 server.cc(183) Process request with: URI: /status HTTP verb: GET
body: {}
T 2019-07-19 09:49:43:716 server.cc(272) Entering Server::DispatchCommand
T 2019-07-19 09:49:43:716 server.cc(583) Entering Server::LookupCommand
D 2019-07-19 09:49:43:716 server.cc(281) Command: GET /status {}
T 2019-07-19 09:49:43:716 IEServer.cpp(51) Entering IEServer::GetStatus
T 2019-07-19 09:49:43:720 response.cc(72) Entering Response::SetSuccessResponse
T 2019-07-19 09:49:43:720 response.cc(78) Entering Response::SetResponse
T 2019-07-19 09:49:43:720 response.cc(51) Entering Response::Serialize
D 2019-07-19 09:49:43:720 server.cc(338) Response: {"value":{"build":{"version":"3.6.0.0 (32-bit)"},"message":"Ready to create session","os":{"arch":"x64","name":"windows","version":"10.0.17134.858 (WinBuild.160101.0800)"},"ready":true}}

T 2019-07-19 09:49:43:720 server.cc(391) Entering Server::SendResponseToClient
T 2019-07-19 09:49:43:720 response.cc(30) Entering Response::Deserialize
T 2019-07-19 09:49:43:720 server.cc(445) Entering Server::SendHttpOk
T 2019-07-19 09:49:44:207 server.cc(174) Entering Server::ProcessRequest
T 2019-07-19 09:49:44:207 server.cc(238) Entering Server::ReadRequestBody
T 2019-07-19 09:49:44:207 server.cc(183) Process request with: URI: /session HTTP verb: POST
body: {
  "desiredCapabilities": {
    "se:ieOptions": {
      "ie.usePerProcessProxy": "true"
    },
    "browserName": "internet explorer",
    "ie.usePerProcessProxy": "true"
  },
  "capabilities": {
    "firstMatch": [
      {
        "browserName": "internet explorer",
        "se:ieOptions": {
          "ie.usePerProcessProxy": "true"
        }
      }
    ]
  }
}
T 2019-07-19 09:49:44:207 server.cc(272) Entering Server::DispatchCommand
T 2019-07-19 09:49:44:207 server.cc(583) Entering Server::LookupCommand
D 2019-07-19 09:49:44:207 server.cc(281) Command: POST /session {
  "desiredCapabilities": {
    "se:ieOptions": {
      "ie.usePerProcessProxy": "true"
    },
    "browserName": "internet explorer",
    "ie.usePerProcessProxy": "true"
  },
  "capabilities": {
    "firstMatch": [
      {
        "browserName": "internet explorer",
        "se:ieOptions": {
          "ie.usePerProcessProxy": "true"
        }
      }
    ]
  }
}
T 2019-07-19 09:49:44:207 IEServer.cpp(42) Entering IEServer::InitializeSession
T 2019-07-19 09:49:44:207 IESession.cpp(38) Entering IESession::Initialize
D 2019-07-19 09:49:44:208 IESession.cpp(53) Mutex acquired for session initalization
T 2019-07-19 09:49:44:210 IECommandExecutor.cpp(386) Entering IECommandExecutor::ThreadProc
T 2019-07-19 09:49:44:217 IECommandExecutor.cpp(47) Entering IECommandExecutor::OnCreate
T 2019-07-19 09:49:44:217 IECommandExecutor.cpp(753) Entering IECommandExecutor::PopulateElementFinderMethods
T 2019-07-19 09:49:44:217 InputManager.cpp(40) Entering InputManager::InputManager
T 2019-07-19 09:49:44:217 InputManager.cpp(75) Entering InputManager::Initialize
T 2019-07-19 09:49:44:217 BrowserFactory.cpp(998) Entering BrowserFactory::GetExecutableLocation
T 2019-07-19 09:49:44:218 BrowserFactory.cpp(1039) Entering BrowserFactory::GetIEVersion
T 2019-07-19 09:49:44:218 CommandHandlerRepository.cpp(108) Entering CommandHandlerRepository::PopulateCommandHandlers
T 2019-07-19 09:49:44:219 IESession.cpp(99) Created thread for command executor returns HWND: '001B12BE'
T 2019-07-19 09:49:44:219 IESession.cpp(103) Session id is retrived from command executor window: '6513e0d2-3f7c-4b9d-9c89-f441e186d35c'
D 2019-07-19 09:49:44:219 IESession.cpp(109) Releasing session initialization mutex
T 2019-07-19 09:49:44:219 IESession.cpp(191) Entering IESession::ExecuteCommand
T 2019-07-19 09:49:44:219 IECommandExecutor.cpp(122) Entering IECommandExecutor::OnSetCommand
T 2019-07-19 09:49:44:219 command.cc(31) Entering Command::Deserialize
D 2019-07-19 09:49:44:219 command.cc(36) Raw JSON command: { "name" : "newSession", "locator" : { }, "parameters" : {
  "desiredCapabilities": {
    "se:ieOptions": {
      "ie.usePerProcessProxy": "true"
    },
    "browserName": "internet explorer",
    "ie.usePerProcessProxy": "true"
  },
  "capabilities": {
    "firstMatch": [
      {
        "browserName": "internet explorer",
        "se:ieOptions": {
          "ie.usePerProcessProxy": "true"
        }
      }
    ]
  }
} }
T 2019-07-19 09:49:44:219 IECommandExecutor.cpp(133) Entering IECommandExecutor::OnExecCommand
T 2019-07-19 09:49:44:219 IECommandExecutor.cpp(454) Entering IECommandExecutor::DispatchCommand
D 2019-07-19 09:49:44:219 CommandHandlers\NewSessionCommandHandler.cpp(46) Found W3C capabilities structure
D 2019-07-19 09:49:44:219 CommandHandlers\NewSessionCommandHandler.cpp(505) Validating capabilities object
D 2019-07-19 09:49:44:219 CommandHandlers\NewSessionCommandHandler.cpp(505) Validating capabilities object
D 2019-07-19 09:49:44:219 CommandHandlers\NewSessionCommandHandler.cpp(535) Found browserNamecapability. Validating value type is string.
D 2019-07-19 09:49:44:219 CommandHandlers\NewSessionCommandHandler.cpp(794) Found proxycapability. Validating value type is object.
T 2019-07-19 09:49:44:219 BrowserFactory.cpp(113) Entering BrowserFactory::Initialize
T 2019-07-19 09:49:44:220 IECommandExecutor.cpp(631) Entering IECommandExecutor::CreateNewBrowser
T 2019-07-19 09:49:44:220 BrowserFactory.cpp(142) Entering BrowserFactory::LaunchBrowserProcess
D 2019-07-19 09:49:44:220 BrowserFactory.cpp(146) Ignoring Protected Mode Settings: 0
D 2019-07-19 09:49:44:220 BrowserFactory.cpp(149) Checking validity of Protected Mode settings.
T 2019-07-19 09:49:44:220 BrowserFactory.cpp(1058) Entering BrowserFactory::ProtectedModeSettingsAreValid
D 2019-07-19 09:49:44:220 BrowserFactory.cpp(1061) Detected IE version: 11, Windows version supports Protected Mode: 1
T 2019-07-19 09:49:44:220 BrowserFactory.cpp(1135) Entering BrowserFactory::GetZoneProtectedModeSetting
D 2019-07-19 09:49:44:220 BrowserFactory.cpp(1152) Found Protected Mode setting value of 3 for zone 1
T 2019-07-19 09:49:44:220 BrowserFactory.cpp(1135) Entering BrowserFactory::GetZoneProtectedModeSetting
D 2019-07-19 09:49:44:220 BrowserFactory.cpp(1156) RegQueryValueEx failed for getting Protected Mode setting for a zone: 2
T 2019-07-19 09:49:44:220 BrowserFactory.cpp(1135) Entering BrowserFactory::GetZoneProtectedModeSetting
D 2019-07-19 09:49:44:220 BrowserFactory.cpp(1156) RegQueryValueEx failed for getting Protected Mode setting for a zone: 3
T 2019-07-19 09:49:44:220 BrowserFactory.cpp(1135) Entering BrowserFactory::GetZoneProtectedModeSetting
D 2019-07-19 09:49:44:220 BrowserFactory.cpp(1156) RegQueryValueEx failed for getting Protected Mode setting for a zone: 4
D 2019-07-19 09:49:44:220 BrowserFactory.cpp(152) Has Valid Protected Mode Settings: 1
T 2019-07-19 09:49:44:220 BrowserFactory.cpp(226) Entering BrowserFactory::IsIELaunchURLAvailable
T 2019-07-19 09:49:44:229 BrowserFactory.cpp(130) Entering BrowserFactory::ClearCache
T 2019-07-19 09:49:44:229 BrowserFactory.cpp(247) Entering BrowserFactory::LaunchBrowserUsingIELaunchURL
D 2019-07-19 09:49:44:229 BrowserFactory.cpp(248) Starting IE using the IELaunchURL API
D 2019-07-19 09:49:45:055 BrowserFactory.cpp(202) IE launched successfully with process ID 17868
D 2019-07-19 09:49:45:055 BrowserFactory.cpp(208) Process with ID 17868 is executing iexplore.exe
T 2019-07-19 09:49:45:055 BrowserFactory.cpp(365) Entering BrowserFactory::AttachToBrowser
D 2019-07-19 09:49:45:055 BrowserFactory.cpp(375) Using Active Accessibility to find IWebBrowser2 interface
T 2019-07-19 09:49:45:055 BrowserFactory.cpp(414) Entering BrowserFactory::AttachToBrowserUsingActiveAccessibility
T 2019-07-19 09:49:45:387 server.cc(174) Entering Server::ProcessRequest
T 2019-07-19 09:49:45:387 server.cc(183) Process request with: URI: / HTTP verb: GET
body: {}
T 2019-07-19 09:49:45:387 server.cc(445) Entering Server::SendHttpOk
D 2019-07-19 09:49:46:102 BrowserFactory.cpp(434) Found window handle 001312EA for window with class 'Internet Explorer_Server' belonging to process with id 17868
T 2019-07-19 09:49:46:102 BrowserFactory.cpp(329) Entering BrowserFactory::GetDocumentFromWindowHandle
T 2019-07-19 09:49:46:102 IESession.cpp(212) Beginning wait for response length to be not zero
T 2019-07-19 09:49:46:124 server.cc(174) Entering Server::ProcessRequest
T 2019-07-19 09:49:46:124 server.cc(183) Process request with: URI: /favicon.ico HTTP verb: GET
body: {}
T 2019-07-19 09:49:46:124 server.cc(272) Entering Server::DispatchCommand
T 2019-07-19 09:49:46:124 server.cc(583) Entering Server::LookupCommand
D 2019-07-19 09:49:46:124 server.cc(281) Command: GET /favicon.ico {}
D 2019-07-19 09:49:46:124 server.cc(338) Response: { "error" : "unknown method", "message" : "Command not found: GET /favicon.ico" }
T 2019-07-19 09:49:46:125 server.cc(391) Entering Server::SendResponseToClient
T 2019-07-19 09:49:46:125 response.cc(30) Entering Response::Deserialize
T 2019-07-19 09:49:46:125 server.cc(445) Entering Server::SendHttpOk
D 2019-07-19 09:49:46:298 BrowserFactory.cpp(396) Ignoring zoom setting: 0
T 2019-07-19 09:49:46:298 BrowserFactory.cpp(574) Entering BrowserFactory::GetBrowserZoomLevel
T 2019-07-19 09:49:46:317 BrowserFactory.cpp(614) Entering BrowserFactory::GetZoomLevel
D 2019-07-19 09:49:46:339 BrowserFactory.cpp(694) Browser zoom level is 100%
I 2019-07-19 09:49:46:341 IECommandExecutor.cpp(654) Persistent hovering set to: 1
T 2019-07-19 09:49:46:341 ProxyManager.cpp(97) ProxyManager::SetProxySettings
D 2019-07-19 09:49:46:341 ProxyManager.cpp(113) Using existing system proxy settings.
T 2019-07-19 09:49:46:341 DocumentHost.cpp(33) Entering DocumentHost::DocumentHost
T 2019-07-19 09:49:46:341 CookieManager.cpp(49) Entering CookieManager::Initialize
T 2019-07-19 09:49:46:341 Browser.cpp(33) Entering Browser::Browser
T 2019-07-19 09:49:46:341 Browser.cpp(293) Entering Browser::AttachEvents
T 2019-07-19 09:49:46:354 IECommandExecutor.cpp(621) Entering IECommandExecutor::AddManagedBrowser
T 2019-07-19 09:49:46:354 IECommandExecutor.cpp(625) Setting current browser id to 3ba4aef7-4ee4-42a1-896f-7530a3bfb5a0
T 2019-07-19 09:49:46:354 response.cc(72) Entering Response::SetSuccessResponse
T 2019-07-19 09:49:46:354 response.cc(78) Entering Response::SetResponse
T 2019-07-19 09:49:46:354 IECommandExecutor.cpp(577) Entering IECommandExecutor::GetCurrentBrowser
T 2019-07-19 09:49:46:354 IECommandExecutor.cpp(583) Entering IECommandExecutor::GetManagedBrowser
T 2019-07-19 09:49:46:354 response.cc(51) Entering Response::Serialize
T 2019-07-19 09:49:46:364 IESession.cpp(221) Found non-zero response length
T 2019-07-19 09:49:46:364 IECommandExecutor.cpp(156) Entering IECommandExecutor::OnGetResponse
T 2019-07-19 09:49:46:364 IECommandExecutor.cpp(285) Entering IECommandExecutor::OnIsSessionValid
T 2019-07-19 09:49:46:364 response.cc(30) Entering Response::Deserialize
D 2019-07-19 09:49:46:364 server.cc(338) Response: {"value":{"capabilities":{"acceptInsecureCerts":false,"browserName":"internet explorer","browserVersion":"11","pageLoadStrategy":"normal","platformName":"windows","se:ieOptions":{"browserAttachTimeout":0,"elementScrollBehavior":0,"enablePersistentHover":true,"ie.browserCommandLineSwitches":"","ie.ensureCleanSession":false,"ie.fileUploadDialogTimeout":3000,"ie.forceCreateProcessApi":false,"ignoreProtectedModeSettings":false,"ignoreZoomSetting":false,"initialBrowserUrl":"http://localhost:4979/","nativeEvents":true,"requireWindowFocus":false},"setWindowRect":true},"sessionId":"6513e0d2-3f7c-4b9d-9c89-f441e186d35c"}}

T 2019-07-19 09:49:46:364 server.cc(391) Entering Server::SendResponseToClient
T 2019-07-19 09:49:46:364 response.cc(30) Entering Response::Deserialize
T 2019-07-19 09:49:46:365 server.cc(445) Entering Server::SendHttpOk
T 2019-07-19 09:49:46:431 server.cc(174) Entering Server::ProcessRequest
T 2019-07-19 09:49:46:431 server.cc(238) Entering Server::ReadRequestBody
T 2019-07-19 09:49:46:431 server.cc(183) Process request with: URI: /session/6513e0d2-3f7c-4b9d-9c89-f441e186d35c/timeouts HTTP verb: POST
body: {
  "implicit": 0
}
T 2019-07-19 09:49:46:431 server.cc(272) Entering Server::DispatchCommand
T 2019-07-19 09:49:46:431 server.cc(583) Entering Server::LookupCommand
D 2019-07-19 09:49:46:431 server.cc(281) Command: POST /session/6513e0d2-3f7c-4b9d-9c89-f441e186d35c/timeouts {
  "implicit": 0
}
T 2019-07-19 09:49:46:431 server.cc(378) Entering Server::LookupSession
T 2019-07-19 09:49:46:431 IESession.cpp(191) Entering IESession::ExecuteCommand
T 2019-07-19 09:49:46:431 IECommandExecutor.cpp(122) Entering IECommandExecutor::OnSetCommand
T 2019-07-19 09:49:46:431 command.cc(31) Entering Command::Deserialize
D 2019-07-19 09:49:46:431 command.cc(36) Raw JSON command: { "name" : "setTimeouts", "locator" : { "sessionid" : "6513e0d2-3f7c-4b9d-9c89-f441e186d35c" }, "parameters" : {
  "implicit": 0
} }
T 2019-07-19 09:49:46:432 IESession.cpp(212) Beginning wait for response length to be not zero
T 2019-07-19 09:49:46:432 IECommandExecutor.cpp(133) Entering IECommandExecutor::OnExecCommand
T 2019-07-19 09:49:46:432 IECommandExecutor.cpp(454) Entering IECommandExecutor::DispatchCommand
T 2019-07-19 09:49:46:432 IECommandExecutor.cpp(577) Entering IECommandExecutor::GetCurrentBrowser
T 2019-07-19 09:49:46:432 IECommandExecutor.cpp(583) Entering IECommandExecutor::GetManagedBrowser
T 2019-07-19 09:49:46:432 IECommandExecutor.cpp(529) Entering IECommandExecutor::IsAlertActive
T 2019-07-19 09:49:46:432 Browser.cpp(700) Entering Browser::GetActiveDialogWindowHandle
T 2019-07-19 09:49:46:432 Browser.cpp(206) Entering Browser::GetContentWindowHandle
D 2019-07-19 09:49:46:432 IECommandExecutor.cpp(543) No alert handle is found
T 2019-07-19 09:49:46:432 IECommandExecutor.cpp(577) Entering IECommandExecutor::GetCurrentBrowser
T 2019-07-19 09:49:46:432 IECommandExecutor.cpp(583) Entering IECommandExecutor::GetManagedBrowser
T 2019-07-19 09:49:46:432 response.cc(51) Entering Response::Serialize
T 2019-07-19 09:49:46:442 IESession.cpp(221) Found non-zero response length
T 2019-07-19 09:49:46:442 IECommandExecutor.cpp(156) Entering IECommandExecutor::OnGetResponse
T 2019-07-19 09:49:46:442 IECommandExecutor.cpp(285) Entering IECommandExecutor::OnIsSessionValid
D 2019-07-19 09:49:46:442 server.cc(338) Response: {"value":null}

T 2019-07-19 09:49:46:442 server.cc(391) Entering Server::SendResponseToClient
T 2019-07-19 09:49:46:442 response.cc(30) Entering Response::Deserialize
T 2019-07-19 09:49:46:442 server.cc(445) Entering Server::SendHttpOk
T 2019-07-19 09:49:46:457 server.cc(174) Entering Server::ProcessRequest
T 2019-07-19 09:49:46:457 server.cc(238) Entering Server::ReadRequestBody
T 2019-07-19 09:49:46:457 server.cc(183) Process request with: URI: /session/6513e0d2-3f7c-4b9d-9c89-f441e186d35c/execute/sync HTTP verb: POST
body: {
  "script": "return navigator.sayswho= (function() { var ua= navigator.userAgent, tem, M= ua.match(\u002f(opera|chrome|safari|firefox|msie|trident)\\\u002f?\\s*(\\.?\\d+(\\.\\d+)*)\u002fi) || []; if (\u002ftrident\u002fi.test(M[1])) {     tem=  \u002f\\brv[ :]+(\\d+)\u002fg.exec(ua) || [];     return 'IE '+(tem[1] || ''); } if(M[1]=== 'Chrome') {     tem= ua.match(\u002f\\b(OPR|Edge)\\\u002f(\\d+)\u002f);     if(tem!= null) return tem.slice(1).join(' ').replace('OPR', 'Opera'); } M= M[2]? [M[1], M[2]]: [navigator.appName, navigator.appVersion, '-?']; if((tem= ua.match(\u002fversion\\\u002f(\\d+)\u002fi))!= null) M.splice(1, 1, tem[1]); return M.join(' ').replace('MSIE', 'IE');})();",
  "args": [
  ]
}
T 2019-07-19 09:49:46:457 server.cc(272) Entering Server::DispatchCommand
T 2019-07-19 09:49:46:457 server.cc(583) Entering Server::LookupCommand
D 2019-07-19 09:49:46:457 server.cc(281) Command: POST /session/6513e0d2-3f7c-4b9d-9c89-f441e186d35c/execute/sync {
  "script": "return navigator.sayswho= (function() { var ua= navigator.userAgent, tem, M= ua.match(\u002f(opera|chrome|safari|firefox|msie|trident)\\\u002f?\\s*(\\.?\\d+(\\.\\d+)*)\u002fi) || []; if (\u002ftrident\u002fi.test(M[1])) {     tem=  \u002f\\brv[ :]+(\\d+)\u002fg.exec(ua) || [];     return 'IE '+(tem[1] || ''); } if(M[1]=== 'Chrome') {     tem= ua.match(\u002f\\b(OPR|Edge)\\\u002f(\\d+)\u002f);     if(tem!= null) return tem.slice(1).join(' ').replace('OPR', 'Opera'); } M= M[2]? [M[1], M[2]]: [navigator.appName, navigator.appVersion, '-?']; if((tem= ua.match(\u002fversion\\\u002f(\\d+)\u002fi))!= null) M.splice(1, 1, tem[1]); return M.join(' ').replace('MSIE', 'IE');})();",
  "args": [
  ]
}
T 2019-07-19 09:49:46:457 server.cc(378) Entering Server::LookupSession
T 2019-07-19 09:49:46:457 IESession.cpp(191) Entering IESession::ExecuteCommand
T 2019-07-19 09:49:46:457 IECommandExecutor.cpp(122) Entering IECommandExecutor::OnSetCommand
T 2019-07-19 09:49:46:457 command.cc(31) Entering Command::Deserialize
D 2019-07-19 09:49:46:457 command.cc(36) Raw JSON command: { "name" : "executeScript", "locator" : { "sessionid" : "6513e0d2-3f7c-4b9d-9c89-f441e186d35c" }, "parameters" : {
  "script": "return navigator.sayswho= (function() { var ua= navigator.userAgent, tem, M= ua.match(\u002f(opera|chrome|safari|firefox|msie|trident)\\\u002f?\\s*(\\.?\\d+(\\.\\d+)*)\u002fi) || []; if (\u002ftrident\u002fi.test(M[1])) {     tem=  \u002f\\brv[ :]+(\\d+)\u002fg.exec(ua) || [];     return 'IE '+(tem[1] || ''); } if(M[1]=== 'Chrome') {     tem= ua.match(\u002f\\b(OPR|Edge)\\\u002f(\\d+)\u002f);     if(tem!= null) return tem.slice(1).join(' ').replace('OPR', 'Opera'); } M= M[2]? [M[1], M[2]]: [navigator.appName, navigator.appVersion, '-?']; if((tem= ua.match(\u002fversion\\\u002f(\\d+)\u002fi))!= null) M.splice(1, 1, tem[1]); return M.join(' ').replace('MSIE', 'IE');})();",
  "args": [
  ]
} }
T 2019-07-19 09:49:46:457 IECommandExecutor.cpp(133) Entering IECommandExecutor::OnExecCommand
T 2019-07-19 09:49:46:457 IECommandExecutor.cpp(454) Entering IECommandExecutor::DispatchCommand
T 2019-07-19 09:49:46:457 IECommandExecutor.cpp(577) Entering IECommandExecutor::GetCurrentBrowser
T 2019-07-19 09:49:46:457 IECommandExecutor.cpp(583) Entering IECommandExecutor::GetManagedBrowser
T 2019-07-19 09:49:46:457 IECommandExecutor.cpp(529) Entering IECommandExecutor::IsAlertActive
T 2019-07-19 09:49:46:457 Browser.cpp(700) Entering Browser::GetActiveDialogWindowHandle
T 2019-07-19 09:49:46:458 Browser.cpp(206) Entering Browser::GetContentWindowHandle
D 2019-07-19 09:49:46:458 IECommandExecutor.cpp(543) No alert handle is found
T 2019-07-19 09:49:46:458 IECommandExecutor.cpp(577) Entering IECommandExecutor::GetCurrentBrowser
T 2019-07-19 09:49:46:458 IECommandExecutor.cpp(583) Entering IECommandExecutor::GetManagedBrowser
T 2019-07-19 09:49:46:458 Browser.cpp(126) Entering Browser::GetDocument
I 2019-07-19 09:49:46:458 Browser.cpp(130) No child frame focus. Focus is on top-level frame
T 2019-07-19 09:49:46:458 IESession.cpp(212) Beginning wait for response length to be not zero
T 2019-07-19 09:49:46:489 Browser.cpp(613) Entering Browser::GetDocumentFromWindow
T 2019-07-19 09:49:46:512 Script.cpp(49) Entering Script::Initialize
T 2019-07-19 09:49:46:512 CommandHandlers\ExecuteScriptCommandHandler.cpp(85) Entering ExecuteScriptCommandHandler::PopulateArgumentArray
T 2019-07-19 09:49:46:512 Script.cpp(169) Entering Script::Execute
T 2019-07-19 09:49:46:512 Script.cpp(438) Entering Script::CreateAnonymousFunction
T 2019-07-19 09:49:46:569 Script.cpp(426) Entering Script::ConvertResultToJsonValue
T 2019-07-19 09:49:46:569 response.cc(72) Entering Response::SetSuccessResponse
T 2019-07-19 09:49:46:569 response.cc(78) Entering Response::SetResponse
T 2019-07-19 09:49:46:569 IECommandExecutor.cpp(577) Entering IECommandExecutor::GetCurrentBrowser
T 2019-07-19 09:49:46:569 IECommandExecutor.cpp(583) Entering IECommandExecutor::GetManagedBrowser
T 2019-07-19 09:49:46:569 response.cc(51) Entering Response::Serialize
T 2019-07-19 09:49:46:574 IESession.cpp(221) Found non-zero response length
T 2019-07-19 09:49:46:574 IECommandExecutor.cpp(156) Entering IECommandExecutor::OnGetResponse
T 2019-07-19 09:49:46:574 IECommandExecutor.cpp(285) Entering IECommandExecutor::OnIsSessionValid
D 2019-07-19 09:49:46:574 server.cc(338) Response: {"value":"IE 11"}

T 2019-07-19 09:49:46:574 server.cc(391) Entering Server::SendResponseToClient
T 2019-07-19 09:49:46:574 response.cc(30) Entering Response::Deserialize
T 2019-07-19 09:49:46:574 server.cc(445) Entering Server::SendHttpOk
T 2019-07-19 09:49:46:734 server.cc(174) Entering Server::ProcessRequest
T 2019-07-19 09:49:46:734 server.cc(238) Entering Server::ReadRequestBody
T 2019-07-19 09:49:46:734 server.cc(183) Process request with: URI: /session/6513e0d2-3f7c-4b9d-9c89-f441e186d35c/url HTTP verb: POST
body: {
  "url": "https:\u002f\u002fwww.checkatrade.com\u002f"
}
T 2019-07-19 09:49:46:734 server.cc(272) Entering Server::DispatchCommand
T 2019-07-19 09:49:46:734 server.cc(583) Entering Server::LookupCommand
D 2019-07-19 09:49:46:734 server.cc(281) Command: POST /session/6513e0d2-3f7c-4b9d-9c89-f441e186d35c/url {
  "url": "https:\u002f\u002fwww.checkatrade.com\u002f"
}
T 2019-07-19 09:49:46:734 server.cc(378) Entering Server::LookupSession
T 2019-07-19 09:49:46:734 IESession.cpp(191) Entering IESession::ExecuteCommand
T 2019-07-19 09:49:46:734 IECommandExecutor.cpp(122) Entering IECommandExecutor::OnSetCommand
T 2019-07-19 09:49:46:734 command.cc(31) Entering Command::Deserialize
D 2019-07-19 09:49:46:734 command.cc(36) Raw JSON command: { "name" : "get", "locator" : { "sessionid" : "6513e0d2-3f7c-4b9d-9c89-f441e186d35c" }, "parameters" : {
  "url": "https:\u002f\u002fwww.checkatrade.com\u002f"
} }
T 2019-07-19 09:49:46:734 IECommandExecutor.cpp(133) Entering IECommandExecutor::OnExecCommand
T 2019-07-19 09:49:46:734 IECommandExecutor.cpp(454) Entering IECommandExecutor::DispatchCommand
T 2019-07-19 09:49:46:734 IECommandExecutor.cpp(577) Entering IECommandExecutor::GetCurrentBrowser
T 2019-07-19 09:49:46:734 IECommandExecutor.cpp(583) Entering IECommandExecutor::GetManagedBrowser
T 2019-07-19 09:49:46:734 IECommandExecutor.cpp(529) Entering IECommandExecutor::IsAlertActive
T 2019-07-19 09:49:46:734 Browser.cpp(700) Entering Browser::GetActiveDialogWindowHandle
T 2019-07-19 09:49:46:734 Browser.cpp(206) Entering Browser::GetContentWindowHandle
D 2019-07-19 09:49:46:735 IECommandExecutor.cpp(543) No alert handle is found
T 2019-07-19 09:49:46:735 IECommandExecutor.cpp(577) Entering IECommandExecutor::GetCurrentBrowser
T 2019-07-19 09:49:46:735 IECommandExecutor.cpp(583) Entering IECommandExecutor::GetManagedBrowser
T 2019-07-19 09:49:46:735 Browser.cpp(318) Entring Browser::NavigateToUrl
T 2019-07-19 09:49:46:735 IESession.cpp(212) Beginning wait for response length to be not zero
T 2019-07-19 09:49:46:776 DocumentHost.cpp(142) Entering DocumentHost::SetFocusedFrameByElement
T 2019-07-19 09:49:46:776 response.cc(72) Entering Response::SetSuccessResponse
T 2019-07-19 09:49:46:776 response.cc(78) Entering Response::SetResponse
T 2019-07-19 09:49:46:776 IECommandExecutor.cpp(577) Entering IECommandExecutor::GetCurrentBrowser
T 2019-07-19 09:49:46:776 IECommandExecutor.cpp(583) Entering IECommandExecutor::GetManagedBrowser
T 2019-07-19 09:49:46:776 response.cc(51) Entering Response::Serialize
T 2019-07-19 09:49:46:776 IECommandExecutor.cpp(172) Entering IECommandExecutor::OnWait
T 2019-07-19 09:49:46:776 IECommandExecutor.cpp(577) Entering IECommandExecutor::GetCurrentBrowser
T 2019-07-19 09:49:46:776 IECommandExecutor.cpp(583) Entering IECommandExecutor::GetManagedBrowser
T 2019-07-19 09:49:46:776 Browser.cpp(438) Entering Browser::Wait
D 2019-07-19 09:49:46:776 Browser.cpp(448) Navigate Events Completed.
T 2019-07-19 09:49:46:777 Browser.cpp(700) Entering Browser::GetActiveDialogWindowHandle
T 2019-07-19 09:49:46:777 Browser.cpp(206) Entering Browser::GetContentWindowHandle
D 2019-07-19 09:49:46:779 Browser.cpp(508) Waiting for document to complete...
T 2019-07-19 09:49:46:780 Browser.cpp(522) Entering Browser::IsDocumentNavigating
D 2019-07-19 09:49:46:818 Browser.cpp(513) Not in navigating state
T 2019-07-19 09:49:46:829 IESession.cpp(221) Found non-zero response length
T 2019-07-19 09:49:46:829 IECommandExecutor.cpp(156) Entering IECommandExecutor::OnGetResponse
T 2019-07-19 09:49:46:830 IECommandExecutor.cpp(285) Entering IECommandExecutor::OnIsSessionValid
D 2019-07-19 09:49:46:830 server.cc(338) Response: {"value":null}

T 2019-07-19 09:49:46:830 server.cc(391) Entering Server::SendResponseToClient
T 2019-07-19 09:49:46:830 response.cc(30) Entering Response::Deserialize
T 2019-07-19 09:49:46:830 server.cc(445) Entering Server::SendHttpOk
T 2019-07-19 09:49:46:858 server.cc(174) Entering Server::ProcessRequest
T 2019-07-19 09:49:46:859 server.cc(238) Entering Server::ReadRequestBody
T 2019-07-19 09:49:46:859 server.cc(183) Process request with: URI: /session/6513e0d2-3f7c-4b9d-9c89-f441e186d35c/window/maximize HTTP verb: POST
body: {
}
T 2019-07-19 09:49:46:859 server.cc(272) Entering Server::DispatchCommand
T 2019-07-19 09:49:46:859 server.cc(583) Entering Server::LookupCommand
D 2019-07-19 09:49:46:859 server.cc(281) Command: POST /session/6513e0d2-3f7c-4b9d-9c89-f441e186d35c/window/maximize {
}
T 2019-07-19 09:49:46:859 server.cc(378) Entering Server::LookupSession
T 2019-07-19 09:49:46:860 IESession.cpp(191) Entering IESession::ExecuteCommand
T 2019-07-19 09:49:46:879 IECommandExecutor.cpp(122) Entering IECommandExecutor::OnSetCommand
T 2019-07-19 09:49:46:879 command.cc(31) Entering Command::Deserialize
D 2019-07-19 09:49:46:879 command.cc(36) Raw JSON command: { "name" : "maximizeWindow", "locator" : { "sessionid" : "6513e0d2-3f7c-4b9d-9c89-f441e186d35c" }, "parameters" : {
} }
T 2019-07-19 09:49:46:879 IECommandExecutor.cpp(133) Entering IECommandExecutor::OnExecCommand
T 2019-07-19 09:49:46:879 IECommandExecutor.cpp(454) Entering IECommandExecutor::DispatchCommand
T 2019-07-19 09:49:46:879 IECommandExecutor.cpp(577) Entering IECommandExecutor::GetCurrentBrowser
T 2019-07-19 09:49:46:879 IECommandExecutor.cpp(583) Entering IECommandExecutor::GetManagedBrowser
T 2019-07-19 09:49:46:879 IECommandExecutor.cpp(529) Entering IECommandExecutor::IsAlertActive
T 2019-07-19 09:49:46:879 Browser.cpp(700) Entering Browser::GetActiveDialogWindowHandle
T 2019-07-19 09:49:46:879 Browser.cpp(206) Entering Browser::GetContentWindowHandle
D 2019-07-19 09:49:46:879 IECommandExecutor.cpp(543) No alert handle is found
T 2019-07-19 09:49:46:879 IECommandExecutor.cpp(577) Entering IECommandExecutor::GetCurrentBrowser
T 2019-07-19 09:49:46:879 IECommandExecutor.cpp(583) Entering IECommandExecutor::GetManagedBrowser
T 2019-07-19 09:49:46:879 Browser.cpp(416) Entering Browser::GetTopLevelWindowHandle
T 2019-07-19 09:49:46:883 IESession.cpp(212) Beginning wait for response length to be not zero
T 2019-07-19 09:49:46:904 response.cc(72) Entering Response::SetSuccessResponse
T 2019-07-19 09:49:46:904 response.cc(78) Entering Response::SetResponse
T 2019-07-19 09:49:46:904 IECommandExecutor.cpp(577) Entering IECommandExecutor::GetCurrentBrowser
T 2019-07-19 09:49:46:904 IECommandExecutor.cpp(583) Entering IECommandExecutor::GetManagedBrowser
T 2019-07-19 09:49:46:904 response.cc(51) Entering Response::Serialize
T 2019-07-19 09:49:46:905 IESession.cpp(221) Found non-zero response length
T 2019-07-19 09:49:46:905 IECommandExecutor.cpp(156) Entering IECommandExecutor::OnGetResponse
T 2019-07-19 09:49:46:905 IECommandExecutor.cpp(285) Entering IECommandExecutor::OnIsSessionValid
D 2019-07-19 09:49:46:905 server.cc(338) Response: {"value":{"height":1056,"width":1936,"x":-8,"y":-8}}

T 2019-07-19 09:49:46:905 server.cc(391) Entering Server::SendResponseToClient
T 2019-07-19 09:49:46:905 response.cc(30) Entering Response::Deserialize
T 2019-07-19 09:49:46:905 server.cc(445) Entering Server::SendHttpOk
T 2019-07-19 09:49:46:929 server.cc(174) Entering Server::ProcessRequest
T 2019-07-19 09:49:46:929 server.cc(238) Entering Server::ReadRequestBody
T 2019-07-19 09:49:46:929 server.cc(183) Process request with: URI: /session/6513e0d2-3f7c-4b9d-9c89-f441e186d35c/element HTTP verb: POST
body: {
  "value": "body",
  "using": "css selector"
}
T 2019-07-19 09:49:46:929 server.cc(272) Entering Server::DispatchCommand
T 2019-07-19 09:49:46:929 server.cc(583) Entering Server::LookupCommand
D 2019-07-19 09:49:46:929 server.cc(281) Command: POST /session/6513e0d2-3f7c-4b9d-9c89-f441e186d35c/element {
  "value": "body",
  "using": "css selector"
}
T 2019-07-19 09:49:46:930 server.cc(378) Entering Server::LookupSession
T 2019-07-19 09:49:46:930 IESession.cpp(191) Entering IESession::ExecuteCommand
T 2019-07-19 09:49:46:930 IECommandExecutor.cpp(122) Entering IECommandExecutor::OnSetCommand
T 2019-07-19 09:49:46:930 command.cc(31) Entering Command::Deserialize
D 2019-07-19 09:49:46:930 command.cc(36) Raw JSON command: { "name" : "findElement", "locator" : { "sessionid" : "6513e0d2-3f7c-4b9d-9c89-f441e186d35c" }, "parameters" : {
  "value": "body",
  "using": "css selector"
} }
T 2019-07-19 09:49:46:931 IECommandExecutor.cpp(133) Entering IECommandExecutor::OnExecCommand
T 2019-07-19 09:49:46:931 IESession.cpp(212) Beginning wait for response length to be not zero
T 2019-07-19 09:49:46:931 IECommandExecutor.cpp(454) Entering IECommandExecutor::DispatchCommand
T 2019-07-19 09:49:46:931 IECommandExecutor.cpp(577) Entering IECommandExecutor::GetCurrentBrowser
T 2019-07-19 09:49:46:931 IECommandExecutor.cpp(583) Entering IECommandExecutor::GetManagedBrowser
T 2019-07-19 09:49:46:931 IECommandExecutor.cpp(529) Entering IECommandExecutor::IsAlertActive
T 2019-07-19 09:49:46:931 Browser.cpp(700) Entering Browser::GetActiveDialogWindowHandle
T 2019-07-19 09:49:46:931 Browser.cpp(206) Entering Browser::GetContentWindowHandle
D 2019-07-19 09:49:46:932 IECommandExecutor.cpp(543) No alert handle is found
T 2019-07-19 09:49:46:932 IECommandExecutor.cpp(712) Entering IECommandExecutor::LocateElement
T 2019-07-19 09:49:46:932 IECommandExecutor.cpp(695) Entering IECommandExecutor::GetElementFindMethod
T 2019-07-19 09:49:46:932 ElementFinder.cpp(43) Entering ElementFinder::FindElement
T 2019-07-19 09:49:46:932 IECommandExecutor.cpp(577) Entering IECommandExecutor::GetCurrentBrowser
T 2019-07-19 09:49:46:932 IECommandExecutor.cpp(583) Entering IECommandExecutor::GetManagedBrowser
T 2019-07-19 09:49:46:932 ElementFinder.cpp(310) Entering ElementFinder::HasNativeCssSelectorEngine
T 2019-07-19 09:49:46:932 IECommandExecutor.cpp(577) Entering IECommandExecutor::GetCurrentBrowser
T 2019-07-19 09:49:46:932 IECommandExecutor.cpp(583) Entering IECommandExecutor::GetManagedBrowser
T 2019-07-19 09:49:46:932 Browser.cpp(126) Entering Browser::GetDocument
I 2019-07-19 09:49:46:932 Browser.cpp(130) No child frame focus. Focus is on top-level frame
T 2019-07-19 09:49:46:984 Browser.cpp(613) Entering Browser::GetDocumentFromWindow
T 2019-07-19 09:49:47:042 Script.cpp(49) Entering Script::Initialize
T 2019-07-19 09:49:47:042 Script.cpp(169) Entering Script::Execute
T 2019-07-19 09:49:47:042 Script.cpp(438) Entering Script::CreateAnonymousFunction
D 2019-07-19 09:49:47:327 ElementFinder.cpp(60) Using FindElement atom to locate element having css = body
T 2019-07-19 09:49:47:328 Browser.cpp(126) Entering Browser::GetDocument
I 2019-07-19 09:49:47:328 Browser.cpp(130) No child frame focus. Focus is on top-level frame
T 2019-07-19 09:49:47:419 Browser.cpp(613) Entering Browser::GetDocumentFromWindow
T 2019-07-19 09:49:47:558 Script.cpp(49) Entering Script::Initialize
T 2019-07-19 09:49:47:558 Script.cpp(70) Entering Script::AddArgument(std::wstring)
T 2019-07-19 09:49:47:558 Script.cpp(105) Entering Script::AddArgument(VARIANT)
T 2019-07-19 09:49:47:558 Script.cpp(70) Entering Script::AddArgument(std::wstring)
T 2019-07-19 09:49:47:558 Script.cpp(105) Entering Script::AddArgument(VARIANT)
T 2019-07-19 09:49:47:558 Script.cpp(169) Entering Script::Execute
T 2019-07-19 09:49:47:558 Script.cpp(438) Entering Script::CreateAnonymousFunction
T 2019-07-19 09:49:47:651 Browser.cpp(54) Entering Browser::OnQuit
T 2019-07-19 09:49:47:651 DocumentHost.cpp(252) Entering DocumentHost::PostQuitMessage
T 2019-07-19 09:49:48:230 Script.cpp(426) Entering Script::ConvertResultToJsonValue
D 2019-07-19 09:49:48:441 VariantUtilities.cpp(100) Result type is JScriptTypeInfo
T 2019-07-19 09:49:48:574 VariantUtilities.cpp(307) Entering Script::GetPropertyNameList
I 2019-07-19 09:49:48:735 VariantUtilities.cpp(233) Unknown type of dispatch is found in result, assuming IHTMLElement
T 2019-07-19 09:49:48:778 IECommandExecutor.cpp(677) Entering IECommandExecutor::AddManagedElement
T 2019-07-19 09:49:48:778 IECommandExecutor.cpp(577) Entering IECommandExecutor::GetCurrentBrowser
T 2019-07-19 09:49:48:778 IECommandExecutor.cpp(583) Entering IECommandExecutor::GetManagedBrowser
T 2019-07-19 09:49:48:778 ElementRepository.cpp(49) Entering ElementRepository::AddManagedElement
D 2019-07-19 09:49:48:778 ElementRepository.cpp(69) Element is not yet managed
T 2019-07-19 09:49:48:778 Browser.cpp(206) Entering Browser::GetContentWindowHandle
T 2019-07-19 09:49:48:778 Element.cpp(45) Entering Element::Element
T 2019-07-19 09:49:48:778 Element.cpp(79) Entering Element::ConvertToJson
T 2019-07-19 09:49:48:793 response.cc(72) Entering Response::SetSuccessResponse
T 2019-07-19 09:49:48:793 response.cc(78) Entering Response::SetResponse
T 2019-07-19 09:49:48:793 IECommandExecutor.cpp(577) Entering IECommandExecutor::GetCurrentBrowser
T 2019-07-19 09:49:48:793 IECommandExecutor.cpp(583) Entering IECommandExecutor::GetManagedBrowser
T 2019-07-19 09:49:48:793 response.cc(51) Entering Response::Serialize
T 2019-07-19 09:49:48:793 IECommandExecutor.cpp(250) Entering IECommandExecutor::OnBrowserQuit
T 2019-07-19 09:49:48:793 IECommandExecutor.cpp(529) Entering IECommandExecutor::IsAlertActive
T 2019-07-19 09:49:48:793 Browser.cpp(700) Entering Browser::GetActiveDialogWindowHandle
T 2019-07-19 09:49:48:793 Browser.cpp(206) Entering Browser::GetContentWindowHandle
D 2019-07-19 09:49:48:793 IECommandExecutor.cpp(543) No alert handle is found
T 2019-07-19 09:49:48:793 Browser.cpp(300) Entering Browser::DetachEvents
T 2019-07-19 09:49:48:800 IESession.cpp(221) Found non-zero response length
T 2019-07-19 09:49:48:800 IECommandExecutor.cpp(156) Entering IECommandExecutor::OnGetResponse
T 2019-07-19 09:49:48:800 IECommandExecutor.cpp(285) Entering IECommandExecutor::OnIsSessionValid
D 2019-07-19 09:49:48:800 server.cc(338) Response: {"value":{"element-6066-11e4-a52e-4f735466cecf":"0e2c21ca-571a-42cc-a898-aeef638dfffd"}}

T 2019-07-19 09:49:48:800 server.cc(391) Entering Server::SendResponseToClient
T 2019-07-19 09:49:48:800 response.cc(30) Entering Response::Deserialize
T 2019-07-19 09:49:48:801 server.cc(445) Entering Server::SendHttpOk
T 2019-07-19 09:49:48:806 server.cc(174) Entering Server::ProcessRequest
T 2019-07-19 09:49:48:806 server.cc(183) Process request with: URI: /session/6513e0d2-3f7c-4b9d-9c89-f441e186d35c/element/0e2c21ca-571a-42cc-a898-aeef638dfffd/text HTTP verb: GET
body: {}
T 2019-07-19 09:49:48:806 server.cc(272) Entering Server::DispatchCommand
T 2019-07-19 09:49:48:806 server.cc(583) Entering Server::LookupCommand
D 2019-07-19 09:49:48:806 server.cc(281) Command: GET /session/6513e0d2-3f7c-4b9d-9c89-f441e186d35c/element/0e2c21ca-571a-42cc-a898-aeef638dfffd/text {}
T 2019-07-19 09:49:48:806 server.cc(378) Entering Server::LookupSession
T 2019-07-19 09:49:48:806 IESession.cpp(191) Entering IESession::ExecuteCommand
T 2019-07-19 09:49:48:806 IECommandExecutor.cpp(122) Entering IECommandExecutor::OnSetCommand
T 2019-07-19 09:49:48:806 command.cc(31) Entering Command::Deserialize
D 2019-07-19 09:49:48:806 command.cc(36) Raw JSON command: { "name" : "getElementText", "locator" : { "sessionid" : "6513e0d2-3f7c-4b9d-9c89-f441e186d35c", "id" : "0e2c21ca-571a-42cc-a898-aeef638dfffd" }, "parameters" : {} }
T 2019-07-19 09:49:48:806 IECommandExecutor.cpp(133) Entering IECommandExecutor::OnExecCommand
T 2019-07-19 09:49:48:806 IECommandExecutor.cpp(454) Entering IECommandExecutor::DispatchCommand
T 2019-07-19 09:49:48:806 IECommandExecutor.cpp(577) Entering IECommandExecutor::GetCurrentBrowser
T 2019-07-19 09:49:48:806 IECommandExecutor.cpp(583) Entering IECommandExecutor::GetManagedBrowser
W 2019-07-19 09:49:48:806 IECommandExecutor.cpp(591) Browser ID requested was an empty string
W 2019-07-19 09:49:48:806 IECommandExecutor.cpp(503) Unable to find current browser
T 2019-07-19 09:49:48:806 IECommandExecutor.cpp(577) Entering IECommandExecutor::GetCurrentBrowser
T 2019-07-19 09:49:48:806 IECommandExecutor.cpp(583) Entering IECommandExecutor::GetManagedBrowser
W 2019-07-19 09:49:48:806 IECommandExecutor.cpp(591) Browser ID requested was an empty string
T 2019-07-19 09:49:48:806 response.cc(91) Entering Response::SetErrorResponse
W 2019-07-19 09:49:48:806 response.cc(92) Error response has status code 23 and message 'Unable to get browser' message
T 2019-07-19 09:49:48:807 response.cc(85) Entering Response::SetErrorResponse
T 2019-07-19 09:49:48:807 response.cc(78) Entering Response::SetResponse
T 2019-07-19 09:49:48:807 IECommandExecutor.cpp(577) Entering IECommandExecutor::GetCurrentBrowser
T 2019-07-19 09:49:48:807 IECommandExecutor.cpp(583) Entering IECommandExecutor::GetManagedBrowser
W 2019-07-19 09:49:48:807 IECommandExecutor.cpp(591) Browser ID requested was an empty string
W 2019-07-19 09:49:48:807 IECommandExecutor.cpp(520) Unable to get current browser
T 2019-07-19 09:49:48:807 response.cc(51) Entering Response::Serialize
T 2019-07-19 09:49:48:807 IESession.cpp(212) Beginning wait for response length to be not zero
T 2019-07-19 09:49:48:807 IESession.cpp(221) Found non-zero response length
T 2019-07-19 09:49:48:807 IECommandExecutor.cpp(156) Entering IECommandExecutor::OnGetResponse
T 2019-07-19 09:49:48:807 IECommandExecutor.cpp(285) Entering IECommandExecutor::OnIsSessionValid
D 2019-07-19 09:49:48:807 server.cc(338) Response: {"value":{"data":null,"error":"no such window","message":"Unable to get browser","stacktrace":""}}

T 2019-07-19 09:49:48:807 server.cc(391) Entering Server::SendResponseToClient
T 2019-07-19 09:49:48:807 response.cc(30) Entering Response::Deserialize
T 2019-07-19 09:49:48:807 server.cc(465) Entering Server::SendHttpBadRequest
T 2019-07-19 09:49:48:827 server.cc(174) Entering Server::ProcessRequest
T 2019-07-19 09:49:48:827 server.cc(183) Process request with: URI: /session/6513e0d2-3f7c-4b9d-9c89-f441e186d35c/screenshot HTTP verb: GET
body: {}
T 2019-07-19 09:49:48:827 server.cc(272) Entering Server::DispatchCommand
T 2019-07-19 09:49:48:827 server.cc(583) Entering Server::LookupCommand
D 2019-07-19 09:49:48:827 server.cc(281) Command: GET /session/6513e0d2-3f7c-4b9d-9c89-f441e186d35c/screenshot {}
T 2019-07-19 09:49:48:827 server.cc(378) Entering Server::LookupSession
T 2019-07-19 09:49:48:827 IESession.cpp(191) Entering IESession::ExecuteCommand
T 2019-07-19 09:49:48:828 IECommandExecutor.cpp(122) Entering IECommandExecutor::OnSetCommand
T 2019-07-19 09:49:48:828 command.cc(31) Entering Command::Deserialize
D 2019-07-19 09:49:48:828 command.cc(36) Raw JSON command: { "name" : "takeScreenshot", "locator" : { "sessionid" : "6513e0d2-3f7c-4b9d-9c89-f441e186d35c" }, "parameters" : {} }
T 2019-07-19 09:49:48:829 IECommandExecutor.cpp(133) Entering IECommandExecutor::OnExecCommand
T 2019-07-19 09:49:48:829 IECommandExecutor.cpp(454) Entering IECommandExecutor::DispatchCommand
T 2019-07-19 09:49:48:829 IESession.cpp(212) Beginning wait for response length to be not zero
T 2019-07-19 09:49:48:829 IECommandExecutor.cpp(577) Entering IECommandExecutor::GetCurrentBrowser
T 2019-07-19 09:49:48:829 IECommandExecutor.cpp(583) Entering IECommandExecutor::GetManagedBrowser
W 2019-07-19 09:49:48:829 IECommandExecutor.cpp(591) Browser ID requested was an empty string
W 2019-07-19 09:49:48:829 IECommandExecutor.cpp(503) Unable to find current browser
T 2019-07-19 09:49:48:829 CommandHandlers\ScreenshotCommandHandler.cpp(38) Entering ScreenshotCommandHandler::ExecuteInternal
T 2019-07-19 09:49:48:829 IECommandExecutor.cpp(577) Entering IECommandExecutor::GetCurrentBrowser
T 2019-07-19 09:49:48:829 IECommandExecutor.cpp(583) Entering IECommandExecutor::GetManagedBrowser
W 2019-07-19 09:49:48:829 IECommandExecutor.cpp(591) Browser ID requested was an empty string
T 2019-07-19 09:49:48:829 response.cc(91) Entering Response::SetErrorResponse
W 2019-07-19 09:49:48:829 response.cc(92) Error response has status code 23 and message 'Unable to get browser' message
T 2019-07-19 09:49:48:829 response.cc(85) Entering Response::SetErrorResponse
T 2019-07-19 09:49:48:829 response.cc(78) Entering Response::SetResponse
T 2019-07-19 09:49:48:829 IECommandExecutor.cpp(577) Entering IECommandExecutor::GetCurrentBrowser
T 2019-07-19 09:49:48:829 IECommandExecutor.cpp(583) Entering IECommandExecutor::GetManagedBrowser
W 2019-07-19 09:49:48:829 IECommandExecutor.cpp(591) Browser ID requested was an empty string
W 2019-07-19 09:49:48:830 IECommandExecutor.cpp(520) Unable to get current browser
T 2019-07-19 09:49:48:830 response.cc(51) Entering Response::Serialize
T 2019-07-19 09:49:48:840 IESession.cpp(221) Found non-zero response length
T 2019-07-19 09:49:48:840 IECommandExecutor.cpp(156) Entering IECommandExecutor::OnGetResponse
T 2019-07-19 09:49:48:840 IECommandExecutor.cpp(285) Entering IECommandExecutor::OnIsSessionValid
D 2019-07-19 09:49:48:840 server.cc(338) Response: {"value":{"data":null,"error":"no such window","message":"Unable to get browser","stacktrace":""}}

T 2019-07-19 09:49:48:840 server.cc(391) Entering Server::SendResponseToClient
T 2019-07-19 09:49:48:840 response.cc(30) Entering Response::Deserialize
T 2019-07-19 09:49:48:840 server.cc(465) Entering Server::SendHttpBadRequest
T 2019-07-19 09:49:48:938 server.cc(174) Entering Server::ProcessRequest
T 2019-07-19 09:49:48:938 server.cc(238) Entering Server::ReadRequestBody
T 2019-07-19 09:49:48:938 server.cc(183) Process request with: URI: /session/6513e0d2-3f7c-4b9d-9c89-f441e186d35c/elements HTTP verb: POST
body: {
  "value": "\u002f\u002fdiv[@id = 'hide-button' and (text() = 'close' or . = 'close')]",
  "using": "xpath"
}
T 2019-07-19 09:49:48:938 server.cc(272) Entering Server::DispatchCommand
T 2019-07-19 09:49:48:938 server.cc(583) Entering Server::LookupCommand
D 2019-07-19 09:49:48:938 server.cc(281) Command: POST /session/6513e0d2-3f7c-4b9d-9c89-f441e186d35c/elements {
  "value": "\u002f\u002fdiv[@id = 'hide-button' and (text() = 'close' or . = 'close')]",
  "using": "xpath"
}
T 2019-07-19 09:49:48:938 server.cc(378) Entering Server::LookupSession
T 2019-07-19 09:49:48:938 IESession.cpp(191) Entering IESession::ExecuteCommand
T 2019-07-19 09:49:48:938 IECommandExecutor.cpp(122) Entering IECommandExecutor::OnSetCommand
T 2019-07-19 09:49:48:938 command.cc(31) Entering Command::Deserialize
D 2019-07-19 09:49:48:938 command.cc(36) Raw JSON command: { "name" : "findElements", "locator" : { "sessionid" : "6513e0d2-3f7c-4b9d-9c89-f441e186d35c" }, "parameters" : {
  "value": "\u002f\u002fdiv[@id = 'hide-button' and (text() = 'close' or . = 'close')]",
  "using": "xpath"
} }
T 2019-07-19 09:49:48:938 IECommandExecutor.cpp(133) Entering IECommandExecutor::OnExecCommand
T 2019-07-19 09:49:48:938 IESession.cpp(212) Beginning wait for response length to be not zero
T 2019-07-19 09:49:48:938 IECommandExecutor.cpp(454) Entering IECommandExecutor::DispatchCommand
T 2019-07-19 09:49:48:938 IECommandExecutor.cpp(577) Entering IECommandExecutor::GetCurrentBrowser
T 2019-07-19 09:49:48:938 IECommandExecutor.cpp(583) Entering IECommandExecutor::GetManagedBrowser
W 2019-07-19 09:49:48:938 IECommandExecutor.cpp(591) Browser ID requested was an empty string
W 2019-07-19 09:49:48:939 IECommandExecutor.cpp(503) Unable to find current browser
T 2019-07-19 09:49:48:939 IECommandExecutor.cpp(734) Entering IECommandExecutor::LocateElements
T 2019-07-19 09:49:48:939 IECommandExecutor.cpp(695) Entering IECommandExecutor::GetElementFindMethod
T 2019-07-19 09:49:48:939 ElementFinder.cpp(111) Entering ElementFinder::FindElements
T 2019-07-19 09:49:48:939 IECommandExecutor.cpp(577) Entering IECommandExecutor::GetCurrentBrowser
T 2019-07-19 09:49:48:939 IECommandExecutor.cpp(583) Entering IECommandExecutor::GetManagedBrowser
W 2019-07-19 09:49:48:939 IECommandExecutor.cpp(591) Browser ID requested was an empty string
W 2019-07-19 09:49:48:939 ElementFinder.cpp(167) Unable to get browser
T 2019-07-19 09:49:48:939 response.cc(85) Entering Response::SetErrorResponse
T 2019-07-19 09:49:48:939 response.cc(78) Entering Response::SetResponse
T 2019-07-19 09:49:48:939 IECommandExecutor.cpp(577) Entering IECommandExecutor::GetCurrentBrowser
T 2019-07-19 09:49:48:939 IECommandExecutor.cpp(583) Entering IECommandExecutor::GetManagedBrowser
W 2019-07-19 09:49:48:939 IECommandExecutor.cpp(591) Browser ID requested was an empty string
W 2019-07-19 09:49:48:939 IECommandExecutor.cpp(520) Unable to get current browser
T 2019-07-19 09:49:48:939 response.cc(51) Entering Response::Serialize
T 2019-07-19 09:49:48:951 IESession.cpp(221) Found non-zero response length
T 2019-07-19 09:49:48:951 IECommandExecutor.cpp(156) Entering IECommandExecutor::OnGetResponse
T 2019-07-19 09:49:48:952 IECommandExecutor.cpp(285) Entering IECommandExecutor::OnIsSessionValid
D 2019-07-19 09:49:48:952 server.cc(338) Response: {"value":{"data":null,"error":"no such window","message":"Unable to find elements on closed window","stacktrace":""}}

T 2019-07-19 09:49:48:952 server.cc(391) Entering Server::SendResponseToClient
T 2019-07-19 09:49:48:952 response.cc(30) Entering Response::Deserialize
T 2019-07-19 09:49:48:952 server.cc(465) Entering Server::SendHttpBadRequest
T 2019-07-19 09:49:48:958 server.cc(174) Entering Server::ProcessRequest
T 2019-07-19 09:49:48:959 server.cc(183) Process request with: URI: /session/6513e0d2-3f7c-4b9d-9c89-f441e186d35c/screenshot HTTP verb: GET
body: {}
T 2019-07-19 09:49:48:959 server.cc(272) Entering Server::DispatchCommand
T 2019-07-19 09:49:48:959 server.cc(583) Entering Server::LookupCommand
D 2019-07-19 09:49:48:959 server.cc(281) Command: GET /session/6513e0d2-3f7c-4b9d-9c89-f441e186d35c/screenshot {}
T 2019-07-19 09:49:48:959 server.cc(378) Entering Server::LookupSession
T 2019-07-19 09:49:48:959 IESession.cpp(191) Entering IESession::ExecuteCommand
T 2019-07-19 09:49:48:959 IECommandExecutor.cpp(122) Entering IECommandExecutor::OnSetCommand
T 2019-07-19 09:49:48:959 command.cc(31) Entering Command::Deserialize
D 2019-07-19 09:49:48:959 command.cc(36) Raw JSON command: { "name" : "takeScreenshot", "locator" : { "sessionid" : "6513e0d2-3f7c-4b9d-9c89-f441e186d35c" }, "parameters" : {} }
T 2019-07-19 09:49:48:959 IECommandExecutor.cpp(133) Entering IECommandExecutor::OnExecCommand
T 2019-07-19 09:49:48:959 IECommandExecutor.cpp(454) Entering IECommandExecutor::DispatchCommand
T 2019-07-19 09:49:48:959 IECommandExecutor.cpp(577) Entering IECommandExecutor::GetCurrentBrowser
T 2019-07-19 09:49:48:959 IECommandExecutor.cpp(583) Entering IECommandExecutor::GetManagedBrowser
W 2019-07-19 09:49:48:959 IECommandExecutor.cpp(591) Browser ID requested was an empty string
W 2019-07-19 09:49:48:959 IECommandExecutor.cpp(503) Unable to find current browser
T 2019-07-19 09:49:48:959 CommandHandlers\ScreenshotCommandHandler.cpp(38) Entering ScreenshotCommandHandler::ExecuteInternal
T 2019-07-19 09:49:48:959 IECommandExecutor.cpp(577) Entering IECommandExecutor::GetCurrentBrowser
T 2019-07-19 09:49:48:959 IECommandExecutor.cpp(583) Entering IECommandExecutor::GetManagedBrowser
W 2019-07-19 09:49:48:959 IECommandExecutor.cpp(591) Browser ID requested was an empty string
T 2019-07-19 09:49:48:959 response.cc(91) Entering Response::SetErrorResponse
W 2019-07-19 09:49:48:959 response.cc(92) Error response has status code 23 and message 'Unable to get browser' message
T 2019-07-19 09:49:48:959 response.cc(85) Entering Response::SetErrorResponse
T 2019-07-19 09:49:48:959 response.cc(78) Entering Response::SetResponse
T 2019-07-19 09:49:48:959 IECommandExecutor.cpp(577) Entering IECommandExecutor::GetCurrentBrowser
T 2019-07-19 09:49:48:959 IECommandExecutor.cpp(583) Entering IECommandExecutor::GetManagedBrowser
W 2019-07-19 09:49:48:959 IECommandExecutor.cpp(591) Browser ID requested was an empty string
W 2019-07-19 09:49:48:959 IECommandExecutor.cpp(520) Unable to get current browser
T 2019-07-19 09:49:48:959 response.cc(51) Entering Response::Serialize
T 2019-07-19 09:49:48:959 IESession.cpp(212) Beginning wait for response length to be not zero
T 2019-07-19 09:49:48:959 IESession.cpp(221) Found non-zero response length
T 2019-07-19 09:49:48:959 IECommandExecutor.cpp(156) Entering IECommandExecutor::OnGetResponse
T 2019-07-19 09:49:48:960 IECommandExecutor.cpp(285) Entering IECommandExecutor::OnIsSessionValid
D 2019-07-19 09:49:48:960 server.cc(338) Response: {"value":{"data":null,"error":"no such window","message":"Unable to get browser","stacktrace":""}}

T 2019-07-19 09:49:48:960 server.cc(391) Entering Server::SendResponseToClient
T 2019-07-19 09:49:48:960 response.cc(30) Entering Response::Deserialize
T 2019-07-19 09:49:48:960 server.cc(465) Entering Server::SendHttpBadRequest
T 2019-07-19 09:49:49:000 server.cc(174) Entering Server::ProcessRequest
T 2019-07-19 09:49:49:000 server.cc(238) Entering Server::ReadRequestBody
T 2019-07-19 09:49:49:000 server.cc(183) Process request with: URI: /session/6513e0d2-3f7c-4b9d-9c89-f441e186d35c/element HTTP verb: POST
body: {
  "value": "body",
  "using": "css selector"
}
T 2019-07-19 09:49:49:000 server.cc(272) Entering Server::DispatchCommand
T 2019-07-19 09:49:49:000 server.cc(583) Entering Server::LookupCommand
D 2019-07-19 09:49:49:000 server.cc(281) Command: POST /session/6513e0d2-3f7c-4b9d-9c89-f441e186d35c/element {
  "value": "body",
  "using": "css selector"
}
T 2019-07-19 09:49:49:000 server.cc(378) Entering Server::LookupSession
T 2019-07-19 09:49:49:000 IESession.cpp(191) Entering IESession::ExecuteCommand
T 2019-07-19 09:49:49:000 IECommandExecutor.cpp(122) Entering IECommandExecutor::OnSetCommand
T 2019-07-19 09:49:49:001 command.cc(31) Entering Command::Deserialize
D 2019-07-19 09:49:49:001 command.cc(36) Raw JSON command: { "name" : "findElement", "locator" : { "sessionid" : "6513e0d2-3f7c-4b9d-9c89-f441e186d35c" }, "parameters" : {
  "value": "body",
  "using": "css selector"
} }
T 2019-07-19 09:49:49:001 IECommandExecutor.cpp(133) Entering IECommandExecutor::OnExecCommand
T 2019-07-19 09:49:49:001 IECommandExecutor.cpp(454) Entering IECommandExecutor::DispatchCommand
T 2019-07-19 09:49:49:001 IECommandExecutor.cpp(577) Entering IECommandExecutor::GetCurrentBrowser
T 2019-07-19 09:49:49:001 IECommandExecutor.cpp(583) Entering IECommandExecutor::GetManagedBrowser
W 2019-07-19 09:49:49:001 IECommandExecutor.cpp(591) Browser ID requested was an empty string
W 2019-07-19 09:49:49:001 IECommandExecutor.cpp(503) Unable to find current browser
T 2019-07-19 09:49:49:001 IECommandExecutor.cpp(712) Entering IECommandExecutor::LocateElement
T 2019-07-19 09:49:49:001 IECommandExecutor.cpp(695) Entering IECommandExecutor::GetElementFindMethod
T 2019-07-19 09:49:49:001 ElementFinder.cpp(43) Entering ElementFinder::FindElement
T 2019-07-19 09:49:49:001 IECommandExecutor.cpp(577) Entering IECommandExecutor::GetCurrentBrowser
T 2019-07-19 09:49:49:001 IECommandExecutor.cpp(583) Entering IECommandExecutor::GetManagedBrowser
W 2019-07-19 09:49:49:001 IECommandExecutor.cpp(591) Browser ID requested was an empty string
W 2019-07-19 09:49:49:001 ElementFinder.cpp(101) Unable to get browser
T 2019-07-19 09:49:49:001 response.cc(85) Entering Response::SetErrorResponse
T 2019-07-19 09:49:49:001 response.cc(78) Entering Response::SetResponse
T 2019-07-19 09:49:49:001 IECommandExecutor.cpp(577) Entering IECommandExecutor::GetCurrentBrowser
T 2019-07-19 09:49:49:001 IECommandExecutor.cpp(583) Entering IECommandExecutor::GetManagedBrowser
W 2019-07-19 09:49:49:001 IECommandExecutor.cpp(591) Browser ID requested was an empty string
W 2019-07-19 09:49:49:001 IECommandExecutor.cpp(520) Unable to get current browser
T 2019-07-19 09:49:49:001 response.cc(51) Entering Response::Serialize
T 2019-07-19 09:49:49:001 IESession.cpp(212) Beginning wait for response length to be not zero
T 2019-07-19 09:49:49:001 IESession.cpp(221) Found non-zero response length
T 2019-07-19 09:49:49:001 IECommandExecutor.cpp(156) Entering IECommandExecutor::OnGetResponse
T 2019-07-19 09:49:49:001 IECommandExecutor.cpp(285) Entering IECommandExecutor::OnIsSessionValid
D 2019-07-19 09:49:49:001 server.cc(338) Response: {"value":{"data":null,"error":"no such window","message":"Unable to find element on closed window","stacktrace":""}}

T 2019-07-19 09:49:49:001 server.cc(391) Entering Server::SendResponseToClient
T 2019-07-19 09:49:49:001 response.cc(30) Entering Response::Deserialize
T 2019-07-19 09:49:49:001 server.cc(465) Entering Server::SendHttpBadRequest
T 2019-07-19 09:49:49:005 server.cc(174) Entering Server::ProcessRequest
T 2019-07-19 09:49:49:005 server.cc(183) Process request with: URI: /session/6513e0d2-3f7c-4b9d-9c89-f441e186d35c/screenshot HTTP verb: GET
body: {}
T 2019-07-19 09:49:49:005 server.cc(272) Entering Server::DispatchCommand
T 2019-07-19 09:49:49:005 server.cc(583) Entering Server::LookupCommand
D 2019-07-19 09:49:49:005 server.cc(281) Command: GET /session/6513e0d2-3f7c-4b9d-9c89-f441e186d35c/screenshot {}
T 2019-07-19 09:49:49:005 server.cc(378) Entering Server::LookupSession
T 2019-07-19 09:49:49:005 IESession.cpp(191) Entering IESession::ExecuteCommand
T 2019-07-19 09:49:49:005 IECommandExecutor.cpp(122) Entering IECommandExecutor::OnSetCommand
T 2019-07-19 09:49:49:005 command.cc(31) Entering Command::Deserialize
D 2019-07-19 09:49:49:005 command.cc(36) Raw JSON command: { "name" : "takeScreenshot", "locator" : { "sessionid" : "6513e0d2-3f7c-4b9d-9c89-f441e186d35c" }, "parameters" : {} }
T 2019-07-19 09:49:49:005 IECommandExecutor.cpp(133) Entering IECommandExecutor::OnExecCommand
T 2019-07-19 09:49:49:005 IECommandExecutor.cpp(454) Entering IECommandExecutor::DispatchCommand
T 2019-07-19 09:49:49:005 IECommandExecutor.cpp(577) Entering IECommandExecutor::GetCurrentBrowser
T 2019-07-19 09:49:49:005 IECommandExecutor.cpp(583) Entering IECommandExecutor::GetManagedBrowser
W 2019-07-19 09:49:49:005 IECommandExecutor.cpp(591) Browser ID requested was an empty string
W 2019-07-19 09:49:49:005 IECommandExecutor.cpp(503) Unable to find current browser
T 2019-07-19 09:49:49:005 CommandHandlers\ScreenshotCommandHandler.cpp(38) Entering ScreenshotCommandHandler::ExecuteInternal
T 2019-07-19 09:49:49:005 IECommandExecutor.cpp(577) Entering IECommandExecutor::GetCurrentBrowser
T 2019-07-19 09:49:49:005 IECommandExecutor.cpp(583) Entering IECommandExecutor::GetManagedBrowser
W 2019-07-19 09:49:49:005 IECommandExecutor.cpp(591) Browser ID requested was an empty string
T 2019-07-19 09:49:49:006 response.cc(91) Entering Response::SetErrorResponse
W 2019-07-19 09:49:49:006 response.cc(92) Error response has status code 23 and message 'Unable to get browser' message
T 2019-07-19 09:49:49:006 response.cc(85) Entering Response::SetErrorResponse
T 2019-07-19 09:49:49:006 response.cc(78) Entering Response::SetResponse
T 2019-07-19 09:49:49:006 IECommandExecutor.cpp(577) Entering IECommandExecutor::GetCurrentBrowser
T 2019-07-19 09:49:49:006 IECommandExecutor.cpp(583) Entering IECommandExecutor::GetManagedBrowser
W 2019-07-19 09:49:49:006 IECommandExecutor.cpp(591) Browser ID requested was an empty string
W 2019-07-19 09:49:49:006 IECommandExecutor.cpp(520) Unable to get current browser
T 2019-07-19 09:49:49:006 response.cc(51) Entering Response::Serialize
T 2019-07-19 09:49:49:006 IESession.cpp(212) Beginning wait for response length to be not zero
T 2019-07-19 09:49:49:006 IESession.cpp(221) Found non-zero response length
T 2019-07-19 09:49:49:006 IECommandExecutor.cpp(156) Entering IECommandExecutor::OnGetResponse
T 2019-07-19 09:49:49:006 IECommandExecutor.cpp(285) Entering IECommandExecutor::OnIsSessionValid
D 2019-07-19 09:49:49:006 server.cc(338) Response: {"value":{"data":null,"error":"no such window","message":"Unable to get browser","stacktrace":""}}

T 2019-07-19 09:49:49:006 server.cc(391) Entering Server::SendResponseToClient
T 2019-07-19 09:49:49:006 response.cc(30) Entering Response::Deserialize
T 2019-07-19 09:49:49:006 server.cc(465) Entering Server::SendHttpBadRequest
T 2019-07-19 09:49:49:095 server.cc(174) Entering Server::ProcessRequest
T 2019-07-19 09:49:49:095 server.cc(183) Process request with: URI: /session/6513e0d2-3f7c-4b9d-9c89-f441e186d35c HTTP verb: DELETE
body: {}
T 2019-07-19 09:49:49:095 server.cc(272) Entering Server::DispatchCommand
T 2019-07-19 09:49:49:095 server.cc(583) Entering Server::LookupCommand
D 2019-07-19 09:49:49:095 server.cc(281) Command: DELETE /session/6513e0d2-3f7c-4b9d-9c89-f441e186d35c {}
T 2019-07-19 09:49:49:095 server.cc(378) Entering Server::LookupSession
T 2019-07-19 09:49:49:095 IESession.cpp(191) Entering IESession::ExecuteCommand
T 2019-07-19 09:49:49:095 IECommandExecutor.cpp(122) Entering IECommandExecutor::OnSetCommand
T 2019-07-19 09:49:49:095 command.cc(31) Entering Command::Deserialize
D 2019-07-19 09:49:49:095 command.cc(36) Raw JSON command: { "name" : "quit", "locator" : { "sessionid" : "6513e0d2-3f7c-4b9d-9c89-f441e186d35c" }, "parameters" : {} }
T 2019-07-19 09:49:49:095 IECommandExecutor.cpp(133) Entering IECommandExecutor::OnExecCommand
T 2019-07-19 09:49:49:095 IECommandExecutor.cpp(454) Entering IECommandExecutor::DispatchCommand
T 2019-07-19 09:49:49:095 IECommandExecutor.cpp(577) Entering IECommandExecutor::GetCurrentBrowser
T 2019-07-19 09:49:49:095 IECommandExecutor.cpp(583) Entering IECommandExecutor::GetManagedBrowser
W 2019-07-19 09:49:49:095 IECommandExecutor.cpp(591) Browser ID requested was an empty string
W 2019-07-19 09:49:49:095 IECommandExecutor.cpp(503) Unable to find current browser
T 2019-07-19 09:49:49:095 IECommandExecutor.cpp(607) Entering IECommandExecutor::GetManagedBrowserHandles
T 2019-07-19 09:49:49:095 response.cc(72) Entering Response::SetSuccessResponse
T 2019-07-19 09:49:49:095 response.cc(78) Entering Response::SetResponse
T 2019-07-19 09:49:49:096 IECommandExecutor.cpp(577) Entering IECommandExecutor::GetCurrentBrowser
T 2019-07-19 09:49:49:096 IECommandExecutor.cpp(583) Entering IECommandExecutor::GetManagedBrowser
T 2019-07-19 09:49:49:096 IECommandExecutor.cpp(586) Current command executor is not valid
T 2019-07-19 09:49:49:096 response.cc(51) Entering Response::Serialize
T 2019-07-19 09:49:49:096 IESession.cpp(212) Beginning wait for response length to be not zero
T 2019-07-19 09:49:49:096 IESession.cpp(221) Found non-zero response length
T 2019-07-19 09:49:49:096 IECommandExecutor.cpp(156) Entering IECommandExecutor::OnGetResponse
T 2019-07-19 09:49:49:096 IECommandExecutor.cpp(285) Entering IECommandExecutor::OnIsSessionValid
T 2019-07-19 09:49:49:096 server.cc(225) Entering Server::ShutDownSession
T 2019-07-19 09:49:49:096 IESession.cpp(119) Entering IESession::ShutDown
T 2019-07-19 09:49:49:096 IESession.cpp(173) Entering IESession::WaitForCommandExecutorExit
D 2019-07-19 09:49:49:096 IESession.cpp(150) Executor shutdown successful!
D 2019-07-19 09:49:49:096 IESession.cpp(158) Posting thread shutdown message
D 2019-07-19 09:49:49:097 IESession.cpp(161) Starting wait for thread completion
D 2019-07-19 09:49:49:097 IECommandExecutor.cpp(436) Shutdown message received
D 2019-07-19 09:49:49:097 IESession.cpp(164) Waiting for thread to end returned 4294967295
D 2019-07-19 09:49:49:097 server.cc(338) Response: {"value":null}

T 2019-07-19 09:49:49:097 server.cc(391) Entering Server::SendResponseToClient
D 2019-07-19 09:49:49:097 IECommandExecutor.cpp(97) Entering IECommandExecutor::OnDestroy
T 2019-07-19 09:49:49:097 response.cc(30) Entering Response::Deserialize
T 2019-07-19 09:49:49:097 server.cc(445) Entering Server::SendHttpOk
D 2019-07-19 09:49:49:097 IECommandExecutor.cpp(99) Clearing managed element cache
T 2019-07-19 09:49:49:100 server.cc(174) Entering Server::ProcessRequest
T 2019-07-19 09:49:49:100 server.cc(183) Process request with: URI: /shutdown HTTP verb: GET
body: {}
T 2019-07-19 09:49:49:100 server.cc(445) Entering Server::SendHttpOk
T 2019-07-19 09:49:49:100 IEServer.cpp(88) Entering IEServer::ShutDown
T 2019-07-19 09:49:49:101 WebDriver.cpp(54) Entering StopServer
T 2019-07-19 09:49:49:101 server.cc(165) Entering Server::Stop
D 2019-07-19 09:49:49:111 IECommandExecutor.cpp(102) Closing command handler repository
D 2019-07-19 09:49:49:111 IECommandExecutor.cpp(104) Closing element finder
D 2019-07-19 09:49:49:111 IECommandExecutor.cpp(106) Closing input manager
D 2019-07-19 09:49:49:111 IECommandExecutor.cpp(108) Closing proxy manager
T 2019-07-19 09:49:49:111 ProxyManager.cpp(185) ProxyManager::RestoreProxySettings
D 2019-07-19 09:49:49:111 IECommandExecutor.cpp(110) Closing browser factory
D 2019-07-19 09:49:49:111 IECommandExecutor.cpp(112) Posting quit message
D 2019-07-19 09:49:49:111 IECommandExecutor.cpp(114) Leaving IECommandExecutor::OnDestroy
D 2019-07-19 09:49:49:111 IECommandExecutor.cpp(438) Returned from DestroyWindow()
D 2019-07-19 09:49:49:111 IECommandExecutor.cpp(447) Exited IECommandExecutor thread message loop
